This file contains any messages produced by compilers while
running configure, to aid debugging if configure makes a mistake.

It was created by FreeType configure 2.4.7, which was
generated by GNU Autoconf 2.68.  Invocation command line was

  $ ./configure --prefix=/Users/Shared/xbmc-depends/macosx10.7_i386 --without-old-mac-fonts --without-fsspec --without-fsref --without-ats

## --------- ##
## Platform. ##
## --------- ##

hostname = Bryans-Mac-Pro.local
uname -m = x86_64
uname -r = 11.4.0
uname -s = Darwin
uname -v = Darwin Kernel Version 11.4.0: Mon Apr  9 19:32:15 PDT 2012; root:xnu-1699.26.8~1/RELEASE_X86_64

/usr/bin/uname -p = i386
/bin/uname -X     = unknown

/bin/arch              = unknown
/usr/bin/arch -k       = unknown
/usr/convex/getsysinfo = unknown
/usr/bin/hostinfo      = Mach kernel version:
	 Darwin Kernel Version 11.4.0: Mon Apr  9 19:32:15 PDT 2012; root:xnu-1699.26.8~1/RELEASE_X86_64
Kernel configured for up to 4 processors.
4 processors are physically available.
4 processors are logically available.
Processor type: i486 (Intel 80486)
Processors active: 0 1 2 3
Primary memory available: 8.00 gigabytes
Default processor set: 131 tasks, 636 threads, 4 processors
Load average: 1.05, Mach factor: 2.93
/bin/machine           = unknown
/usr/bin/oslevel       = unknown
/bin/universe          = unknown

PATH: /Users/Shared/xbmc-depends/toolchain/bin
PATH: /Users/Shared/xbmc-depends/toolchain/bin
PATH: /opt/local/bin
PATH: /usr/bin
PATH: /bin
PATH: /usr/sbin
PATH: /sbin
PATH: /usr/local/bin
PATH: /usr/X11/bin
PATH: /usr/local/git/bin


## ----------- ##
## Core tests. ##
## ----------- ##

configure:2313: loading site script /Users/Shared/xbmc-depends/macosx10.7_i386/share/config.site
| # setup the host_alias, gcc version based on sdk and arch
| if test "10.7" = "10.4" ; then
|   if test "i386" = "ppc" ; then
|     host_alias=powerpc-apple-darwin8
|   else
|     host_alias=i386-apple-darwin8
|   fi
|   platform_gnu=gnu89
|   platform_cc=gcc-4.0
|   platform_cpp=cpp-4.0
|   platform_cxx=g++-4.0
|   platform_gcc_version=4.0
|   platform_sdk_version=10.7u
|   export MACOSX_DEPLOYMENT_TARGET=10.4
|   platform_min_version=macosx-version-min=10.4
| else
|   case 4.3.3 in
|     3.*.*)
|       platform_cc=gcc-4.2
|       platform_cpp=cpp-4.2
|       platform_cxx=g++-4.2
|       ;;
|     *)
|       platform_cc=llvm-gcc-4.2
|       platform_cpp="llvm-gcc-4.2 -E"
|       platform_cxx=llvm-g++-4.2
|       ;;
|   esac
|   platform_gnu=gnu99
|   platform_gcc_version=4.2
|   platform_sdk_version=10.7
|   host_alias=i386-apple-darwin
|   export MACOSX_DEPLOYMENT_TARGET=10.6
|   platform_min_version=macosx-version-min=10.6
| fi
| 
| platform_path=/Applications/Xcode.app/Contents/Developer
| platform_os_cflags="-arch i386 -no_compact_linkedit"
| platform_os_ldflags="-arch i386 -Wl,-arch,i386 -no_compact_linkedit"
| platform_sdk_path=/Volumes/The
| 
| export NM=${platform_path}/usr/bin/nm
| export CPP=${platform_path}/usr/bin/${platform_cpp}
| export CXXCPP=${CPP}
| export CPPFLAGS="${CPPFLAGS} -no-cpp-precomp -I${prefix}/include -m${platform_min_version} -isysroot ${platform_sdk_path} ${platform_os_cflags}"
| export CC=/usr/bin/${platform_cc}
| export CFLAGS="${CFLAGS} -std=${platform_gnu} -no-cpp-precomp -m${platform_min_version} -isysroot ${platform_sdk_path} ${platform_os_cflags}"
| export LD=${platform_path}/usr/bin/ld
| export LDFLAGS="${LDFLAGS} -m${platform_min_version} -isysroot ${platform_sdk_path} ${platform_os_ldflags} -L${prefix}/lib"
| export CXX=/usr/bin/${platform_cxx}
| export CXXFLAGS="${CXXFLAGS} -m${platform_min_version} -isysroot ${platform_sdk_path} ${platform_os_cflags}"
| export AR=${platform_path}/usr/bin/ar
| export AS=${platform_path}/usr/bin/as
| export M4=/Users/Shared/xbmc-depends/toolchain/bin/m4
| export STRIP=${platform_path}/usr/bin/strip
| export RANLIB=${platform_path}/usr/bin/ranlib
| export ACLOCAL="/Users/Shared/xbmc-depends/toolchain/bin/aclocal -I ${prefix}/share/aclocal -I /Users/Shared/xbmc-depends/toolchain/share/aclocal"
| export LIBTOOL=/Users/Shared/xbmc-depends/toolchain/bin/glibtool
| export LIBTOOLIZE=/Users/Shared/xbmc-depends/toolchain/bin/glibtoolize
| export PKG_CONFIG_PATH=${prefix}/lib/pkgconfig:${platform_sdk_path}/usr/lib/pkgconfig
| export PATH="/Users/Shared/xbmc-depends/toolchain/bin:${prefix}/bin:${platform_path}/usr/bin:/Developer/usr/bin:${PATH}"
| 
| # tweaks for samba
| if test "${PACKAGE_NAME}" = "Samba" ; then
|   # disable python support
|   export PYTHON_VER=0.0
|   # ios/osx-10.6 issue with collision of _MD5 exported from a system lib
|   export LDFLAGS="${LDFLAGS} -Wl,-unexported_symbol,_MD5* -lc"
|   # uses OPT instead of CFLAGS
|   export OPT="${CFLAGS}"
|   # various configure overrides
|   samba_cv_SYSCONF_SC_NPROCESSORS_ONLN=no
|   ac_cv_header_libunwind_h=no
|   ac_cv_header_execinfo_h=no
|   # fixes crash on 10.6 if xbmc is built using 10.7 SDK with 10.6 min
|   ac_cv_func_vdprintf=no
| fi
| 
| # tweaks for mysql
| if test "${PACKAGE_NAME}" = "MySQL Server" ; then
|   # fixes crash on 10.6 if xbmc is built using 10.7 SDK with 10.6 min
|   ac_cv_func_strnlen=no
| fi
| 
| # tweaks for python
| if test "${PACKAGE_NAME}" = "python" ; then
|   export OPT="${CFLAGS}"
| fi
| 
| # tweaks for libogg / libvorbis
| if test "${PACKAGE_NAME}" = "libogg" || test "${PACKAGE_NAME}" = "libvorbis" ; then
|   export CFLAGS="${CFLAGS} -O"
| fi
| 
| # tweaks for libjpeg-turbo
| if test "${PACKAGE_NAME}" = "libjpeg-turbo" ; then
|   export NASM="/Users/Shared/xbmc-depends/toolchain/bin/yasm"
|   export CFLAGS="${CFLAGS} -fexceptions"
| fi
configure:2458: checking build system type
configure:2472: result: x86_64-apple-darwin11.4.0
configure:2492: checking host system type
configure:2505: result: i386-apple-darwin
configure:2577: checking for gcc
configure:2604: result: /usr/bin/llvm-gcc-4.2
configure:2833: checking for C compiler version
configure:2842: /usr/bin/llvm-gcc-4.2 --version >&5
i686-apple-darwin11-llvm-gcc-4.2 (GCC) 4.2.1 (Based on Apple Inc. build 5658) (LLVM build 2336.9.00)
Copyright (C) 2007 Free Software Foundation, Inc.
This is free software; see the source for copying conditions.  There is NO
warranty; not even for MERCHANTABILITY or FITNESS FOR A PARTICULAR PURPOSE.

configure:2853: $? = 0
configure:2842: /usr/bin/llvm-gcc-4.2 -v >&5
Using built-in specs.
Target: i686-apple-darwin11
Configured with: /private/var/tmp/llvmgcc42/llvmgcc42-2336.9~22/src/configure --disable-checking --enable-werror --prefix=/Applications/Xcode.app/Contents/Developer/usr/llvm-gcc-4.2 --mandir=/share/man --enable-languages=c,objc,c++,obj-c++ --program-prefix=llvm- --program-transform-name=/^[cg][^.-]*$/s/$/-4.2/ --with-slibdir=/usr/lib --build=i686-apple-darwin11 --enable-llvm=/private/var/tmp/llvmgcc42/llvmgcc42-2336.9~22/dst-llvmCore/Developer/usr/local --program-prefix=i686-apple-darwin11- --host=x86_64-apple-darwin11 --target=i686-apple-darwin11 --with-gxx-include-dir=/usr/include/c++/4.2.1
Thread model: posix
gcc version 4.2.1 (Based on Apple Inc. build 5658) (LLVM build 2336.9.00)
configure:2853: $? = 0
configure:2842: /usr/bin/llvm-gcc-4.2 -V >&5
llvm-gcc-4.2: argument to `-V' is missing
configure:2853: $? = 1
configure:2842: /usr/bin/llvm-gcc-4.2 -qversion >&5
i686-apple-darwin11-llvm-gcc-4.2: no input files
configure:2853: $? = 1
configure:2873: checking whether the C compiler works
configure:2895: /usr/bin/llvm-gcc-4.2  -std=gnu99 -no-cpp-precomp -mmacosx-version-min=10.6 -isysroot /Volumes/The -arch i386 -no_compact_linkedit  -no-cpp-precomp -I/Users/Shared/xbmc-depends/macosx10.7_i386/include -mmacosx-version-min=10.6 -isysroot /Volumes/The -arch i386 -no_compact_linkedit  -mmacosx-version-min=10.6 -isysroot /Volumes/The -arch i386 -Wl,-arch,i386 -no_compact_linkedit -L/Users/Shared/xbmc-depends/macosx10.7_i386/lib conftest.c  >&5
configure:2899: $? = 0
configure:2947: result: yes
configure:2950: checking for C compiler default output file name
configure:2952: result: a.out
configure:2958: checking for suffix of executables
configure:2965: /usr/bin/llvm-gcc-4.2 -o conftest  -std=gnu99 -no-cpp-precomp -mmacosx-version-min=10.6 -isysroot /Volumes/The -arch i386 -no_compact_linkedit  -no-cpp-precomp -I/Users/Shared/xbmc-depends/macosx10.7_i386/include -mmacosx-version-min=10.6 -isysroot /Volumes/The -arch i386 -no_compact_linkedit  -mmacosx-version-min=10.6 -isysroot /Volumes/The -arch i386 -Wl,-arch,i386 -no_compact_linkedit -L/Users/Shared/xbmc-depends/macosx10.7_i386/lib conftest.c  >&5
configure:2969: $? = 0
configure:2991: result: 
configure:3013: checking whether we are cross compiling
configure:3021: /usr/bin/llvm-gcc-4.2 -o conftest  -std=gnu99 -no-cpp-precomp -mmacosx-version-min=10.6 -isysroot /Volumes/The -arch i386 -no_compact_linkedit  -no-cpp-precomp -I/Users/Shared/xbmc-depends/macosx10.7_i386/include -mmacosx-version-min=10.6 -isysroot /Volumes/The -arch i386 -no_compact_linkedit  -mmacosx-version-min=10.6 -isysroot /Volumes/The -arch i386 -Wl,-arch,i386 -no_compact_linkedit -L/Users/Shared/xbmc-depends/macosx10.7_i386/lib conftest.c  >&5
conftest.c:9:19: error: stdio.h: No such file or directory
conftest.c: In function 'main':
conftest.c:13: error: 'FILE' undeclared (first use in this function)
conftest.c:13: error: (Each undeclared identifier is reported only once
conftest.c:13: error: for each function it appears in.)
conftest.c:13: error: 'f' undeclared (first use in this function)
conftest.c:13: warning: implicit declaration of function 'fopen'
conftest.c:14: warning: implicit declaration of function 'ferror'
conftest.c:14: warning: implicit declaration of function 'fclose'
configure:3025: $? = 1
configure:3032: ./conftest
./configure: line 3034: ./conftest: No such file or directory
configure:3036: $? = 127
configure:3043: error: in `/Users/bryansmith/xbmc/tools/darwin/depends/freetype2/freetype-2.4.7/builds/unix':
configure:3045: error: cannot run C compiled programs.
If you meant to cross compile, use `--host'.
See `config.log' for more details

## ---------------- ##
## Cache variables. ##
## ---------------- ##

ac_cv_build=x86_64-apple-darwin11.4.0
ac_cv_env_CC_set=
ac_cv_env_CC_value=
ac_cv_env_CFLAGS_set=
ac_cv_env_CFLAGS_value=
ac_cv_env_CPPFLAGS_set=
ac_cv_env_CPPFLAGS_value=
ac_cv_env_CPP_set=
ac_cv_env_CPP_value=
ac_cv_env_LDFLAGS_set=
ac_cv_env_LDFLAGS_value=
ac_cv_env_LIBS_set=
ac_cv_env_LIBS_value=
ac_cv_env_build_alias_set=
ac_cv_env_build_alias_value=
ac_cv_env_host_alias_set=
ac_cv_env_host_alias_value=
ac_cv_env_target_alias_set=
ac_cv_env_target_alias_value=
ac_cv_host=i386-apple-darwin
ac_cv_prog_ac_ct_CC=/usr/bin/llvm-gcc-4.2

## ----------------- ##
## Output variables. ##
## ----------------- ##

AR='/Applications/Xcode.app/Contents/Developer/usr/bin/ar'
AS='/Applications/Xcode.app/Contents/Developer/usr/bin/as'
AWK=''
CC='/usr/bin/llvm-gcc-4.2'
CC_BUILD=''
CFLAGS=' -std=gnu99 -no-cpp-precomp -mmacosx-version-min=10.6 -isysroot /Volumes/The -arch i386 -no_compact_linkedit'
CPP='/Applications/Xcode.app/Contents/Developer/usr/bin/llvm-gcc-4.2 -E'
CPPFLAGS=' -no-cpp-precomp -I/Users/Shared/xbmc-depends/macosx10.7_i386/include -mmacosx-version-min=10.6 -isysroot /Volumes/The -arch i386 -no_compact_linkedit'
DEFS=''
DLLTOOL=''
DSYMUTIL=''
DUMPBIN=''
ECHO_C='\c'
ECHO_N=''
ECHO_T=''
EGREP=''
EXEEXT=''
EXEEXT_BUILD=''
FGREP=''
FT2_EXTRA_LIBS=''
FTSYS_SRC=''
GREP=''
INSTALL_DATA=''
INSTALL_PROGRAM=''
INSTALL_SCRIPT=''
LD='/Applications/Xcode.app/Contents/Developer/usr/bin/ld'
LDFLAGS=' -mmacosx-version-min=10.6 -isysroot /Volumes/The -arch i386 -Wl,-arch,i386 -no_compact_linkedit -L/Users/Shared/xbmc-depends/macosx10.7_i386/lib'
LIBBZ2=''
LIBOBJS=''
LIBS=''
LIBTOOL='/Users/Shared/xbmc-depends/toolchain/bin/glibtool'
LIBZ=''
LIPO=''
LN_S=''
LTLIBOBJS=''
MANIFEST_TOOL=''
NM='/Applications/Xcode.app/Contents/Developer/usr/bin/nm'
NMEDIT=''
OBJDUMP=''
OBJEXT=''
OTOOL64=''
OTOOL=''
PACKAGE_BUGREPORT='freetype@nongnu.org'
PACKAGE_NAME='FreeType'
PACKAGE_STRING='FreeType 2.4.7'
PACKAGE_TARNAME='freetype'
PACKAGE_URL=''
PACKAGE_VERSION='2.4.7'
PATH_SEPARATOR=':'
RANLIB='/Applications/Xcode.app/Contents/Developer/usr/bin/ranlib'
RMDIR=''
RMF=''
SED=''
SHELL='/bin/sh'
STRIP='/Applications/Xcode.app/Contents/Developer/usr/bin/strip'
SYSTEM_ZLIB=''
XX_ANSIFLAGS=''
XX_CFLAGS=''
ac_ct_AR=''
ac_ct_CC='/usr/bin/llvm-gcc-4.2'
ac_ct_DUMPBIN=''
bindir='${exec_prefix}/bin'
build='x86_64-apple-darwin11.4.0'
build_alias=''
build_cpu='x86_64'
build_libtool_libs=''
build_os='darwin11.4.0'
build_vendor='apple'
datadir='${datarootdir}'
datarootdir='${prefix}/share'
docdir='${datarootdir}/doc/${PACKAGE_TARNAME}'
dvidir='${docdir}'
exec_prefix='NONE'
ft_version='13.2.7'
ftmac_c=''
hardcode_libdir_flag_spec=''
host='i386-apple-darwin'
host_alias='i386-apple-darwin'
host_cpu='i386'
host_os='darwin'
host_vendor='apple'
htmldir='${docdir}'
includedir='${prefix}/include'
infodir='${datarootdir}/info'
libdir='${exec_prefix}/lib'
libexecdir='${exec_prefix}/libexec'
localedir='${datarootdir}/locale'
localstatedir='${prefix}/var'
mandir='${datarootdir}/man'
oldincludedir='/usr/include'
pdfdir='${docdir}'
prefix='/Users/Shared/xbmc-depends/macosx10.7_i386'
program_transform_name='s,x,x,'
psdir='${docdir}'
sbindir='${exec_prefix}/sbin'
sharedstatedir='${prefix}/com'
sysconfdir='${prefix}/etc'
target_alias=''
version_info='13:2:7'
wl=''

## ----------- ##
## confdefs.h. ##
## ----------- ##

/* confdefs.h */
#define PACKAGE_NAME "FreeType"
#define PACKAGE_TARNAME "freetype"
#define PACKAGE_VERSION "2.4.7"
#define PACKAGE_STRING "FreeType 2.4.7"
#define PACKAGE_BUGREPORT "freetype@nongnu.org"
#define PACKAGE_URL ""

configure: exit 1
