This file contains any messages produced by compilers while
running configure, to aid debugging if configure makes a mistake.

It was created by xbmc configure 11.9.3, which was
generated by GNU Autoconf 2.63.  Invocation command line was

  $ ./configure --prefix=/Users/Shared/xbmc-depends/macosx10.7_i386 --disable-rsxs PKG_CONFIG_PATH=/Users/Shared/xbmc-depends/macosx10.7_i386/lib/pkgconfig PYTHON=/Users/Shared/xbmc-depends/macosx10.7_i386/bin/python

## --------- ##
## Platform. ##
## --------- ##

hostname = Bryans-Mac-Pro.local
uname -m = x86_64
uname -r = 11.4.0
uname -s = Darwin
uname -v = Darwin Kernel Version 11.4.0: Mon Apr  9 19:32:15 PDT 2012; root:xnu-1699.26.8~1/RELEASE_X86_64

/usr/bin/uname -p = i386
/bin/uname -X     = unknown

/bin/arch              = unknown
/usr/bin/arch -k       = unknown
/usr/convex/getsysinfo = unknown
/usr/bin/hostinfo      = Mach kernel version:
	 Darwin Kernel Version 11.4.0: Mon Apr  9 19:32:15 PDT 2012; root:xnu-1699.26.8~1/RELEASE_X86_64
Kernel configured for up to 4 processors.
4 processors are physically available.
4 processors are logically available.
Processor type: i486 (Intel 80486)
Processors active: 0 1 2 3
Primary memory available: 8.00 gigabytes
Default processor set: 131 tasks, 647 threads, 4 processors
Load average: 1.53, Mach factor: 2.46
/bin/machine           = unknown
/usr/bin/oslevel       = unknown
/bin/universe          = unknown

PATH: /Users/Shared/xbmc-depends/toolchain/bin
PATH: /Users/Shared/xbmc-depends/macosx10.7_i386/bin
PATH: /Users/Shared/xbmc-depends/toolchain/bin
PATH: /opt/local/bin
PATH: /usr/bin
PATH: /bin
PATH: /usr/sbin
PATH: /sbin
PATH: /usr/local/bin
PATH: /usr/X11/bin
PATH: /usr/local/git/bin


## ----------- ##
## Core tests. ##
## ----------- ##

configure:2295: loading site script /Users/Shared/xbmc-depends/macosx10.7_i386/share/config.site
| # setup the host_alias, gcc version based on sdk and arch
| if test "10.7" = "10.4" ; then
|   if test "i386" = "ppc" ; then
|     host_alias=powerpc-apple-darwin8
|   else
|     host_alias=i386-apple-darwin8
|   fi
|   platform_gnu=gnu89
|   platform_cc=gcc-4.0
|   platform_cpp=cpp-4.0
|   platform_cxx=g++-4.0
|   platform_gcc_version=4.0
|   platform_sdk_version=10.7u
|   export MACOSX_DEPLOYMENT_TARGET=10.4
|   platform_min_version=macosx-version-min=10.4
| else
|   case 4.3.3 in
|     3.*.*)
|       platform_cc=gcc-4.2
|       platform_cpp=cpp-4.2
|       platform_cxx=g++-4.2
|       ;;
|     *)
|       platform_cc=llvm-gcc-4.2
|       platform_cpp="llvm-gcc-4.2 -E"
|       platform_cxx=llvm-g++-4.2
|       ;;
|   esac
|   platform_gnu=gnu99
|   platform_gcc_version=4.2
|   platform_sdk_version=10.7
|   host_alias=i386-apple-darwin
|   export MACOSX_DEPLOYMENT_TARGET=10.6
|   platform_min_version=macosx-version-min=10.6
| fi
| 
| platform_path=/Applications/Xcode.app/Contents/Developer
| platform_os_cflags="-arch i386 -no_compact_linkedit"
| platform_os_ldflags="-arch i386 -Wl,-arch,i386 -no_compact_linkedit"
| platform_sdk_path=/Volumes/The
| 
| export NM=${platform_path}/usr/bin/nm
| export CPP=${platform_path}/usr/bin/${platform_cpp}
| export CXXCPP=${CPP}
| export CPPFLAGS="${CPPFLAGS} -no-cpp-precomp -I${prefix}/include -m${platform_min_version} -isysroot ${platform_sdk_path} ${platform_os_cflags}"
| export CC=/usr/bin/${platform_cc}
| export CFLAGS="${CFLAGS} -std=${platform_gnu} -no-cpp-precomp -m${platform_min_version} -isysroot ${platform_sdk_path} ${platform_os_cflags}"
| export LD=${platform_path}/usr/bin/ld
| export LDFLAGS="${LDFLAGS} -m${platform_min_version} -isysroot ${platform_sdk_path} ${platform_os_ldflags} -L${prefix}/lib"
| export CXX=/usr/bin/${platform_cxx}
| export CXXFLAGS="${CXXFLAGS} -m${platform_min_version} -isysroot ${platform_sdk_path} ${platform_os_cflags}"
| export AR=${platform_path}/usr/bin/ar
| export AS=${platform_path}/usr/bin/as
| export M4=/Users/Shared/xbmc-depends/toolchain/bin/m4
| export STRIP=${platform_path}/usr/bin/strip
| export RANLIB=${platform_path}/usr/bin/ranlib
| export ACLOCAL="/Users/Shared/xbmc-depends/toolchain/bin/aclocal -I ${prefix}/share/aclocal -I /Users/Shared/xbmc-depends/toolchain/share/aclocal"
| export LIBTOOL=/Users/Shared/xbmc-depends/toolchain/bin/glibtool
| export LIBTOOLIZE=/Users/Shared/xbmc-depends/toolchain/bin/glibtoolize
| export PKG_CONFIG_PATH=${prefix}/lib/pkgconfig:${platform_sdk_path}/usr/lib/pkgconfig
| export PATH="/Users/Shared/xbmc-depends/toolchain/bin:${prefix}/bin:${platform_path}/usr/bin:/Developer/usr/bin:${PATH}"
| 
| # tweaks for samba
| if test "${PACKAGE_NAME}" = "Samba" ; then
|   # disable python support
|   export PYTHON_VER=0.0
|   # ios/osx-10.6 issue with collision of _MD5 exported from a system lib
|   export LDFLAGS="${LDFLAGS} -Wl,-unexported_symbol,_MD5* -lc"
|   # uses OPT instead of CFLAGS
|   export OPT="${CFLAGS}"
|   # various configure overrides
|   samba_cv_SYSCONF_SC_NPROCESSORS_ONLN=no
|   ac_cv_header_libunwind_h=no
|   ac_cv_header_execinfo_h=no
|   # fixes crash on 10.6 if xbmc is built using 10.7 SDK with 10.6 min
|   ac_cv_func_vdprintf=no
| fi
| 
| # tweaks for mysql
| if test "${PACKAGE_NAME}" = "MySQL Server" ; then
|   # fixes crash on 10.6 if xbmc is built using 10.7 SDK with 10.6 min
|   ac_cv_func_strnlen=no
| fi
| 
| # tweaks for python
| if test "${PACKAGE_NAME}" = "python" ; then
|   export OPT="${CFLAGS}"
| fi
| 
| # tweaks for libogg / libvorbis
| if test "${PACKAGE_NAME}" = "libogg" || test "${PACKAGE_NAME}" = "libvorbis" ; then
|   export CFLAGS="${CFLAGS} -O"
| fi
| 
| # tweaks for libjpeg-turbo
| if test "${PACKAGE_NAME}" = "libjpeg-turbo" ; then
|   export NASM="/Users/Shared/xbmc-depends/toolchain/bin/yasm"
|   export CFLAGS="${CFLAGS} -fexceptions"
| fi
configure:2557: checking for a BSD-compatible install
configure:2625: result: /opt/local/bin/ginstall -c
configure:2636: checking whether build environment is sane
configure:2679: result: yes
configure:2806: checking for a thread-safe mkdir -p
configure:2845: result: /opt/local/bin/gmkdir -p
configure:2858: checking for gawk
configure:2874: found /opt/local/bin/gawk
configure:2885: result: gawk
configure:2896: checking whether make sets $(MAKE)
configure:2918: result: yes
configure:3006: checking build system type
configure:3024: result: x86_64-apple-darwin11.4.0
configure:3046: checking host system type
configure:3061: result: i386-apple-darwin
configure:3713: checking for C++ compiler version
configure:3721: /usr/bin/llvm-g++-4.2 --version >&5
i686-apple-darwin11-llvm-g++-4.2 (GCC) 4.2.1 (Based on Apple Inc. build 5658) (LLVM build 2336.9.00)
Copyright (C) 2007 Free Software Foundation, Inc.
This is free software; see the source for copying conditions.  There is NO
warranty; not even for MERCHANTABILITY or FITNESS FOR A PARTICULAR PURPOSE.

configure:3725: $? = 0
configure:3732: /usr/bin/llvm-g++-4.2 -v >&5
Using built-in specs.
Target: i686-apple-darwin11
Configured with: /private/var/tmp/llvmgcc42/llvmgcc42-2336.9~22/src/configure --disable-checking --enable-werror --prefix=/Applications/Xcode.app/Contents/Developer/usr/llvm-gcc-4.2 --mandir=/share/man --enable-languages=c,objc,c++,obj-c++ --program-prefix=llvm- --program-transform-name=/^[cg][^.-]*$/s/$/-4.2/ --with-slibdir=/usr/lib --build=i686-apple-darwin11 --enable-llvm=/private/var/tmp/llvmgcc42/llvmgcc42-2336.9~22/dst-llvmCore/Developer/usr/local --program-prefix=i686-apple-darwin11- --host=x86_64-apple-darwin11 --target=i686-apple-darwin11 --with-gxx-include-dir=/usr/include/c++/4.2.1
Thread model: posix
gcc version 4.2.1 (Based on Apple Inc. build 5658) (LLVM build 2336.9.00)
configure:3736: $? = 0
configure:3743: /usr/bin/llvm-g++-4.2 -V >&5
llvm-g++-4.2: argument to `-V' is missing
configure:3747: $? = 1
configure:3770: checking for C++ compiler default output file name
configure:3792: /usr/bin/llvm-g++-4.2  -mmacosx-version-min=10.6 -isysroot /Volumes/The -arch i386 -no_compact_linkedit  -no-cpp-precomp -I/Users/Shared/xbmc-depends/macosx10.7_i386/include -mmacosx-version-min=10.6 -isysroot /Volumes/The -arch i386 -no_compact_linkedit  -mmacosx-version-min=10.6 -isysroot /Volumes/The -arch i386 -Wl,-arch,i386 -no_compact_linkedit -L/Users/Shared/xbmc-depends/macosx10.7_i386/lib conftest.cpp  >&5
configure:3796: $? = 0
configure:3834: result: a.out
configure:3853: checking whether the C++ compiler works
configure:3863: ./a.out
configure:3867: $? = 0
configure:3886: result: yes
configure:3893: checking whether we are cross compiling
configure:3895: result: no
configure:3898: checking for suffix of executables
configure:3905: /usr/bin/llvm-g++-4.2 -o conftest  -mmacosx-version-min=10.6 -isysroot /Volumes/The -arch i386 -no_compact_linkedit  -no-cpp-precomp -I/Users/Shared/xbmc-depends/macosx10.7_i386/include -mmacosx-version-min=10.6 -isysroot /Volumes/The -arch i386 -no_compact_linkedit  -mmacosx-version-min=10.6 -isysroot /Volumes/The -arch i386 -Wl,-arch,i386 -no_compact_linkedit -L/Users/Shared/xbmc-depends/macosx10.7_i386/lib conftest.cpp  >&5
configure:3909: $? = 0
configure:3935: result: 
configure:3941: checking for suffix of object files
configure:3967: /usr/bin/llvm-g++-4.2 -c  -mmacosx-version-min=10.6 -isysroot /Volumes/The -arch i386 -no_compact_linkedit  -no-cpp-precomp -I/Users/Shared/xbmc-depends/macosx10.7_i386/include -mmacosx-version-min=10.6 -isysroot /Volumes/The -arch i386 -no_compact_linkedit conftest.cpp >&5
configure:3971: $? = 0
configure:3996: result: o
configure:4000: checking whether we are using the GNU C++ compiler
configure:4029: /usr/bin/llvm-g++-4.2 -c  -mmacosx-version-min=10.6 -isysroot /Volumes/The -arch i386 -no_compact_linkedit  -no-cpp-precomp -I/Users/Shared/xbmc-depends/macosx10.7_i386/include -mmacosx-version-min=10.6 -isysroot /Volumes/The -arch i386 -no_compact_linkedit conftest.cpp >&5
configure:4036: $? = 0
configure:4053: result: yes
configure:4062: checking whether /usr/bin/llvm-g++-4.2 accepts -g
configure:4092: /usr/bin/llvm-g++-4.2 -c -g  -no-cpp-precomp -I/Users/Shared/xbmc-depends/macosx10.7_i386/include -mmacosx-version-min=10.6 -isysroot /Volumes/The -arch i386 -no_compact_linkedit conftest.cpp >&5
configure:4099: $? = 0
configure:4200: result: yes
configure:4234: checking for style of include used by make
configure:4262: result: GNU
configure:4287: checking dependency style of /usr/bin/llvm-g++-4.2
configure:4397: result: none
configure:4462: checking for gcc
configure:4489: result: /usr/bin/llvm-gcc-4.2
configure:4721: checking for C compiler version
configure:4729: /usr/bin/llvm-gcc-4.2 --version >&5
i686-apple-darwin11-llvm-gcc-4.2 (GCC) 4.2.1 (Based on Apple Inc. build 5658) (LLVM build 2336.9.00)
Copyright (C) 2007 Free Software Foundation, Inc.
This is free software; see the source for copying conditions.  There is NO
warranty; not even for MERCHANTABILITY or FITNESS FOR A PARTICULAR PURPOSE.

configure:4733: $? = 0
configure:4740: /usr/bin/llvm-gcc-4.2 -v >&5
Using built-in specs.
Target: i686-apple-darwin11
Configured with: /private/var/tmp/llvmgcc42/llvmgcc42-2336.9~22/src/configure --disable-checking --enable-werror --prefix=/Applications/Xcode.app/Contents/Developer/usr/llvm-gcc-4.2 --mandir=/share/man --enable-languages=c,objc,c++,obj-c++ --program-prefix=llvm- --program-transform-name=/^[cg][^.-]*$/s/$/-4.2/ --with-slibdir=/usr/lib --build=i686-apple-darwin11 --enable-llvm=/private/var/tmp/llvmgcc42/llvmgcc42-2336.9~22/dst-llvmCore/Developer/usr/local --program-prefix=i686-apple-darwin11- --host=x86_64-apple-darwin11 --target=i686-apple-darwin11 --with-gxx-include-dir=/usr/include/c++/4.2.1
Thread model: posix
gcc version 4.2.1 (Based on Apple Inc. build 5658) (LLVM build 2336.9.00)
configure:4744: $? = 0
configure:4751: /usr/bin/llvm-gcc-4.2 -V >&5
llvm-gcc-4.2: argument to `-V' is missing
configure:4755: $? = 1
configure:4758: checking whether we are using the GNU C compiler
configure:4787: /usr/bin/llvm-gcc-4.2 -c  -std=gnu99 -no-cpp-precomp -mmacosx-version-min=10.6 -isysroot /Volumes/The -arch i386 -no_compact_linkedit  -no-cpp-precomp -I/Users/Shared/xbmc-depends/macosx10.7_i386/include -mmacosx-version-min=10.6 -isysroot /Volumes/The -arch i386 -no_compact_linkedit conftest.c >&5
configure:4794: $? = 0
configure:4811: result: yes
configure:4820: checking whether /usr/bin/llvm-gcc-4.2 accepts -g
configure:4850: /usr/bin/llvm-gcc-4.2 -c -g  -no-cpp-precomp -I/Users/Shared/xbmc-depends/macosx10.7_i386/include -mmacosx-version-min=10.6 -isysroot /Volumes/The -arch i386 -no_compact_linkedit conftest.c >&5
configure:4857: $? = 0
configure:4958: result: yes
configure:4975: checking for /usr/bin/llvm-gcc-4.2 option to accept ISO C89
configure:5049: /usr/bin/llvm-gcc-4.2  -c  -std=gnu99 -no-cpp-precomp -mmacosx-version-min=10.6 -isysroot /Volumes/The -arch i386 -no_compact_linkedit  -no-cpp-precomp -I/Users/Shared/xbmc-depends/macosx10.7_i386/include -mmacosx-version-min=10.6 -isysroot /Volumes/The -arch i386 -no_compact_linkedit conftest.c >&5
conftest.c:12:19: error: stdio.h: No such file or directory
conftest.c:13:23: error: sys/types.h: No such file or directory
conftest.c:14:22: error: sys/stat.h: No such file or directory
conftest.c:17: error: expected '=', ',', ';', 'asm' or '__attribute__' before '*' token
conftest.c:51: error: expected declaration specifiers or '...' before 'FILE'
configure:5056: $? = 1
configure: failed program was:
| /* confdefs.h.  */
| #define PACKAGE_NAME "xbmc"
| #define PACKAGE_TARNAME "xbmc"
| #define PACKAGE_VERSION "11.9.3"
| #define PACKAGE_STRING "xbmc 11.9.3"
| #define PACKAGE_BUGREPORT "http://trac.xbmc.org"
| #define PACKAGE "xbmc"
| #define VERSION "11.9.3"
| #define LIRC_DEVICE "/dev/lircd"
| /* end confdefs.h.  */
| #include <stdarg.h>
| #include <stdio.h>
| #include <sys/types.h>
| #include <sys/stat.h>
| /* Most of the following tests are stolen from RCS 5.7's src/conf.sh.  */
| struct buf { int x; };
| FILE * (*rcsopen) (struct buf *, struct stat *, int);
| static char *e (p, i)
|      char **p;
|      int i;
| {
|   return p[i];
| }
| static char *f (char * (*g) (char **, int), char **p, ...)
| {
|   char *s;
|   va_list v;
|   va_start (v,p);
|   s = g (p, va_arg (v,int));
|   va_end (v);
|   return s;
| }
| 
| /* OSF 4.0 Compaq cc is some sort of almost-ANSI by default.  It has
|    function prototypes and stuff, but not '\xHH' hex character constants.
|    These don't provoke an error unfortunately, instead are silently treated
|    as 'x'.  The following induces an error, until -std is added to get
|    proper ANSI mode.  Curiously '\x00'!='x' always comes out true, for an
|    array size at least.  It's necessary to write '\x00'==0 to get something
|    that's true only with -std.  */
| int osf4_cc_array ['\x00' == 0 ? 1 : -1];
| 
| /* IBM C 6 for AIX is almost-ANSI by default, but it replaces macro parameters
|    inside strings and character constants.  */
| #define FOO(x) 'x'
| int xlc6_cc_array[FOO(a) == 'x' ? 1 : -1];
| 
| int test (int i, double x);
| struct s1 {int (*f) (int a);};
| struct s2 {int (*f) (double a);};
| int pairnames (int, char **, FILE *(*)(struct buf *, struct stat *, int), int, int);
| int argc;
| char **argv;
| int
| main ()
| {
| return f (e, argv, 0) != argv[0]  ||  f (e, argv, 1) != argv[1];
|   ;
|   return 0;
| }
configure:5049: /usr/bin/llvm-gcc-4.2 -qlanglvl=extc89 -c  -std=gnu99 -no-cpp-precomp -mmacosx-version-min=10.6 -isysroot /Volumes/The -arch i386 -no_compact_linkedit  -no-cpp-precomp -I/Users/Shared/xbmc-depends/macosx10.7_i386/include -mmacosx-version-min=10.6 -isysroot /Volumes/The -arch i386 -no_compact_linkedit conftest.c >&5
conftest.c:12:19: error: stdio.h: No such file or directory
conftest.c:13:23: error: sys/types.h: No such file or directory
conftest.c:14:22: error: sys/stat.h: No such file or directory
conftest.c:17: error: expected '=', ',', ';', 'asm' or '__attribute__' before '*' token
conftest.c:51: error: expected declaration specifiers or '...' before 'FILE'
configure:5056: $? = 1
configure: failed program was:
| /* confdefs.h.  */
| #define PACKAGE_NAME "xbmc"
| #define PACKAGE_TARNAME "xbmc"
| #define PACKAGE_VERSION "11.9.3"
| #define PACKAGE_STRING "xbmc 11.9.3"
| #define PACKAGE_BUGREPORT "http://trac.xbmc.org"
| #define PACKAGE "xbmc"
| #define VERSION "11.9.3"
| #define LIRC_DEVICE "/dev/lircd"
| /* end confdefs.h.  */
| #include <stdarg.h>
| #include <stdio.h>
| #include <sys/types.h>
| #include <sys/stat.h>
| /* Most of the following tests are stolen from RCS 5.7's src/conf.sh.  */
| struct buf { int x; };
| FILE * (*rcsopen) (struct buf *, struct stat *, int);
| static char *e (p, i)
|      char **p;
|      int i;
| {
|   return p[i];
| }
| static char *f (char * (*g) (char **, int), char **p, ...)
| {
|   char *s;
|   va_list v;
|   va_start (v,p);
|   s = g (p, va_arg (v,int));
|   va_end (v);
|   return s;
| }
| 
| /* OSF 4.0 Compaq cc is some sort of almost-ANSI by default.  It has
|    function prototypes and stuff, but not '\xHH' hex character constants.
|    These don't provoke an error unfortunately, instead are silently treated
|    as 'x'.  The following induces an error, until -std is added to get
|    proper ANSI mode.  Curiously '\x00'!='x' always comes out true, for an
|    array size at least.  It's necessary to write '\x00'==0 to get something
|    that's true only with -std.  */
| int osf4_cc_array ['\x00' == 0 ? 1 : -1];
| 
| /* IBM C 6 for AIX is almost-ANSI by default, but it replaces macro parameters
|    inside strings and character constants.  */
| #define FOO(x) 'x'
| int xlc6_cc_array[FOO(a) == 'x' ? 1 : -1];
| 
| int test (int i, double x);
| struct s1 {int (*f) (int a);};
| struct s2 {int (*f) (double a);};
| int pairnames (int, char **, FILE *(*)(struct buf *, struct stat *, int), int, int);
| int argc;
| char **argv;
| int
| main ()
| {
| return f (e, argv, 0) != argv[0]  ||  f (e, argv, 1) != argv[1];
|   ;
|   return 0;
| }
configure:5049: /usr/bin/llvm-gcc-4.2 -qlanglvl=ansi -c  -std=gnu99 -no-cpp-precomp -mmacosx-version-min=10.6 -isysroot /Volumes/The -arch i386 -no_compact_linkedit  -no-cpp-precomp -I/Users/Shared/xbmc-depends/macosx10.7_i386/include -mmacosx-version-min=10.6 -isysroot /Volumes/The -arch i386 -no_compact_linkedit conftest.c >&5
conftest.c:12:19: error: stdio.h: No such file or directory
conftest.c:13:23: error: sys/types.h: No such file or directory
conftest.c:14:22: error: sys/stat.h: No such file or directory
conftest.c:17: error: expected '=', ',', ';', 'asm' or '__attribute__' before '*' token
conftest.c:51: error: expected declaration specifiers or '...' before 'FILE'
configure:5056: $? = 1
configure: failed program was:
| /* confdefs.h.  */
| #define PACKAGE_NAME "xbmc"
| #define PACKAGE_TARNAME "xbmc"
| #define PACKAGE_VERSION "11.9.3"
| #define PACKAGE_STRING "xbmc 11.9.3"
| #define PACKAGE_BUGREPORT "http://trac.xbmc.org"
| #define PACKAGE "xbmc"
| #define VERSION "11.9.3"
| #define LIRC_DEVICE "/dev/lircd"
| /* end confdefs.h.  */
| #include <stdarg.h>
| #include <stdio.h>
| #include <sys/types.h>
| #include <sys/stat.h>
| /* Most of the following tests are stolen from RCS 5.7's src/conf.sh.  */
| struct buf { int x; };
| FILE * (*rcsopen) (struct buf *, struct stat *, int);
| static char *e (p, i)
|      char **p;
|      int i;
| {
|   return p[i];
| }
| static char *f (char * (*g) (char **, int), char **p, ...)
| {
|   char *s;
|   va_list v;
|   va_start (v,p);
|   s = g (p, va_arg (v,int));
|   va_end (v);
|   return s;
| }
| 
| /* OSF 4.0 Compaq cc is some sort of almost-ANSI by default.  It has
|    function prototypes and stuff, but not '\xHH' hex character constants.
|    These don't provoke an error unfortunately, instead are silently treated
|    as 'x'.  The following induces an error, until -std is added to get
|    proper ANSI mode.  Curiously '\x00'!='x' always comes out true, for an
|    array size at least.  It's necessary to write '\x00'==0 to get something
|    that's true only with -std.  */
| int osf4_cc_array ['\x00' == 0 ? 1 : -1];
| 
| /* IBM C 6 for AIX is almost-ANSI by default, but it replaces macro parameters
|    inside strings and character constants.  */
| #define FOO(x) 'x'
| int xlc6_cc_array[FOO(a) == 'x' ? 1 : -1];
| 
| int test (int i, double x);
| struct s1 {int (*f) (int a);};
| struct s2 {int (*f) (double a);};
| int pairnames (int, char **, FILE *(*)(struct buf *, struct stat *, int), int, int);
| int argc;
| char **argv;
| int
| main ()
| {
| return f (e, argv, 0) != argv[0]  ||  f (e, argv, 1) != argv[1];
|   ;
|   return 0;
| }
configure:5049: /usr/bin/llvm-gcc-4.2 -std -c  -std=gnu99 -no-cpp-precomp -mmacosx-version-min=10.6 -isysroot /Volumes/The -arch i386 -no_compact_linkedit  -no-cpp-precomp -I/Users/Shared/xbmc-depends/macosx10.7_i386/include -mmacosx-version-min=10.6 -isysroot /Volumes/The -arch i386 -no_compact_linkedit conftest.c >&5
cc1: error: unrecognized command line option "-std"
configure:5056: $? = 1
configure: failed program was:
| /* confdefs.h.  */
| #define PACKAGE_NAME "xbmc"
| #define PACKAGE_TARNAME "xbmc"
| #define PACKAGE_VERSION "11.9.3"
| #define PACKAGE_STRING "xbmc 11.9.3"
| #define PACKAGE_BUGREPORT "http://trac.xbmc.org"
| #define PACKAGE "xbmc"
| #define VERSION "11.9.3"
| #define LIRC_DEVICE "/dev/lircd"
| /* end confdefs.h.  */
| #include <stdarg.h>
| #include <stdio.h>
| #include <sys/types.h>
| #include <sys/stat.h>
| /* Most of the following tests are stolen from RCS 5.7's src/conf.sh.  */
| struct buf { int x; };
| FILE * (*rcsopen) (struct buf *, struct stat *, int);
| static char *e (p, i)
|      char **p;
|      int i;
| {
|   return p[i];
| }
| static char *f (char * (*g) (char **, int), char **p, ...)
| {
|   char *s;
|   va_list v;
|   va_start (v,p);
|   s = g (p, va_arg (v,int));
|   va_end (v);
|   return s;
| }
| 
| /* OSF 4.0 Compaq cc is some sort of almost-ANSI by default.  It has
|    function prototypes and stuff, but not '\xHH' hex character constants.
|    These don't provoke an error unfortunately, instead are silently treated
|    as 'x'.  The following induces an error, until -std is added to get
|    proper ANSI mode.  Curiously '\x00'!='x' always comes out true, for an
|    array size at least.  It's necessary to write '\x00'==0 to get something
|    that's true only with -std.  */
| int osf4_cc_array ['\x00' == 0 ? 1 : -1];
| 
| /* IBM C 6 for AIX is almost-ANSI by default, but it replaces macro parameters
|    inside strings and character constants.  */
| #define FOO(x) 'x'
| int xlc6_cc_array[FOO(a) == 'x' ? 1 : -1];
| 
| int test (int i, double x);
| struct s1 {int (*f) (int a);};
| struct s2 {int (*f) (double a);};
| int pairnames (int, char **, FILE *(*)(struct buf *, struct stat *, int), int, int);
| int argc;
| char **argv;
| int
| main ()
| {
| return f (e, argv, 0) != argv[0]  ||  f (e, argv, 1) != argv[1];
|   ;
|   return 0;
| }
configure:5049: /usr/bin/llvm-gcc-4.2 -Ae -c  -std=gnu99 -no-cpp-precomp -mmacosx-version-min=10.6 -isysroot /Volumes/The -arch i386 -no_compact_linkedit  -no-cpp-precomp -I/Users/Shared/xbmc-depends/macosx10.7_i386/include -mmacosx-version-min=10.6 -isysroot /Volumes/The -arch i386 -no_compact_linkedit conftest.c >&5
<command-line>: error: missing '(' after predicate
conftest.c:12:19: error: stdio.h: No such file or directory
conftest.c:13:23: error: sys/types.h: No such file or directory
conftest.c:14:22: error: sys/stat.h: No such file or directory
conftest.c:17: error: expected '=', ',', ';', 'asm' or '__attribute__' before '*' token
conftest.c:51: error: expected declaration specifiers or '...' before 'FILE'
configure:5056: $? = 1
configure: failed program was:
| /* confdefs.h.  */
| #define PACKAGE_NAME "xbmc"
| #define PACKAGE_TARNAME "xbmc"
| #define PACKAGE_VERSION "11.9.3"
| #define PACKAGE_STRING "xbmc 11.9.3"
| #define PACKAGE_BUGREPORT "http://trac.xbmc.org"
| #define PACKAGE "xbmc"
| #define VERSION "11.9.3"
| #define LIRC_DEVICE "/dev/lircd"
| /* end confdefs.h.  */
| #include <stdarg.h>
| #include <stdio.h>
| #include <sys/types.h>
| #include <sys/stat.h>
| /* Most of the following tests are stolen from RCS 5.7's src/conf.sh.  */
| struct buf { int x; };
| FILE * (*rcsopen) (struct buf *, struct stat *, int);
| static char *e (p, i)
|      char **p;
|      int i;
| {
|   return p[i];
| }
| static char *f (char * (*g) (char **, int), char **p, ...)
| {
|   char *s;
|   va_list v;
|   va_start (v,p);
|   s = g (p, va_arg (v,int));
|   va_end (v);
|   return s;
| }
| 
| /* OSF 4.0 Compaq cc is some sort of almost-ANSI by default.  It has
|    function prototypes and stuff, but not '\xHH' hex character constants.
|    These don't provoke an error unfortunately, instead are silently treated
|    as 'x'.  The following induces an error, until -std is added to get
|    proper ANSI mode.  Curiously '\x00'!='x' always comes out true, for an
|    array size at least.  It's necessary to write '\x00'==0 to get something
|    that's true only with -std.  */
| int osf4_cc_array ['\x00' == 0 ? 1 : -1];
| 
| /* IBM C 6 for AIX is almost-ANSI by default, but it replaces macro parameters
|    inside strings and character constants.  */
| #define FOO(x) 'x'
| int xlc6_cc_array[FOO(a) == 'x' ? 1 : -1];
| 
| int test (int i, double x);
| struct s1 {int (*f) (int a);};
| struct s2 {int (*f) (double a);};
| int pairnames (int, char **, FILE *(*)(struct buf *, struct stat *, int), int, int);
| int argc;
| char **argv;
| int
| main ()
| {
| return f (e, argv, 0) != argv[0]  ||  f (e, argv, 1) != argv[1];
|   ;
|   return 0;
| }
configure:5049: /usr/bin/llvm-gcc-4.2 -Aa -D_HPUX_SOURCE -c  -std=gnu99 -no-cpp-precomp -mmacosx-version-min=10.6 -isysroot /Volumes/The -arch i386 -no_compact_linkedit  -no-cpp-precomp -I/Users/Shared/xbmc-depends/macosx10.7_i386/include -mmacosx-version-min=10.6 -isysroot /Volumes/The -arch i386 -no_compact_linkedit conftest.c >&5
<command-line>: error: missing '(' after predicate
conftest.c:12:19: error: stdio.h: No such file or directory
conftest.c:13:23: error: sys/types.h: No such file or directory
conftest.c:14:22: error: sys/stat.h: No such file or directory
conftest.c:17: error: expected '=', ',', ';', 'asm' or '__attribute__' before '*' token
conftest.c:51: error: expected declaration specifiers or '...' before 'FILE'
configure:5056: $? = 1
configure: failed program was:
| /* confdefs.h.  */
| #define PACKAGE_NAME "xbmc"
| #define PACKAGE_TARNAME "xbmc"
| #define PACKAGE_VERSION "11.9.3"
| #define PACKAGE_STRING "xbmc 11.9.3"
| #define PACKAGE_BUGREPORT "http://trac.xbmc.org"
| #define PACKAGE "xbmc"
| #define VERSION "11.9.3"
| #define LIRC_DEVICE "/dev/lircd"
| /* end confdefs.h.  */
| #include <stdarg.h>
| #include <stdio.h>
| #include <sys/types.h>
| #include <sys/stat.h>
| /* Most of the following tests are stolen from RCS 5.7's src/conf.sh.  */
| struct buf { int x; };
| FILE * (*rcsopen) (struct buf *, struct stat *, int);
| static char *e (p, i)
|      char **p;
|      int i;
| {
|   return p[i];
| }
| static char *f (char * (*g) (char **, int), char **p, ...)
| {
|   char *s;
|   va_list v;
|   va_start (v,p);
|   s = g (p, va_arg (v,int));
|   va_end (v);
|   return s;
| }
| 
| /* OSF 4.0 Compaq cc is some sort of almost-ANSI by default.  It has
|    function prototypes and stuff, but not '\xHH' hex character constants.
|    These don't provoke an error unfortunately, instead are silently treated
|    as 'x'.  The following induces an error, until -std is added to get
|    proper ANSI mode.  Curiously '\x00'!='x' always comes out true, for an
|    array size at least.  It's necessary to write '\x00'==0 to get something
|    that's true only with -std.  */
| int osf4_cc_array ['\x00' == 0 ? 1 : -1];
| 
| /* IBM C 6 for AIX is almost-ANSI by default, but it replaces macro parameters
|    inside strings and character constants.  */
| #define FOO(x) 'x'
| int xlc6_cc_array[FOO(a) == 'x' ? 1 : -1];
| 
| int test (int i, double x);
| struct s1 {int (*f) (int a);};
| struct s2 {int (*f) (double a);};
| int pairnames (int, char **, FILE *(*)(struct buf *, struct stat *, int), int, int);
| int argc;
| char **argv;
| int
| main ()
| {
| return f (e, argv, 0) != argv[0]  ||  f (e, argv, 1) != argv[1];
|   ;
|   return 0;
| }
configure:5049: /usr/bin/llvm-gcc-4.2 -Xc -D__EXTENSIONS__ -c  -std=gnu99 -no-cpp-precomp -mmacosx-version-min=10.6 -isysroot /Volumes/The -arch i386 -no_compact_linkedit  -no-cpp-precomp -I/Users/Shared/xbmc-depends/macosx10.7_i386/include -mmacosx-version-min=10.6 -isysroot /Volumes/The -arch i386 -no_compact_linkedit conftest.c >&5
conftest.c:12:19: error: stdio.h: No such file or directory
conftest.c:13:23: error: sys/types.h: No such file or directory
conftest.c:14:22: error: sys/stat.h: No such file or directory
conftest.c:17: error: expected '=', ',', ';', 'asm' or '__attribute__' before '*' token
conftest.c:51: error: expected declaration specifiers or '...' before 'FILE'
configure:5056: $? = 1
configure: failed program was:
| /* confdefs.h.  */
| #define PACKAGE_NAME "xbmc"
| #define PACKAGE_TARNAME "xbmc"
| #define PACKAGE_VERSION "11.9.3"
| #define PACKAGE_STRING "xbmc 11.9.3"
| #define PACKAGE_BUGREPORT "http://trac.xbmc.org"
| #define PACKAGE "xbmc"
| #define VERSION "11.9.3"
| #define LIRC_DEVICE "/dev/lircd"
| /* end confdefs.h.  */
| #include <stdarg.h>
| #include <stdio.h>
| #include <sys/types.h>
| #include <sys/stat.h>
| /* Most of the following tests are stolen from RCS 5.7's src/conf.sh.  */
| struct buf { int x; };
| FILE * (*rcsopen) (struct buf *, struct stat *, int);
| static char *e (p, i)
|      char **p;
|      int i;
| {
|   return p[i];
| }
| static char *f (char * (*g) (char **, int), char **p, ...)
| {
|   char *s;
|   va_list v;
|   va_start (v,p);
|   s = g (p, va_arg (v,int));
|   va_end (v);
|   return s;
| }
| 
| /* OSF 4.0 Compaq cc is some sort of almost-ANSI by default.  It has
|    function prototypes and stuff, but not '\xHH' hex character constants.
|    These don't provoke an error unfortunately, instead are silently treated
|    as 'x'.  The following induces an error, until -std is added to get
|    proper ANSI mode.  Curiously '\x00'!='x' always comes out true, for an
|    array size at least.  It's necessary to write '\x00'==0 to get something
|    that's true only with -std.  */
| int osf4_cc_array ['\x00' == 0 ? 1 : -1];
| 
| /* IBM C 6 for AIX is almost-ANSI by default, but it replaces macro parameters
|    inside strings and character constants.  */
| #define FOO(x) 'x'
| int xlc6_cc_array[FOO(a) == 'x' ? 1 : -1];
| 
| int test (int i, double x);
| struct s1 {int (*f) (int a);};
| struct s2 {int (*f) (double a);};
| int pairnames (int, char **, FILE *(*)(struct buf *, struct stat *, int), int, int);
| int argc;
| char **argv;
| int
| main ()
| {
| return f (e, argv, 0) != argv[0]  ||  f (e, argv, 1) != argv[1];
|   ;
|   return 0;
| }
configure:5082: result: unsupported
configure:5099: checking dependency style of /usr/bin/llvm-gcc-4.2
configure:5209: result: none
configure:5249: checking for a sed that does not truncate output
configure:5315: result: /Users/Shared/xbmc-depends/toolchain/bin/sed
configure:5333: checking for grep that handles long lines and -e
configure:5393: result: /usr/bin/grep
configure:5398: checking for egrep
configure:5462: result: /usr/bin/grep -E
configure:5467: checking for fgrep
configure:5531: result: /usr/bin/grep -F
configure:5566: checking for ld used by /usr/bin/llvm-gcc-4.2
configure:5633: result: /Applications/Xcode.app/Contents/Developer/usr/bin/ld
configure:5642: checking if the linker (/Applications/Xcode.app/Contents/Developer/usr/bin/ld) is GNU ld
configure:5657: result: no
configure:5669: checking for BSD- or MS-compatible name lister (nm)
configure:5718: result: /Applications/Xcode.app/Contents/Developer/usr/bin/nm
configure:5836: checking the name lister (/Applications/Xcode.app/Contents/Developer/usr/bin/nm) interface
configure:5843: /usr/bin/llvm-gcc-4.2 -c  -std=gnu99 -no-cpp-precomp -mmacosx-version-min=10.6 -isysroot /Volumes/The -arch i386 -no_compact_linkedit  -no-cpp-precomp -I/Users/Shared/xbmc-depends/macosx10.7_i386/include -mmacosx-version-min=10.6 -isysroot /Volumes/The -arch i386 -no_compact_linkedit conftest.c >&5
configure:5846: /Applications/Xcode.app/Contents/Developer/usr/bin/nm "conftest.o"
configure:5849: output
00000000 S _some_variable
configure:5856: result: BSD nm
configure:5859: checking whether ln -s works
configure:5863: result: yes
configure:5871: checking the maximum length of command line arguments
configure:5991: result: 196608
configure:6008: checking whether the shell understands some XSI constructs
configure:6018: result: yes
configure:6022: checking whether the shell understands "+="
configure:6028: result: yes
configure:6063: checking for /Applications/Xcode.app/Contents/Developer/usr/bin/ld option to reload object files
configure:6070: result: -r
configure:6139: checking for objdump
configure:6169: result: no
configure:6198: checking how to recognize dependent libraries
configure:6394: result: pass_all
configure:6454: checking for ar
configure:6481: result: /Applications/Xcode.app/Contents/Developer/usr/bin/ar
configure:6559: checking for strip
configure:6586: result: /Applications/Xcode.app/Contents/Developer/usr/bin/strip
configure:6658: checking for ranlib
configure:6685: result: /Applications/Xcode.app/Contents/Developer/usr/bin/ranlib
configure:6775: checking command to parse /Applications/Xcode.app/Contents/Developer/usr/bin/nm output from /usr/bin/llvm-gcc-4.2 object
configure:6893: /usr/bin/llvm-gcc-4.2 -c  -std=gnu99 -no-cpp-precomp -mmacosx-version-min=10.6 -isysroot /Volumes/The -arch i386 -no_compact_linkedit  -no-cpp-precomp -I/Users/Shared/xbmc-depends/macosx10.7_i386/include -mmacosx-version-min=10.6 -isysroot /Volumes/The -arch i386 -no_compact_linkedit conftest.c >&5
configure:6896: $? = 0
configure:6900: /Applications/Xcode.app/Contents/Developer/usr/bin/nm conftest.o \| sed -n -e 's/^.*[	 ]\([BCDEGRST][BCDEGRST]*\)[	 ][	 ]*\([_A-Za-z][_A-Za-z0-9]*\)$/\1 \2 \2/p' \> conftest.nm
configure:6903: $? = 0
cannot find nm_test_var in conftest.nm
configure:6893: /usr/bin/llvm-gcc-4.2 -c  -std=gnu99 -no-cpp-precomp -mmacosx-version-min=10.6 -isysroot /Volumes/The -arch i386 -no_compact_linkedit  -no-cpp-precomp -I/Users/Shared/xbmc-depends/macosx10.7_i386/include -mmacosx-version-min=10.6 -isysroot /Volumes/The -arch i386 -no_compact_linkedit conftest.c >&5
configure:6896: $? = 0
configure:6900: /Applications/Xcode.app/Contents/Developer/usr/bin/nm conftest.o \| sed -n -e 's/^.*[	 ]\([BCDEGRST][BCDEGRST]*\)[	 ][	 ]*_\([_A-Za-z][_A-Za-z0-9]*\)$/\1 _\2 \2/p' \> conftest.nm
configure:6903: $? = 0
configure:6957: /usr/bin/llvm-gcc-4.2 -o conftest  -std=gnu99 -no-cpp-precomp -mmacosx-version-min=10.6 -isysroot /Volumes/The -arch i386 -no_compact_linkedit  -no-cpp-precomp -I/Users/Shared/xbmc-depends/macosx10.7_i386/include -mmacosx-version-min=10.6 -isysroot /Volumes/The -arch i386 -no_compact_linkedit  -mmacosx-version-min=10.6 -isysroot /Volumes/The -arch i386 -Wl,-arch,i386 -no_compact_linkedit -L/Users/Shared/xbmc-depends/macosx10.7_i386/lib conftest.c conftstm.o >&5
configure:6960: $? = 0
configure:6998: result: ok
configure:7292: checking for dsymutil
configure:7308: found /Applications/Xcode.app/Contents/Developer/usr/bin/dsymutil
configure:7319: result: dsymutil
configure:7384: checking for nmedit
configure:7400: found /Applications/Xcode.app/Contents/Developer/usr/bin/nmedit
configure:7411: result: nmedit
configure:7476: checking for lipo
configure:7492: found /usr/bin/lipo
configure:7503: result: lipo
configure:7568: checking for otool
configure:7584: found /Applications/Xcode.app/Contents/Developer/usr/bin/otool
configure:7595: result: otool
configure:7660: checking for otool64
configure:7690: result: no
configure:7735: checking for -single_module linker flag
/usr/bin/llvm-gcc-4.2  -std=gnu99 -no-cpp-precomp -mmacosx-version-min=10.6 -isysroot /Volumes/The -arch i386 -no_compact_linkedit  -mmacosx-version-min=10.6 -isysroot /Volumes/The -arch i386 -Wl,-arch,i386 -no_compact_linkedit -L/Users/Shared/xbmc-depends/macosx10.7_i386/lib -o libconftest.dylib -dynamiclib -Wl,-single_module conftest.c
configure:7762: result: yes
configure:7764: checking for -exported_symbols_list linker flag
configure:7794: /usr/bin/llvm-gcc-4.2 -o conftest  -std=gnu99 -no-cpp-precomp -mmacosx-version-min=10.6 -isysroot /Volumes/The -arch i386 -no_compact_linkedit  -no-cpp-precomp -I/Users/Shared/xbmc-depends/macosx10.7_i386/include -mmacosx-version-min=10.6 -isysroot /Volumes/The -arch i386 -no_compact_linkedit  -mmacosx-version-min=10.6 -isysroot /Volumes/The -arch i386 -Wl,-arch,i386 -no_compact_linkedit -L/Users/Shared/xbmc-depends/macosx10.7_i386/lib -Wl,-exported_symbols_list,conftest.sym conftest.c  >&5
configure:7801: $? = 0
configure:7823: result: yes
configure:7865: checking how to run the C preprocessor
configure:7983: result: /Applications/Xcode.app/Contents/Developer/usr/bin/llvm-gcc-4.2 -E
configure:8012: /Applications/Xcode.app/Contents/Developer/usr/bin/llvm-gcc-4.2 -E  -no-cpp-precomp -I/Users/Shared/xbmc-depends/macosx10.7_i386/include -mmacosx-version-min=10.6 -isysroot /Volumes/The -arch i386 -no_compact_linkedit conftest.c
In file included from conftest.c:12:
/Volumes/The Box/Applications/Xcode.app/Contents/Developer/usr/llvm-gcc-4.2/bin/../lib/gcc/i686-apple-darwin11/4.2.1/include/limits.h:15:25: error: no include path in which to search for limits.h
configure:8019: $? = 1
configure: failed program was:
| /* confdefs.h.  */
| #define PACKAGE_NAME "xbmc"
| #define PACKAGE_TARNAME "xbmc"
| #define PACKAGE_VERSION "11.9.3"
| #define PACKAGE_STRING "xbmc 11.9.3"
| #define PACKAGE_BUGREPORT "http://trac.xbmc.org"
| #define PACKAGE "xbmc"
| #define VERSION "11.9.3"
| #define LIRC_DEVICE "/dev/lircd"
| /* end confdefs.h.  */
| #ifdef __STDC__
| # include <limits.h>
| #else
| # include <assert.h>
| #endif
| 		     Syntax error
configure:8012: /Applications/Xcode.app/Contents/Developer/usr/bin/llvm-gcc-4.2 -E  -no-cpp-precomp -I/Users/Shared/xbmc-depends/macosx10.7_i386/include -mmacosx-version-min=10.6 -isysroot /Volumes/The -arch i386 -no_compact_linkedit conftest.c
In file included from conftest.c:12:
/Volumes/The Box/Applications/Xcode.app/Contents/Developer/usr/llvm-gcc-4.2/bin/../lib/gcc/i686-apple-darwin11/4.2.1/include/limits.h:15:25: error: no include path in which to search for limits.h
configure:8019: $? = 1
configure: failed program was:
| /* confdefs.h.  */
| #define PACKAGE_NAME "xbmc"
| #define PACKAGE_TARNAME "xbmc"
| #define PACKAGE_VERSION "11.9.3"
| #define PACKAGE_STRING "xbmc 11.9.3"
| #define PACKAGE_BUGREPORT "http://trac.xbmc.org"
| #define PACKAGE "xbmc"
| #define VERSION "11.9.3"
| #define LIRC_DEVICE "/dev/lircd"
| /* end confdefs.h.  */
| #ifdef __STDC__
| # include <limits.h>
| #else
| # include <assert.h>
| #endif
| 		     Syntax error
configure:8081: error: in `/Users/bryansmith/xbmc':
configure:8084: error: C preprocessor "/Applications/Xcode.app/Contents/Developer/usr/bin/llvm-gcc-4.2 -E" fails sanity check
See `config.log' for more details.

## ---------------- ##
## Cache variables. ##
## ---------------- ##

ac_cv_build=x86_64-apple-darwin11.4.0
ac_cv_c_compiler_gnu=yes
ac_cv_cxx_compiler_gnu=yes
ac_cv_env_ALSA_CFLAGS_set=
ac_cv_env_ALSA_CFLAGS_value=
ac_cv_env_ALSA_LIBS_set=
ac_cv_env_ALSA_LIBS_value=
ac_cv_env_CCC_set=
ac_cv_env_CCC_value=
ac_cv_env_CC_set=
ac_cv_env_CC_value=
ac_cv_env_CDIO_CFLAGS_set=
ac_cv_env_CDIO_CFLAGS_value=
ac_cv_env_CDIO_LIBS_set=
ac_cv_env_CDIO_LIBS_value=
ac_cv_env_CEC_CFLAGS_set=
ac_cv_env_CEC_CFLAGS_value=
ac_cv_env_CEC_LIBS_set=
ac_cv_env_CEC_LIBS_value=
ac_cv_env_CFLAGS_set=
ac_cv_env_CFLAGS_value=
ac_cv_env_CPPFLAGS_set=
ac_cv_env_CPPFLAGS_value=
ac_cv_env_CPP_set=
ac_cv_env_CPP_value=
ac_cv_env_CXXCPP_set=
ac_cv_env_CXXCPP_value=
ac_cv_env_CXXFLAGS_set=
ac_cv_env_CXXFLAGS_value=
ac_cv_env_CXX_set=
ac_cv_env_CXX_value=
ac_cv_env_DBUS_CFLAGS_set=
ac_cv_env_DBUS_CFLAGS_value=
ac_cv_env_DBUS_LIBS_set=
ac_cv_env_DBUS_LIBS_value=
ac_cv_env_FFMPEG_CFLAGS_set=
ac_cv_env_FFMPEG_CFLAGS_value=
ac_cv_env_FFMPEG_LIBS_set=
ac_cv_env_FFMPEG_LIBS_value=
ac_cv_env_FONTCONFIG_CFLAGS_set=
ac_cv_env_FONTCONFIG_CFLAGS_value=
ac_cv_env_FONTCONFIG_LIBS_set=
ac_cv_env_FONTCONFIG_LIBS_value=
ac_cv_env_FREETYPE2_CFLAGS_set=
ac_cv_env_FREETYPE2_CFLAGS_value=
ac_cv_env_FREETYPE2_LIBS_set=
ac_cv_env_FREETYPE2_LIBS_value=
ac_cv_env_FRIBIDI_CFLAGS_set=
ac_cv_env_FRIBIDI_CFLAGS_value=
ac_cv_env_FRIBIDI_LIBS_set=
ac_cv_env_FRIBIDI_LIBS_value=
ac_cv_env_HAL_CFLAGS_set=
ac_cv_env_HAL_CFLAGS_value=
ac_cv_env_HAL_LIBS_set=
ac_cv_env_HAL_LIBS_value=
ac_cv_env_HAL_STORAGE_CFLAGS_set=
ac_cv_env_HAL_STORAGE_CFLAGS_value=
ac_cv_env_HAL_STORAGE_LIBS_set=
ac_cv_env_HAL_STORAGE_LIBS_value=
ac_cv_env_LDFLAGS_set=
ac_cv_env_LDFLAGS_value=
ac_cv_env_LIBBLURAY_CFLAGS_set=
ac_cv_env_LIBBLURAY_CFLAGS_value=
ac_cv_env_LIBBLURAY_LIBS_set=
ac_cv_env_LIBBLURAY_LIBS_value=
ac_cv_env_LIBS_set=
ac_cv_env_LIBS_value=
ac_cv_env_OPENMAX_CFLAGS_set=
ac_cv_env_OPENMAX_CFLAGS_value=
ac_cv_env_OPENMAX_LIBS_set=
ac_cv_env_OPENMAX_LIBS_value=
ac_cv_env_PCRECPP_CFLAGS_set=
ac_cv_env_PCRECPP_CFLAGS_value=
ac_cv_env_PCRECPP_LIBS_set=
ac_cv_env_PCRECPP_LIBS_value=
ac_cv_env_PCRE_CFLAGS_set=
ac_cv_env_PCRE_CFLAGS_value=
ac_cv_env_PCRE_LIBS_set=
ac_cv_env_PCRE_LIBS_value=
ac_cv_env_PKG_CONFIG_set=
ac_cv_env_PKG_CONFIG_value=
ac_cv_env_PNG_CFLAGS_set=
ac_cv_env_PNG_CFLAGS_value=
ac_cv_env_PNG_LIBS_set=
ac_cv_env_PNG_LIBS_value=
ac_cv_env_PYTHON_VERSION_set=
ac_cv_env_PYTHON_VERSION_value=
ac_cv_env_SAMPLERATE_CFLAGS_set=
ac_cv_env_SAMPLERATE_CFLAGS_value=
ac_cv_env_SAMPLERATE_LIBS_set=
ac_cv_env_SAMPLERATE_LIBS_value=
ac_cv_env_SDL_CFLAGS_set=
ac_cv_env_SDL_CFLAGS_value=
ac_cv_env_SDL_LIBS_set=
ac_cv_env_SDL_LIBS_value=
ac_cv_env_SQLITE3_CFLAGS_set=
ac_cv_env_SQLITE3_CFLAGS_value=
ac_cv_env_SQLITE3_LIBS_set=
ac_cv_env_SQLITE3_LIBS_value=
ac_cv_env_UDEV_CFLAGS_set=
ac_cv_env_UDEV_CFLAGS_value=
ac_cv_env_UDEV_LIBS_set=
ac_cv_env_UDEV_LIBS_value=
ac_cv_env_USB_CFLAGS_set=
ac_cv_env_USB_CFLAGS_value=
ac_cv_env_USB_LIBS_set=
ac_cv_env_USB_LIBS_value=
ac_cv_env_X11_CFLAGS_set=
ac_cv_env_X11_CFLAGS_value=
ac_cv_env_X11_LIBS_set=
ac_cv_env_X11_LIBS_value=
ac_cv_env_XEXT_CFLAGS_set=
ac_cv_env_XEXT_CFLAGS_value=
ac_cv_env_XEXT_LIBS_set=
ac_cv_env_XEXT_LIBS_value=
ac_cv_env_XMU_CFLAGS_set=
ac_cv_env_XMU_CFLAGS_value=
ac_cv_env_XMU_LIBS_set=
ac_cv_env_XMU_LIBS_value=
ac_cv_env_XT_CFLAGS_set=
ac_cv_env_XT_CFLAGS_value=
ac_cv_env_XT_LIBS_set=
ac_cv_env_XT_LIBS_value=
ac_cv_env_build_alias_set=
ac_cv_env_build_alias_value=
ac_cv_env_host_alias_set=
ac_cv_env_host_alias_value=
ac_cv_env_target_alias_set=
ac_cv_env_target_alias_value=
ac_cv_host=i386-apple-darwin
ac_cv_objext=o
ac_cv_path_EGREP='/usr/bin/grep -E'
ac_cv_path_FGREP='/usr/bin/grep -F'
ac_cv_path_GREP=/usr/bin/grep
ac_cv_path_SED=/Users/Shared/xbmc-depends/toolchain/bin/sed
ac_cv_path_install='/opt/local/bin/ginstall -c'
ac_cv_path_mkdir=/opt/local/bin/gmkdir
ac_cv_prog_AWK=gawk
ac_cv_prog_CPP='/Applications/Xcode.app/Contents/Developer/usr/bin/llvm-gcc-4.2 -E'
ac_cv_prog_ac_ct_AR=/Applications/Xcode.app/Contents/Developer/usr/bin/ar
ac_cv_prog_ac_ct_CC=/usr/bin/llvm-gcc-4.2
ac_cv_prog_ac_ct_DSYMUTIL=dsymutil
ac_cv_prog_ac_ct_LIPO=lipo
ac_cv_prog_ac_ct_NMEDIT=nmedit
ac_cv_prog_ac_ct_OTOOL=otool
ac_cv_prog_ac_ct_RANLIB=/Applications/Xcode.app/Contents/Developer/usr/bin/ranlib
ac_cv_prog_ac_ct_STRIP=/Applications/Xcode.app/Contents/Developer/usr/bin/strip
ac_cv_prog_cc_c89=no
ac_cv_prog_cc_g=yes
ac_cv_prog_cxx_g=yes
ac_cv_prog_make_make_set=yes
am_cv_CC_dependencies_compiler_type=none
am_cv_CXX_dependencies_compiler_type=none
lt_cv_apple_cc_single_mod=yes
lt_cv_deplibs_check_method=pass_all
lt_cv_file_magic_cmd='$MAGIC_CMD'
lt_cv_file_magic_test_file=
lt_cv_ld_exported_symbols_list=yes
lt_cv_ld_reload_flag=-r
lt_cv_nm_interface='BSD nm'
lt_cv_path_LD=/Applications/Xcode.app/Contents/Developer/usr/bin/ld
lt_cv_path_NM=/Applications/Xcode.app/Contents/Developer/usr/bin/nm
lt_cv_prog_gnu_ld=no
lt_cv_sys_global_symbol_pipe='sed -n -e '\''s/^.*[	 ]\([BCDEGRST][BCDEGRST]*\)[	 ][	 ]*_\([_A-Za-z][_A-Za-z0-9]*\)$/\1 _\2 \2/p'\'''
lt_cv_sys_global_symbol_to_c_name_address='sed -n -e '\''s/^: \([^ ]*\) $/  {\"\1\", (void *) 0},/p'\'' -e '\''s/^[BCDEGRST]* \([^ ]*\) \([^ ]*\)$/  {"\2", (void *) \&\2},/p'\'''
lt_cv_sys_global_symbol_to_c_name_address_lib_prefix='sed -n -e '\''s/^: \([^ ]*\) $/  {\"\1\", (void *) 0},/p'\'' -e '\''s/^[BCDEGRST]* \([^ ]*\) \(lib[^ ]*\)$/  {"\2", (void *) \&\2},/p'\'' -e '\''s/^[BCDEGRST]* \([^ ]*\) \([^ ]*\)$/  {"lib\2", (void *) \&\2},/p'\'''
lt_cv_sys_global_symbol_to_cdecl='sed -n -e '\''s/^T .* \(.*\)$/extern int \1();/p'\'' -e '\''s/^[BCDEGRST]* .* \(.*\)$/extern char \1;/p'\'''
lt_cv_sys_max_cmd_len=196608

## ----------------- ##
## Output variables. ##
## ----------------- ##

ACLOCAL='/Users/Shared/xbmc-depends/toolchain/bin/aclocal -I /Users/Shared/xbmc-depends/macosx10.7_i386/share/aclocal -I /Users/Shared/xbmc-depends/toolchain/share/aclocal'
AFPCLIENT_SONAME=''
ALLOCA=''
ALSA_CFLAGS=''
ALSA_LIBS=''
AMDEPBACKSLASH='\'
AMDEP_FALSE='#'
AMDEP_TRUE=''
AMTAR='${SHELL} /Users/bryansmith/xbmc/build-aux/missing --run tar'
AR='/Applications/Xcode.app/Contents/Developer/usr/bin/ar'
ARCH=''
ARCH_DEFINES=''
ASS_SONAME=''
AUTOCONF='${SHELL} /Users/bryansmith/xbmc/build-aux/missing --run autoconf'
AUTOHEADER='${SHELL} /Users/bryansmith/xbmc/build-aux/missing --run autoheader'
AUTOMAKE='${SHELL} /Users/bryansmith/xbmc/build-aux/missing --run automake-1.10'
AWK='gawk'
BLURAY_SONAME=''
BUILD_DVDCSS=''
CC='/usr/bin/llvm-gcc-4.2'
CCACHE=''
CCDEPMODE='depmode=none'
CDIO_CFLAGS=''
CDIO_LIBS=''
CEC_CFLAGS=''
CEC_LIBS=''
CFLAGS=' -std=gnu99 -no-cpp-precomp -mmacosx-version-min=10.6 -isysroot /Volumes/The -arch i386 -no_compact_linkedit'
CPP='/Applications/Xcode.app/Contents/Developer/usr/bin/llvm-gcc-4.2 -E'
CPPFLAGS=' -no-cpp-precomp -I/Users/Shared/xbmc-depends/macosx10.7_i386/include -mmacosx-version-min=10.6 -isysroot /Volumes/The -arch i386 -no_compact_linkedit'
CRYSTALHD_SONAME=''
CURL_SONAME=''
CXX='/usr/bin/llvm-g++-4.2'
CXXCPP='/Applications/Xcode.app/Contents/Developer/usr/bin/llvm-gcc-4.2 -E'
CXXDEPMODE='depmode=none'
CXXFLAGS=' -mmacosx-version-min=10.6 -isysroot /Volumes/The -arch i386 -no_compact_linkedit '
CYGPATH_W='echo'
DBUS_CFLAGS=''
DBUS_LIBS=''
DEFS=''
DEPDIR='.deps'
DISABLE_GOOM=''
DISABLE_PROJECTM=''
DISABLE_RSXS=''
DSYMUTIL='dsymutil'
DUMPBIN=''
ECHO_C='\c'
ECHO_N=''
ECHO_T=''
EGREP='/usr/bin/grep -E'
EXEEXT=''
FFMPEG_CFLAGS=''
FFMPEG_LIBS=''
FGREP='/usr/bin/grep -F'
FLAC_SONAME=''
FONTCONFIG_CFLAGS=''
FONTCONFIG_LIBS=''
FREETYPE2_CFLAGS=''
FREETYPE2_LIBS=''
FRIBIDI_CFLAGS=''
FRIBIDI_LIBS=''
GREP='/usr/bin/grep'
HAL_CFLAGS=''
HAL_LIBS=''
HAL_STORAGE_CFLAGS=''
HAL_STORAGE_LIBS=''
HAVE_CMAKE=''
HAVE_FPC=''
HAVE_GAWK=''
HAVE_GDC=''
HAVE_GIT=''
HAVE_GPERF=''
HAVE_LIBBLURAY=''
HAVE_LIBMP3LAME=''
HAVE_LIBVORBISENC=''
HAVE_NASM=''
HAVE_UNZIP=''
HAVE_XBMC_NONFREE=''
HAVE_ZIP=''
INCLUDES=''
INSTALL_DATA='${INSTALL} -m 644'
INSTALL_PROGRAM='${INSTALL}'
INSTALL_SCRIPT='${INSTALL}'
INSTALL_STRIP_PROGRAM='$(install_sh) -c -s'
LAMEENC_SONAME=''
LD='/Applications/Xcode.app/Contents/Developer/usr/bin/ld'
LDFLAGS=' -mmacosx-version-min=10.6 -isysroot /Volumes/The -arch i386 -Wl,-arch,i386 -no_compact_linkedit -L/Users/Shared/xbmc-depends/macosx10.7_i386/lib'
LIBASS_BASENAME=''
LIBBLURAY_CFLAGS=''
LIBBLURAY_LIBS=''
LIBCEC_SONAME=''
LIBCURL_BASENAME=''
LIBFLAC_BASENAME=''
LIBMAD_BASENAME=''
LIBMEPG2_BASENAME=''
LIBMODPLUG_BASENAME=''
LIBOBJS=''
LIBOGG_BASENAME=''
LIBS=''
LIBTOOL='/Users/Shared/xbmc-depends/toolchain/bin/glibtool'
LIBVORBISENC_BASENAME=''
LIBVORBISFILE_BASENAME=''
LIBVORBIS_BASENAME=''
LIPO='lipo'
LN_S='ln -s'
LTLIBOBJS=''
MAD_SONAME=''
MAKEINFO='${SHELL} /Users/bryansmith/xbmc/build-aux/missing --run makeinfo'
MKDIR_P='/opt/local/bin/gmkdir -p'
MODPLUG_SONAME=''
MPEG2_SONAME=''
MYSQL_CONFIG=''
MYSQL_LIBS=''
NFS_SONAME=''
NM='/Applications/Xcode.app/Contents/Developer/usr/bin/nm'
NMEDIT='nmedit'
OBJDUMP='false'
OBJEXT='o'
OGG_SONAME=''
OPENMAX_CFLAGS=''
OPENMAX_LIBS=''
OTOOL64=':'
OTOOL='otool'
OUTPUT_FILES=''
PACKAGE='xbmc'
PACKAGE_BUGREPORT='http://trac.xbmc.org'
PACKAGE_NAME='xbmc'
PACKAGE_STRING='xbmc 11.9.3'
PACKAGE_TARNAME='xbmc'
PACKAGE_VERSION='11.9.3'
PATH_SEPARATOR=':'
PCRECPP_CFLAGS=''
PCRECPP_LIBS=''
PCRE_CFLAGS=''
PCRE_LIBS=''
PKG_CONFIG=''
PLIST_SONAME=''
PNG_CFLAGS=''
PNG_LIBS=''
POW_LIB=''
PYTHON='/Users/Shared/xbmc-depends/macosx10.7_i386/bin/python'
PYTHON_CPPFLAGS=''
PYTHON_EXTRA_LDFLAGS=''
PYTHON_EXTRA_LIBS=''
PYTHON_LDFLAGS=''
PYTHON_SITE_PKG=''
PYTHON_VERSION=''
RANLIB='/Applications/Xcode.app/Contents/Developer/usr/bin/ranlib'
RTMP_SONAME=''
SAMPLERATE_CFLAGS=''
SAMPLERATE_LIBS=''
SDL_CFLAGS=''
SDL_DEFINES=''
SDL_LIBS=''
SED='/Users/Shared/xbmc-depends/toolchain/bin/sed'
SET_MAKE=''
SHAIRPORT_SONAME=''
SHELL='/bin/sh'
SQLITE3_CFLAGS=''
SQLITE3_LIBS=''
STRIP='/Applications/Xcode.app/Contents/Developer/usr/bin/strip'
UDEV_CFLAGS=''
UDEV_LIBS=''
USB_CFLAGS=''
USB_LIBS=''
USE_AIRPLAY=''
USE_AIRTUNES=''
USE_ALSA=''
USE_ASAP_CODEC=''
USE_CRYSTALHD=''
USE_EXTERNAL_FFMPEG=''
USE_LIBAFPCLIENT=''
USE_LIBCEC=''
USE_LIBNFS=''
USE_LIBSMBCLIENT=''
USE_LIBUDEV=''
USE_LIBUSB=''
USE_LIBXBMC=''
USE_OPENGL=''
USE_OPENGLES=''
USE_OPENMAX=''
USE_PULSE=''
USE_SKIN_TOUCHED=''
USE_TEXTUREPACKER=''
USE_TEXTUREPACKER_NATIVE=''
USE_TEXTUREPACKER_NATIVE_ROOT=''
USE_VAAPI=''
USE_VDA=''
USE_VDPAU=''
USE_WEB_SERVER=''
USE_XRANDR=''
VERSION='11.9.3'
VORBISENC_SONAME=''
VORBISFILE_SONAME=''
VORBIS_SONAME=''
X11_CFLAGS=''
X11_LIBS=''
XEXT_CFLAGS=''
XEXT_LIBS=''
XMU_CFLAGS=''
XMU_LIBS=''
XT_CFLAGS=''
XT_LIBS=''
ac_ct_CC='/usr/bin/llvm-gcc-4.2'
ac_ct_CXX=''
ac_ct_DUMPBIN=''
am__fastdepCC_FALSE=''
am__fastdepCC_TRUE='#'
am__fastdepCXX_FALSE=''
am__fastdepCXX_TRUE='#'
am__include='include'
am__isrc=''
am__leading_dot='.'
am__quote=''
am__tar='${AMTAR} chof - "$$tardir"'
am__untar='${AMTAR} xf -'
bindir='${exec_prefix}/bin'
build='x86_64-apple-darwin11.4.0'
build_alias=''
build_cpu='x86_64'
build_os='darwin11.4.0'
build_vendor='apple'
datadir='${datarootdir}'
datarootdir='${prefix}/share'
docdir='${datarootdir}/doc/${PACKAGE_TARNAME}'
dvidir='${docdir}'
exec_prefix='NONE'
host='i386-apple-darwin'
host_alias='i386-apple-darwin'
host_cpu='i386'
host_os='darwin'
host_vendor='apple'
htmldir='${docdir}'
includedir='${prefix}/include'
infodir='${datarootdir}/info'
install_sh='$(SHELL) /Users/bryansmith/xbmc/build-aux/install-sh'
libdir='${exec_prefix}/lib'
libexecdir='${exec_prefix}/libexec'
localedir='${datarootdir}/locale'
localstatedir='${prefix}/var'
lt_ECHO='/bin/echo'
mandir='${datarootdir}/man'
mkdir_p='/opt/local/bin/gmkdir -p'
oldincludedir='/usr/include'
pdfdir='${docdir}'
prefix='/Users/Shared/xbmc-depends/macosx10.7_i386'
program_transform_name='s,x,x,'
psdir='${docdir}'
sbindir='${exec_prefix}/sbin'
sharedstatedir='${prefix}/com'
sysconfdir='${prefix}/etc'
target_alias=''

## ------------------- ##
## File substitutions. ##
## ------------------- ##

XBMC_STANDALONE_SH_PULSE=''

## ----------- ##
## confdefs.h. ##
## ----------- ##

#define PACKAGE_NAME "xbmc"
#define PACKAGE_TARNAME "xbmc"
#define PACKAGE_VERSION "11.9.3"
#define PACKAGE_STRING "xbmc 11.9.3"
#define PACKAGE_BUGREPORT "http://trac.xbmc.org"
#define PACKAGE "xbmc"
#define VERSION "11.9.3"
#define LIRC_DEVICE "/dev/lircd"

configure: exit 1
