This file contains any messages produced by compilers while
running configure, to aid debugging if configure makes a mistake.

It was created by configure, which was
generated by GNU Autoconf 2.61.  Invocation command line was

  $ ./configure --prefix=/usr/local --cache-file=/dev/null --srcdir=.

## --------- ##
## Platform. ##
## --------- ##

hostname = Bryans-Mac-Pro.local
uname -m = x86_64
uname -r = 11.4.0
uname -s = Darwin
uname -v = Darwin Kernel Version 11.4.0: Mon Apr  9 19:32:15 PDT 2012; root:xnu-1699.26.8~1/RELEASE_X86_64

/usr/bin/uname -p = i386
/bin/uname -X     = unknown

/bin/arch              = unknown
/usr/bin/arch -k       = unknown
/usr/convex/getsysinfo = unknown
/usr/bin/hostinfo      = Mach kernel version:
	 Darwin Kernel Version 11.4.0: Mon Apr  9 19:32:15 PDT 2012; root:xnu-1699.26.8~1/RELEASE_X86_64
Kernel configured for up to 4 processors.
4 processors are physically available.
4 processors are logically available.
Processor type: i486 (Intel 80486)
Processors active: 0 1 2 3
Primary memory available: 8.00 gigabytes
Default processor set: 119 tasks, 525 threads, 4 processors
Load average: 2.82, Mach factor: 1.36
/bin/machine           = unknown
/usr/bin/oslevel       = unknown
/bin/universe          = unknown

PATH: /opt/local/bin
PATH: /usr/bin
PATH: /bin
PATH: /usr/sbin
PATH: /sbin
PATH: /usr/local/bin
PATH: /usr/X11/bin
PATH: /usr/local/git/bin


## ----------- ##
## Core tests. ##
## ----------- ##

configure:1975: checking for a BSD-compatible install
configure:2031: result: /opt/local/bin/ginstall -c
configure:2042: checking whether build environment is sane
configure:2085: result: yes
configure:2113: checking for a thread-safe mkdir -p
configure:2152: result: /opt/local/bin/gmkdir -p
configure:2165: checking for gawk
configure:2181: found /opt/local/bin/gawk
configure:2192: result: gawk
configure:2203: checking whether make sets $(MAKE)
configure:2224: result: yes
configure:2463: checking for gcc
configure:2479: found /usr/bin/gcc
configure:2490: result: gcc
configure:2728: checking for C compiler version
configure:2735: gcc --version >&5
i686-apple-darwin11-llvm-gcc-4.2 (GCC) 4.2.1 (Based on Apple Inc. build 5658) (LLVM build 2336.9.00)
Copyright (C) 2007 Free Software Foundation, Inc.
This is free software; see the source for copying conditions.  There is NO
warranty; not even for MERCHANTABILITY or FITNESS FOR A PARTICULAR PURPOSE.

configure:2738: $? = 0
configure:2745: gcc -v >&5
Using built-in specs.
Target: i686-apple-darwin11
Configured with: /private/var/tmp/llvmgcc42/llvmgcc42-2336.9~22/src/configure --disable-checking --enable-werror --prefix=/Applications/Xcode.app/Contents/Developer/usr/llvm-gcc-4.2 --mandir=/share/man --enable-languages=c,objc,c++,obj-c++ --program-prefix=llvm- --program-transform-name=/^[cg][^.-]*$/s/$/-4.2/ --with-slibdir=/usr/lib --build=i686-apple-darwin11 --enable-llvm=/private/var/tmp/llvmgcc42/llvmgcc42-2336.9~22/dst-llvmCore/Developer/usr/local --program-prefix=i686-apple-darwin11- --host=x86_64-apple-darwin11 --target=i686-apple-darwin11 --with-gxx-include-dir=/usr/include/c++/4.2.1
Thread model: posix
gcc version 4.2.1 (Based on Apple Inc. build 5658) (LLVM build 2336.9.00)
configure:2748: $? = 0
configure:2755: gcc -V >&5
llvm-gcc-4.2: argument to `-V' is missing
configure:2758: $? = 1
configure:2781: checking for C compiler default output file name
configure:2808: gcc    conftest.c  >&5
configure:2811: $? = 0
configure:2849: result: a.out
configure:2866: checking whether the C compiler works
configure:2876: ./a.out
configure:2879: $? = 0
configure:2896: result: yes
configure:2903: checking whether we are cross compiling
configure:2905: result: no
configure:2908: checking for suffix of executables
configure:2915: gcc -o conftest    conftest.c  >&5
configure:2918: $? = 0
configure:2942: result: 
configure:2948: checking for suffix of object files
configure:2974: gcc -c   conftest.c >&5
configure:2977: $? = 0
configure:3000: result: o
configure:3004: checking whether we are using the GNU C compiler
configure:3033: gcc -c   conftest.c >&5
configure:3039: $? = 0
configure:3056: result: yes
configure:3061: checking whether gcc accepts -g
configure:3091: gcc -c -g  conftest.c >&5
configure:3097: $? = 0
configure:3196: result: yes
configure:3213: checking for gcc option to accept ISO C89
configure:3287: gcc  -c -g -O2  conftest.c >&5
configure:3293: $? = 0
configure:3316: result: none needed
configure:3345: checking for style of include used by make
configure:3373: result: GNU
configure:3398: checking dependency style of gcc
configure:3489: result: none
configure:3562: checking for g++
configure:3578: found /usr/bin/g++
configure:3589: result: g++
configure:3620: checking for C++ compiler version
configure:3627: g++ --version >&5
i686-apple-darwin11-llvm-g++-4.2 (GCC) 4.2.1 (Based on Apple Inc. build 5658) (LLVM build 2336.9.00)
Copyright (C) 2007 Free Software Foundation, Inc.
This is free software; see the source for copying conditions.  There is NO
warranty; not even for MERCHANTABILITY or FITNESS FOR A PARTICULAR PURPOSE.

configure:3630: $? = 0
configure:3637: g++ -v >&5
Using built-in specs.
Target: i686-apple-darwin11
Configured with: /private/var/tmp/llvmgcc42/llvmgcc42-2336.9~22/src/configure --disable-checking --enable-werror --prefix=/Applications/Xcode.app/Contents/Developer/usr/llvm-gcc-4.2 --mandir=/share/man --enable-languages=c,objc,c++,obj-c++ --program-prefix=llvm- --program-transform-name=/^[cg][^.-]*$/s/$/-4.2/ --with-slibdir=/usr/lib --build=i686-apple-darwin11 --enable-llvm=/private/var/tmp/llvmgcc42/llvmgcc42-2336.9~22/dst-llvmCore/Developer/usr/local --program-prefix=i686-apple-darwin11- --host=x86_64-apple-darwin11 --target=i686-apple-darwin11 --with-gxx-include-dir=/usr/include/c++/4.2.1
Thread model: posix
gcc version 4.2.1 (Based on Apple Inc. build 5658) (LLVM build 2336.9.00)
configure:3640: $? = 0
configure:3647: g++ -V >&5
llvm-g++-4.2: argument to `-V' is missing
configure:3650: $? = 1
configure:3653: checking whether we are using the GNU C++ compiler
configure:3682: g++ -c   conftest.cpp >&5
configure:3688: $? = 0
configure:3705: result: yes
configure:3710: checking whether g++ accepts -g
configure:3740: g++ -c -g  conftest.cpp >&5
configure:3746: $? = 0
configure:3845: result: yes
configure:3870: checking dependency style of g++
configure:3961: result: none
configure:3989: checking for a BSD-compatible install
configure:4045: result: /opt/local/bin/ginstall -c
configure:4063: checking build system type
configure:4081: result: i386-apple-darwin11.4.0
configure:4103: checking host system type
configure:4118: result: i386-apple-darwin11.4.0
configure:4285: checking for a sed that does not truncate output
configure:4339: result: /usr/bin/sed
configure:4342: checking for grep that handles long lines and -e
configure:4416: result: /usr/bin/grep
configure:4421: checking for egrep
configure:4499: result: /usr/bin/grep -E
configure:4515: checking for ld used by gcc
configure:4582: result: /usr/llvm-gcc-4.2/libexec/gcc/i686-apple-darwin11/4.2.1/ld
configure:4591: checking if the linker (/usr/llvm-gcc-4.2/libexec/gcc/i686-apple-darwin11/4.2.1/ld) is GNU ld
configure:4606: result: no
configure:4611: checking for /usr/llvm-gcc-4.2/libexec/gcc/i686-apple-darwin11/4.2.1/ld option to reload object files
configure:4618: result: -r
configure:4636: checking for BSD-compatible nm
configure:4685: result: /usr/bin/nm
configure:4689: checking whether ln -s works
configure:4693: result: yes
configure:4700: checking how to recognise dependent libraries
configure:4876: result: pass_all
configure:5397: checking how to run the C preprocessor
configure:5437: gcc -E  conftest.c
configure:5443: $? = 0
configure:5474: gcc -E  conftest.c
conftest.c:10:28: error: ac_nonexistent.h: No such file or directory
configure:5480: $? = 1
configure: failed program was:
| /* confdefs.h.  */
| #define PACKAGE_NAME ""
| #define PACKAGE_TARNAME ""
| #define PACKAGE_VERSION ""
| #define PACKAGE_STRING ""
| #define PACKAGE_BUGREPORT ""
| #define PACKAGE "libasprintf"
| #define VERSION "1.0"
| /* end confdefs.h.  */
| #include <ac_nonexistent.h>
configure:5513: result: gcc -E
configure:5542: gcc -E  conftest.c
configure:5548: $? = 0
configure:5579: gcc -E  conftest.c
conftest.c:10:28: error: ac_nonexistent.h: No such file or directory
configure:5585: $? = 1
configure: failed program was:
| /* confdefs.h.  */
| #define PACKAGE_NAME ""
| #define PACKAGE_TARNAME ""
| #define PACKAGE_VERSION ""
| #define PACKAGE_STRING ""
| #define PACKAGE_BUGREPORT ""
| #define PACKAGE "libasprintf"
| #define VERSION "1.0"
| /* end confdefs.h.  */
| #include <ac_nonexistent.h>
configure:5623: checking for ANSI C header files
configure:5653: gcc -c -g -O2  conftest.c >&5
configure:5659: $? = 0
configure:5758: gcc -o conftest -g -O2   conftest.c  >&5
configure:5761: $? = 0
configure:5767: ./conftest
configure:5770: $? = 0
configure:5787: result: yes
configure:5811: checking for sys/types.h
configure:5832: gcc -c -g -O2  conftest.c >&5
configure:5838: $? = 0
configure:5854: result: yes
configure:5811: checking for sys/stat.h
configure:5832: gcc -c -g -O2  conftest.c >&5
configure:5838: $? = 0
configure:5854: result: yes
configure:5811: checking for stdlib.h
configure:5832: gcc -c -g -O2  conftest.c >&5
configure:5838: $? = 0
configure:5854: result: yes
configure:5811: checking for string.h
configure:5832: gcc -c -g -O2  conftest.c >&5
configure:5838: $? = 0
configure:5854: result: yes
configure:5811: checking for memory.h
configure:5832: gcc -c -g -O2  conftest.c >&5
configure:5838: $? = 0
configure:5854: result: yes
configure:5811: checking for strings.h
configure:5832: gcc -c -g -O2  conftest.c >&5
configure:5838: $? = 0
configure:5854: result: yes
configure:5811: checking for inttypes.h
configure:5832: gcc -c -g -O2  conftest.c >&5
configure:5838: $? = 0
configure:5854: result: yes
configure:5811: checking for stdint.h
configure:5832: gcc -c -g -O2  conftest.c >&5
configure:5838: $? = 0
configure:5854: result: yes
configure:5811: checking for unistd.h
configure:5832: gcc -c -g -O2  conftest.c >&5
configure:5838: $? = 0
configure:5854: result: yes
configure:5881: checking dlfcn.h usability
configure:5898: gcc -c -g -O2  conftest.c >&5
configure:5904: $? = 0
configure:5918: result: yes
configure:5922: checking dlfcn.h presence
configure:5937: gcc -E  conftest.c
configure:5943: $? = 0
configure:5957: result: yes
configure:5985: checking for dlfcn.h
configure:5993: result: yes
configure:6016: checking how to run the C++ preprocessor
configure:6052: g++ -E  conftest.cpp
configure:6058: $? = 0
configure:6089: g++ -E  conftest.cpp
conftest.cpp:21:28: error: ac_nonexistent.h: No such file or directory
configure:6095: $? = 1
configure: failed program was:
| /* confdefs.h.  */
| #define PACKAGE_NAME ""
| #define PACKAGE_TARNAME ""
| #define PACKAGE_VERSION ""
| #define PACKAGE_STRING ""
| #define PACKAGE_BUGREPORT ""
| #define PACKAGE "libasprintf"
| #define VERSION "1.0"
| #define STDC_HEADERS 1
| #define HAVE_SYS_TYPES_H 1
| #define HAVE_SYS_STAT_H 1
| #define HAVE_STDLIB_H 1
| #define HAVE_STRING_H 1
| #define HAVE_MEMORY_H 1
| #define HAVE_STRINGS_H 1
| #define HAVE_INTTYPES_H 1
| #define HAVE_STDINT_H 1
| #define HAVE_UNISTD_H 1
| #define HAVE_DLFCN_H 1
| /* end confdefs.h.  */
| #include <ac_nonexistent.h>
configure:6128: result: g++ -E
configure:6157: g++ -E  conftest.cpp
configure:6163: $? = 0
configure:6194: g++ -E  conftest.cpp
conftest.cpp:21:28: error: ac_nonexistent.h: No such file or directory
configure:6200: $? = 1
configure: failed program was:
| /* confdefs.h.  */
| #define PACKAGE_NAME ""
| #define PACKAGE_TARNAME ""
| #define PACKAGE_VERSION ""
| #define PACKAGE_STRING ""
| #define PACKAGE_BUGREPORT ""
| #define PACKAGE "libasprintf"
| #define VERSION "1.0"
| #define STDC_HEADERS 1
| #define HAVE_SYS_TYPES_H 1
| #define HAVE_SYS_STAT_H 1
| #define HAVE_STDLIB_H 1
| #define HAVE_STRING_H 1
| #define HAVE_MEMORY_H 1
| #define HAVE_STRINGS_H 1
| #define HAVE_INTTYPES_H 1
| #define HAVE_STDINT_H 1
| #define HAVE_UNISTD_H 1
| #define HAVE_DLFCN_H 1
| /* end confdefs.h.  */
| #include <ac_nonexistent.h>
configure:6293: checking for g77
configure:6323: result: no
configure:6293: checking for xlf
configure:6323: result: no
configure:6293: checking for f77
configure:6323: result: no
configure:6293: checking for frt
configure:6323: result: no
configure:6293: checking for pgf77
configure:6323: result: no
configure:6293: checking for cf77
configure:6323: result: no
configure:6293: checking for fort77
configure:6323: result: no
configure:6293: checking for fl32
configure:6323: result: no
configure:6293: checking for af77
configure:6323: result: no
configure:6293: checking for xlf90
configure:6323: result: no
configure:6293: checking for f90
configure:6323: result: no
configure:6293: checking for pgf90
configure:6323: result: no
configure:6293: checking for pghpf
configure:6323: result: no
configure:6293: checking for epcf90
configure:6323: result: no
configure:6293: checking for gfortran
configure:6323: result: no
configure:6293: checking for g95
configure:6323: result: no
configure:6293: checking for xlf95
configure:6323: result: no
configure:6293: checking for f95
configure:6323: result: no
configure:6293: checking for fort
configure:6323: result: no
configure:6293: checking for ifort
configure:6323: result: no
configure:6293: checking for ifc
configure:6323: result: no
configure:6293: checking for efc
configure:6323: result: no
configure:6293: checking for pgf95
configure:6323: result: no
configure:6293: checking for lf95
configure:6323: result: no
configure:6293: checking for ftn
configure:6323: result: no
configure:6350: checking for Fortran 77 compiler version
configure:6357:  --version >&5
./configure: line 6358: --version: command not found
configure:6360: $? = 127
configure:6367:  -v >&5
./configure: line 6368: -v: command not found
configure:6370: $? = 127
configure:6377:  -V >&5
./configure: line 6378: -V: command not found
configure:6380: $? = 127
configure:6388: checking whether we are using the GNU Fortran 77 compiler
configure:6407:  -c  conftest.F >&5
./configure: line 6408: -c: command not found
configure:6413: $? = 127
configure: failed program was:
|       program main
| #ifndef __GNUC__
|        choke me
| #endif
| 
|       end
configure:6430: result: no
configure:6436: checking whether  accepts -g
configure:6453:  -c -g conftest.f >&5
./configure: line 6454: -c: command not found
configure:6459: $? = 127
configure: failed program was:
|       program main
| 
|       end
configure:6475: result: no
configure:6505: checking the maximum length of command line arguments
configure:6614: result: 196608
configure:6625: checking command to parse /usr/bin/nm output from gcc object
configure:6730: gcc -c -g -O2  conftest.c >&5
configure:6733: $? = 0
configure:6737: /usr/bin/nm conftest.o \| sed -n -e 's/^.*[ 	]\([BCDEGRST][BCDEGRST]*\)[ 	][ 	]*\([_A-Za-z][_A-Za-z0-9]*\)$/\1 \2 \2/p' \> conftest.nm
configure:6740: $? = 0
cannot find nm_test_var in conftest.nm
configure:6730: gcc -c -g -O2  conftest.c >&5
configure:6733: $? = 0
configure:6737: /usr/bin/nm conftest.o \| sed -n -e 's/^.*[ 	]\([BCDEGRST][BCDEGRST]*\)[ 	][ 	]*_\([_A-Za-z][_A-Za-z0-9]*\)$/\1 _\2 \2/p' \> conftest.nm
configure:6740: $? = 0
configure:6792: gcc -o conftest -g -O2   conftest.c conftstm.o >&5
configure:6795: $? = 0
configure:6833: result: ok
configure:6837: checking for objdir
configure:6852: result: .libs
configure:6944: checking for ar
configure:6960: found /usr/bin/ar
configure:6971: result: ar
configure:7040: checking for ranlib
configure:7056: found /usr/bin/ranlib
configure:7067: result: ranlib
configure:7136: checking for strip
configure:7152: found /usr/bin/strip
configure:7163: result: strip
configure:7453: checking if gcc supports -fno-rtti -fno-exceptions
configure:7471: gcc -c -g -O2  -fno-rtti -fno-exceptions conftest.c >&5
cc1: warning: command line option "-fno-rtti" is valid for C++/ObjC++ but not for C
configure:7475: $? = 0
configure:7488: result: no
configure:7503: checking for gcc option to produce PIC
configure:7736: result: -fno-common
configure:7744: checking if gcc PIC flag -fno-common works
configure:7762: gcc -c -g -O2  -fno-common -DPIC conftest.c >&5
configure:7766: $? = 0
configure:7779: result: yes
configure:7807: checking if gcc static flag -static works
configure:7835: result: no
configure:7845: checking if gcc supports -c -o file.o
configure:7866: gcc -c -g -O2  -o out/conftest2.o conftest.c >&5
configure:7870: $? = 0
configure:7892: result: yes
configure:7918: checking whether the gcc linker (/usr/llvm-gcc-4.2/libexec/gcc/i686-apple-darwin11/4.2.1/ld) supports shared libraries
configure:8881: result: yes
configure:8948: checking dynamic linker characteristics
configure:9536: result: darwin11.4.0 dyld
configure:9545: checking how to hardcode library paths into programs
configure:9570: result: immediate
configure:9584: checking whether stripping libraries is possible
configure:9597: result: yes
configure:10390: checking if libtool supports shared libraries
configure:10392: result: yes
configure:10395: checking whether to build shared libraries
configure:10416: result: yes
configure:10419: checking whether to build static libraries
configure:10423: result: yes
configure:10515: creating libtool
configure:11103: checking for ld used by g++
configure:11170: result: /usr/llvm-gcc-4.2/libexec/gcc/i686-apple-darwin11/4.2.1/ld
configure:11179: checking if the linker (/usr/llvm-gcc-4.2/libexec/gcc/i686-apple-darwin11/4.2.1/ld) is GNU ld
configure:11194: result: no
configure:11245: checking whether the g++ linker (/usr/llvm-gcc-4.2/libexec/gcc/i686-apple-darwin11/4.2.1/ld) supports shared libraries
configure:12202: result: yes
configure:12224: g++ -c -g -O2  conftest.cpp >&5
configure:12227: $? = 0
configure:12355: checking for g++ option to produce PIC
configure:12639: result: -fno-common
configure:12647: checking if g++ PIC flag -fno-common works
configure:12665: g++ -c -g -O2  -fno-common -DPIC conftest.cpp >&5
configure:12669: $? = 0
configure:12682: result: yes
configure:12710: checking if g++ static flag -static works
configure:12738: result: no
configure:12748: checking if g++ supports -c -o file.o
configure:12769: g++ -c -g -O2  -o out/conftest2.o conftest.cpp >&5
configure:12773: $? = 0
configure:12795: result: yes
configure:12821: checking whether the g++ linker (/usr/llvm-gcc-4.2/libexec/gcc/i686-apple-darwin11/4.2.1/ld) supports shared libraries
configure:12846: result: yes
configure:12913: checking dynamic linker characteristics
configure:13501: result: darwin11.4.0 dyld
configure:13510: checking how to hardcode library paths into programs
configure:13535: result: immediate
configure:19753: checking for inline
configure:19779: gcc -c -g -O2  conftest.c >&5
configure:19785: $? = 0
configure:19803: result: inline
configure:19822: checking for size_t
configure:19852: gcc -c -g -O2  conftest.c >&5
configure:19858: $? = 0
configure:19873: result: yes
configure:19886: checking for long long int
configure:19919: gcc -o conftest -g -O2   conftest.c  >&5
configure:19925: $? = 0
configure:19942: result: yes
configure:19964: checking for long double
configure:20020: result: yes
configure:20031: checking for wchar_t
configure:20058: gcc -c -g -O2  conftest.c >&5
configure:20064: $? = 0
configure:20079: result: yes
configure:20090: checking for wint_t
configure:20117: gcc -c -g -O2  conftest.c >&5
configure:20123: $? = 0
configure:20138: result: yes
configure:20148: checking for ptrdiff_t
configure:20178: gcc -c -g -O2  conftest.c >&5
configure:20184: $? = 0
configure:20199: result: yes
configure:20213: checking for inttypes.h
configure:20240: gcc -c -g -O2  conftest.c >&5
configure:20246: $? = 0
configure:20261: result: yes
configure:20272: checking for stdint.h
configure:20299: gcc -c -g -O2  conftest.c >&5
configure:20305: $? = 0
configure:20320: result: yes
configure:20333: checking for intmax_t
configure:20369: gcc -c -g -O2  conftest.c >&5
configure:20375: $? = 0
configure:20390: result: yes
configure:20406: checking for stdint.h
configure:20412: result: yes
configure:20541: checking for SIZE_MAX
configure:21256: result: yes
configure:21274: checking for stdint.h
configure:21280: result: yes
configure:21414: checking for working alloca.h
configure:21441: gcc -o conftest -g -O2   conftest.c  >&5
configure:21447: $? = 0
configure:21464: result: yes
configure:21474: checking for alloca
configure:21521: gcc -o conftest -g -O2   conftest.c  >&5
configure:21527: $? = 0
configure:21544: result: yes
configure:21799: checking for snprintf
configure:21855: gcc -o conftest -g -O2   conftest.c  >&5
conftest.c:56: warning: conflicting types for built-in function 'snprintf'
configure:21861: $? = 0
configure:21879: result: yes
configure:21799: checking for vasprintf
configure:21855: gcc -o conftest -g -O2   conftest.c  >&5
configure:21861: $? = 0
configure:21879: result: yes
configure:21799: checking for wcslen
configure:21855: gcc -o conftest -g -O2   conftest.c  >&5
configure:21861: $? = 0
configure:21879: result: yes
configure:21889: checking whether _snprintf is declared
configure:21918: gcc -c -g -O2  conftest.c >&5
conftest.c: In function 'main':
conftest.c:73: error: '_snprintf' undeclared (first use in this function)
conftest.c:73: error: (Each undeclared identifier is reported only once
conftest.c:73: error: for each function it appears in.)
configure:21924: $? = 1
configure: failed program was:
| /* confdefs.h.  */
| #define PACKAGE_NAME ""
| #define PACKAGE_TARNAME ""
| #define PACKAGE_VERSION ""
| #define PACKAGE_STRING ""
| #define PACKAGE_BUGREPORT ""
| #define PACKAGE "libasprintf"
| #define VERSION "1.0"
| #define STDC_HEADERS 1
| #define HAVE_SYS_TYPES_H 1
| #define HAVE_SYS_STAT_H 1
| #define HAVE_STDLIB_H 1
| #define HAVE_STRING_H 1
| #define HAVE_MEMORY_H 1
| #define HAVE_STRINGS_H 1
| #define HAVE_INTTYPES_H 1
| #define HAVE_STDINT_H 1
| #define HAVE_UNISTD_H 1
| #define HAVE_DLFCN_H 1
| #define HAVE_LONG_LONG_INT 1
| #define HAVE_LONG_LONG 1
| #define HAVE_LONG_DOUBLE 1
| #define HAVE_WCHAR_T 1
| #define HAVE_WINT_T 1
| #define HAVE_INTTYPES_H_WITH_UINTMAX 1
| #define HAVE_STDINT_H_WITH_UINTMAX 1
| #define HAVE_INTMAX_T 1
| #define HAVE_STDINT_H 1
| #define HAVE_STDINT_H 1
| #define HAVE_ALLOCA_H 1
| #define HAVE_ALLOCA 1
| #define HAVE_SNPRINTF 1
| #define HAVE_VASPRINTF 1
| #define HAVE_WCSLEN 1
| /* end confdefs.h.  */
| #include <stdio.h>
| #ifdef HAVE_SYS_TYPES_H
| # include <sys/types.h>
| #endif
| #ifdef HAVE_SYS_STAT_H
| # include <sys/stat.h>
| #endif
| #ifdef STDC_HEADERS
| # include <stdlib.h>
| # include <stddef.h>
| #else
| # ifdef HAVE_STDLIB_H
| #  include <stdlib.h>
| # endif
| #endif
| #ifdef HAVE_STRING_H
| # if !defined STDC_HEADERS && defined HAVE_MEMORY_H
| #  include <memory.h>
| # endif
| # include <string.h>
| #endif
| #ifdef HAVE_STRINGS_H
| # include <strings.h>
| #endif
| #ifdef HAVE_INTTYPES_H
| # include <inttypes.h>
| #endif
| #ifdef HAVE_STDINT_H
| # include <stdint.h>
| #endif
| #ifdef HAVE_UNISTD_H
| # include <unistd.h>
| #endif
| int
| main ()
| {
| #ifndef _snprintf
|   (void) _snprintf;
| #endif
| 
|   ;
|   return 0;
| }
configure:21939: result: no
configure:21959: checking whether printf() supports POSIX/XSI format strings
configure:22014: gcc -o conftest -g -O2   conftest.c  >&5
configure:22017: $? = 0
configure:22023: ./conftest
configure:22026: $? = 0
configure:22043: result: yes
configure:22059: checking for dvips
configure:22090: result: /Users/bryansmith/xbmc/tools/darwin/depends/gettext/build-aux/missing dvips
configure:22100: checking for texi2pdf
configure:22118: found /opt/local/bin/texi2pdf
configure:22131: result: /opt/local/bin/texi2pdf
configure:22141: checking for perl
configure:22159: found /opt/local/bin/perl
configure:22172: result: /opt/local/bin/perl
configure:22305: creating ./config.status

## ---------------------- ##
## Running config.status. ##
## ---------------------- ##

This file was extended by config.status, which was
generated by GNU Autoconf 2.61.  Invocation command line was

  CONFIG_FILES    = 
  CONFIG_HEADERS  = 
  CONFIG_LINKS    = 
  CONFIG_COMMANDS = 
  $ ./config.status 

on Bryans-Mac-Pro.local

config.status:670: creating Makefile
config.status:670: creating config.h
config.status:959: executing depfiles commands

## ---------------- ##
## Cache variables. ##
## ---------------- ##

ac_cv_build=i386-apple-darwin11.4.0
ac_cv_c_compiler_gnu=yes
ac_cv_c_inline=inline
ac_cv_cxx_compiler_gnu=yes
ac_cv_env_CCC_set=
ac_cv_env_CCC_value=
ac_cv_env_CC_set=
ac_cv_env_CC_value=
ac_cv_env_CFLAGS_set=
ac_cv_env_CFLAGS_value=
ac_cv_env_CPPFLAGS_set=
ac_cv_env_CPPFLAGS_value=
ac_cv_env_CPP_set=
ac_cv_env_CPP_value=
ac_cv_env_CXXCPP_set=
ac_cv_env_CXXCPP_value=
ac_cv_env_CXXFLAGS_set=
ac_cv_env_CXXFLAGS_value=
ac_cv_env_CXX_set=
ac_cv_env_CXX_value=
ac_cv_env_F77_set=
ac_cv_env_F77_value=
ac_cv_env_FFLAGS_set=
ac_cv_env_FFLAGS_value=
ac_cv_env_LDFLAGS_set=
ac_cv_env_LDFLAGS_value=
ac_cv_env_LIBS_set=
ac_cv_env_LIBS_value=
ac_cv_env_build_alias_set=
ac_cv_env_build_alias_value=
ac_cv_env_host_alias_set=
ac_cv_env_host_alias_value=
ac_cv_env_target_alias_set=
ac_cv_env_target_alias_value=
ac_cv_f77_compiler_gnu=no
ac_cv_func_alloca_works=yes
ac_cv_func_snprintf=yes
ac_cv_func_vasprintf=yes
ac_cv_func_wcslen=yes
ac_cv_have_decl__snprintf=no
ac_cv_header_dlfcn_h=yes
ac_cv_header_inttypes_h=yes
ac_cv_header_memory_h=yes
ac_cv_header_stdc=yes
ac_cv_header_stdint_h=yes
ac_cv_header_stdlib_h=yes
ac_cv_header_string_h=yes
ac_cv_header_strings_h=yes
ac_cv_header_sys_stat_h=yes
ac_cv_header_sys_types_h=yes
ac_cv_header_unistd_h=yes
ac_cv_host=i386-apple-darwin11.4.0
ac_cv_objext=o
ac_cv_path_DVIPS='/Users/bryansmith/xbmc/tools/darwin/depends/gettext/build-aux/missing dvips'
ac_cv_path_EGREP='/usr/bin/grep -E'
ac_cv_path_GREP=/usr/bin/grep
ac_cv_path_PERL=/opt/local/bin/perl
ac_cv_path_TEXI2PDF=/opt/local/bin/texi2pdf
ac_cv_path_install='/opt/local/bin/ginstall -c'
ac_cv_path_mkdir=/opt/local/bin/gmkdir
ac_cv_prog_AWK=gawk
ac_cv_prog_CPP='gcc -E'
ac_cv_prog_CXXCPP='g++ -E'
ac_cv_prog_ac_ct_AR=ar
ac_cv_prog_ac_ct_CC=gcc
ac_cv_prog_ac_ct_CXX=g++
ac_cv_prog_ac_ct_RANLIB=ranlib
ac_cv_prog_ac_ct_STRIP=strip
ac_cv_prog_cc_c89=
ac_cv_prog_cc_g=yes
ac_cv_prog_cxx_g=yes
ac_cv_prog_f77_g=no
ac_cv_prog_make_make_set=yes
ac_cv_type_long_long=yes
ac_cv_type_long_long_int=yes
ac_cv_type_ptrdiff_t=yes
ac_cv_type_size_t=yes
ac_cv_working_alloca_h=yes
am_cv_CC_dependencies_compiler_type=none
am_cv_CXX_dependencies_compiler_type=none
gl_cv_header_inttypes_h=yes
gl_cv_header_stdint_h=yes
gl_cv_size_max=yes
gt_cv_c_intmax_t=yes
gt_cv_c_long_double=yes
gt_cv_c_wchar_t=yes
gt_cv_c_wint_t=yes
gt_cv_func_printf_posix=yes
lt_cv_deplibs_check_method=pass_all
lt_cv_file_magic_cmd='$MAGIC_CMD'
lt_cv_file_magic_test_file=
lt_cv_ld_reload_flag=-r
lt_cv_objdir=.libs
lt_cv_path_LD=/usr/llvm-gcc-4.2/libexec/gcc/i686-apple-darwin11/4.2.1/ld
lt_cv_path_LDCXX=/usr/llvm-gcc-4.2/libexec/gcc/i686-apple-darwin11/4.2.1/ld
lt_cv_path_NM=/usr/bin/nm
lt_cv_path_SED=/usr/bin/sed
lt_cv_prog_compiler_c_o=yes
lt_cv_prog_compiler_c_o_CXX=yes
lt_cv_prog_compiler_rtti_exceptions=no
lt_cv_prog_gnu_ld=no
lt_cv_prog_gnu_ldcxx=no
lt_cv_sys_global_symbol_pipe='sed -n -e '\''s/^.*[ 	]\([BCDEGRST][BCDEGRST]*\)[ 	][ 	]*_\([_A-Za-z][_A-Za-z0-9]*\)$/\1 _\2 \2/p'\'''
lt_cv_sys_global_symbol_to_c_name_address='sed -n -e '\''s/^: \([^ ]*\) $/  {\"\1\", (lt_ptr) 0},/p'\'' -e '\''s/^[BCDEGRST] \([^ ]*\) \([^ ]*\)$/  {"\2", (lt_ptr) \&\2},/p'\'''
lt_cv_sys_global_symbol_to_cdecl='sed -n -e '\''s/^. .* \(.*\)$/extern int \1;/p'\'''
lt_cv_sys_max_cmd_len=196608
lt_lt_cv_prog_compiler_c_o='"yes"'
lt_lt_cv_prog_compiler_c_o_CXX='"yes"'
lt_lt_cv_sys_global_symbol_pipe='"sed -n -e '\''s/^.*[ 	]\\([BCDEGRST][BCDEGRST]*\\)[ 	][ 	]*_\\([_A-Za-z][_A-Za-z0-9]*\\)\$/\\1 _\\2 \\2/p'\''"'
lt_lt_cv_sys_global_symbol_to_c_name_address='"sed -n -e '\''s/^: \\([^ ]*\\) \$/  {\\\"\\1\\\", (lt_ptr) 0},/p'\'' -e '\''s/^[BCDEGRST] \\([^ ]*\\) \\([^ ]*\\)\$/  {\"\\2\", (lt_ptr) \\&\\2},/p'\''"'
lt_lt_cv_sys_global_symbol_to_cdecl='"sed -n -e '\''s/^. .* \\(.*\\)\$/extern int \\1;/p'\''"'

## ----------------- ##
## Output variables. ##
## ----------------- ##

ACLOCAL='${SHELL} /Users/bryansmith/xbmc/tools/darwin/depends/gettext/build-aux/missing --run aclocal-1.10'
ALLOCA=''
ALLOCA_H='alloca.h'
AMDEPBACKSLASH='\'
AMDEP_FALSE='#'
AMDEP_TRUE=''
AMTAR='${SHELL} /Users/bryansmith/xbmc/tools/darwin/depends/gettext/build-aux/missing --run tar'
AR='ar'
AS='as'
AUTOCONF='${SHELL} /Users/bryansmith/xbmc/tools/darwin/depends/gettext/build-aux/missing --run autoconf'
AUTOHEADER='${SHELL} /Users/bryansmith/xbmc/tools/darwin/depends/gettext/build-aux/missing --run autoheader'
AUTOMAKE='${SHELL} /Users/bryansmith/xbmc/tools/darwin/depends/gettext/build-aux/missing --run automake-1.10'
AWK='gawk'
CC='gcc'
CCDEPMODE='depmode=none'
CFLAGS='-g -O2'
CPP='gcc -E'
CPPFLAGS=''
CXX='g++'
CXXCPP='g++ -E'
CXXDEPMODE='depmode=none'
CXXFLAGS='-g -O2'
CYGPATH_W='echo'
DEFS='-DHAVE_CONFIG_H'
DEPDIR='.deps'
DLLTOOL='dlltool'
DVIPS='/Users/bryansmith/xbmc/tools/darwin/depends/gettext/build-aux/missing dvips'
ECHO='/bin/echo'
ECHO_C='ECHO_N=''
ECHO_T=''
EGREP='/usr/bin/grep -E'
EXEEXT=''
F77=''
FFLAGS=''
GREP='/usr/bin/grep'
INSTALL_DATA='${INSTALL} -m 644'
INSTALL_PROGRAM='${INSTALL}'
INSTALL_SCRIPT='${INSTALL}'
INSTALL_STRIP_PROGRAM='$(install_sh) -c -s'
LDFLAGS=''
LIBOBJS=''
LIBS=''
LIBTOOL='$(SHELL) $(top_builddir)/libtool'
LN_S='ln -s'
LTLIBOBJS=''
LTNOUNDEF=''
MAKEINFO='${SHELL} /Users/bryansmith/xbmc/tools/darwin/depends/gettext/build-aux/missing --run makeinfo'
OBJDUMP='objdump'
OBJEXT='o'
PACKAGE='libasprintf'
PACKAGE_BUGREPORT=''
PACKAGE_NAME=''
PACKAGE_STRING=''
PACKAGE_TARNAME=''
PACKAGE_VERSION=''
PATH_SEPARATOR=':'
PERL='/opt/local/bin/perl'
RANLIB='ranlib'
SET_MAKE=''
SHELL='/bin/sh'
STRIP='strip'
TEXI2PDF='/opt/local/bin/texi2pdf'
VERSION='1.0'
ac_ct_CC='gcc'
ac_ct_CXX='g++'
ac_ct_F77=''
am__fastdepCC_FALSE=''
am__fastdepCC_TRUE='#'
am__fastdepCXX_FALSE=''
am__fastdepCXX_TRUE='#'
am__include='include'
am__isrc=''
am__leading_dot='.'
am__quote=''
am__tar='${AMTAR} chof - "$$tardir"'
am__untar='${AMTAR} xf -'
bindir='${exec_prefix}/bin'
build='i386-apple-darwin11.4.0'
build_alias=''
build_cpu='i386'
build_os='darwin11.4.0'
build_vendor='apple'
datadir='${datarootdir}'
datarootdir='${prefix}/share'
docdir='${datarootdir}/doc/${PACKAGE}'
dvidir='${docdir}'
exec_prefix='${prefix}'
host='i386-apple-darwin11.4.0'
host_alias=''
host_cpu='i386'
host_os='darwin11.4.0'
host_vendor='apple'
htmldir='${docdir}'
includedir='${prefix}/include'
infodir='${datarootdir}/info'
install_sh='$(SHELL) /Users/bryansmith/xbmc/tools/darwin/depends/gettext/build-aux/install-sh'
libdir='${exec_prefix}/lib'
libexecdir='${exec_prefix}/libexec'
localedir='${datarootdir}/locale'
localstatedir='${prefix}/var'
mandir='${datarootdir}/man'
mkdir_p='/opt/local/bin/gmkdir -p'
oldincludedir='/usr/include'
pdfdir='${docdir}'
prefix='/usr/local'
program_transform_name='s,x,x,'
psdir='${docdir}'
sbindir='${exec_prefix}/sbin'
sharedstatedir='${prefix}/com'
sysconfdir='${prefix}/etc'
target_alias=''

## ----------- ##
## confdefs.h. ##
## ----------- ##

#define PACKAGE_NAME ""
#define PACKAGE_TARNAME ""
#define PACKAGE_VERSION ""
#define PACKAGE_STRING ""
#define PACKAGE_BUGREPORT ""
#define PACKAGE "libasprintf"
#define VERSION "1.0"
#define STDC_HEADERS 1
#define HAVE_SYS_TYPES_H 1
#define HAVE_SYS_STAT_H 1
#define HAVE_STDLIB_H 1
#define HAVE_STRING_H 1
#define HAVE_MEMORY_H 1
#define HAVE_STRINGS_H 1
#define HAVE_INTTYPES_H 1
#define HAVE_STDINT_H 1
#define HAVE_UNISTD_H 1
#define HAVE_DLFCN_H 1
#define HAVE_LONG_LONG_INT 1
#define HAVE_LONG_LONG 1
#define HAVE_LONG_DOUBLE 1
#define HAVE_WCHAR_T 1
#define HAVE_WINT_T 1
#define HAVE_INTTYPES_H_WITH_UINTMAX 1
#define HAVE_STDINT_H_WITH_UINTMAX 1
#define HAVE_INTMAX_T 1
#define HAVE_STDINT_H 1
#define HAVE_STDINT_H 1
#define HAVE_ALLOCA_H 1
#define HAVE_ALLOCA 1
#define HAVE_SNPRINTF 1
#define HAVE_VASPRINTF 1
#define HAVE_WCSLEN 1
#define HAVE_DECL__SNPRINTF 0
#define HAVE_POSIX_PRINTF 1

configure: exit 0
