This file contains any messages produced by compilers while
running configure, to aid debugging if configure makes a mistake.

It was created by LZO configure 2.06, which was
generated by GNU Autoconf 2.67.  Invocation command line was

  $ ./configure 

## --------- ##
## Platform. ##
## --------- ##

hostname = Bryans-Mac-Pro.local
uname -m = x86_64
uname -r = 11.4.0
uname -s = Darwin
uname -v = Darwin Kernel Version 11.4.0: Mon Apr  9 19:32:15 PDT 2012; root:xnu-1699.26.8~1/RELEASE_X86_64

/usr/bin/uname -p = i386
/bin/uname -X     = unknown

/bin/arch              = unknown
/usr/bin/arch -k       = unknown
/usr/convex/getsysinfo = unknown
/usr/bin/hostinfo      = Mach kernel version:
	 Darwin Kernel Version 11.4.0: Mon Apr  9 19:32:15 PDT 2012; root:xnu-1699.26.8~1/RELEASE_X86_64
Kernel configured for up to 4 processors.
4 processors are physically available.
4 processors are logically available.
Processor type: i486 (Intel 80486)
Processors active: 0 1 2 3
Primary memory available: 8.00 gigabytes
Default processor set: 124 tasks, 614 threads, 4 processors
Load average: 0.29, Mach factor: 3.70
/bin/machine           = unknown
/usr/bin/oslevel       = unknown
/bin/universe          = unknown

PATH: /opt/local/bin
PATH: /usr/bin
PATH: /bin
PATH: /usr/sbin
PATH: /sbin
PATH: /usr/local/bin
PATH: /usr/X11/bin
PATH: /usr/local/git/bin


## ----------- ##
## Core tests. ##
## ----------- ##

configure:2440: Configuring LZO 2.06
configure:2583: checking build system type
configure:2597: result: x86_64-apple-darwin11.4.0
configure:2617: checking host system type
configure:2630: result: x86_64-apple-darwin11.4.0
configure:2650: checking target system type
configure:2663: result: x86_64-apple-darwin11.4.0
configure:2690: checking whether to enable maintainer-specific portions of Makefiles
configure:2699: result: no
configure:2804: checking for gcc
configure:2820: found /usr/bin/gcc
configure:2831: result: gcc
configure:3060: checking for C compiler version
configure:3069: gcc --version >&5
i686-apple-darwin11-llvm-gcc-4.2 (GCC) 4.2.1 (Based on Apple Inc. build 5658) (LLVM build 2336.9.00)
Copyright (C) 2007 Free Software Foundation, Inc.
This is free software; see the source for copying conditions.  There is NO
warranty; not even for MERCHANTABILITY or FITNESS FOR A PARTICULAR PURPOSE.

configure:3080: $? = 0
configure:3069: gcc -v >&5
Using built-in specs.
Target: i686-apple-darwin11
Configured with: /private/var/tmp/llvmgcc42/llvmgcc42-2336.9~22/src/configure --disable-checking --enable-werror --prefix=/Applications/Xcode.app/Contents/Developer/usr/llvm-gcc-4.2 --mandir=/share/man --enable-languages=c,objc,c++,obj-c++ --program-prefix=llvm- --program-transform-name=/^[cg][^.-]*$/s/$/-4.2/ --with-slibdir=/usr/lib --build=i686-apple-darwin11 --enable-llvm=/private/var/tmp/llvmgcc42/llvmgcc42-2336.9~22/dst-llvmCore/Developer/usr/local --program-prefix=i686-apple-darwin11- --host=x86_64-apple-darwin11 --target=i686-apple-darwin11 --with-gxx-include-dir=/usr/include/c++/4.2.1
Thread model: posix
gcc version 4.2.1 (Based on Apple Inc. build 5658) (LLVM build 2336.9.00)
configure:3080: $? = 0
configure:3069: gcc -V >&5
llvm-gcc-4.2: argument to `-V' is missing
configure:3080: $? = 1
configure:3069: gcc -qversion >&5
i686-apple-darwin11-llvm-gcc-4.2: no input files
configure:3080: $? = 1
configure:3100: checking whether the C compiler works
configure:3122: gcc    conftest.c  >&5
configure:3126: $? = 0
configure:3174: result: yes
configure:3177: checking for C compiler default output file name
configure:3179: result: a.out
configure:3185: checking for suffix of executables
configure:3192: gcc -o conftest    conftest.c  >&5
configure:3196: $? = 0
configure:3218: result: 
configure:3240: checking whether we are cross compiling
configure:3248: gcc -o conftest    conftest.c  >&5
configure:3252: $? = 0
configure:3259: ./conftest
configure:3263: $? = 0
configure:3278: result: no
configure:3283: checking for suffix of object files
configure:3305: gcc -c   conftest.c >&5
configure:3309: $? = 0
configure:3330: result: o
configure:3334: checking whether we are using the GNU C compiler
configure:3353: gcc -c   conftest.c >&5
configure:3353: $? = 0
configure:3362: result: yes
configure:3371: checking whether gcc accepts -g
configure:3391: gcc -c -g  conftest.c >&5
configure:3391: $? = 0
configure:3432: result: yes
configure:3449: checking for gcc option to accept ISO C89
configure:3513: gcc  -c -g -O2  conftest.c >&5
configure:3513: $? = 0
configure:3526: result: none needed
configure:3547: checking whether gcc and cc understand -c and -o together
configure:3578: gcc -c conftest.c -o conftest2.o >&5
configure:3582: $? = 0
configure:3588: gcc -c conftest.c -o conftest2.o >&5
configure:3592: $? = 0
configure:3603: cc -c conftest.c >&5
configure:3607: $? = 0
configure:3615: cc -c conftest.c -o conftest2.o >&5
configure:3619: $? = 0
configure:3625: cc -c conftest.c -o conftest2.o >&5
configure:3629: $? = 0
configure:3647: result: yes
configure:3696: checking for style of include used by make
configure:3724: result: GNU
configure:3755: checking dependency style of gcc
configure:3863: result: gcc3
configure:3883: checking how to run the C preprocessor
configure:3914: gcc -E  conftest.c
configure:3914: $? = 0
configure:3928: gcc -E  conftest.c
conftest.c:9:28: error: ac_nonexistent.h: No such file or directory
configure:3928: $? = 1
configure: failed program was:
| /* confdefs.h */
| #define PACKAGE_NAME "LZO"
| #define PACKAGE_TARNAME "lzo"
| #define PACKAGE_VERSION "2.06"
| #define PACKAGE_STRING "LZO 2.06"
| #define PACKAGE_BUGREPORT "markus@oberhumer.com"
| #define PACKAGE_URL "http://www.oberhumer.com/opensource/lzo/"
| /* end confdefs.h.  */
| #include <ac_nonexistent.h>
configure:3953: result: gcc -E
configure:3973: gcc -E  conftest.c
configure:3973: $? = 0
configure:3987: gcc -E  conftest.c
conftest.c:9:28: error: ac_nonexistent.h: No such file or directory
configure:3987: $? = 1
configure: failed program was:
| /* confdefs.h */
| #define PACKAGE_NAME "LZO"
| #define PACKAGE_TARNAME "lzo"
| #define PACKAGE_VERSION "2.06"
| #define PACKAGE_STRING "LZO 2.06"
| #define PACKAGE_BUGREPORT "markus@oberhumer.com"
| #define PACKAGE_URL "http://www.oberhumer.com/opensource/lzo/"
| /* end confdefs.h.  */
| #include <ac_nonexistent.h>
configure:4016: checking whether the C preprocessor needs special flags
configure:4045: gcc -c -g -O2   conftest.c >&5
configure:4045: $? = 0
configure:4055: result: none needed
configure:4070: checking for an ANSI C-conforming const
configure:4135: gcc -c -g -O2  conftest.c >&5
configure:4135: $? = 0
configure:4142: result: yes
configure:4151: checking for grep that handles long lines and -e
configure:4209: result: /usr/bin/grep
configure:4214: checking for egrep
configure:4276: result: /usr/bin/grep -E
configure:4281: checking for ANSI C header files
configure:4301: gcc -c -g -O2  conftest.c >&5
configure:4301: $? = 0
configure:4374: gcc -o conftest -g -O2   conftest.c  >&5
configure:4374: $? = 0
configure:4374: ./conftest
configure:4374: $? = 0
configure:4385: result: yes
configure:4398: checking for sys/types.h
configure:4398: gcc -c -g -O2  conftest.c >&5
configure:4398: $? = 0
configure:4398: result: yes
configure:4398: checking for sys/stat.h
configure:4398: gcc -c -g -O2  conftest.c >&5
configure:4398: $? = 0
configure:4398: result: yes
configure:4398: checking for stdlib.h
configure:4398: gcc -c -g -O2  conftest.c >&5
configure:4398: $? = 0
configure:4398: result: yes
configure:4398: checking for string.h
configure:4398: gcc -c -g -O2  conftest.c >&5
configure:4398: $? = 0
configure:4398: result: yes
configure:4398: checking for memory.h
configure:4398: gcc -c -g -O2  conftest.c >&5
configure:4398: $? = 0
configure:4398: result: yes
configure:4398: checking for strings.h
configure:4398: gcc -c -g -O2  conftest.c >&5
configure:4398: $? = 0
configure:4398: result: yes
configure:4398: checking for inttypes.h
configure:4398: gcc -c -g -O2  conftest.c >&5
configure:4398: $? = 0
configure:4398: result: yes
configure:4398: checking for stdint.h
configure:4398: gcc -c -g -O2  conftest.c >&5
configure:4398: $? = 0
configure:4398: result: yes
configure:4398: checking for unistd.h
configure:4398: gcc -c -g -O2  conftest.c >&5
configure:4398: $? = 0
configure:4398: result: yes
configure:4411: checking whether byte ordering is bigendian
configure:4426: gcc -c -g -O2  conftest.c >&5
configure:4426: $? = 0
configure:4471: gcc -c -g -O2  conftest.c >&5
configure:4471: $? = 0
configure:4489: gcc -c -g -O2  conftest.c >&5
conftest.c: In function 'main':
conftest.c:26: error: 'not' undeclared (first use in this function)
conftest.c:26: error: (Each undeclared identifier is reported only once
conftest.c:26: error: for each function it appears in.)
conftest.c:26: error: expected ';' before 'big'
configure:4489: $? = 1
configure: failed program was:
| /* confdefs.h */
| #define PACKAGE_NAME "LZO"
| #define PACKAGE_TARNAME "lzo"
| #define PACKAGE_VERSION "2.06"
| #define PACKAGE_STRING "LZO 2.06"
| #define PACKAGE_BUGREPORT "markus@oberhumer.com"
| #define PACKAGE_URL "http://www.oberhumer.com/opensource/lzo/"
| #define STDC_HEADERS 1
| #define HAVE_SYS_TYPES_H 1
| #define HAVE_SYS_STAT_H 1
| #define HAVE_STDLIB_H 1
| #define HAVE_STRING_H 1
| #define HAVE_MEMORY_H 1
| #define HAVE_STRINGS_H 1
| #define HAVE_INTTYPES_H 1
| #define HAVE_STDINT_H 1
| #define HAVE_UNISTD_H 1
| /* end confdefs.h.  */
| #include <sys/types.h>
| 		#include <sys/param.h>
| 
| int
| main ()
| {
| #if BYTE_ORDER != BIG_ENDIAN
| 		 not big endian
| 		#endif
| 
|   ;
|   return 0;
| }
configure:4617: result: no
configure:4646: checking for special C compiler options needed for large files
configure:4691: result: no
configure:4697: checking for _FILE_OFFSET_BITS value needed for large files
configure:4722: gcc -c -g -O2  conftest.c >&5
configure:4722: $? = 0
configure:4754: result: no
configure:4854: checking for a BSD-compatible install
configure:4922: result: /opt/local/bin/ginstall -c
configure:4933: checking whether build environment is sane
configure:4983: result: yes
configure:5121: checking for a thread-safe mkdir -p
configure:5160: result: /opt/local/bin/gmkdir -p
configure:5173: checking for gawk
configure:5189: found /opt/local/bin/gawk
configure:5200: result: gawk
configure:5211: checking whether make sets $(MAKE)
configure:5233: result: yes
configure:5305: checking dependency style of gcc
configure:5415: result: gcc3
configure:5554: checking how to print strings
configure:5581: result: printf
configure:5602: checking for a sed that does not truncate output
configure:5666: result: /usr/bin/sed
configure:5684: checking for fgrep
configure:5746: result: /usr/bin/grep -F
configure:5781: checking for ld used by gcc
configure:5848: result: /usr/llvm-gcc-4.2/libexec/gcc/i686-apple-darwin11/4.2.1/ld
configure:5855: checking if the linker (/usr/llvm-gcc-4.2/libexec/gcc/i686-apple-darwin11/4.2.1/ld) is GNU ld
configure:5870: result: no
configure:5882: checking for BSD- or MS-compatible name lister (nm)
configure:5931: result: /usr/bin/nm
configure:6061: checking the name lister (/usr/bin/nm) interface
configure:6068: gcc -c -g -O2  conftest.c >&5
configure:6071: /usr/bin/nm "conftest.o"
configure:6074: output
00000000000001b4 S _some_variable
configure:6081: result: BSD nm
configure:6084: checking whether ln -s works
configure:6088: result: yes
configure:6096: checking the maximum length of command line arguments
configure:6221: result: 196608
configure:6238: checking whether the shell understands some XSI constructs
configure:6248: result: yes
configure:6252: checking whether the shell understands "+="
configure:6258: result: yes
configure:6293: checking for /usr/llvm-gcc-4.2/libexec/gcc/i686-apple-darwin11/4.2.1/ld option to reload object files
configure:6300: result: -r
configure:6369: checking for objdump
configure:6399: result: no
configure:6428: checking how to recognize dependent libraries
configure:6630: result: pass_all
configure:6690: checking for ar
configure:6706: found /usr/bin/ar
configure:6717: result: ar
configure:6795: checking for strip
configure:6811: found /usr/bin/strip
configure:6822: result: strip
configure:6894: checking for ranlib
configure:6910: found /usr/bin/ranlib
configure:6921: result: ranlib
configure:7023: checking command to parse /usr/bin/nm output from gcc object
configure:7141: gcc -c -g -O2  conftest.c >&5
configure:7144: $? = 0
configure:7148: /usr/bin/nm conftest.o \| sed -n -e 's/^.*[ ]\([BCDEGRST][BCDEGRST]*\)[ ][ ]*\([_A-Za-z][_A-Za-z0-9]*\)$/\1 \2 \2/p' \> conftest.nm
configure:7151: $? = 0
cannot find nm_test_var in conftest.nm
configure:7141: gcc -c -g -O2  conftest.c >&5
configure:7144: $? = 0
configure:7148: /usr/bin/nm conftest.o \| sed -n -e 's/^.*[ ]\([BCDEGRST][BCDEGRST]*\)[ ][ ]*_\([_A-Za-z][_A-Za-z0-9]*\)$/\1 _\2 \2/p' \> conftest.nm
configure:7151: $? = 0
configure:7205: gcc -o conftest -g -O2   conftest.c conftstm.o >&5
configure:7208: $? = 0
configure:7246: result: ok
configure:7510: checking for dsymutil
configure:7526: found /usr/bin/dsymutil
configure:7537: result: dsymutil
configure:7602: checking for nmedit
configure:7618: found /usr/bin/nmedit
configure:7629: result: nmedit
configure:7694: checking for lipo
configure:7710: found /usr/bin/lipo
configure:7721: result: lipo
configure:7786: checking for otool
configure:7802: found /usr/bin/otool
configure:7813: result: otool
configure:7878: checking for otool64
configure:7908: result: no
configure:7953: checking for -single_module linker flag
gcc -g -O2  -o libconftest.dylib -dynamiclib -Wl,-single_module conftest.c
configure:7980: result: yes
configure:7982: checking for -exported_symbols_list linker flag
configure:8002: gcc -o conftest -g -O2   -Wl,-exported_symbols_list,conftest.sym conftest.c  >&5
configure:8002: $? = 0
configure:8012: result: yes
configure:8014: checking for -force_load linker flag
gcc -g -O2 -c -o conftest.o conftest.c
ar cru libconftest.a conftest.o
ranlib libconftest.a
gcc -g -O2  -o conftest conftest.c -Wl,-force_load,./libconftest.a
configure:8044: result: yes
configure:8083: checking for dlfcn.h
configure:8083: gcc -c -g -O2  conftest.c >&5
configure:8083: $? = 0
configure:8083: result: yes
configure:8210: checking for objdir
configure:8225: result: .libs
configure:8492: checking if gcc supports -fno-rtti -fno-exceptions
configure:8510: gcc -c -g -O2  -fno-rtti -fno-exceptions conftest.c >&5
cc1: warning: command line option "-fno-rtti" is valid for C++/ObjC++ but not for C
configure:8514: $? = 0
configure:8527: result: no
configure:8547: checking for gcc option to produce PIC
configure:8832: result: -fno-common -DPIC
configure:8844: checking if gcc PIC flag -fno-common -DPIC works
configure:8862: gcc -c -g -O2  -fno-common -DPIC -DPIC conftest.c >&5
configure:8866: $? = 0
configure:8879: result: yes
configure:8903: checking if gcc static flag -static works
configure:8931: result: no
configure:8946: checking if gcc supports -c -o file.o
configure:8967: gcc -c -g -O2  -o out/conftest2.o conftest.c >&5
configure:8971: $? = 0
configure:8993: result: yes
configure:9001: checking if gcc supports -c -o file.o
configure:9048: result: yes
configure:9081: checking whether the gcc linker (/usr/llvm-gcc-4.2/libexec/gcc/i686-apple-darwin11/4.2.1/ld) supports shared libraries
configure:10156: result: yes
configure:10401: checking dynamic linker characteristics
configure:11082: result: darwin11.4.0 dyld
configure:11189: checking how to hardcode library paths into programs
configure:11214: result: immediate
configure:11754: checking whether stripping libraries is possible
configure:11768: result: yes
configure:11794: checking if libtool supports shared libraries
configure:11796: result: yes
configure:11799: checking whether to build shared libraries
configure:11820: result: no
configure:11823: checking whether to build static libraries
configure:11827: result: yes
configure:11869: checking whether time.h and sys/time.h may both be included
configure:11889: gcc -c -g -O2  conftest.c >&5
configure:11889: $? = 0
configure:11896: result: yes
configure:11907: checking assert.h usability
configure:11907: gcc -c -g -O2  conftest.c >&5
configure:11907: $? = 0
configure:11907: result: yes
configure:11907: checking assert.h presence
configure:11907: gcc -E  conftest.c
configure:11907: $? = 0
configure:11907: result: yes
configure:11907: checking for assert.h
configure:11907: result: yes
configure:11907: checking ctype.h usability
configure:11907: gcc -c -g -O2  conftest.c >&5
configure:11907: $? = 0
configure:11907: result: yes
configure:11907: checking ctype.h presence
configure:11907: gcc -E  conftest.c
configure:11907: $? = 0
configure:11907: result: yes
configure:11907: checking for ctype.h
configure:11907: result: yes
configure:11907: checking dirent.h usability
configure:11907: gcc -c -g -O2  conftest.c >&5
configure:11907: $? = 0
configure:11907: result: yes
configure:11907: checking dirent.h presence
configure:11907: gcc -E  conftest.c
configure:11907: $? = 0
configure:11907: result: yes
configure:11907: checking for dirent.h
configure:11907: result: yes
configure:11907: checking errno.h usability
configure:11907: gcc -c -g -O2  conftest.c >&5
configure:11907: $? = 0
configure:11907: result: yes
configure:11907: checking errno.h presence
configure:11907: gcc -E  conftest.c
configure:11907: $? = 0
configure:11907: result: yes
configure:11907: checking for errno.h
configure:11907: result: yes
configure:11907: checking fcntl.h usability
configure:11907: gcc -c -g -O2  conftest.c >&5
configure:11907: $? = 0
configure:11907: result: yes
configure:11907: checking fcntl.h presence
configure:11907: gcc -E  conftest.c
configure:11907: $? = 0
configure:11907: result: yes
configure:11907: checking for fcntl.h
configure:11907: result: yes
configure:11907: checking float.h usability
configure:11907: gcc -c -g -O2  conftest.c >&5
configure:11907: $? = 0
configure:11907: result: yes
configure:11907: checking float.h presence
configure:11907: gcc -E  conftest.c
configure:11907: $? = 0
configure:11907: result: yes
configure:11907: checking for float.h
configure:11907: result: yes
configure:11907: checking limits.h usability
configure:11907: gcc -c -g -O2  conftest.c >&5
configure:11907: $? = 0
configure:11907: result: yes
configure:11907: checking limits.h presence
configure:11907: gcc -E  conftest.c
configure:11907: $? = 0
configure:11907: result: yes
configure:11907: checking for limits.h
configure:11907: result: yes
configure:11907: checking malloc.h usability
configure:11907: gcc -c -g -O2  conftest.c >&5
conftest.c:65:20: error: malloc.h: No such file or directory
configure:11907: $? = 1
configure: failed program was:
| /* confdefs.h */
| #define PACKAGE_NAME "LZO"
| #define PACKAGE_TARNAME "lzo"
| #define PACKAGE_VERSION "2.06"
| #define PACKAGE_STRING "LZO 2.06"
| #define PACKAGE_BUGREPORT "markus@oberhumer.com"
| #define PACKAGE_URL "http://www.oberhumer.com/opensource/lzo/"
| #define STDC_HEADERS 1
| #define HAVE_SYS_TYPES_H 1
| #define HAVE_SYS_STAT_H 1
| #define HAVE_STDLIB_H 1
| #define HAVE_STRING_H 1
| #define HAVE_MEMORY_H 1
| #define HAVE_STRINGS_H 1
| #define HAVE_INTTYPES_H 1
| #define HAVE_STDINT_H 1
| #define HAVE_UNISTD_H 1
| #define LZO_ABI_LITTLE_ENDIAN 1
| #define PACKAGE "lzo"
| #define VERSION "2.06"
| #define HAVE_DLFCN_H 1
| #define LT_OBJDIR ".libs/"
| #define TIME_WITH_SYS_TIME 1
| #define HAVE_ASSERT_H 1
| #define HAVE_CTYPE_H 1
| #define HAVE_DIRENT_H 1
| #define HAVE_ERRNO_H 1
| #define HAVE_FCNTL_H 1
| #define HAVE_FLOAT_H 1
| #define HAVE_LIMITS_H 1
| /* end confdefs.h.  */
| #include <stdio.h>
| #ifdef HAVE_SYS_TYPES_H
| # include <sys/types.h>
| #endif
| #ifdef HAVE_SYS_STAT_H
| # include <sys/stat.h>
| #endif
| #ifdef STDC_HEADERS
| # include <stdlib.h>
| # include <stddef.h>
| #else
| # ifdef HAVE_STDLIB_H
| #  include <stdlib.h>
| # endif
| #endif
| #ifdef HAVE_STRING_H
| # if !defined STDC_HEADERS && defined HAVE_MEMORY_H
| #  include <memory.h>
| # endif
| # include <string.h>
| #endif
| #ifdef HAVE_STRINGS_H
| # include <strings.h>
| #endif
| #ifdef HAVE_INTTYPES_H
| # include <inttypes.h>
| #endif
| #ifdef HAVE_STDINT_H
| # include <stdint.h>
| #endif
| #ifdef HAVE_UNISTD_H
| # include <unistd.h>
| #endif
| #include <malloc.h>
configure:11907: result: no
configure:11907: checking malloc.h presence
configure:11907: gcc -E  conftest.c
conftest.c:32:20: error: malloc.h: No such file or directory
configure:11907: $? = 1
configure: failed program was:
| /* confdefs.h */
| #define PACKAGE_NAME "LZO"
| #define PACKAGE_TARNAME "lzo"
| #define PACKAGE_VERSION "2.06"
| #define PACKAGE_STRING "LZO 2.06"
| #define PACKAGE_BUGREPORT "markus@oberhumer.com"
| #define PACKAGE_URL "http://www.oberhumer.com/opensource/lzo/"
| #define STDC_HEADERS 1
| #define HAVE_SYS_TYPES_H 1
| #define HAVE_SYS_STAT_H 1
| #define HAVE_STDLIB_H 1
| #define HAVE_STRING_H 1
| #define HAVE_MEMORY_H 1
| #define HAVE_STRINGS_H 1
| #define HAVE_INTTYPES_H 1
| #define HAVE_STDINT_H 1
| #define HAVE_UNISTD_H 1
| #define LZO_ABI_LITTLE_ENDIAN 1
| #define PACKAGE "lzo"
| #define VERSION "2.06"
| #define HAVE_DLFCN_H 1
| #define LT_OBJDIR ".libs/"
| #define TIME_WITH_SYS_TIME 1
| #define HAVE_ASSERT_H 1
| #define HAVE_CTYPE_H 1
| #define HAVE_DIRENT_H 1
| #define HAVE_ERRNO_H 1
| #define HAVE_FCNTL_H 1
| #define HAVE_FLOAT_H 1
| #define HAVE_LIMITS_H 1
| /* end confdefs.h.  */
| #include <malloc.h>
configure:11907: result: no
configure:11907: checking for malloc.h
configure:11907: result: no
configure:11907: checking for memory.h
configure:11907: result: yes
configure:11907: checking setjmp.h usability
configure:11907: gcc -c -g -O2  conftest.c >&5
configure:11907: $? = 0
configure:11907: result: yes
configure:11907: checking setjmp.h presence
configure:11907: gcc -E  conftest.c
configure:11907: $? = 0
configure:11907: result: yes
configure:11907: checking for setjmp.h
configure:11907: result: yes
configure:11907: checking signal.h usability
configure:11907: gcc -c -g -O2  conftest.c >&5
configure:11907: $? = 0
configure:11907: result: yes
configure:11907: checking signal.h presence
configure:11907: gcc -E  conftest.c
configure:11907: $? = 0
configure:11907: result: yes
configure:11907: checking for signal.h
configure:11907: result: yes
configure:11907: checking stdarg.h usability
configure:11907: gcc -c -g -O2  conftest.c >&5
configure:11907: $? = 0
configure:11907: result: yes
configure:11907: checking stdarg.h presence
configure:11907: gcc -E  conftest.c
configure:11907: $? = 0
configure:11907: result: yes
configure:11907: checking for stdarg.h
configure:11907: result: yes
configure:11907: checking stddef.h usability
configure:11907: gcc -c -g -O2  conftest.c >&5
configure:11907: $? = 0
configure:11907: result: yes
configure:11907: checking stddef.h presence
configure:11907: gcc -E  conftest.c
configure:11907: $? = 0
configure:11907: result: yes
configure:11907: checking for stddef.h
configure:11907: result: yes
configure:11907: checking for stdint.h
configure:11907: result: yes
configure:11907: checking stdio.h usability
configure:11907: gcc -c -g -O2  conftest.c >&5
configure:11907: $? = 0
configure:11907: result: yes
configure:11907: checking stdio.h presence
configure:11907: gcc -E  conftest.c
configure:11907: $? = 0
configure:11907: result: yes
configure:11907: checking for stdio.h
configure:11907: result: yes
configure:11907: checking for stdlib.h
configure:11907: result: yes
configure:11907: checking for string.h
configure:11907: result: yes
configure:11907: checking for strings.h
configure:11907: result: yes
configure:11907: checking time.h usability
configure:11907: gcc -c -g -O2  conftest.c >&5
configure:11907: $? = 0
configure:11907: result: yes
configure:11907: checking time.h presence
configure:11907: gcc -E  conftest.c
configure:11907: $? = 0
configure:11907: result: yes
configure:11907: checking for time.h
configure:11907: result: yes
configure:11907: checking for unistd.h
configure:11907: result: yes
configure:11907: checking utime.h usability
configure:11907: gcc -c -g -O2  conftest.c >&5
configure:11907: $? = 0
configure:11907: result: yes
configure:11907: checking utime.h presence
configure:11907: gcc -E  conftest.c
configure:11907: $? = 0
configure:11907: result: yes
configure:11907: checking for utime.h
configure:11907: result: yes
configure:11907: checking sys/mman.h usability
configure:11907: gcc -c -g -O2  conftest.c >&5
configure:11907: $? = 0
configure:11907: result: yes
configure:11907: checking sys/mman.h presence
configure:11907: gcc -E  conftest.c
configure:11907: $? = 0
configure:11907: result: yes
configure:11907: checking for sys/mman.h
configure:11907: result: yes
configure:11907: checking sys/resource.h usability
configure:11907: gcc -c -g -O2  conftest.c >&5
configure:11907: $? = 0
configure:11907: result: yes
configure:11907: checking sys/resource.h presence
configure:11907: gcc -E  conftest.c
configure:11907: $? = 0
configure:11907: result: yes
configure:11907: checking for sys/resource.h
configure:11907: result: yes
configure:11907: checking for sys/stat.h
configure:11907: result: yes
configure:11907: checking sys/time.h usability
configure:11907: gcc -c -g -O2  conftest.c >&5
configure:11907: $? = 0
configure:11907: result: yes
configure:11907: checking sys/time.h presence
configure:11907: gcc -E  conftest.c
configure:11907: $? = 0
configure:11907: result: yes
configure:11907: checking for sys/time.h
configure:11907: result: yes
configure:11907: checking for sys/types.h
configure:11907: result: yes
configure:11907: checking sys/wait.h usability
configure:11907: gcc -c -g -O2  conftest.c >&5
configure:11907: $? = 0
configure:11907: result: yes
configure:11907: checking sys/wait.h presence
configure:11907: gcc -E  conftest.c
configure:11907: $? = 0
configure:11907: result: yes
configure:11907: checking for sys/wait.h
configure:11907: result: yes
configure:11922: checking whether limits.h is sane
configure:12035: gcc -c -g -O2  conftest.c >&5
configure:12035: $? = 0
configure:12042: result: yes
configure:12054: checking for off_t
configure:12054: gcc -c -g -O2  conftest.c >&5
configure:12054: $? = 0
configure:12054: gcc -c -g -O2  conftest.c >&5
conftest.c: In function 'main':
conftest.c:87: error: expected expression before ')' token
configure:12054: $? = 1
configure: failed program was:
| /* confdefs.h */
| #define PACKAGE_NAME "LZO"
| #define PACKAGE_TARNAME "lzo"
| #define PACKAGE_VERSION "2.06"
| #define PACKAGE_STRING "LZO 2.06"
| #define PACKAGE_BUGREPORT "markus@oberhumer.com"
| #define PACKAGE_URL "http://www.oberhumer.com/opensource/lzo/"
| #define STDC_HEADERS 1
| #define HAVE_SYS_TYPES_H 1
| #define HAVE_SYS_STAT_H 1
| #define HAVE_STDLIB_H 1
| #define HAVE_STRING_H 1
| #define HAVE_MEMORY_H 1
| #define HAVE_STRINGS_H 1
| #define HAVE_INTTYPES_H 1
| #define HAVE_STDINT_H 1
| #define HAVE_UNISTD_H 1
| #define LZO_ABI_LITTLE_ENDIAN 1
| #define PACKAGE "lzo"
| #define VERSION "2.06"
| #define HAVE_DLFCN_H 1
| #define LT_OBJDIR ".libs/"
| #define TIME_WITH_SYS_TIME 1
| #define HAVE_ASSERT_H 1
| #define HAVE_CTYPE_H 1
| #define HAVE_DIRENT_H 1
| #define HAVE_ERRNO_H 1
| #define HAVE_FCNTL_H 1
| #define HAVE_FLOAT_H 1
| #define HAVE_LIMITS_H 1
| #define HAVE_MEMORY_H 1
| #define HAVE_SETJMP_H 1
| #define HAVE_SIGNAL_H 1
| #define HAVE_STDARG_H 1
| #define HAVE_STDDEF_H 1
| #define HAVE_STDINT_H 1
| #define HAVE_STDIO_H 1
| #define HAVE_STDLIB_H 1
| #define HAVE_STRING_H 1
| #define HAVE_STRINGS_H 1
| #define HAVE_TIME_H 1
| #define HAVE_UNISTD_H 1
| #define HAVE_UTIME_H 1
| #define HAVE_SYS_MMAN_H 1
| #define HAVE_SYS_RESOURCE_H 1
| #define HAVE_SYS_STAT_H 1
| #define HAVE_SYS_TIME_H 1
| #define HAVE_SYS_TYPES_H 1
| #define HAVE_SYS_WAIT_H 1
| /* end confdefs.h.  */
| #include <stdio.h>
| #ifdef HAVE_SYS_TYPES_H
| # include <sys/types.h>
| #endif
| #ifdef HAVE_SYS_STAT_H
| # include <sys/stat.h>
| #endif
| #ifdef STDC_HEADERS
| # include <stdlib.h>
| # include <stddef.h>
| #else
| # ifdef HAVE_STDLIB_H
| #  include <stdlib.h>
| # endif
| #endif
| #ifdef HAVE_STRING_H
| # if !defined STDC_HEADERS && defined HAVE_MEMORY_H
| #  include <memory.h>
| # endif
| # include <string.h>
| #endif
| #ifdef HAVE_STRINGS_H
| # include <strings.h>
| #endif
| #ifdef HAVE_INTTYPES_H
| # include <inttypes.h>
| #endif
| #ifdef HAVE_STDINT_H
| # include <stdint.h>
| #endif
| #ifdef HAVE_UNISTD_H
| # include <unistd.h>
| #endif
| int
| main ()
| {
| if (sizeof ((off_t)))
| 	    return 0;
|   ;
|   return 0;
| }
configure:12054: result: yes
configure:12065: checking for ptrdiff_t
configure:12065: gcc -c -g -O2  conftest.c >&5
configure:12065: $? = 0
configure:12065: gcc -c -g -O2  conftest.c >&5
conftest.c: In function 'main':
conftest.c:87: error: expected expression before ')' token
configure:12065: $? = 1
configure: failed program was:
| /* confdefs.h */
| #define PACKAGE_NAME "LZO"
| #define PACKAGE_TARNAME "lzo"
| #define PACKAGE_VERSION "2.06"
| #define PACKAGE_STRING "LZO 2.06"
| #define PACKAGE_BUGREPORT "markus@oberhumer.com"
| #define PACKAGE_URL "http://www.oberhumer.com/opensource/lzo/"
| #define STDC_HEADERS 1
| #define HAVE_SYS_TYPES_H 1
| #define HAVE_SYS_STAT_H 1
| #define HAVE_STDLIB_H 1
| #define HAVE_STRING_H 1
| #define HAVE_MEMORY_H 1
| #define HAVE_STRINGS_H 1
| #define HAVE_INTTYPES_H 1
| #define HAVE_STDINT_H 1
| #define HAVE_UNISTD_H 1
| #define LZO_ABI_LITTLE_ENDIAN 1
| #define PACKAGE "lzo"
| #define VERSION "2.06"
| #define HAVE_DLFCN_H 1
| #define LT_OBJDIR ".libs/"
| #define TIME_WITH_SYS_TIME 1
| #define HAVE_ASSERT_H 1
| #define HAVE_CTYPE_H 1
| #define HAVE_DIRENT_H 1
| #define HAVE_ERRNO_H 1
| #define HAVE_FCNTL_H 1
| #define HAVE_FLOAT_H 1
| #define HAVE_LIMITS_H 1
| #define HAVE_MEMORY_H 1
| #define HAVE_SETJMP_H 1
| #define HAVE_SIGNAL_H 1
| #define HAVE_STDARG_H 1
| #define HAVE_STDDEF_H 1
| #define HAVE_STDINT_H 1
| #define HAVE_STDIO_H 1
| #define HAVE_STDLIB_H 1
| #define HAVE_STRING_H 1
| #define HAVE_STRINGS_H 1
| #define HAVE_TIME_H 1
| #define HAVE_UNISTD_H 1
| #define HAVE_UTIME_H 1
| #define HAVE_SYS_MMAN_H 1
| #define HAVE_SYS_RESOURCE_H 1
| #define HAVE_SYS_STAT_H 1
| #define HAVE_SYS_TIME_H 1
| #define HAVE_SYS_TYPES_H 1
| #define HAVE_SYS_WAIT_H 1
| /* end confdefs.h.  */
| #include <stdio.h>
| #ifdef HAVE_SYS_TYPES_H
| # include <sys/types.h>
| #endif
| #ifdef HAVE_SYS_STAT_H
| # include <sys/stat.h>
| #endif
| #ifdef STDC_HEADERS
| # include <stdlib.h>
| # include <stddef.h>
| #else
| # ifdef HAVE_STDLIB_H
| #  include <stdlib.h>
| # endif
| #endif
| #ifdef HAVE_STRING_H
| # if !defined STDC_HEADERS && defined HAVE_MEMORY_H
| #  include <memory.h>
| # endif
| # include <string.h>
| #endif
| #ifdef HAVE_STRINGS_H
| # include <strings.h>
| #endif
| #ifdef HAVE_INTTYPES_H
| # include <inttypes.h>
| #endif
| #ifdef HAVE_STDINT_H
| # include <stdint.h>
| #endif
| #ifdef HAVE_UNISTD_H
| # include <unistd.h>
| #endif
| int
| main ()
| {
| if (sizeof ((ptrdiff_t)))
| 	    return 0;
|   ;
|   return 0;
| }
configure:12065: result: yes
configure:12076: checking for size_t
configure:12076: gcc -c -g -O2  conftest.c >&5
configure:12076: $? = 0
configure:12076: gcc -c -g -O2  conftest.c >&5
conftest.c: In function 'main':
conftest.c:87: error: expected expression before ')' token
configure:12076: $? = 1
configure: failed program was:
| /* confdefs.h */
| #define PACKAGE_NAME "LZO"
| #define PACKAGE_TARNAME "lzo"
| #define PACKAGE_VERSION "2.06"
| #define PACKAGE_STRING "LZO 2.06"
| #define PACKAGE_BUGREPORT "markus@oberhumer.com"
| #define PACKAGE_URL "http://www.oberhumer.com/opensource/lzo/"
| #define STDC_HEADERS 1
| #define HAVE_SYS_TYPES_H 1
| #define HAVE_SYS_STAT_H 1
| #define HAVE_STDLIB_H 1
| #define HAVE_STRING_H 1
| #define HAVE_MEMORY_H 1
| #define HAVE_STRINGS_H 1
| #define HAVE_INTTYPES_H 1
| #define HAVE_STDINT_H 1
| #define HAVE_UNISTD_H 1
| #define LZO_ABI_LITTLE_ENDIAN 1
| #define PACKAGE "lzo"
| #define VERSION "2.06"
| #define HAVE_DLFCN_H 1
| #define LT_OBJDIR ".libs/"
| #define TIME_WITH_SYS_TIME 1
| #define HAVE_ASSERT_H 1
| #define HAVE_CTYPE_H 1
| #define HAVE_DIRENT_H 1
| #define HAVE_ERRNO_H 1
| #define HAVE_FCNTL_H 1
| #define HAVE_FLOAT_H 1
| #define HAVE_LIMITS_H 1
| #define HAVE_MEMORY_H 1
| #define HAVE_SETJMP_H 1
| #define HAVE_SIGNAL_H 1
| #define HAVE_STDARG_H 1
| #define HAVE_STDDEF_H 1
| #define HAVE_STDINT_H 1
| #define HAVE_STDIO_H 1
| #define HAVE_STDLIB_H 1
| #define HAVE_STRING_H 1
| #define HAVE_STRINGS_H 1
| #define HAVE_TIME_H 1
| #define HAVE_UNISTD_H 1
| #define HAVE_UTIME_H 1
| #define HAVE_SYS_MMAN_H 1
| #define HAVE_SYS_RESOURCE_H 1
| #define HAVE_SYS_STAT_H 1
| #define HAVE_SYS_TIME_H 1
| #define HAVE_SYS_TYPES_H 1
| #define HAVE_SYS_WAIT_H 1
| /* end confdefs.h.  */
| #include <stdio.h>
| #ifdef HAVE_SYS_TYPES_H
| # include <sys/types.h>
| #endif
| #ifdef HAVE_SYS_STAT_H
| # include <sys/stat.h>
| #endif
| #ifdef STDC_HEADERS
| # include <stdlib.h>
| # include <stddef.h>
| #else
| # ifdef HAVE_STDLIB_H
| #  include <stdlib.h>
| # endif
| #endif
| #ifdef HAVE_STRING_H
| # if !defined STDC_HEADERS && defined HAVE_MEMORY_H
| #  include <memory.h>
| # endif
| # include <string.h>
| #endif
| #ifdef HAVE_STRINGS_H
| # include <strings.h>
| #endif
| #ifdef HAVE_INTTYPES_H
| # include <inttypes.h>
| #endif
| #ifdef HAVE_STDINT_H
| # include <stdint.h>
| #endif
| #ifdef HAVE_UNISTD_H
| # include <unistd.h>
| #endif
| int
| main ()
| {
| if (sizeof ((size_t)))
| 	    return 0;
|   ;
|   return 0;
| }
configure:12076: result: yes
configure:12087: checking return type of signal handlers
configure:12105: gcc -c -g -O2  conftest.c >&5
conftest.c: In function 'main':
conftest.c:57: error: void value not ignored as it ought to be
configure:12105: $? = 1
configure: failed program was:
| /* confdefs.h */
| #define PACKAGE_NAME "LZO"
| #define PACKAGE_TARNAME "lzo"
| #define PACKAGE_VERSION "2.06"
| #define PACKAGE_STRING "LZO 2.06"
| #define PACKAGE_BUGREPORT "markus@oberhumer.com"
| #define PACKAGE_URL "http://www.oberhumer.com/opensource/lzo/"
| #define STDC_HEADERS 1
| #define HAVE_SYS_TYPES_H 1
| #define HAVE_SYS_STAT_H 1
| #define HAVE_STDLIB_H 1
| #define HAVE_STRING_H 1
| #define HAVE_MEMORY_H 1
| #define HAVE_STRINGS_H 1
| #define HAVE_INTTYPES_H 1
| #define HAVE_STDINT_H 1
| #define HAVE_UNISTD_H 1
| #define LZO_ABI_LITTLE_ENDIAN 1
| #define PACKAGE "lzo"
| #define VERSION "2.06"
| #define HAVE_DLFCN_H 1
| #define LT_OBJDIR ".libs/"
| #define TIME_WITH_SYS_TIME 1
| #define HAVE_ASSERT_H 1
| #define HAVE_CTYPE_H 1
| #define HAVE_DIRENT_H 1
| #define HAVE_ERRNO_H 1
| #define HAVE_FCNTL_H 1
| #define HAVE_FLOAT_H 1
| #define HAVE_LIMITS_H 1
| #define HAVE_MEMORY_H 1
| #define HAVE_SETJMP_H 1
| #define HAVE_SIGNAL_H 1
| #define HAVE_STDARG_H 1
| #define HAVE_STDDEF_H 1
| #define HAVE_STDINT_H 1
| #define HAVE_STDIO_H 1
| #define HAVE_STDLIB_H 1
| #define HAVE_STRING_H 1
| #define HAVE_STRINGS_H 1
| #define HAVE_TIME_H 1
| #define HAVE_UNISTD_H 1
| #define HAVE_UTIME_H 1
| #define HAVE_SYS_MMAN_H 1
| #define HAVE_SYS_RESOURCE_H 1
| #define HAVE_SYS_STAT_H 1
| #define HAVE_SYS_TIME_H 1
| #define HAVE_SYS_TYPES_H 1
| #define HAVE_SYS_WAIT_H 1
| /* end confdefs.h.  */
| #include <sys/types.h>
| #include <signal.h>
| 
| int
| main ()
| {
| return *(signal (0, 0)) (0) == 1;
|   ;
|   return 0;
| }
configure:12112: result: void
configure:12126: checking size of short
configure:12131: gcc -o conftest -g -O2   conftest.c  >&5
configure:12131: $? = 0
configure:12131: ./conftest
configure:12131: $? = 0
configure:12145: result: 2
configure:12159: checking size of int
configure:12164: gcc -o conftest -g -O2   conftest.c  >&5
configure:12164: $? = 0
configure:12164: ./conftest
configure:12164: $? = 0
configure:12178: result: 4
configure:12192: checking size of long
configure:12197: gcc -o conftest -g -O2   conftest.c  >&5
configure:12197: $? = 0
configure:12197: ./conftest
configure:12197: $? = 0
configure:12211: result: 8
configure:12226: checking size of long long
configure:12231: gcc -o conftest -g -O2   conftest.c  >&5
configure:12231: $? = 0
configure:12231: ./conftest
configure:12231: $? = 0
configure:12245: result: 8
configure:12259: checking size of __int16
configure:12264: gcc -o conftest -g -O2   conftest.c  >&5
conftest.c: In function 'longval':
conftest.c:89: error: '__int16' undeclared (first use in this function)
conftest.c:89: error: (Each undeclared identifier is reported only once
conftest.c:89: error: for each function it appears in.)
conftest.c: In function 'ulongval':
conftest.c:90: error: '__int16' undeclared (first use in this function)
conftest.c: In function 'main':
conftest.c:100: error: '__int16' undeclared (first use in this function)
configure:12264: $? = 1
configure: program exited with status 1
configure: failed program was:
| /* confdefs.h */
| #define PACKAGE_NAME "LZO"
| #define PACKAGE_TARNAME "lzo"
| #define PACKAGE_VERSION "2.06"
| #define PACKAGE_STRING "LZO 2.06"
| #define PACKAGE_BUGREPORT "markus@oberhumer.com"
| #define PACKAGE_URL "http://www.oberhumer.com/opensource/lzo/"
| #define STDC_HEADERS 1
| #define HAVE_SYS_TYPES_H 1
| #define HAVE_SYS_STAT_H 1
| #define HAVE_STDLIB_H 1
| #define HAVE_STRING_H 1
| #define HAVE_MEMORY_H 1
| #define HAVE_STRINGS_H 1
| #define HAVE_INTTYPES_H 1
| #define HAVE_STDINT_H 1
| #define HAVE_UNISTD_H 1
| #define LZO_ABI_LITTLE_ENDIAN 1
| #define PACKAGE "lzo"
| #define VERSION "2.06"
| #define HAVE_DLFCN_H 1
| #define LT_OBJDIR ".libs/"
| #define TIME_WITH_SYS_TIME 1
| #define HAVE_ASSERT_H 1
| #define HAVE_CTYPE_H 1
| #define HAVE_DIRENT_H 1
| #define HAVE_ERRNO_H 1
| #define HAVE_FCNTL_H 1
| #define HAVE_FLOAT_H 1
| #define HAVE_LIMITS_H 1
| #define HAVE_MEMORY_H 1
| #define HAVE_SETJMP_H 1
| #define HAVE_SIGNAL_H 1
| #define HAVE_STDARG_H 1
| #define HAVE_STDDEF_H 1
| #define HAVE_STDINT_H 1
| #define HAVE_STDIO_H 1
| #define HAVE_STDLIB_H 1
| #define HAVE_STRING_H 1
| #define HAVE_STRINGS_H 1
| #define HAVE_TIME_H 1
| #define HAVE_UNISTD_H 1
| #define HAVE_UTIME_H 1
| #define HAVE_SYS_MMAN_H 1
| #define HAVE_SYS_RESOURCE_H 1
| #define HAVE_SYS_STAT_H 1
| #define HAVE_SYS_TIME_H 1
| #define HAVE_SYS_TYPES_H 1
| #define HAVE_SYS_WAIT_H 1
| #define RETSIGTYPE void
| #define SIZEOF_SHORT 2
| #define SIZEOF_INT 4
| #define SIZEOF_LONG 8
| #define SIZEOF_LONG_LONG 8
| /* end confdefs.h.  */
| #include <stdio.h>
| #ifdef HAVE_SYS_TYPES_H
| # include <sys/types.h>
| #endif
| #ifdef HAVE_SYS_STAT_H
| # include <sys/stat.h>
| #endif
| #ifdef STDC_HEADERS
| # include <stdlib.h>
| # include <stddef.h>
| #else
| # ifdef HAVE_STDLIB_H
| #  include <stdlib.h>
| # endif
| #endif
| #ifdef HAVE_STRING_H
| # if !defined STDC_HEADERS && defined HAVE_MEMORY_H
| #  include <memory.h>
| # endif
| # include <string.h>
| #endif
| #ifdef HAVE_STRINGS_H
| # include <strings.h>
| #endif
| #ifdef HAVE_INTTYPES_H
| # include <inttypes.h>
| #endif
| #ifdef HAVE_STDINT_H
| # include <stdint.h>
| #endif
| #ifdef HAVE_UNISTD_H
| # include <unistd.h>
| #endif
| static long int longval () { return (long int) (sizeof (__int16)); }
| static unsigned long int ulongval () { return (long int) (sizeof (__int16)); }
| #include <stdio.h>
| #include <stdlib.h>
| int
| main ()
| {
| 
|   FILE *f = fopen ("conftest.val", "w");
|   if (! f)
|     return 1;
|   if (((long int) (sizeof (__int16))) < 0)
|     {
|       long int i = longval ();
|       if (i != ((long int) (sizeof (__int16))))
| 	return 1;
|       fprintf (f, "%ld", i);
|     }
|   else
|     {
|       unsigned long int i = ulongval ();
|       if (i != ((long int) (sizeof (__int16))))
| 	return 1;
|       fprintf (f, "%lu", i);
|     }
|   /* Do not output a trailing newline, as this causes \r\n confusion
|      on some platforms.  */
|   return ferror (f) || fclose (f) != 0;
| 
|   ;
|   return 0;
| }
configure:12278: result: 0
configure:12292: checking size of __int32
configure:12297: gcc -o conftest -g -O2   conftest.c  >&5
conftest.c: In function 'longval':
conftest.c:90: error: '__int32' undeclared (first use in this function)
conftest.c:90: error: (Each undeclared identifier is reported only once
conftest.c:90: error: for each function it appears in.)
conftest.c: In function 'ulongval':
conftest.c:91: error: '__int32' undeclared (first use in this function)
conftest.c: In function 'main':
conftest.c:101: error: '__int32' undeclared (first use in this function)
configure:12297: $? = 1
configure: program exited with status 1
configure: failed program was:
| /* confdefs.h */
| #define PACKAGE_NAME "LZO"
| #define PACKAGE_TARNAME "lzo"
| #define PACKAGE_VERSION "2.06"
| #define PACKAGE_STRING "LZO 2.06"
| #define PACKAGE_BUGREPORT "markus@oberhumer.com"
| #define PACKAGE_URL "http://www.oberhumer.com/opensource/lzo/"
| #define STDC_HEADERS 1
| #define HAVE_SYS_TYPES_H 1
| #define HAVE_SYS_STAT_H 1
| #define HAVE_STDLIB_H 1
| #define HAVE_STRING_H 1
| #define HAVE_MEMORY_H 1
| #define HAVE_STRINGS_H 1
| #define HAVE_INTTYPES_H 1
| #define HAVE_STDINT_H 1
| #define HAVE_UNISTD_H 1
| #define LZO_ABI_LITTLE_ENDIAN 1
| #define PACKAGE "lzo"
| #define VERSION "2.06"
| #define HAVE_DLFCN_H 1
| #define LT_OBJDIR ".libs/"
| #define TIME_WITH_SYS_TIME 1
| #define HAVE_ASSERT_H 1
| #define HAVE_CTYPE_H 1
| #define HAVE_DIRENT_H 1
| #define HAVE_ERRNO_H 1
| #define HAVE_FCNTL_H 1
| #define HAVE_FLOAT_H 1
| #define HAVE_LIMITS_H 1
| #define HAVE_MEMORY_H 1
| #define HAVE_SETJMP_H 1
| #define HAVE_SIGNAL_H 1
| #define HAVE_STDARG_H 1
| #define HAVE_STDDEF_H 1
| #define HAVE_STDINT_H 1
| #define HAVE_STDIO_H 1
| #define HAVE_STDLIB_H 1
| #define HAVE_STRING_H 1
| #define HAVE_STRINGS_H 1
| #define HAVE_TIME_H 1
| #define HAVE_UNISTD_H 1
| #define HAVE_UTIME_H 1
| #define HAVE_SYS_MMAN_H 1
| #define HAVE_SYS_RESOURCE_H 1
| #define HAVE_SYS_STAT_H 1
| #define HAVE_SYS_TIME_H 1
| #define HAVE_SYS_TYPES_H 1
| #define HAVE_SYS_WAIT_H 1
| #define RETSIGTYPE void
| #define SIZEOF_SHORT 2
| #define SIZEOF_INT 4
| #define SIZEOF_LONG 8
| #define SIZEOF_LONG_LONG 8
| #define SIZEOF___INT16 0
| /* end confdefs.h.  */
| #include <stdio.h>
| #ifdef HAVE_SYS_TYPES_H
| # include <sys/types.h>
| #endif
| #ifdef HAVE_SYS_STAT_H
| # include <sys/stat.h>
| #endif
| #ifdef STDC_HEADERS
| # include <stdlib.h>
| # include <stddef.h>
| #else
| # ifdef HAVE_STDLIB_H
| #  include <stdlib.h>
| # endif
| #endif
| #ifdef HAVE_STRING_H
| # if !defined STDC_HEADERS && defined HAVE_MEMORY_H
| #  include <memory.h>
| # endif
| # include <string.h>
| #endif
| #ifdef HAVE_STRINGS_H
| # include <strings.h>
| #endif
| #ifdef HAVE_INTTYPES_H
| # include <inttypes.h>
| #endif
| #ifdef HAVE_STDINT_H
| # include <stdint.h>
| #endif
| #ifdef HAVE_UNISTD_H
| # include <unistd.h>
| #endif
| static long int longval () { return (long int) (sizeof (__int32)); }
| static unsigned long int ulongval () { return (long int) (sizeof (__int32)); }
| #include <stdio.h>
| #include <stdlib.h>
| int
| main ()
| {
| 
|   FILE *f = fopen ("conftest.val", "w");
|   if (! f)
|     return 1;
|   if (((long int) (sizeof (__int32))) < 0)
|     {
|       long int i = longval ();
|       if (i != ((long int) (sizeof (__int32))))
| 	return 1;
|       fprintf (f, "%ld", i);
|     }
|   else
|     {
|       unsigned long int i = ulongval ();
|       if (i != ((long int) (sizeof (__int32))))
| 	return 1;
|       fprintf (f, "%lu", i);
|     }
|   /* Do not output a trailing newline, as this causes \r\n confusion
|      on some platforms.  */
|   return ferror (f) || fclose (f) != 0;
| 
|   ;
|   return 0;
| }
configure:12311: result: 0
configure:12325: checking size of __int64
configure:12330: gcc -o conftest -g -O2   conftest.c  >&5
conftest.c: In function 'longval':
conftest.c:91: error: '__int64' undeclared (first use in this function)
conftest.c:91: error: (Each undeclared identifier is reported only once
conftest.c:91: error: for each function it appears in.)
conftest.c: In function 'ulongval':
conftest.c:92: error: '__int64' undeclared (first use in this function)
conftest.c: In function 'main':
conftest.c:102: error: '__int64' undeclared (first use in this function)
configure:12330: $? = 1
configure: program exited with status 1
configure: failed program was:
| /* confdefs.h */
| #define PACKAGE_NAME "LZO"
| #define PACKAGE_TARNAME "lzo"
| #define PACKAGE_VERSION "2.06"
| #define PACKAGE_STRING "LZO 2.06"
| #define PACKAGE_BUGREPORT "markus@oberhumer.com"
| #define PACKAGE_URL "http://www.oberhumer.com/opensource/lzo/"
| #define STDC_HEADERS 1
| #define HAVE_SYS_TYPES_H 1
| #define HAVE_SYS_STAT_H 1
| #define HAVE_STDLIB_H 1
| #define HAVE_STRING_H 1
| #define HAVE_MEMORY_H 1
| #define HAVE_STRINGS_H 1
| #define HAVE_INTTYPES_H 1
| #define HAVE_STDINT_H 1
| #define HAVE_UNISTD_H 1
| #define LZO_ABI_LITTLE_ENDIAN 1
| #define PACKAGE "lzo"
| #define VERSION "2.06"
| #define HAVE_DLFCN_H 1
| #define LT_OBJDIR ".libs/"
| #define TIME_WITH_SYS_TIME 1
| #define HAVE_ASSERT_H 1
| #define HAVE_CTYPE_H 1
| #define HAVE_DIRENT_H 1
| #define HAVE_ERRNO_H 1
| #define HAVE_FCNTL_H 1
| #define HAVE_FLOAT_H 1
| #define HAVE_LIMITS_H 1
| #define HAVE_MEMORY_H 1
| #define HAVE_SETJMP_H 1
| #define HAVE_SIGNAL_H 1
| #define HAVE_STDARG_H 1
| #define HAVE_STDDEF_H 1
| #define HAVE_STDINT_H 1
| #define HAVE_STDIO_H 1
| #define HAVE_STDLIB_H 1
| #define HAVE_STRING_H 1
| #define HAVE_STRINGS_H 1
| #define HAVE_TIME_H 1
| #define HAVE_UNISTD_H 1
| #define HAVE_UTIME_H 1
| #define HAVE_SYS_MMAN_H 1
| #define HAVE_SYS_RESOURCE_H 1
| #define HAVE_SYS_STAT_H 1
| #define HAVE_SYS_TIME_H 1
| #define HAVE_SYS_TYPES_H 1
| #define HAVE_SYS_WAIT_H 1
| #define RETSIGTYPE void
| #define SIZEOF_SHORT 2
| #define SIZEOF_INT 4
| #define SIZEOF_LONG 8
| #define SIZEOF_LONG_LONG 8
| #define SIZEOF___INT16 0
| #define SIZEOF___INT32 0
| /* end confdefs.h.  */
| #include <stdio.h>
| #ifdef HAVE_SYS_TYPES_H
| # include <sys/types.h>
| #endif
| #ifdef HAVE_SYS_STAT_H
| # include <sys/stat.h>
| #endif
| #ifdef STDC_HEADERS
| # include <stdlib.h>
| # include <stddef.h>
| #else
| # ifdef HAVE_STDLIB_H
| #  include <stdlib.h>
| # endif
| #endif
| #ifdef HAVE_STRING_H
| # if !defined STDC_HEADERS && defined HAVE_MEMORY_H
| #  include <memory.h>
| # endif
| # include <string.h>
| #endif
| #ifdef HAVE_STRINGS_H
| # include <strings.h>
| #endif
| #ifdef HAVE_INTTYPES_H
| # include <inttypes.h>
| #endif
| #ifdef HAVE_STDINT_H
| # include <stdint.h>
| #endif
| #ifdef HAVE_UNISTD_H
| # include <unistd.h>
| #endif
| static long int longval () { return (long int) (sizeof (__int64)); }
| static unsigned long int ulongval () { return (long int) (sizeof (__int64)); }
| #include <stdio.h>
| #include <stdlib.h>
| int
| main ()
| {
| 
|   FILE *f = fopen ("conftest.val", "w");
|   if (! f)
|     return 1;
|   if (((long int) (sizeof (__int64))) < 0)
|     {
|       long int i = longval ();
|       if (i != ((long int) (sizeof (__int64))))
| 	return 1;
|       fprintf (f, "%ld", i);
|     }
|   else
|     {
|       unsigned long int i = ulongval ();
|       if (i != ((long int) (sizeof (__int64))))
| 	return 1;
|       fprintf (f, "%lu", i);
|     }
|   /* Do not output a trailing newline, as this causes \r\n confusion
|      on some platforms.  */
|   return ferror (f) || fclose (f) != 0;
| 
|   ;
|   return 0;
| }
configure:12344: result: 0
configure:12359: checking size of void *
configure:12364: gcc -o conftest -g -O2   conftest.c  >&5
configure:12364: $? = 0
configure:12364: ./conftest
configure:12364: $? = 0
configure:12378: result: 8
configure:12392: checking size of size_t
configure:12397: gcc -o conftest -g -O2   conftest.c  >&5
configure:12397: $? = 0
configure:12397: ./conftest
configure:12397: $? = 0
configure:12411: result: 8
configure:12425: checking size of ptrdiff_t
configure:12430: gcc -o conftest -g -O2   conftest.c  >&5
configure:12430: $? = 0
configure:12430: ./conftest
configure:12430: $? = 0
configure:12444: result: 8
configure:12460: checking size of __int32
configure:12479: result: 0
configure:12493: checking size of intmax_t
configure:12498: gcc -o conftest -g -O2   conftest.c  >&5
configure:12498: $? = 0
configure:12498: ./conftest
configure:12498: $? = 0
configure:12512: result: 8
configure:12526: checking size of uintmax_t
configure:12531: gcc -o conftest -g -O2   conftest.c  >&5
configure:12531: $? = 0
configure:12531: ./conftest
configure:12531: $? = 0
configure:12545: result: 8
configure:12559: checking size of intptr_t
configure:12564: gcc -o conftest -g -O2   conftest.c  >&5
configure:12564: $? = 0
configure:12564: ./conftest
configure:12564: $? = 0
configure:12578: result: 8
configure:12592: checking size of uintptr_t
configure:12597: gcc -o conftest -g -O2   conftest.c  >&5
configure:12597: $? = 0
configure:12597: ./conftest
configure:12597: $? = 0
configure:12611: result: 8
configure:12626: checking size of float
configure:12631: gcc -o conftest -g -O2   conftest.c  >&5
configure:12631: $? = 0
configure:12631: ./conftest
configure:12631: $? = 0
configure:12645: result: 4
configure:12659: checking size of double
configure:12664: gcc -o conftest -g -O2   conftest.c  >&5
configure:12664: $? = 0
configure:12664: ./conftest
configure:12664: $? = 0
configure:12678: result: 8
configure:12692: checking size of long double
configure:12697: gcc -o conftest -g -O2   conftest.c  >&5
configure:12697: $? = 0
configure:12697: ./conftest
configure:12697: $? = 0
configure:12711: result: 16
configure:12726: checking size of dev_t
configure:12731: gcc -o conftest -g -O2   conftest.c  >&5
configure:12731: $? = 0
configure:12731: ./conftest
configure:12731: $? = 0
configure:12745: result: 4
configure:12759: checking size of fpos_t
configure:12764: gcc -o conftest -g -O2   conftest.c  >&5
configure:12764: $? = 0
configure:12764: ./conftest
configure:12764: $? = 0
configure:12778: result: 8
configure:12792: checking size of mode_t
configure:12797: gcc -o conftest -g -O2   conftest.c  >&5
configure:12797: $? = 0
configure:12797: ./conftest
configure:12797: $? = 0
configure:12811: result: 2
configure:12825: checking size of off_t
configure:12830: gcc -o conftest -g -O2   conftest.c  >&5
configure:12830: $? = 0
configure:12830: ./conftest
configure:12830: $? = 0
configure:12844: result: 8
configure:12858: checking size of ssize_t
configure:12863: gcc -o conftest -g -O2   conftest.c  >&5
configure:12863: $? = 0
configure:12863: ./conftest
configure:12863: $? = 0
configure:12877: result: 8
configure:12891: checking size of time_t
configure:12896: gcc -o conftest -g -O2   conftest.c  >&5
configure:12896: $? = 0
configure:12896: ./conftest
configure:12896: $? = 0
configure:12910: result: 8
configure:12931: checking for access
configure:12931: gcc -o conftest -g -O2   conftest.c  >&5
configure:12931: $? = 0
configure:12931: result: yes
configure:12931: checking for alloca
configure:12931: gcc -o conftest -g -O2   conftest.c  >&5
conftest.c:100: warning: conflicting types for built-in function 'alloca'
Undefined symbols for architecture x86_64:
  "_alloca", referenced from:
      _main in ccwT5awy.o
ld: symbol(s) not found for architecture x86_64
collect2: ld returned 1 exit status
configure:12931: $? = 1
configure: failed program was:
| /* confdefs.h */
| #define PACKAGE_NAME "LZO"
| #define PACKAGE_TARNAME "lzo"
| #define PACKAGE_VERSION "2.06"
| #define PACKAGE_STRING "LZO 2.06"
| #define PACKAGE_BUGREPORT "markus@oberhumer.com"
| #define PACKAGE_URL "http://www.oberhumer.com/opensource/lzo/"
| #define STDC_HEADERS 1
| #define HAVE_SYS_TYPES_H 1
| #define HAVE_SYS_STAT_H 1
| #define HAVE_STDLIB_H 1
| #define HAVE_STRING_H 1
| #define HAVE_MEMORY_H 1
| #define HAVE_STRINGS_H 1
| #define HAVE_INTTYPES_H 1
| #define HAVE_STDINT_H 1
| #define HAVE_UNISTD_H 1
| #define LZO_ABI_LITTLE_ENDIAN 1
| #define PACKAGE "lzo"
| #define VERSION "2.06"
| #define HAVE_DLFCN_H 1
| #define LT_OBJDIR ".libs/"
| #define TIME_WITH_SYS_TIME 1
| #define HAVE_ASSERT_H 1
| #define HAVE_CTYPE_H 1
| #define HAVE_DIRENT_H 1
| #define HAVE_ERRNO_H 1
| #define HAVE_FCNTL_H 1
| #define HAVE_FLOAT_H 1
| #define HAVE_LIMITS_H 1
| #define HAVE_MEMORY_H 1
| #define HAVE_SETJMP_H 1
| #define HAVE_SIGNAL_H 1
| #define HAVE_STDARG_H 1
| #define HAVE_STDDEF_H 1
| #define HAVE_STDINT_H 1
| #define HAVE_STDIO_H 1
| #define HAVE_STDLIB_H 1
| #define HAVE_STRING_H 1
| #define HAVE_STRINGS_H 1
| #define HAVE_TIME_H 1
| #define HAVE_UNISTD_H 1
| #define HAVE_UTIME_H 1
| #define HAVE_SYS_MMAN_H 1
| #define HAVE_SYS_RESOURCE_H 1
| #define HAVE_SYS_STAT_H 1
| #define HAVE_SYS_TIME_H 1
| #define HAVE_SYS_TYPES_H 1
| #define HAVE_SYS_WAIT_H 1
| #define RETSIGTYPE void
| #define SIZEOF_SHORT 2
| #define SIZEOF_INT 4
| #define SIZEOF_LONG 8
| #define SIZEOF_LONG_LONG 8
| #define SIZEOF___INT16 0
| #define SIZEOF___INT32 0
| #define SIZEOF___INT64 0
| #define SIZEOF_VOID_P 8
| #define SIZEOF_SIZE_T 8
| #define SIZEOF_PTRDIFF_T 8
| #define SIZEOF___INT32 0
| #define SIZEOF_INTMAX_T 8
| #define SIZEOF_UINTMAX_T 8
| #define SIZEOF_INTPTR_T 8
| #define SIZEOF_UINTPTR_T 8
| #define SIZEOF_FLOAT 4
| #define SIZEOF_DOUBLE 8
| #define SIZEOF_LONG_DOUBLE 16
| #define SIZEOF_DEV_T 4
| #define SIZEOF_FPOS_T 8
| #define SIZEOF_MODE_T 2
| #define SIZEOF_OFF_T 8
| #define SIZEOF_SSIZE_T 8
| #define SIZEOF_TIME_T 8
| #define HAVE_ACCESS 1
| /* end confdefs.h.  */
| /* Define alloca to an innocuous variant, in case <limits.h> declares alloca.
|    For example, HP-UX 11i <limits.h> declares gettimeofday.  */
| #define alloca innocuous_alloca
| 
| /* System header to define __stub macros and hopefully few prototypes,
|     which can conflict with char alloca (); below.
|     Prefer <limits.h> to <assert.h> if __STDC__ is defined, since
|     <limits.h> exists even on freestanding compilers.  */
| 
| #ifdef __STDC__
| # include <limits.h>
| #else
| # include <assert.h>
| #endif
| 
| #undef alloca
| 
| /* Override any GCC internal prototype to avoid an error.
|    Use char because int might match the return type of a GCC
|    builtin and then its argument prototype would still apply.  */
| #ifdef __cplusplus
| extern "C"
| #endif
| char alloca ();
| /* The GNU C library defines this for functions which it implements
|     to always fail with ENOSYS.  Some functions are actually named
|     something starting with __ and the normal name is an alias.  */
| #if defined __stub_alloca || defined __stub___alloca
| choke me
| #endif
| 
| int
| main ()
| {
| return alloca ();
|   ;
|   return 0;
| }
configure:12931: result: no
configure:12931: checking for atexit
configure:12931: gcc -o conftest -g -O2   conftest.c  >&5
configure:12931: $? = 0
configure:12931: result: yes
configure:12931: checking for atoi
configure:12931: gcc -o conftest -g -O2   conftest.c  >&5
configure:12931: $? = 0
configure:12931: result: yes
configure:12931: checking for atol
configure:12931: gcc -o conftest -g -O2   conftest.c  >&5
configure:12931: $? = 0
configure:12931: result: yes
configure:12931: checking for chmod
configure:12931: gcc -o conftest -g -O2   conftest.c  >&5
configure:12931: $? = 0
configure:12931: result: yes
configure:12931: checking for chown
configure:12931: gcc -o conftest -g -O2   conftest.c  >&5
configure:12931: $? = 0
configure:12931: result: yes
configure:12931: checking for clock_getcpuclockid
configure:12931: gcc -o conftest -g -O2   conftest.c  >&5
Undefined symbols for architecture x86_64:
  "_clock_getcpuclockid", referenced from:
      _main in ccOF5mOP.o
ld: symbol(s) not found for architecture x86_64
collect2: ld returned 1 exit status
configure:12931: $? = 1
configure: failed program was:
| /* confdefs.h */
| #define PACKAGE_NAME "LZO"
| #define PACKAGE_TARNAME "lzo"
| #define PACKAGE_VERSION "2.06"
| #define PACKAGE_STRING "LZO 2.06"
| #define PACKAGE_BUGREPORT "markus@oberhumer.com"
| #define PACKAGE_URL "http://www.oberhumer.com/opensource/lzo/"
| #define STDC_HEADERS 1
| #define HAVE_SYS_TYPES_H 1
| #define HAVE_SYS_STAT_H 1
| #define HAVE_STDLIB_H 1
| #define HAVE_STRING_H 1
| #define HAVE_MEMORY_H 1
| #define HAVE_STRINGS_H 1
| #define HAVE_INTTYPES_H 1
| #define HAVE_STDINT_H 1
| #define HAVE_UNISTD_H 1
| #define LZO_ABI_LITTLE_ENDIAN 1
| #define PACKAGE "lzo"
| #define VERSION "2.06"
| #define HAVE_DLFCN_H 1
| #define LT_OBJDIR ".libs/"
| #define TIME_WITH_SYS_TIME 1
| #define HAVE_ASSERT_H 1
| #define HAVE_CTYPE_H 1
| #define HAVE_DIRENT_H 1
| #define HAVE_ERRNO_H 1
| #define HAVE_FCNTL_H 1
| #define HAVE_FLOAT_H 1
| #define HAVE_LIMITS_H 1
| #define HAVE_MEMORY_H 1
| #define HAVE_SETJMP_H 1
| #define HAVE_SIGNAL_H 1
| #define HAVE_STDARG_H 1
| #define HAVE_STDDEF_H 1
| #define HAVE_STDINT_H 1
| #define HAVE_STDIO_H 1
| #define HAVE_STDLIB_H 1
| #define HAVE_STRING_H 1
| #define HAVE_STRINGS_H 1
| #define HAVE_TIME_H 1
| #define HAVE_UNISTD_H 1
| #define HAVE_UTIME_H 1
| #define HAVE_SYS_MMAN_H 1
| #define HAVE_SYS_RESOURCE_H 1
| #define HAVE_SYS_STAT_H 1
| #define HAVE_SYS_TIME_H 1
| #define HAVE_SYS_TYPES_H 1
| #define HAVE_SYS_WAIT_H 1
| #define RETSIGTYPE void
| #define SIZEOF_SHORT 2
| #define SIZEOF_INT 4
| #define SIZEOF_LONG 8
| #define SIZEOF_LONG_LONG 8
| #define SIZEOF___INT16 0
| #define SIZEOF___INT32 0
| #define SIZEOF___INT64 0
| #define SIZEOF_VOID_P 8
| #define SIZEOF_SIZE_T 8
| #define SIZEOF_PTRDIFF_T 8
| #define SIZEOF___INT32 0
| #define SIZEOF_INTMAX_T 8
| #define SIZEOF_UINTMAX_T 8
| #define SIZEOF_INTPTR_T 8
| #define SIZEOF_UINTPTR_T 8
| #define SIZEOF_FLOAT 4
| #define SIZEOF_DOUBLE 8
| #define SIZEOF_LONG_DOUBLE 16
| #define SIZEOF_DEV_T 4
| #define SIZEOF_FPOS_T 8
| #define SIZEOF_MODE_T 2
| #define SIZEOF_OFF_T 8
| #define SIZEOF_SSIZE_T 8
| #define SIZEOF_TIME_T 8
| #define HAVE_ACCESS 1
| #define HAVE_ATEXIT 1
| #define HAVE_ATOI 1
| #define HAVE_ATOL 1
| #define HAVE_CHMOD 1
| #define HAVE_CHOWN 1
| /* end confdefs.h.  */
| /* Define clock_getcpuclockid to an innocuous variant, in case <limits.h> declares clock_getcpuclockid.
|    For example, HP-UX 11i <limits.h> declares gettimeofday.  */
| #define clock_getcpuclockid innocuous_clock_getcpuclockid
| 
| /* System header to define __stub macros and hopefully few prototypes,
|     which can conflict with char clock_getcpuclockid (); below.
|     Prefer <limits.h> to <assert.h> if __STDC__ is defined, since
|     <limits.h> exists even on freestanding compilers.  */
| 
| #ifdef __STDC__
| # include <limits.h>
| #else
| # include <assert.h>
| #endif
| 
| #undef clock_getcpuclockid
| 
| /* Override any GCC internal prototype to avoid an error.
|    Use char because int might match the return type of a GCC
|    builtin and then its argument prototype would still apply.  */
| #ifdef __cplusplus
| extern "C"
| #endif
| char clock_getcpuclockid ();
| /* The GNU C library defines this for functions which it implements
|     to always fail with ENOSYS.  Some functions are actually named
|     something starting with __ and the normal name is an alias.  */
| #if defined __stub_clock_getcpuclockid || defined __stub___clock_getcpuclockid
| choke me
| #endif
| 
| int
| main ()
| {
| return clock_getcpuclockid ();
|   ;
|   return 0;
| }
configure:12931: result: no
configure:12931: checking for clock_getres
configure:12931: gcc -o conftest -g -O2   conftest.c  >&5
Undefined symbols for architecture x86_64:
  "_clock_getres", referenced from:
      _main in ccLSCxlG.o
ld: symbol(s) not found for architecture x86_64
collect2: ld returned 1 exit status
configure:12931: $? = 1
configure: failed program was:
| /* confdefs.h */
| #define PACKAGE_NAME "LZO"
| #define PACKAGE_TARNAME "lzo"
| #define PACKAGE_VERSION "2.06"
| #define PACKAGE_STRING "LZO 2.06"
| #define PACKAGE_BUGREPORT "markus@oberhumer.com"
| #define PACKAGE_URL "http://www.oberhumer.com/opensource/lzo/"
| #define STDC_HEADERS 1
| #define HAVE_SYS_TYPES_H 1
| #define HAVE_SYS_STAT_H 1
| #define HAVE_STDLIB_H 1
| #define HAVE_STRING_H 1
| #define HAVE_MEMORY_H 1
| #define HAVE_STRINGS_H 1
| #define HAVE_INTTYPES_H 1
| #define HAVE_STDINT_H 1
| #define HAVE_UNISTD_H 1
| #define LZO_ABI_LITTLE_ENDIAN 1
| #define PACKAGE "lzo"
| #define VERSION "2.06"
| #define HAVE_DLFCN_H 1
| #define LT_OBJDIR ".libs/"
| #define TIME_WITH_SYS_TIME 1
| #define HAVE_ASSERT_H 1
| #define HAVE_CTYPE_H 1
| #define HAVE_DIRENT_H 1
| #define HAVE_ERRNO_H 1
| #define HAVE_FCNTL_H 1
| #define HAVE_FLOAT_H 1
| #define HAVE_LIMITS_H 1
| #define HAVE_MEMORY_H 1
| #define HAVE_SETJMP_H 1
| #define HAVE_SIGNAL_H 1
| #define HAVE_STDARG_H 1
| #define HAVE_STDDEF_H 1
| #define HAVE_STDINT_H 1
| #define HAVE_STDIO_H 1
| #define HAVE_STDLIB_H 1
| #define HAVE_STRING_H 1
| #define HAVE_STRINGS_H 1
| #define HAVE_TIME_H 1
| #define HAVE_UNISTD_H 1
| #define HAVE_UTIME_H 1
| #define HAVE_SYS_MMAN_H 1
| #define HAVE_SYS_RESOURCE_H 1
| #define HAVE_SYS_STAT_H 1
| #define HAVE_SYS_TIME_H 1
| #define HAVE_SYS_TYPES_H 1
| #define HAVE_SYS_WAIT_H 1
| #define RETSIGTYPE void
| #define SIZEOF_SHORT 2
| #define SIZEOF_INT 4
| #define SIZEOF_LONG 8
| #define SIZEOF_LONG_LONG 8
| #define SIZEOF___INT16 0
| #define SIZEOF___INT32 0
| #define SIZEOF___INT64 0
| #define SIZEOF_VOID_P 8
| #define SIZEOF_SIZE_T 8
| #define SIZEOF_PTRDIFF_T 8
| #define SIZEOF___INT32 0
| #define SIZEOF_INTMAX_T 8
| #define SIZEOF_UINTMAX_T 8
| #define SIZEOF_INTPTR_T 8
| #define SIZEOF_UINTPTR_T 8
| #define SIZEOF_FLOAT 4
| #define SIZEOF_DOUBLE 8
| #define SIZEOF_LONG_DOUBLE 16
| #define SIZEOF_DEV_T 4
| #define SIZEOF_FPOS_T 8
| #define SIZEOF_MODE_T 2
| #define SIZEOF_OFF_T 8
| #define SIZEOF_SSIZE_T 8
| #define SIZEOF_TIME_T 8
| #define HAVE_ACCESS 1
| #define HAVE_ATEXIT 1
| #define HAVE_ATOI 1
| #define HAVE_ATOL 1
| #define HAVE_CHMOD 1
| #define HAVE_CHOWN 1
| /* end confdefs.h.  */
| /* Define clock_getres to an innocuous variant, in case <limits.h> declares clock_getres.
|    For example, HP-UX 11i <limits.h> declares gettimeofday.  */
| #define clock_getres innocuous_clock_getres
| 
| /* System header to define __stub macros and hopefully few prototypes,
|     which can conflict with char clock_getres (); below.
|     Prefer <limits.h> to <assert.h> if __STDC__ is defined, since
|     <limits.h> exists even on freestanding compilers.  */
| 
| #ifdef __STDC__
| # include <limits.h>
| #else
| # include <assert.h>
| #endif
| 
| #undef clock_getres
| 
| /* Override any GCC internal prototype to avoid an error.
|    Use char because int might match the return type of a GCC
|    builtin and then its argument prototype would still apply.  */
| #ifdef __cplusplus
| extern "C"
| #endif
| char clock_getres ();
| /* The GNU C library defines this for functions which it implements
|     to always fail with ENOSYS.  Some functions are actually named
|     something starting with __ and the normal name is an alias.  */
| #if defined __stub_clock_getres || defined __stub___clock_getres
| choke me
| #endif
| 
| int
| main ()
| {
| return clock_getres ();
|   ;
|   return 0;
| }
configure:12931: result: no
configure:12931: checking for clock_gettime
configure:12931: gcc -o conftest -g -O2   conftest.c  >&5
Undefined symbols for architecture x86_64:
  "_clock_gettime", referenced from:
      _main in cc9I629C.o
ld: symbol(s) not found for architecture x86_64
collect2: ld returned 1 exit status
configure:12931: $? = 1
configure: failed program was:
| /* confdefs.h */
| #define PACKAGE_NAME "LZO"
| #define PACKAGE_TARNAME "lzo"
| #define PACKAGE_VERSION "2.06"
| #define PACKAGE_STRING "LZO 2.06"
| #define PACKAGE_BUGREPORT "markus@oberhumer.com"
| #define PACKAGE_URL "http://www.oberhumer.com/opensource/lzo/"
| #define STDC_HEADERS 1
| #define HAVE_SYS_TYPES_H 1
| #define HAVE_SYS_STAT_H 1
| #define HAVE_STDLIB_H 1
| #define HAVE_STRING_H 1
| #define HAVE_MEMORY_H 1
| #define HAVE_STRINGS_H 1
| #define HAVE_INTTYPES_H 1
| #define HAVE_STDINT_H 1
| #define HAVE_UNISTD_H 1
| #define LZO_ABI_LITTLE_ENDIAN 1
| #define PACKAGE "lzo"
| #define VERSION "2.06"
| #define HAVE_DLFCN_H 1
| #define LT_OBJDIR ".libs/"
| #define TIME_WITH_SYS_TIME 1
| #define HAVE_ASSERT_H 1
| #define HAVE_CTYPE_H 1
| #define HAVE_DIRENT_H 1
| #define HAVE_ERRNO_H 1
| #define HAVE_FCNTL_H 1
| #define HAVE_FLOAT_H 1
| #define HAVE_LIMITS_H 1
| #define HAVE_MEMORY_H 1
| #define HAVE_SETJMP_H 1
| #define HAVE_SIGNAL_H 1
| #define HAVE_STDARG_H 1
| #define HAVE_STDDEF_H 1
| #define HAVE_STDINT_H 1
| #define HAVE_STDIO_H 1
| #define HAVE_STDLIB_H 1
| #define HAVE_STRING_H 1
| #define HAVE_STRINGS_H 1
| #define HAVE_TIME_H 1
| #define HAVE_UNISTD_H 1
| #define HAVE_UTIME_H 1
| #define HAVE_SYS_MMAN_H 1
| #define HAVE_SYS_RESOURCE_H 1
| #define HAVE_SYS_STAT_H 1
| #define HAVE_SYS_TIME_H 1
| #define HAVE_SYS_TYPES_H 1
| #define HAVE_SYS_WAIT_H 1
| #define RETSIGTYPE void
| #define SIZEOF_SHORT 2
| #define SIZEOF_INT 4
| #define SIZEOF_LONG 8
| #define SIZEOF_LONG_LONG 8
| #define SIZEOF___INT16 0
| #define SIZEOF___INT32 0
| #define SIZEOF___INT64 0
| #define SIZEOF_VOID_P 8
| #define SIZEOF_SIZE_T 8
| #define SIZEOF_PTRDIFF_T 8
| #define SIZEOF___INT32 0
| #define SIZEOF_INTMAX_T 8
| #define SIZEOF_UINTMAX_T 8
| #define SIZEOF_INTPTR_T 8
| #define SIZEOF_UINTPTR_T 8
| #define SIZEOF_FLOAT 4
| #define SIZEOF_DOUBLE 8
| #define SIZEOF_LONG_DOUBLE 16
| #define SIZEOF_DEV_T 4
| #define SIZEOF_FPOS_T 8
| #define SIZEOF_MODE_T 2
| #define SIZEOF_OFF_T 8
| #define SIZEOF_SSIZE_T 8
| #define SIZEOF_TIME_T 8
| #define HAVE_ACCESS 1
| #define HAVE_ATEXIT 1
| #define HAVE_ATOI 1
| #define HAVE_ATOL 1
| #define HAVE_CHMOD 1
| #define HAVE_CHOWN 1
| /* end confdefs.h.  */
| /* Define clock_gettime to an innocuous variant, in case <limits.h> declares clock_gettime.
|    For example, HP-UX 11i <limits.h> declares gettimeofday.  */
| #define clock_gettime innocuous_clock_gettime
| 
| /* System header to define __stub macros and hopefully few prototypes,
|     which can conflict with char clock_gettime (); below.
|     Prefer <limits.h> to <assert.h> if __STDC__ is defined, since
|     <limits.h> exists even on freestanding compilers.  */
| 
| #ifdef __STDC__
| # include <limits.h>
| #else
| # include <assert.h>
| #endif
| 
| #undef clock_gettime
| 
| /* Override any GCC internal prototype to avoid an error.
|    Use char because int might match the return type of a GCC
|    builtin and then its argument prototype would still apply.  */
| #ifdef __cplusplus
| extern "C"
| #endif
| char clock_gettime ();
| /* The GNU C library defines this for functions which it implements
|     to always fail with ENOSYS.  Some functions are actually named
|     something starting with __ and the normal name is an alias.  */
| #if defined __stub_clock_gettime || defined __stub___clock_gettime
| choke me
| #endif
| 
| int
| main ()
| {
| return clock_gettime ();
|   ;
|   return 0;
| }
configure:12931: result: no
configure:12931: checking for ctime
configure:12931: gcc -o conftest -g -O2   conftest.c  >&5
configure:12931: $? = 0
configure:12931: result: yes
configure:12931: checking for difftime
configure:12931: gcc -o conftest -g -O2   conftest.c  >&5
configure:12931: $? = 0
configure:12931: result: yes
configure:12931: checking for fstat
configure:12931: gcc -o conftest -g -O2   conftest.c  >&5
configure:12931: $? = 0
configure:12931: result: yes
configure:12931: checking for getenv
configure:12931: gcc -o conftest -g -O2   conftest.c  >&5
configure:12931: $? = 0
configure:12931: result: yes
configure:12931: checking for getpagesize
configure:12931: gcc -o conftest -g -O2   conftest.c  >&5
configure:12931: $? = 0
configure:12931: result: yes
configure:12931: checking for getrusage
configure:12931: gcc -o conftest -g -O2   conftest.c  >&5
configure:12931: $? = 0
configure:12931: result: yes
configure:12931: checking for gettimeofday
configure:12931: gcc -o conftest -g -O2   conftest.c  >&5
configure:12931: $? = 0
configure:12931: result: yes
configure:12931: checking for gmtime
configure:12931: gcc -o conftest -g -O2   conftest.c  >&5
configure:12931: $? = 0
configure:12931: result: yes
configure:12931: checking for isatty
configure:12931: gcc -o conftest -g -O2   conftest.c  >&5
configure:12931: $? = 0
configure:12931: result: yes
configure:12931: checking for localtime
configure:12931: gcc -o conftest -g -O2   conftest.c  >&5
configure:12931: $? = 0
configure:12931: result: yes
configure:12931: checking for longjmp
configure:12931: gcc -o conftest -g -O2   conftest.c  >&5
configure:12931: $? = 0
configure:12931: result: yes
configure:12931: checking for lstat
configure:12931: gcc -o conftest -g -O2   conftest.c  >&5
configure:12931: $? = 0
configure:12931: result: yes
configure:12931: checking for memcmp
configure:12931: gcc -o conftest -g -O2   conftest.c  >&5
conftest.c:117: warning: conflicting types for built-in function 'memcmp'
configure:12931: $? = 0
configure:12931: result: yes
configure:12931: checking for memcpy
configure:12931: gcc -o conftest -g -O2   conftest.c  >&5
conftest.c:118: warning: conflicting types for built-in function 'memcpy'
configure:12931: $? = 0
configure:12931: result: yes
configure:12931: checking for memmove
configure:12931: gcc -o conftest -g -O2   conftest.c  >&5
conftest.c:119: warning: conflicting types for built-in function 'memmove'
configure:12931: $? = 0
configure:12931: result: yes
configure:12931: checking for memset
configure:12931: gcc -o conftest -g -O2   conftest.c  >&5
conftest.c:120: warning: conflicting types for built-in function 'memset'
configure:12931: $? = 0
configure:12931: result: yes
configure:12931: checking for mkdir
configure:12931: gcc -o conftest -g -O2   conftest.c  >&5
configure:12931: $? = 0
configure:12931: result: yes
configure:12931: checking for mktime
configure:12931: gcc -o conftest -g -O2   conftest.c  >&5
configure:12931: $? = 0
configure:12931: result: yes
configure:12931: checking for mmap
configure:12931: gcc -o conftest -g -O2   conftest.c  >&5
configure:12931: $? = 0
configure:12931: result: yes
configure:12931: checking for mprotect
configure:12931: gcc -o conftest -g -O2   conftest.c  >&5
configure:12931: $? = 0
configure:12931: result: yes
configure:12931: checking for munmap
configure:12931: gcc -o conftest -g -O2   conftest.c  >&5
configure:12931: $? = 0
configure:12931: result: yes
configure:12931: checking for qsort
configure:12931: gcc -o conftest -g -O2   conftest.c  >&5
configure:12931: $? = 0
configure:12931: result: yes
configure:12931: checking for raise
configure:12931: gcc -o conftest -g -O2   conftest.c  >&5
configure:12931: $? = 0
configure:12931: result: yes
configure:12931: checking for rmdir
configure:12931: gcc -o conftest -g -O2   conftest.c  >&5
configure:12931: $? = 0
configure:12931: result: yes
configure:12931: checking for setjmp
configure:12931: gcc -o conftest -g -O2   conftest.c  >&5
configure:12931: $? = 0
configure:12931: result: yes
configure:12931: checking for signal
configure:12931: gcc -o conftest -g -O2   conftest.c  >&5
configure:12931: $? = 0
configure:12931: result: yes
configure:12931: checking for snprintf
configure:12931: gcc -o conftest -g -O2   conftest.c  >&5
conftest.c:131: warning: conflicting types for built-in function 'snprintf'
configure:12931: $? = 0
configure:12931: result: yes
configure:12931: checking for strcasecmp
configure:12931: gcc -o conftest -g -O2   conftest.c  >&5
conftest.c:132: warning: conflicting types for built-in function 'strcasecmp'
configure:12931: $? = 0
configure:12931: result: yes
configure:12931: checking for strchr
configure:12931: gcc -o conftest -g -O2   conftest.c  >&5
conftest.c:133: warning: conflicting types for built-in function 'strchr'
configure:12931: $? = 0
configure:12931: result: yes
configure:12931: checking for strdup
configure:12931: gcc -o conftest -g -O2   conftest.c  >&5
conftest.c:134: warning: conflicting types for built-in function 'strdup'
configure:12931: $? = 0
configure:12931: result: yes
configure:12931: checking for strerror
configure:12931: gcc -o conftest -g -O2   conftest.c  >&5
configure:12931: $? = 0
configure:12931: result: yes
configure:12931: checking for strftime
configure:12931: gcc -o conftest -g -O2   conftest.c  >&5
conftest.c:136: warning: conflicting types for built-in function 'strftime'
configure:12931: $? = 0
configure:12931: result: yes
configure:12931: checking for stricmp
configure:12931: gcc -o conftest -g -O2   conftest.c  >&5
Undefined symbols for architecture x86_64:
  "_stricmp", referenced from:
      _main in ccMM182C.o
ld: symbol(s) not found for architecture x86_64
collect2: ld returned 1 exit status
configure:12931: $? = 1
configure: failed program was:
| /* confdefs.h */
| #define PACKAGE_NAME "LZO"
| #define PACKAGE_TARNAME "lzo"
| #define PACKAGE_VERSION "2.06"
| #define PACKAGE_STRING "LZO 2.06"
| #define PACKAGE_BUGREPORT "markus@oberhumer.com"
| #define PACKAGE_URL "http://www.oberhumer.com/opensource/lzo/"
| #define STDC_HEADERS 1
| #define HAVE_SYS_TYPES_H 1
| #define HAVE_SYS_STAT_H 1
| #define HAVE_STDLIB_H 1
| #define HAVE_STRING_H 1
| #define HAVE_MEMORY_H 1
| #define HAVE_STRINGS_H 1
| #define HAVE_INTTYPES_H 1
| #define HAVE_STDINT_H 1
| #define HAVE_UNISTD_H 1
| #define LZO_ABI_LITTLE_ENDIAN 1
| #define PACKAGE "lzo"
| #define VERSION "2.06"
| #define HAVE_DLFCN_H 1
| #define LT_OBJDIR ".libs/"
| #define TIME_WITH_SYS_TIME 1
| #define HAVE_ASSERT_H 1
| #define HAVE_CTYPE_H 1
| #define HAVE_DIRENT_H 1
| #define HAVE_ERRNO_H 1
| #define HAVE_FCNTL_H 1
| #define HAVE_FLOAT_H 1
| #define HAVE_LIMITS_H 1
| #define HAVE_MEMORY_H 1
| #define HAVE_SETJMP_H 1
| #define HAVE_SIGNAL_H 1
| #define HAVE_STDARG_H 1
| #define HAVE_STDDEF_H 1
| #define HAVE_STDINT_H 1
| #define HAVE_STDIO_H 1
| #define HAVE_STDLIB_H 1
| #define HAVE_STRING_H 1
| #define HAVE_STRINGS_H 1
| #define HAVE_TIME_H 1
| #define HAVE_UNISTD_H 1
| #define HAVE_UTIME_H 1
| #define HAVE_SYS_MMAN_H 1
| #define HAVE_SYS_RESOURCE_H 1
| #define HAVE_SYS_STAT_H 1
| #define HAVE_SYS_TIME_H 1
| #define HAVE_SYS_TYPES_H 1
| #define HAVE_SYS_WAIT_H 1
| #define RETSIGTYPE void
| #define SIZEOF_SHORT 2
| #define SIZEOF_INT 4
| #define SIZEOF_LONG 8
| #define SIZEOF_LONG_LONG 8
| #define SIZEOF___INT16 0
| #define SIZEOF___INT32 0
| #define SIZEOF___INT64 0
| #define SIZEOF_VOID_P 8
| #define SIZEOF_SIZE_T 8
| #define SIZEOF_PTRDIFF_T 8
| #define SIZEOF___INT32 0
| #define SIZEOF_INTMAX_T 8
| #define SIZEOF_UINTMAX_T 8
| #define SIZEOF_INTPTR_T 8
| #define SIZEOF_UINTPTR_T 8
| #define SIZEOF_FLOAT 4
| #define SIZEOF_DOUBLE 8
| #define SIZEOF_LONG_DOUBLE 16
| #define SIZEOF_DEV_T 4
| #define SIZEOF_FPOS_T 8
| #define SIZEOF_MODE_T 2
| #define SIZEOF_OFF_T 8
| #define SIZEOF_SSIZE_T 8
| #define SIZEOF_TIME_T 8
| #define HAVE_ACCESS 1
| #define HAVE_ATEXIT 1
| #define HAVE_ATOI 1
| #define HAVE_ATOL 1
| #define HAVE_CHMOD 1
| #define HAVE_CHOWN 1
| #define HAVE_CTIME 1
| #define HAVE_DIFFTIME 1
| #define HAVE_FSTAT 1
| #define HAVE_GETENV 1
| #define HAVE_GETPAGESIZE 1
| #define HAVE_GETRUSAGE 1
| #define HAVE_GETTIMEOFDAY 1
| #define HAVE_GMTIME 1
| #define HAVE_ISATTY 1
| #define HAVE_LOCALTIME 1
| #define HAVE_LONGJMP 1
| #define HAVE_LSTAT 1
| #define HAVE_MEMCMP 1
| #define HAVE_MEMCPY 1
| #define HAVE_MEMMOVE 1
| #define HAVE_MEMSET 1
| #define HAVE_MKDIR 1
| #define HAVE_MKTIME 1
| #define HAVE_MMAP 1
| #define HAVE_MPROTECT 1
| #define HAVE_MUNMAP 1
| #define HAVE_QSORT 1
| #define HAVE_RAISE 1
| #define HAVE_RMDIR 1
| #define HAVE_SETJMP 1
| #define HAVE_SIGNAL 1
| #define HAVE_SNPRINTF 1
| #define HAVE_STRCASECMP 1
| #define HAVE_STRCHR 1
| #define HAVE_STRDUP 1
| #define HAVE_STRERROR 1
| #define HAVE_STRFTIME 1
| /* end confdefs.h.  */
| /* Define stricmp to an innocuous variant, in case <limits.h> declares stricmp.
|    For example, HP-UX 11i <limits.h> declares gettimeofday.  */
| #define stricmp innocuous_stricmp
| 
| /* System header to define __stub macros and hopefully few prototypes,
|     which can conflict with char stricmp (); below.
|     Prefer <limits.h> to <assert.h> if __STDC__ is defined, since
|     <limits.h> exists even on freestanding compilers.  */
| 
| #ifdef __STDC__
| # include <limits.h>
| #else
| # include <assert.h>
| #endif
| 
| #undef stricmp
| 
| /* Override any GCC internal prototype to avoid an error.
|    Use char because int might match the return type of a GCC
|    builtin and then its argument prototype would still apply.  */
| #ifdef __cplusplus
| extern "C"
| #endif
| char stricmp ();
| /* The GNU C library defines this for functions which it implements
|     to always fail with ENOSYS.  Some functions are actually named
|     something starting with __ and the normal name is an alias.  */
| #if defined __stub_stricmp || defined __stub___stricmp
| choke me
| #endif
| 
| int
| main ()
| {
| return stricmp ();
|   ;
|   return 0;
| }
configure:12931: result: no
configure:12931: checking for strncasecmp
configure:12931: gcc -o conftest -g -O2   conftest.c  >&5
conftest.c:137: warning: conflicting types for built-in function 'strncasecmp'
configure:12931: $? = 0
configure:12931: result: yes
configure:12931: checking for strnicmp
configure:12931: gcc -o conftest -g -O2   conftest.c  >&5
Undefined symbols for architecture x86_64:
  "_strnicmp", referenced from:
      _main in ccf69WND.o
ld: symbol(s) not found for architecture x86_64
collect2: ld returned 1 exit status
configure:12931: $? = 1
configure: failed program was:
| /* confdefs.h */
| #define PACKAGE_NAME "LZO"
| #define PACKAGE_TARNAME "lzo"
| #define PACKAGE_VERSION "2.06"
| #define PACKAGE_STRING "LZO 2.06"
| #define PACKAGE_BUGREPORT "markus@oberhumer.com"
| #define PACKAGE_URL "http://www.oberhumer.com/opensource/lzo/"
| #define STDC_HEADERS 1
| #define HAVE_SYS_TYPES_H 1
| #define HAVE_SYS_STAT_H 1
| #define HAVE_STDLIB_H 1
| #define HAVE_STRING_H 1
| #define HAVE_MEMORY_H 1
| #define HAVE_STRINGS_H 1
| #define HAVE_INTTYPES_H 1
| #define HAVE_STDINT_H 1
| #define HAVE_UNISTD_H 1
| #define LZO_ABI_LITTLE_ENDIAN 1
| #define PACKAGE "lzo"
| #define VERSION "2.06"
| #define HAVE_DLFCN_H 1
| #define LT_OBJDIR ".libs/"
| #define TIME_WITH_SYS_TIME 1
| #define HAVE_ASSERT_H 1
| #define HAVE_CTYPE_H 1
| #define HAVE_DIRENT_H 1
| #define HAVE_ERRNO_H 1
| #define HAVE_FCNTL_H 1
| #define HAVE_FLOAT_H 1
| #define HAVE_LIMITS_H 1
| #define HAVE_MEMORY_H 1
| #define HAVE_SETJMP_H 1
| #define HAVE_SIGNAL_H 1
| #define HAVE_STDARG_H 1
| #define HAVE_STDDEF_H 1
| #define HAVE_STDINT_H 1
| #define HAVE_STDIO_H 1
| #define HAVE_STDLIB_H 1
| #define HAVE_STRING_H 1
| #define HAVE_STRINGS_H 1
| #define HAVE_TIME_H 1
| #define HAVE_UNISTD_H 1
| #define HAVE_UTIME_H 1
| #define HAVE_SYS_MMAN_H 1
| #define HAVE_SYS_RESOURCE_H 1
| #define HAVE_SYS_STAT_H 1
| #define HAVE_SYS_TIME_H 1
| #define HAVE_SYS_TYPES_H 1
| #define HAVE_SYS_WAIT_H 1
| #define RETSIGTYPE void
| #define SIZEOF_SHORT 2
| #define SIZEOF_INT 4
| #define SIZEOF_LONG 8
| #define SIZEOF_LONG_LONG 8
| #define SIZEOF___INT16 0
| #define SIZEOF___INT32 0
| #define SIZEOF___INT64 0
| #define SIZEOF_VOID_P 8
| #define SIZEOF_SIZE_T 8
| #define SIZEOF_PTRDIFF_T 8
| #define SIZEOF___INT32 0
| #define SIZEOF_INTMAX_T 8
| #define SIZEOF_UINTMAX_T 8
| #define SIZEOF_INTPTR_T 8
| #define SIZEOF_UINTPTR_T 8
| #define SIZEOF_FLOAT 4
| #define SIZEOF_DOUBLE 8
| #define SIZEOF_LONG_DOUBLE 16
| #define SIZEOF_DEV_T 4
| #define SIZEOF_FPOS_T 8
| #define SIZEOF_MODE_T 2
| #define SIZEOF_OFF_T 8
| #define SIZEOF_SSIZE_T 8
| #define SIZEOF_TIME_T 8
| #define HAVE_ACCESS 1
| #define HAVE_ATEXIT 1
| #define HAVE_ATOI 1
| #define HAVE_ATOL 1
| #define HAVE_CHMOD 1
| #define HAVE_CHOWN 1
| #define HAVE_CTIME 1
| #define HAVE_DIFFTIME 1
| #define HAVE_FSTAT 1
| #define HAVE_GETENV 1
| #define HAVE_GETPAGESIZE 1
| #define HAVE_GETRUSAGE 1
| #define HAVE_GETTIMEOFDAY 1
| #define HAVE_GMTIME 1
| #define HAVE_ISATTY 1
| #define HAVE_LOCALTIME 1
| #define HAVE_LONGJMP 1
| #define HAVE_LSTAT 1
| #define HAVE_MEMCMP 1
| #define HAVE_MEMCPY 1
| #define HAVE_MEMMOVE 1
| #define HAVE_MEMSET 1
| #define HAVE_MKDIR 1
| #define HAVE_MKTIME 1
| #define HAVE_MMAP 1
| #define HAVE_MPROTECT 1
| #define HAVE_MUNMAP 1
| #define HAVE_QSORT 1
| #define HAVE_RAISE 1
| #define HAVE_RMDIR 1
| #define HAVE_SETJMP 1
| #define HAVE_SIGNAL 1
| #define HAVE_SNPRINTF 1
| #define HAVE_STRCASECMP 1
| #define HAVE_STRCHR 1
| #define HAVE_STRDUP 1
| #define HAVE_STRERROR 1
| #define HAVE_STRFTIME 1
| #define HAVE_STRNCASECMP 1
| /* end confdefs.h.  */
| /* Define strnicmp to an innocuous variant, in case <limits.h> declares strnicmp.
|    For example, HP-UX 11i <limits.h> declares gettimeofday.  */
| #define strnicmp innocuous_strnicmp
| 
| /* System header to define __stub macros and hopefully few prototypes,
|     which can conflict with char strnicmp (); below.
|     Prefer <limits.h> to <assert.h> if __STDC__ is defined, since
|     <limits.h> exists even on freestanding compilers.  */
| 
| #ifdef __STDC__
| # include <limits.h>
| #else
| # include <assert.h>
| #endif
| 
| #undef strnicmp
| 
| /* Override any GCC internal prototype to avoid an error.
|    Use char because int might match the return type of a GCC
|    builtin and then its argument prototype would still apply.  */
| #ifdef __cplusplus
| extern "C"
| #endif
| char strnicmp ();
| /* The GNU C library defines this for functions which it implements
|     to always fail with ENOSYS.  Some functions are actually named
|     something starting with __ and the normal name is an alias.  */
| #if defined __stub_strnicmp || defined __stub___strnicmp
| choke me
| #endif
| 
| int
| main ()
| {
| return strnicmp ();
|   ;
|   return 0;
| }
configure:12931: result: no
configure:12931: checking for strrchr
configure:12931: gcc -o conftest -g -O2   conftest.c  >&5
conftest.c:138: warning: conflicting types for built-in function 'strrchr'
configure:12931: $? = 0
configure:12931: result: yes
configure:12931: checking for strstr
configure:12931: gcc -o conftest -g -O2   conftest.c  >&5
conftest.c:139: warning: conflicting types for built-in function 'strstr'
configure:12931: $? = 0
configure:12931: result: yes
configure:12931: checking for time
configure:12931: gcc -o conftest -g -O2   conftest.c  >&5
configure:12931: $? = 0
configure:12931: result: yes
configure:12931: checking for umask
configure:12931: gcc -o conftest -g -O2   conftest.c  >&5
configure:12931: $? = 0
configure:12931: result: yes
configure:12931: checking for utime
configure:12931: gcc -o conftest -g -O2   conftest.c  >&5
configure:12931: $? = 0
configure:12931: result: yes
configure:12931: checking for vsnprintf
configure:12931: gcc -o conftest -g -O2   conftest.c  >&5
conftest.c:143: warning: conflicting types for built-in function 'vsnprintf'
configure:12931: $? = 0
configure:12931: result: yes
configure:12974: checking whether to build assembly versions
configure:12982: gcc -g -O2 -c conftest.S 1>&5
conftest.S:1:98: error: /Users/bryansmith/xbmc/tools/darwin/depends/liblzo2/asm/amd64/src_gas/elf64/lzo1x_f1.S: No such file or directory
configure:12985: $? = 1
configure: failed program was:
#include "/Users/bryansmith/xbmc/tools/darwin/depends/liblzo2/asm/amd64/src_gas/elf64/lzo1x_f1.S"
configure:13004: result: no
configure:13034: checking whether your compiler passes the ACC conformance test
configure:13079: gcc -c -g -O2 -I.  conftest.c >&5
configure:13079: $? = 0
configure:13087: result: yes
configure:13262: creating ./config.status

## ---------------------- ##
## Running config.status. ##
## ---------------------- ##

This file was extended by LZO config.status 2.06, which was
generated by GNU Autoconf 2.67.  Invocation command line was

  CONFIG_FILES    = 
  CONFIG_HEADERS  = 
  CONFIG_LINKS    = 
  CONFIG_COMMANDS = 
  $ ./config.status 

on Bryans-Mac-Pro.local

config.status:1185: creating Makefile
config.status:1185: creating config.h
config.status:1413: executing depfiles commands
config.status:1413: executing libtool commands

## ---------------- ##
## Cache variables. ##
## ---------------- ##

ac_cv_build=x86_64-apple-darwin11.4.0
ac_cv_c_bigendian=no
ac_cv_c_compiler_gnu=yes
ac_cv_c_const=yes
ac_cv_env_CCASFLAGS_set=
ac_cv_env_CCASFLAGS_value=
ac_cv_env_CCAS_set=
ac_cv_env_CCAS_value=
ac_cv_env_CC_set=
ac_cv_env_CC_value=
ac_cv_env_CFLAGS_set=
ac_cv_env_CFLAGS_value=
ac_cv_env_CPPFLAGS_set=
ac_cv_env_CPPFLAGS_value=
ac_cv_env_CPP_set=
ac_cv_env_CPP_value=
ac_cv_env_LDFLAGS_set=
ac_cv_env_LDFLAGS_value=
ac_cv_env_LIBS_set=
ac_cv_env_LIBS_value=
ac_cv_env_build_alias_set=
ac_cv_env_build_alias_value=
ac_cv_env_host_alias_set=
ac_cv_env_host_alias_value=
ac_cv_env_target_alias_set=
ac_cv_env_target_alias_value=
ac_cv_func_access=yes
ac_cv_func_alloca=no
ac_cv_func_atexit=yes
ac_cv_func_atoi=yes
ac_cv_func_atol=yes
ac_cv_func_chmod=yes
ac_cv_func_chown=yes
ac_cv_func_clock_getcpuclockid=no
ac_cv_func_clock_getres=no
ac_cv_func_clock_gettime=no
ac_cv_func_ctime=yes
ac_cv_func_difftime=yes
ac_cv_func_fstat=yes
ac_cv_func_getenv=yes
ac_cv_func_getpagesize=yes
ac_cv_func_getrusage=yes
ac_cv_func_gettimeofday=yes
ac_cv_func_gmtime=yes
ac_cv_func_isatty=yes
ac_cv_func_localtime=yes
ac_cv_func_longjmp=yes
ac_cv_func_lstat=yes
ac_cv_func_memcmp=yes
ac_cv_func_memcpy=yes
ac_cv_func_memmove=yes
ac_cv_func_memset=yes
ac_cv_func_mkdir=yes
ac_cv_func_mktime=yes
ac_cv_func_mmap=yes
ac_cv_func_mprotect=yes
ac_cv_func_munmap=yes
ac_cv_func_qsort=yes
ac_cv_func_raise=yes
ac_cv_func_rmdir=yes
ac_cv_func_setjmp=yes
ac_cv_func_signal=yes
ac_cv_func_snprintf=yes
ac_cv_func_strcasecmp=yes
ac_cv_func_strchr=yes
ac_cv_func_strdup=yes
ac_cv_func_strerror=yes
ac_cv_func_strftime=yes
ac_cv_func_stricmp=no
ac_cv_func_strncasecmp=yes
ac_cv_func_strnicmp=no
ac_cv_func_strrchr=yes
ac_cv_func_strstr=yes
ac_cv_func_time=yes
ac_cv_func_umask=yes
ac_cv_func_utime=yes
ac_cv_func_vsnprintf=yes
ac_cv_header_assert_h=yes
ac_cv_header_ctype_h=yes
ac_cv_header_dirent_h=yes
ac_cv_header_dlfcn_h=yes
ac_cv_header_errno_h=yes
ac_cv_header_fcntl_h=yes
ac_cv_header_float_h=yes
ac_cv_header_inttypes_h=yes
ac_cv_header_limits_h=yes
ac_cv_header_malloc_h=no
ac_cv_header_memory_h=yes
ac_cv_header_setjmp_h=yes
ac_cv_header_signal_h=yes
ac_cv_header_stdarg_h=yes
ac_cv_header_stdc=yes
ac_cv_header_stddef_h=yes
ac_cv_header_stdint_h=yes
ac_cv_header_stdio_h=yes
ac_cv_header_stdlib_h=yes
ac_cv_header_string_h=yes
ac_cv_header_strings_h=yes
ac_cv_header_sys_mman_h=yes
ac_cv_header_sys_resource_h=yes
ac_cv_header_sys_stat_h=yes
ac_cv_header_sys_time_h=yes
ac_cv_header_sys_types_h=yes
ac_cv_header_sys_wait_h=yes
ac_cv_header_time=yes
ac_cv_header_time_h=yes
ac_cv_header_unistd_h=yes
ac_cv_header_utime_h=yes
ac_cv_host=x86_64-apple-darwin11.4.0
ac_cv_objext=o
ac_cv_path_EGREP='/usr/bin/grep -E'
ac_cv_path_FGREP='/usr/bin/grep -F'
ac_cv_path_GREP=/usr/bin/grep
ac_cv_path_SED=/usr/bin/sed
ac_cv_path_install='/opt/local/bin/ginstall -c'
ac_cv_path_mkdir=/opt/local/bin/gmkdir
ac_cv_prog_AWK=gawk
ac_cv_prog_CPP='gcc -E'
ac_cv_prog_ac_ct_AR=ar
ac_cv_prog_ac_ct_CC=gcc
ac_cv_prog_ac_ct_DSYMUTIL=dsymutil
ac_cv_prog_ac_ct_LIPO=lipo
ac_cv_prog_ac_ct_NMEDIT=nmedit
ac_cv_prog_ac_ct_OTOOL=otool
ac_cv_prog_ac_ct_RANLIB=ranlib
ac_cv_prog_ac_ct_STRIP=strip
ac_cv_prog_cc_c89=
ac_cv_prog_cc_g=yes
ac_cv_prog_cc_gcc_c_o=yes
ac_cv_prog_make_make_set=yes
ac_cv_sizeof___int16=0
ac_cv_sizeof___int32=0
ac_cv_sizeof___int64=0
ac_cv_sizeof_dev_t=4
ac_cv_sizeof_double=8
ac_cv_sizeof_float=4
ac_cv_sizeof_fpos_t=8
ac_cv_sizeof_int=4
ac_cv_sizeof_intmax_t=8
ac_cv_sizeof_intptr_t=8
ac_cv_sizeof_long=8
ac_cv_sizeof_long_double=16
ac_cv_sizeof_long_long=8
ac_cv_sizeof_mode_t=2
ac_cv_sizeof_off_t=8
ac_cv_sizeof_ptrdiff_t=8
ac_cv_sizeof_short=2
ac_cv_sizeof_size_t=8
ac_cv_sizeof_ssize_t=8
ac_cv_sizeof_time_t=8
ac_cv_sizeof_uintmax_t=8
ac_cv_sizeof_uintptr_t=8
ac_cv_sizeof_void_p=8
ac_cv_sys_file_offset_bits=no
ac_cv_sys_largefile_CC=no
ac_cv_target=x86_64-apple-darwin11.4.0
ac_cv_type_off_t=yes
ac_cv_type_ptrdiff_t=yes
ac_cv_type_signal=void
ac_cv_type_size_t=yes
am_cv_CCAS_dependencies_compiler_type=gcc3
am_cv_CC_dependencies_compiler_type=gcc3
lt_cv_apple_cc_single_mod=yes
lt_cv_deplibs_check_method=pass_all
lt_cv_file_magic_cmd='$MAGIC_CMD'
lt_cv_file_magic_test_file=
lt_cv_ld_exported_symbols_list=yes
lt_cv_ld_force_load=yes
lt_cv_ld_reload_flag=-r
lt_cv_nm_interface='BSD nm'
lt_cv_objdir=.libs
lt_cv_path_LD=/usr/llvm-gcc-4.2/libexec/gcc/i686-apple-darwin11/4.2.1/ld
lt_cv_path_NM=/usr/bin/nm
lt_cv_prog_compiler_c_o=yes
lt_cv_prog_compiler_pic_works=yes
lt_cv_prog_compiler_rtti_exceptions=no
lt_cv_prog_compiler_static_works=no
lt_cv_prog_gnu_ld=no
lt_cv_sys_global_symbol_pipe='sed -n -e '\''s/^.*[	 ]\([BCDEGRST][BCDEGRST]*\)[	 ][	 ]*_\([_A-Za-z][_A-Za-z0-9]*\)$/\1 _\2 \2/p'\'''
lt_cv_sys_global_symbol_to_c_name_address='sed -n -e '\''s/^: \([^ ]*\) $/  {\"\1\", (void *) 0},/p'\'' -e '\''s/^[BCDEGRST]* \([^ ]*\) \([^ ]*\)$/  {"\2", (void *) \&\2},/p'\'''
lt_cv_sys_global_symbol_to_c_name_address_lib_prefix='sed -n -e '\''s/^: \([^ ]*\) $/  {\"\1\", (void *) 0},/p'\'' -e '\''s/^[BCDEGRST]* \([^ ]*\) \(lib[^ ]*\)$/  {"\2", (void *) \&\2},/p'\'' -e '\''s/^[BCDEGRST]* \([^ ]*\) \([^ ]*\)$/  {"lib\2", (void *) \&\2},/p'\'''
lt_cv_sys_global_symbol_to_cdecl='sed -n -e '\''s/^T .* \(.*\)$/extern int \1();/p'\'' -e '\''s/^[BCDEGRST]* .* \(.*\)$/extern char \1;/p'\'''
lt_cv_sys_max_cmd_len=196608
mfx_cv_header_sane_limits_h=yes

## ----------------- ##
## Output variables. ##
## ----------------- ##

ACLOCAL='${SHELL} /Users/bryansmith/xbmc/tools/darwin/depends/liblzo2/autoconf/missing --run aclocal-1.11'
AMDEPBACKSLASH='\'
AMDEP_FALSE='#'
AMDEP_TRUE=''
AMTAR='${SHELL} /Users/bryansmith/xbmc/tools/darwin/depends/liblzo2/autoconf/missing --run tar'
AM_BACKSLASH='\'
AM_DEFAULT_VERBOSITY='0'
AR='ar'
AUTOCONF='${SHELL} /Users/bryansmith/xbmc/tools/darwin/depends/liblzo2/autoconf/missing --run autoconf'
AUTOHEADER='${SHELL} /Users/bryansmith/xbmc/tools/darwin/depends/liblzo2/autoconf/missing --run autoheader'
AUTOMAKE='${SHELL} /Users/bryansmith/xbmc/tools/darwin/depends/liblzo2/autoconf/missing --run automake-1.11'
AWK='gawk'
CC='gcc'
CCAS='gcc'
CCASDEPMODE='depmode=gcc3'
CCASFLAGS='-g -O2'
CCDEPMODE='depmode=gcc3'
CFLAGS='-g -O2'
CPP='gcc -E'
CPPFLAGS=''
CYGPATH_W='echo'
DEFS='-DLZO_HAVE_CONFIG_H=1'
DEPDIR='.deps'
DSYMUTIL='dsymutil'
DUMPBIN=''
ECHO_C='\c'
ECHO_N=''
ECHO_T=''
EGREP='/usr/bin/grep -E'
EXEEXT=''
FGREP='/usr/bin/grep -F'
GREP='/usr/bin/grep'
INSTALL_DATA='${INSTALL} -m 644'
INSTALL_PROGRAM='${INSTALL}'
INSTALL_SCRIPT='${INSTALL}'
INSTALL_STRIP_PROGRAM='$(install_sh) -c -s'
LD='/usr/llvm-gcc-4.2/libexec/gcc/i686-apple-darwin11/4.2.1/ld'
LDFLAGS=''
LIBOBJS=''
LIBS=''
LIBTOOL='$(SHELL) $(top_builddir)/libtool'
LIPO='lipo'
LN_S='ln -s'
LTLIBOBJS=''
LZO_USE_ASM_i386_obj_elf32_FALSE=''
LZO_USE_ASM_i386_obj_elf32_TRUE='#'
LZO_USE_ASM_i386_src_gas_FALSE=''
LZO_USE_ASM_i386_src_gas_TRUE='#'
MAINT='#'
MAINTAINER_MODE_FALSE=''
MAINTAINER_MODE_TRUE='#'
MAKEINFO='${SHELL} /Users/bryansmith/xbmc/tools/darwin/depends/liblzo2/autoconf/missing --run makeinfo'
MKDIR_P='/opt/local/bin/gmkdir -p'
NM='/usr/bin/nm'
NMEDIT='nmedit'
OBJDUMP='false'
OBJEXT='o'
OTOOL64=':'
OTOOL='otool'
PACKAGE='lzo'
PACKAGE_BUGREPORT='markus@oberhumer.com'
PACKAGE_NAME='LZO'
PACKAGE_STRING='LZO 2.06'
PACKAGE_TARNAME='lzo'
PACKAGE_URL='http://www.oberhumer.com/opensource/lzo/'
PACKAGE_VERSION='2.06'
PATH_SEPARATOR=':'
RANLIB='ranlib'
SED='/usr/bin/sed'
SET_MAKE=''
SHELL='/bin/sh'
STRIP='strip'
VERSION='2.06'
ac_ct_CC='gcc'
ac_ct_DUMPBIN=''
am__EXEEXT_FALSE=''
am__EXEEXT_TRUE='#'
am__fastdepCCAS_FALSE='#'
am__fastdepCCAS_TRUE=''
am__fastdepCC_FALSE='#'
am__fastdepCC_TRUE=''
am__include='include'
am__isrc=''
am__leading_dot='.'
am__quote=''
am__tar='${AMTAR} chof - "$$tardir"'
am__untar='${AMTAR} xf -'
bindir='${exec_prefix}/bin'
build='x86_64-apple-darwin11.4.0'
build_alias=''
build_cpu='x86_64'
build_os='darwin11.4.0'
build_vendor='apple'
datadir='${datarootdir}'
datarootdir='${prefix}/share'
docdir='${datarootdir}/doc/${PACKAGE_TARNAME}'
dvidir='${docdir}'
exec_prefix='${prefix}'
host='x86_64-apple-darwin11.4.0'
host_alias=''
host_cpu='x86_64'
host_os='darwin11.4.0'
host_vendor='apple'
htmldir='${docdir}'
includedir='${prefix}/include'
infodir='${datarootdir}/info'
install_sh='${SHELL} /Users/bryansmith/xbmc/tools/darwin/depends/liblzo2/autoconf/install-sh'
libdir='${exec_prefix}/lib'
libexecdir='${exec_prefix}/libexec'
localedir='${datarootdir}/locale'
localstatedir='${prefix}/var'
mandir='${datarootdir}/man'
mkdir_p='/opt/local/bin/gmkdir -p'
oldincludedir='/usr/include'
pdfdir='${docdir}'
prefix='/usr/local'
program_transform_name='s,x,x,'
psdir='${docdir}'
sbindir='${exec_prefix}/sbin'
sharedstatedir='${prefix}/com'
sysconfdir='${prefix}/etc'
target='x86_64-apple-darwin11.4.0'
target_alias=''
target_cpu='x86_64'
target_os='darwin11.4.0'
target_vendor='apple'

## ----------- ##
## confdefs.h. ##
## ----------- ##

/* confdefs.h */
#define PACKAGE_NAME "LZO"
#define PACKAGE_TARNAME "lzo"
#define PACKAGE_VERSION "2.06"
#define PACKAGE_STRING "LZO 2.06"
#define PACKAGE_BUGREPORT "markus@oberhumer.com"
#define PACKAGE_URL "http://www.oberhumer.com/opensource/lzo/"
#define STDC_HEADERS 1
#define HAVE_SYS_TYPES_H 1
#define HAVE_SYS_STAT_H 1
#define HAVE_STDLIB_H 1
#define HAVE_STRING_H 1
#define HAVE_MEMORY_H 1
#define HAVE_STRINGS_H 1
#define HAVE_INTTYPES_H 1
#define HAVE_STDINT_H 1
#define HAVE_UNISTD_H 1
#define LZO_ABI_LITTLE_ENDIAN 1
#define PACKAGE "lzo"
#define VERSION "2.06"
#define HAVE_DLFCN_H 1
#define LT_OBJDIR ".libs/"
#define TIME_WITH_SYS_TIME 1
#define HAVE_ASSERT_H 1
#define HAVE_CTYPE_H 1
#define HAVE_DIRENT_H 1
#define HAVE_ERRNO_H 1
#define HAVE_FCNTL_H 1
#define HAVE_FLOAT_H 1
#define HAVE_LIMITS_H 1
#define HAVE_MEMORY_H 1
#define HAVE_SETJMP_H 1
#define HAVE_SIGNAL_H 1
#define HAVE_STDARG_H 1
#define HAVE_STDDEF_H 1
#define HAVE_STDINT_H 1
#define HAVE_STDIO_H 1
#define HAVE_STDLIB_H 1
#define HAVE_STRING_H 1
#define HAVE_STRINGS_H 1
#define HAVE_TIME_H 1
#define HAVE_UNISTD_H 1
#define HAVE_UTIME_H 1
#define HAVE_SYS_MMAN_H 1
#define HAVE_SYS_RESOURCE_H 1
#define HAVE_SYS_STAT_H 1
#define HAVE_SYS_TIME_H 1
#define HAVE_SYS_TYPES_H 1
#define HAVE_SYS_WAIT_H 1
#define RETSIGTYPE void
#define SIZEOF_SHORT 2
#define SIZEOF_INT 4
#define SIZEOF_LONG 8
#define SIZEOF_LONG_LONG 8
#define SIZEOF___INT16 0
#define SIZEOF___INT32 0
#define SIZEOF___INT64 0
#define SIZEOF_VOID_P 8
#define SIZEOF_SIZE_T 8
#define SIZEOF_PTRDIFF_T 8
#define SIZEOF___INT32 0
#define SIZEOF_INTMAX_T 8
#define SIZEOF_UINTMAX_T 8
#define SIZEOF_INTPTR_T 8
#define SIZEOF_UINTPTR_T 8
#define SIZEOF_FLOAT 4
#define SIZEOF_DOUBLE 8
#define SIZEOF_LONG_DOUBLE 16
#define SIZEOF_DEV_T 4
#define SIZEOF_FPOS_T 8
#define SIZEOF_MODE_T 2
#define SIZEOF_OFF_T 8
#define SIZEOF_SSIZE_T 8
#define SIZEOF_TIME_T 8
#define HAVE_ACCESS 1
#define HAVE_ATEXIT 1
#define HAVE_ATOI 1
#define HAVE_ATOL 1
#define HAVE_CHMOD 1
#define HAVE_CHOWN 1
#define HAVE_CTIME 1
#define HAVE_DIFFTIME 1
#define HAVE_FSTAT 1
#define HAVE_GETENV 1
#define HAVE_GETPAGESIZE 1
#define HAVE_GETRUSAGE 1
#define HAVE_GETTIMEOFDAY 1
#define HAVE_GMTIME 1
#define HAVE_ISATTY 1
#define HAVE_LOCALTIME 1
#define HAVE_LONGJMP 1
#define HAVE_LSTAT 1
#define HAVE_MEMCMP 1
#define HAVE_MEMCPY 1
#define HAVE_MEMMOVE 1
#define HAVE_MEMSET 1
#define HAVE_MKDIR 1
#define HAVE_MKTIME 1
#define HAVE_MMAP 1
#define HAVE_MPROTECT 1
#define HAVE_MUNMAP 1
#define HAVE_QSORT 1
#define HAVE_RAISE 1
#define HAVE_RMDIR 1
#define HAVE_SETJMP 1
#define HAVE_SIGNAL 1
#define HAVE_SNPRINTF 1
#define HAVE_STRCASECMP 1
#define HAVE_STRCHR 1
#define HAVE_STRDUP 1
#define HAVE_STRERROR 1
#define HAVE_STRFTIME 1
#define HAVE_STRNCASECMP 1
#define HAVE_STRRCHR 1
#define HAVE_STRSTR 1
#define HAVE_TIME 1
#define HAVE_UMASK 1
#define HAVE_UTIME 1
#define HAVE_VSNPRINTF 1

configure: exit 0
