This file contains any messages produced by compilers while
running configure, to aid debugging if configure makes a mistake.

It was created by configure, which was
generated by GNU Autoconf 2.69.  Invocation command line was

  $ ./configure --disable-asm-optimizations

## --------- ##
## Platform. ##
## --------- ##

hostname = Bryans-Mac-Pro.local
uname -m = x86_64
uname -r = 11.4.0
uname -s = Darwin
uname -v = Darwin Kernel Version 11.4.0: Mon Apr  9 19:32:15 PDT 2012; root:xnu-1699.26.8~1/RELEASE_X86_64

/usr/bin/uname -p = i386
/bin/uname -X     = unknown

/bin/arch              = unknown
/usr/bin/arch -k       = unknown
/usr/convex/getsysinfo = unknown
/usr/bin/hostinfo      = Mach kernel version:
	 Darwin Kernel Version 11.4.0: Mon Apr  9 19:32:15 PDT 2012; root:xnu-1699.26.8~1/RELEASE_X86_64
Kernel configured for up to 4 processors.
4 processors are physically available.
4 processors are logically available.
Processor type: i486 (Intel 80486)
Processors active: 0 1 2 3
Primary memory available: 8.00 gigabytes
Default processor set: 141 tasks, 682 threads, 4 processors
Load average: 0.89, Mach factor: 3.10
/bin/machine           = unknown
/usr/bin/oslevel       = unknown
/bin/universe          = unknown

PATH: /opt/local/bin
PATH: /usr/bin
PATH: /bin
PATH: /usr/sbin
PATH: /sbin
PATH: /usr/local/bin
PATH: /usr/X11/bin
PATH: /usr/local/git/bin


## ----------- ##
## Core tests. ##
## ----------- ##

configure:3010: checking for a BSD-compatible install
configure:3078: result: /opt/local/bin/ginstall -c
configure:3089: checking whether build environment is sane
configure:3126: result: yes
configure:3156: checking for gawk
configure:3172: found /opt/local/bin/gawk
configure:3183: result: gawk
configure:3194: checking whether make sets $(MAKE)
configure:3216: result: yes
configure:3393: checking whether to enable maintainer-specific portions of Makefiles
configure:3402: result: no
configure:3497: checking build system type
configure:3511: result: i686-apple-darwin11.4.0
configure:3531: checking host system type
configure:3544: result: i686-apple-darwin11.4.0
configure:3576: checking for style of include used by make
configure:3604: result: GNU
configure:3677: checking for gcc
configure:3693: found /usr/bin/gcc
configure:3704: result: gcc
configure:3933: checking for C compiler version
configure:3942: gcc --version >&5
i686-apple-darwin11-llvm-gcc-4.2 (GCC) 4.2.1 (Based on Apple Inc. build 5658) (LLVM build 2336.9.00)
Copyright (C) 2007 Free Software Foundation, Inc.
This is free software; see the source for copying conditions.  There is NO
warranty; not even for MERCHANTABILITY or FITNESS FOR A PARTICULAR PURPOSE.

configure:3953: $? = 0
configure:3942: gcc -v >&5
Using built-in specs.
Target: i686-apple-darwin11
Configured with: /private/var/tmp/llvmgcc42/llvmgcc42-2336.9~22/src/configure --disable-checking --enable-werror --prefix=/Applications/Xcode.app/Contents/Developer/usr/llvm-gcc-4.2 --mandir=/share/man --enable-languages=c,objc,c++,obj-c++ --program-prefix=llvm- --program-transform-name=/^[cg][^.-]*$/s/$/-4.2/ --with-slibdir=/usr/lib --build=i686-apple-darwin11 --enable-llvm=/private/var/tmp/llvmgcc42/llvmgcc42-2336.9~22/dst-llvmCore/Developer/usr/local --program-prefix=i686-apple-darwin11- --host=x86_64-apple-darwin11 --target=i686-apple-darwin11 --with-gxx-include-dir=/usr/include/c++/4.2.1
Thread model: posix
gcc version 4.2.1 (Based on Apple Inc. build 5658) (LLVM build 2336.9.00)
configure:3953: $? = 0
configure:3942: gcc -V >&5
llvm-gcc-4.2: argument to `-V' is missing
configure:3953: $? = 1
configure:3942: gcc -qversion >&5
i686-apple-darwin11-llvm-gcc-4.2: no input files
configure:3953: $? = 1
configure:3973: checking whether the C compiler works
configure:3995: gcc    conftest.c  >&5
configure:3999: $? = 0
configure:4047: result: yes
configure:4050: checking for C compiler default output file name
configure:4052: result: a.out
configure:4058: checking for suffix of executables
configure:4065: gcc -o conftest    conftest.c  >&5
configure:4069: $? = 0
configure:4091: result: 
configure:4113: checking whether we are cross compiling
configure:4121: gcc -o conftest    conftest.c  >&5
configure:4125: $? = 0
configure:4132: ./conftest
configure:4136: $? = 0
configure:4151: result: no
configure:4156: checking for suffix of object files
configure:4178: gcc -c   conftest.c >&5
configure:4182: $? = 0
configure:4203: result: o
configure:4207: checking whether we are using the GNU C compiler
configure:4226: gcc -c   conftest.c >&5
configure:4226: $? = 0
configure:4235: result: yes
configure:4244: checking whether gcc accepts -g
configure:4264: gcc -c -g  conftest.c >&5
configure:4264: $? = 0
configure:4305: result: yes
configure:4322: checking for gcc option to accept ISO C89
configure:4385: gcc  -c -g -O2  conftest.c >&5
configure:4385: $? = 0
configure:4398: result: none needed
configure:4420: checking dependency style of gcc
configure:4503: result: gcc3
configure:4520: checking for a sed that does not truncate output
configure:4574: result: /usr/bin/sed
configure:4577: checking for grep that handles long lines and -e
configure:4635: result: /usr/bin/grep
configure:4640: checking for egrep
configure:4702: result: /usr/bin/grep -E
configure:4718: checking for ld used by gcc
configure:4785: result: /usr/llvm-gcc-4.2/libexec/gcc/i686-apple-darwin11/4.2.1/ld
configure:4792: checking if the linker (/usr/llvm-gcc-4.2/libexec/gcc/i686-apple-darwin11/4.2.1/ld) is GNU ld
configure:4807: result: no
configure:4812: checking for /usr/llvm-gcc-4.2/libexec/gcc/i686-apple-darwin11/4.2.1/ld option to reload object files
configure:4819: result: -r
configure:4837: checking for BSD-compatible nm
configure:4879: result: /usr/bin/nm
configure:4883: checking whether ln -s works
configure:4887: result: yes
configure:4894: checking how to recognise dependent libraries
configure:5066: result: pass_all
configure:5252: checking how to run the C preprocessor
configure:5283: gcc -E  conftest.c
configure:5283: $? = 0
configure:5297: gcc -E  conftest.c
conftest.c:11:28: error: ac_nonexistent.h: No such file or directory
configure:5297: $? = 1
configure: failed program was:
| /* confdefs.h */
| #define PACKAGE_NAME ""
| #define PACKAGE_TARNAME ""
| #define PACKAGE_VERSION ""
| #define PACKAGE_STRING ""
| #define PACKAGE_BUGREPORT ""
| #define PACKAGE_URL ""
| #define PACKAGE "flac"
| #define VERSION "1.2.1"
| /* end confdefs.h.  */
| #include <ac_nonexistent.h>
configure:5322: result: gcc -E
configure:5342: gcc -E  conftest.c
configure:5342: $? = 0
configure:5356: gcc -E  conftest.c
conftest.c:11:28: error: ac_nonexistent.h: No such file or directory
configure:5356: $? = 1
configure: failed program was:
| /* confdefs.h */
| #define PACKAGE_NAME ""
| #define PACKAGE_TARNAME ""
| #define PACKAGE_VERSION ""
| #define PACKAGE_STRING ""
| #define PACKAGE_BUGREPORT ""
| #define PACKAGE_URL ""
| #define PACKAGE "flac"
| #define VERSION "1.2.1"
| /* end confdefs.h.  */
| #include <ac_nonexistent.h>
configure:5385: checking for ANSI C header files
configure:5405: gcc -c -g -O2  conftest.c >&5
configure:5405: $? = 0
configure:5478: gcc -o conftest -g -O2   conftest.c  >&5
configure:5478: $? = 0
configure:5478: ./conftest
configure:5478: $? = 0
configure:5489: result: yes
configure:5502: checking for sys/types.h
configure:5502: gcc -c -g -O2  conftest.c >&5
configure:5502: $? = 0
configure:5502: result: yes
configure:5502: checking for sys/stat.h
configure:5502: gcc -c -g -O2  conftest.c >&5
configure:5502: $? = 0
configure:5502: result: yes
configure:5502: checking for stdlib.h
configure:5502: gcc -c -g -O2  conftest.c >&5
configure:5502: $? = 0
configure:5502: result: yes
configure:5502: checking for string.h
configure:5502: gcc -c -g -O2  conftest.c >&5
configure:5502: $? = 0
configure:5502: result: yes
configure:5502: checking for memory.h
configure:5502: gcc -c -g -O2  conftest.c >&5
configure:5502: $? = 0
configure:5502: result: yes
configure:5502: checking for strings.h
configure:5502: gcc -c -g -O2  conftest.c >&5
configure:5502: $? = 0
configure:5502: result: yes
configure:5502: checking for inttypes.h
configure:5502: gcc -c -g -O2  conftest.c >&5
configure:5502: $? = 0
configure:5502: result: yes
configure:5502: checking for stdint.h
configure:5502: gcc -c -g -O2  conftest.c >&5
configure:5502: $? = 0
configure:5502: result: yes
configure:5502: checking for unistd.h
configure:5502: gcc -c -g -O2  conftest.c >&5
configure:5502: $? = 0
configure:5502: result: yes
configure:5516: checking dlfcn.h usability
configure:5516: gcc -c -g -O2  conftest.c >&5
configure:5516: $? = 0
configure:5516: result: yes
configure:5516: checking dlfcn.h presence
configure:5516: gcc -E  conftest.c
configure:5516: $? = 0
configure:5516: result: yes
configure:5516: checking for dlfcn.h
configure:5516: result: yes
configure:5584: checking for g++
configure:5600: found /usr/bin/g++
configure:5611: result: g++
configure:5638: checking for C++ compiler version
configure:5647: g++ --version >&5
i686-apple-darwin11-llvm-g++-4.2 (GCC) 4.2.1 (Based on Apple Inc. build 5658) (LLVM build 2336.9.00)
Copyright (C) 2007 Free Software Foundation, Inc.
This is free software; see the source for copying conditions.  There is NO
warranty; not even for MERCHANTABILITY or FITNESS FOR A PARTICULAR PURPOSE.

configure:5658: $? = 0
configure:5647: g++ -v >&5
Using built-in specs.
Target: i686-apple-darwin11
Configured with: /private/var/tmp/llvmgcc42/llvmgcc42-2336.9~22/src/configure --disable-checking --enable-werror --prefix=/Applications/Xcode.app/Contents/Developer/usr/llvm-gcc-4.2 --mandir=/share/man --enable-languages=c,objc,c++,obj-c++ --program-prefix=llvm- --program-transform-name=/^[cg][^.-]*$/s/$/-4.2/ --with-slibdir=/usr/lib --build=i686-apple-darwin11 --enable-llvm=/private/var/tmp/llvmgcc42/llvmgcc42-2336.9~22/dst-llvmCore/Developer/usr/local --program-prefix=i686-apple-darwin11- --host=x86_64-apple-darwin11 --target=i686-apple-darwin11 --with-gxx-include-dir=/usr/include/c++/4.2.1
Thread model: posix
gcc version 4.2.1 (Based on Apple Inc. build 5658) (LLVM build 2336.9.00)
configure:5658: $? = 0
configure:5647: g++ -V >&5
llvm-g++-4.2: argument to `-V' is missing
configure:5658: $? = 1
configure:5647: g++ -qversion >&5
i686-apple-darwin11-llvm-g++-4.2: no input files
configure:5658: $? = 1
configure:5662: checking whether we are using the GNU C++ compiler
configure:5681: g++ -c   conftest.cpp >&5
configure:5681: $? = 0
configure:5690: result: yes
configure:5699: checking whether g++ accepts -g
configure:5719: g++ -c -g  conftest.cpp >&5
configure:5719: $? = 0
configure:5760: result: yes
configure:5785: checking dependency style of g++
configure:5868: result: gcc3
configure:5895: checking how to run the C++ preprocessor
configure:5922: g++ -E  conftest.cpp
configure:5922: $? = 0
configure:5936: g++ -E  conftest.cpp
conftest.cpp:22:28: error: ac_nonexistent.h: No such file or directory
configure:5936: $? = 1
configure: failed program was:
| /* confdefs.h */
| #define PACKAGE_NAME ""
| #define PACKAGE_TARNAME ""
| #define PACKAGE_VERSION ""
| #define PACKAGE_STRING ""
| #define PACKAGE_BUGREPORT ""
| #define PACKAGE_URL ""
| #define PACKAGE "flac"
| #define VERSION "1.2.1"
| #define STDC_HEADERS 1
| #define HAVE_SYS_TYPES_H 1
| #define HAVE_SYS_STAT_H 1
| #define HAVE_STDLIB_H 1
| #define HAVE_STRING_H 1
| #define HAVE_MEMORY_H 1
| #define HAVE_STRINGS_H 1
| #define HAVE_INTTYPES_H 1
| #define HAVE_STDINT_H 1
| #define HAVE_UNISTD_H 1
| #define HAVE_DLFCN_H 1
| /* end confdefs.h.  */
| #include <ac_nonexistent.h>
configure:5961: result: g++ -E
configure:5981: g++ -E  conftest.cpp
configure:5981: $? = 0
configure:5995: g++ -E  conftest.cpp
conftest.cpp:22:28: error: ac_nonexistent.h: No such file or directory
configure:5995: $? = 1
configure: failed program was:
| /* confdefs.h */
| #define PACKAGE_NAME ""
| #define PACKAGE_TARNAME ""
| #define PACKAGE_VERSION ""
| #define PACKAGE_STRING ""
| #define PACKAGE_BUGREPORT ""
| #define PACKAGE_URL ""
| #define PACKAGE "flac"
| #define VERSION "1.2.1"
| #define STDC_HEADERS 1
| #define HAVE_SYS_TYPES_H 1
| #define HAVE_SYS_STAT_H 1
| #define HAVE_STDLIB_H 1
| #define HAVE_STRING_H 1
| #define HAVE_MEMORY_H 1
| #define HAVE_STRINGS_H 1
| #define HAVE_INTTYPES_H 1
| #define HAVE_STDINT_H 1
| #define HAVE_UNISTD_H 1
| #define HAVE_DLFCN_H 1
| /* end confdefs.h.  */
| #include <ac_nonexistent.h>
configure:6079: checking for g77
configure:6109: result: no
configure:6079: checking for xlf
configure:6109: result: no
configure:6079: checking for f77
configure:6109: result: no
configure:6079: checking for frt
configure:6109: result: no
configure:6079: checking for pgf77
configure:6109: result: no
configure:6079: checking for cf77
configure:6109: result: no
configure:6079: checking for fort77
configure:6109: result: no
configure:6079: checking for fl32
configure:6109: result: no
configure:6079: checking for af77
configure:6109: result: no
configure:6079: checking for xlf90
configure:6109: result: no
configure:6079: checking for f90
configure:6109: result: no
configure:6079: checking for pgf90
configure:6109: result: no
configure:6079: checking for pghpf
configure:6109: result: no
configure:6079: checking for epcf90
configure:6109: result: no
configure:6079: checking for gfortran
configure:6109: result: no
configure:6079: checking for g95
configure:6109: result: no
configure:6079: checking for xlf95
configure:6109: result: no
configure:6079: checking for f95
configure:6109: result: no
configure:6079: checking for fort
configure:6109: result: no
configure:6079: checking for ifort
configure:6109: result: no
configure:6079: checking for ifc
configure:6109: result: no
configure:6079: checking for efc
configure:6109: result: no
configure:6079: checking for pgfortran
configure:6109: result: no
configure:6079: checking for pgf95
configure:6109: result: no
configure:6079: checking for lf95
configure:6109: result: no
configure:6079: checking for ftn
configure:6109: result: no
configure:6079: checking for nagfor
configure:6109: result: no
configure:6132: checking for Fortran 77 compiler version
configure:6141:  --version >&5
./configure: line 6143: --version: command not found
configure:6152: $? = 127
configure:6141:  -v >&5
./configure: line 6143: -v: command not found
configure:6152: $? = 127
configure:6141:  -V >&5
./configure: line 6143: -V: command not found
configure:6152: $? = 127
configure:6141:  -qversion >&5
./configure: line 6143: -qversion: command not found
configure:6152: $? = 127
configure:6161: checking whether we are using the GNU Fortran 77 compiler
configure:6174:  -c  conftest.F >&5
./configure: line 2308: -c: command not found
configure:6174: $? = 127
configure: failed program was:
|       program main
| #ifndef __GNUC__
|        choke me
| #endif
| 
|       end
configure:6183: result: no
configure:6189: checking whether  accepts -g
configure:6200:  -c -g conftest.f >&5
./configure: line 2308: -c: command not found
configure:6200: $? = 127
configure: failed program was:
|       program main
| 
|       end
configure:6208: result: no
configure:6242: checking the maximum length of command line arguments
configure:6334: result: 196608
configure:6345: checking command to parse /usr/bin/nm output from gcc object
configure:6441: gcc -c -g -O2  conftest.c >&5
configure:6444: $? = 0
configure:6448: /usr/bin/nm conftest.o \| sed -n -e 's/^.*[ 	]\([BCDEGRST][BCDEGRST]*\)[ 	][ 	]*\([_A-Za-z][_A-Za-z0-9]*\)$/\1 \2 \2/p' \> conftest.nm
configure:6451: $? = 0
cannot find nm_test_var in conftest.nm
configure:6441: gcc -c -g -O2  conftest.c >&5
configure:6444: $? = 0
configure:6448: /usr/bin/nm conftest.o \| sed -n -e 's/^.*[ 	]\([BCDEGRST][BCDEGRST]*\)[ 	][ 	]*_\([_A-Za-z][_A-Za-z0-9]*\)$/\1 _\2 \2/p' \> conftest.nm
configure:6451: $? = 0
configure:6503: gcc -o conftest -g -O2   conftest.c conftstm.o >&5
configure:6506: $? = 0
configure:6544: result: ok
configure:6548: checking for objdir
configure:6563: result: .libs
configure:6655: checking for ar
configure:6671: found /usr/bin/ar
configure:6682: result: ar
configure:6747: checking for ranlib
configure:6763: found /usr/bin/ranlib
configure:6774: result: ranlib
configure:6839: checking for strip
configure:6855: found /usr/bin/strip
configure:6866: result: strip
configure:7163: checking if gcc static flag  works
configure:7191: result: yes
configure:7209: checking if gcc supports -fno-rtti -fno-exceptions
configure:7227: gcc -c -g -O2  -fno-rtti -fno-exceptions conftest.c >&5
cc1: warning: command line option "-fno-rtti" is valid for C++/ObjC++ but not for C
configure:7231: $? = 0
configure:7244: result: no
configure:7259: checking for gcc option to produce PIC
configure:7463: result: -fno-common
configure:7471: checking if gcc PIC flag -fno-common works
configure:7489: gcc -c -g -O2  -fno-common -DPIC conftest.c >&5
configure:7493: $? = 0
configure:7506: result: yes
configure:7530: checking if gcc supports -c -o file.o
configure:7551: gcc -c -g -O2  -o out/conftest2.o conftest.c >&5
configure:7555: $? = 0
configure:7577: result: yes
configure:7603: checking whether the gcc linker (/usr/llvm-gcc-4.2/libexec/gcc/i686-apple-darwin11/4.2.1/ld) supports shared libraries
configure:8440: result: yes
configure:8511: checking dynamic linker characteristics
configure:9074: result: darwin11.4.0 dyld
configure:9078: checking how to hardcode library paths into programs
configure:9103: result: immediate
configure:9117: checking whether stripping libraries is possible
configure:9130: result: yes
configure:9634: checking if libtool supports shared libraries
configure:9636: result: yes
configure:9639: checking whether to build shared libraries
configure:9660: result: yes
configure:9663: checking whether to build static libraries
configure:9667: result: yes
configure:9759: creating libtool
configure:10333: checking for ld used by g++
configure:10400: result: /usr/llvm-gcc-4.2/libexec/gcc/i686-apple-darwin11/4.2.1/ld
configure:10407: checking if the linker (/usr/llvm-gcc-4.2/libexec/gcc/i686-apple-darwin11/4.2.1/ld) is GNU ld
configure:10422: result: no
configure:10473: checking whether the g++ linker (/usr/llvm-gcc-4.2/libexec/gcc/i686-apple-darwin11/4.2.1/ld) supports shared libraries
configure:11302: result: yes
configure:11320: g++ -c -g -O2  conftest.cc >&5
configure:11323: $? = 0
configure:11419: checking for g++ option to produce PIC
configure:11687: result: -fno-common
configure:11695: checking if g++ PIC flag -fno-common works
configure:11713: g++ -c -g -O2  -fno-common -DPIC conftest.cc >&5
configure:11717: $? = 0
configure:11730: result: yes
configure:11754: checking if g++ supports -c -o file.o
configure:11775: g++ -c -g -O2  -o out/conftest2.o conftest.cc >&5
configure:11779: $? = 0
configure:11801: result: yes
configure:11827: checking whether the g++ linker (/usr/llvm-gcc-4.2/libexec/gcc/i686-apple-darwin11/4.2.1/ld) supports shared libraries
configure:11852: result: yes
configure:11923: checking dynamic linker characteristics
configure:12486: result: darwin11.4.0 dyld
configure:12490: checking how to hardcode library paths into programs
configure:12515: result: immediate
configure:12529: checking whether stripping libraries is possible
configure:12542: result: yes
configure:19447: checking for C++ compiler version
configure:19456: g++ --version >&5
i686-apple-darwin11-llvm-g++-4.2 (GCC) 4.2.1 (Based on Apple Inc. build 5658) (LLVM build 2336.9.00)
Copyright (C) 2007 Free Software Foundation, Inc.
This is free software; see the source for copying conditions.  There is NO
warranty; not even for MERCHANTABILITY or FITNESS FOR A PARTICULAR PURPOSE.

configure:19467: $? = 0
configure:19456: g++ -v >&5
Using built-in specs.
Target: i686-apple-darwin11
Configured with: /private/var/tmp/llvmgcc42/llvmgcc42-2336.9~22/src/configure --disable-checking --enable-werror --prefix=/Applications/Xcode.app/Contents/Developer/usr/llvm-gcc-4.2 --mandir=/share/man --enable-languages=c,objc,c++,obj-c++ --program-prefix=llvm- --program-transform-name=/^[cg][^.-]*$/s/$/-4.2/ --with-slibdir=/usr/lib --build=i686-apple-darwin11 --enable-llvm=/private/var/tmp/llvmgcc42/llvmgcc42-2336.9~22/dst-llvmCore/Developer/usr/local --program-prefix=i686-apple-darwin11- --host=x86_64-apple-darwin11 --target=i686-apple-darwin11 --with-gxx-include-dir=/usr/include/c++/4.2.1
Thread model: posix
gcc version 4.2.1 (Based on Apple Inc. build 5658) (LLVM build 2336.9.00)
configure:19467: $? = 0
configure:19456: g++ -V >&5
llvm-g++-4.2: argument to `-V' is missing
configure:19467: $? = 1
configure:19456: g++ -qversion >&5
i686-apple-darwin11-llvm-g++-4.2: no input files
configure:19467: $? = 1
configure:19471: checking whether we are using the GNU C++ compiler
configure:19499: result: yes
configure:19508: checking whether g++ accepts -g
configure:19569: result: yes
configure:19594: checking dependency style of g++
configure:19677: result: gcc3
configure:19694: checking whether make sets $(MAKE)
configure:19716: result: yes
configure:19733: checking for special C compiler options needed for large files
configure:19778: result: no
configure:19784: checking for _FILE_OFFSET_BITS value needed for large files
configure:19809: gcc -c -g -O2  conftest.c >&5
configure:19809: $? = 0
configure:19841: result: no
configure:19926: checking for _LARGEFILE_SOURCE value needed for large files
configure:19945: gcc -o conftest -g -O2   conftest.c  >&5
configure:19945: $? = 0
configure:19973: result: no
configure:19999: checking size of void*
configure:20004: gcc -o conftest -g -O2   conftest.c  >&5
configure:20004: $? = 0
configure:20004: ./conftest
configure:20004: $? = 0
configure:20018: result: 8
configure:20033: checking whether byte ordering is bigendian
configure:20048: gcc -c -g -O2  conftest.c >&5
configure:20048: $? = 0
configure:20093: gcc -c -g -O2  conftest.c >&5
configure:20093: $? = 0
configure:20111: gcc -c -g -O2  conftest.c >&5
conftest.c: In function 'main':
conftest.c:31: error: 'not' undeclared (first use in this function)
conftest.c:31: error: (Each undeclared identifier is reported only once
conftest.c:31: error: for each function it appears in.)
conftest.c:31: error: expected ';' before 'big'
configure:20111: $? = 1
configure: failed program was:
| /* confdefs.h */
| #define PACKAGE_NAME ""
| #define PACKAGE_TARNAME ""
| #define PACKAGE_VERSION ""
| #define PACKAGE_STRING ""
| #define PACKAGE_BUGREPORT ""
| #define PACKAGE_URL ""
| #define PACKAGE "flac"
| #define VERSION "1.2.1"
| #define STDC_HEADERS 1
| #define HAVE_SYS_TYPES_H 1
| #define HAVE_SYS_STAT_H 1
| #define HAVE_STDLIB_H 1
| #define HAVE_STRING_H 1
| #define HAVE_MEMORY_H 1
| #define HAVE_STRINGS_H 1
| #define HAVE_INTTYPES_H 1
| #define HAVE_STDINT_H 1
| #define HAVE_UNISTD_H 1
| #define HAVE_DLFCN_H 1
| #define HAVE_FSEEKO 1
| #define SIZEOF_VOIDP 8
| /* end confdefs.h.  */
| #include <sys/types.h>
| 		#include <sys/param.h>
| 
| int
| main ()
| {
| #if BYTE_ORDER != BIG_ENDIAN
| 		 not big endian
| 		#endif
| 
|   ;
|   return 0;
| }
configure:20239: result: no
configure:20258: checking for socklen_t
configure:20258: gcc -c -g -O2  conftest.c >&5
conftest.c: In function 'main':
conftest.c:60: error: 'socklen_t' undeclared (first use in this function)
conftest.c:60: error: (Each undeclared identifier is reported only once
conftest.c:60: error: for each function it appears in.)
configure:20258: $? = 1
configure: failed program was:
| /* confdefs.h */
| #define PACKAGE_NAME ""
| #define PACKAGE_TARNAME ""
| #define PACKAGE_VERSION ""
| #define PACKAGE_STRING ""
| #define PACKAGE_BUGREPORT ""
| #define PACKAGE_URL ""
| #define PACKAGE "flac"
| #define VERSION "1.2.1"
| #define STDC_HEADERS 1
| #define HAVE_SYS_TYPES_H 1
| #define HAVE_SYS_STAT_H 1
| #define HAVE_STDLIB_H 1
| #define HAVE_STRING_H 1
| #define HAVE_MEMORY_H 1
| #define HAVE_STRINGS_H 1
| #define HAVE_INTTYPES_H 1
| #define HAVE_STDINT_H 1
| #define HAVE_UNISTD_H 1
| #define HAVE_DLFCN_H 1
| #define HAVE_FSEEKO 1
| #define SIZEOF_VOIDP 8
| /* end confdefs.h.  */
| #include <stdio.h>
| #ifdef HAVE_SYS_TYPES_H
| # include <sys/types.h>
| #endif
| #ifdef HAVE_SYS_STAT_H
| # include <sys/stat.h>
| #endif
| #ifdef STDC_HEADERS
| # include <stdlib.h>
| # include <stddef.h>
| #else
| # ifdef HAVE_STDLIB_H
| #  include <stdlib.h>
| # endif
| #endif
| #ifdef HAVE_STRING_H
| # if !defined STDC_HEADERS && defined HAVE_MEMORY_H
| #  include <memory.h>
| # endif
| # include <string.h>
| #endif
| #ifdef HAVE_STRINGS_H
| # include <strings.h>
| #endif
| #ifdef HAVE_INTTYPES_H
| # include <inttypes.h>
| #endif
| #ifdef HAVE_STDINT_H
| # include <stdint.h>
| #endif
| #ifdef HAVE_UNISTD_H
| # include <unistd.h>
| #endif
| int
| main ()
| {
| if (sizeof (socklen_t))
| 	 return 0;
|   ;
|   return 0;
| }
configure:20258: result: no
configure:20271: checking for getopt_long
configure:20271: gcc -o conftest -g -O2   conftest.c  >&5
configure:20271: $? = 0
configure:20271: result: yes
configure:20574: checking for doxygen
configure:20604: result: no
configure:20692: checking for xmms-config
configure:20723: result: no
configure:20835: checking for XMMS - version >= 0.9.5.1
configure:20843: result: no
configure:20870: WARNING: *** XMMS >= 0.9.5.1 not installed - XMMS support will not be built
configure:20977: checking for Ogg
configure:21007: gcc -o conftest -g -O2    conftest.c   -logg >&5
In file included from /usr/local/include/ogg/os_types.h:123,
                 from /usr/local/include/ogg/ogg.h:24,
                 from conftest.c:35:
/usr/local/include/ogg/config_types.h:6: error: expected '=', ',', ';', 'asm' or '__attribute__' before 'ogg_uint16_t'
/usr/local/include/ogg/config_types.h:8: error: expected '=', ',', ';', 'asm' or '__attribute__' before 'ogg_uint32_t'
configure:21007: $? = 1
configure: program exited with status 1
configure: failed program was:
| /* confdefs.h */
| #define PACKAGE_NAME ""
| #define PACKAGE_TARNAME ""
| #define PACKAGE_VERSION ""
| #define PACKAGE_STRING ""
| #define PACKAGE_BUGREPORT ""
| #define PACKAGE_URL ""
| #define PACKAGE "flac"
| #define VERSION "1.2.1"
| #define STDC_HEADERS 1
| #define HAVE_SYS_TYPES_H 1
| #define HAVE_SYS_STAT_H 1
| #define HAVE_STDLIB_H 1
| #define HAVE_STRING_H 1
| #define HAVE_MEMORY_H 1
| #define HAVE_STRINGS_H 1
| #define HAVE_INTTYPES_H 1
| #define HAVE_STDINT_H 1
| #define HAVE_UNISTD_H 1
| #define HAVE_DLFCN_H 1
| #define HAVE_FSEEKO 1
| #define SIZEOF_VOIDP 8
| #define HAVE_GETOPT_LONG 1
| #define FLAC__CPU_IA32 1
| #define FLAC__SYS_DARWIN 1
| #define FLAC__ALIGN_MALLOC_DATA 1
| #define FLAC__NO_ASM 1
| #define FLAC__USE_3DNOW 1
| #define FLAC__USE_ALTIVEC 1
| /* end confdefs.h.  */
| 
| #include <stdio.h>
| #include <stdlib.h>
| #include <string.h>
| #include <ogg/ogg.h>
| 
| int main ()
| {
|   system("touch conf.oggtest");
|   return 0;
| }
| 
| 
configure:21025: result: no
configure:21047: gcc -o conftest -g -O2    conftest.c   -logg >&5
In file included from /usr/local/include/ogg/os_types.h:123,
                 from /usr/local/include/ogg/ogg.h:24,
                 from conftest.c:33:
/usr/local/include/ogg/config_types.h:6: error: expected '=', ',', ';', 'asm' or '__attribute__' before 'ogg_uint16_t'
/usr/local/include/ogg/config_types.h:8: error: expected '=', ',', ';', 'asm' or '__attribute__' before 'ogg_uint32_t'
configure:21047: $? = 1
configure: failed program was:
| /* confdefs.h */
| #define PACKAGE_NAME ""
| #define PACKAGE_TARNAME ""
| #define PACKAGE_VERSION ""
| #define PACKAGE_STRING ""
| #define PACKAGE_BUGREPORT ""
| #define PACKAGE_URL ""
| #define PACKAGE "flac"
| #define VERSION "1.2.1"
| #define STDC_HEADERS 1
| #define HAVE_SYS_TYPES_H 1
| #define HAVE_SYS_STAT_H 1
| #define HAVE_STDLIB_H 1
| #define HAVE_STRING_H 1
| #define HAVE_MEMORY_H 1
| #define HAVE_STRINGS_H 1
| #define HAVE_INTTYPES_H 1
| #define HAVE_STDINT_H 1
| #define HAVE_UNISTD_H 1
| #define HAVE_DLFCN_H 1
| #define HAVE_FSEEKO 1
| #define SIZEOF_VOIDP 8
| #define HAVE_GETOPT_LONG 1
| #define FLAC__CPU_IA32 1
| #define FLAC__SYS_DARWIN 1
| #define FLAC__ALIGN_MALLOC_DATA 1
| #define FLAC__NO_ASM 1
| #define FLAC__USE_3DNOW 1
| #define FLAC__USE_ALTIVEC 1
| /* end confdefs.h.  */
| 
| #include <stdio.h>
| #include <ogg/ogg.h>
| 
| int
| main ()
| {
|  return 0;
|   ;
|   return 0;
| }
configure:21069: WARNING: *** Ogg development enviroment not installed - Ogg support will not be built
configure:21134: checking for ld used by GCC
configure:21198: result: /usr/llvm-gcc-4.2/libexec/gcc/i686-apple-darwin11/4.2.1/ld
configure:21205: checking if the linker (/usr/llvm-gcc-4.2/libexec/gcc/i686-apple-darwin11/4.2.1/ld) is GNU ld
configure:21218: result: no
configure:21225: checking for shared library run path origin
configure:21238: result: done
configure:21668: checking for iconv
configure:21690: gcc -o conftest -g -O2   conftest.c  >&5
Undefined symbols for architecture x86_64:
  "_iconv_open", referenced from:
      _main in ccf1i5cc.o
  "_iconv", referenced from:
      _main in ccf1i5cc.o
  "_iconv_close", referenced from:
      _main in ccf1i5cc.o
ld: symbol(s) not found for architecture x86_64
collect2: ld returned 1 exit status
configure:21690: $? = 1
configure: failed program was:
| /* confdefs.h */
| #define PACKAGE_NAME ""
| #define PACKAGE_TARNAME ""
| #define PACKAGE_VERSION ""
| #define PACKAGE_STRING ""
| #define PACKAGE_BUGREPORT ""
| #define PACKAGE_URL ""
| #define PACKAGE "flac"
| #define VERSION "1.2.1"
| #define STDC_HEADERS 1
| #define HAVE_SYS_TYPES_H 1
| #define HAVE_SYS_STAT_H 1
| #define HAVE_STDLIB_H 1
| #define HAVE_STRING_H 1
| #define HAVE_MEMORY_H 1
| #define HAVE_STRINGS_H 1
| #define HAVE_INTTYPES_H 1
| #define HAVE_STDINT_H 1
| #define HAVE_UNISTD_H 1
| #define HAVE_DLFCN_H 1
| #define HAVE_FSEEKO 1
| #define SIZEOF_VOIDP 8
| #define HAVE_GETOPT_LONG 1
| #define FLAC__CPU_IA32 1
| #define FLAC__SYS_DARWIN 1
| #define FLAC__ALIGN_MALLOC_DATA 1
| #define FLAC__NO_ASM 1
| #define FLAC__USE_3DNOW 1
| #define FLAC__USE_ALTIVEC 1
| /* end confdefs.h.  */
| #include <stdlib.h>
| #include <iconv.h>
| int
| main ()
| {
| iconv_t cd = iconv_open("","");
|        iconv(cd,NULL,NULL,NULL,NULL);
|        iconv_close(cd);
|   ;
|   return 0;
| }
configure:21712: gcc -o conftest -g -O2   conftest.c  -liconv >&5
configure:21712: $? = 0
configure:21722: result: yes
configure:21730: checking how to link with libiconv
configure:21732: result: -liconv
configure:21743: checking for iconv declaration
configure:21772: gcc -c -g -O2  conftest.c >&5
configure:21772: $? = 0
configure:21783: result: 
         extern size_t iconv (iconv_t cd, char * *inbuf, size_t *inbytesleft, char * *outbuf, size_t *outbytesleft);
configure:21794: checking for nl_langinfo and CODESET
configure:21810: gcc -o conftest -g -O2   conftest.c  >&5
configure:21810: $? = 0
configure:21819: result: yes
configure:21832: checking for docbook-to-man
configure:21862: result: no
configure:21832: checking for docbook2man
configure:21862: result: no
configure:21891: checking for nasm
configure:21907: found /opt/local/bin/nasm
configure:21918: result: nasm
configure:21950: checking for as
configure:21977: result: as
configure:21993: checking for gas
configure:22023: result: no
configure:22323: creating ./config.status

## ---------------------- ##
## Running config.status. ##
## ---------------------- ##

This file was extended by config.status, which was
generated by GNU Autoconf 2.69.  Invocation command line was

  CONFIG_FILES    = 
  CONFIG_HEADERS  = 
  CONFIG_LINKS    = 
  CONFIG_COMMANDS = 
  $ ./config.status 

on Bryans-Mac-Pro.local

config.status:1024: creating Makefile
config.status:1127: WARNING:  'Makefile.in' seems to ignore the --datarootdir setting
config.status:1024: creating src/Makefile
config.status:1127: WARNING:  'src/Makefile.in' seems to ignore the --datarootdir setting
config.status:1024: creating src/libFLAC/Makefile
config.status:1127: WARNING:  'src/libFLAC/Makefile.in' seems to ignore the --datarootdir setting
config.status:1024: creating src/libFLAC/flac.pc
config.status:1024: creating src/libFLAC/ia32/Makefile
config.status:1127: WARNING:  'src/libFLAC/ia32/Makefile.in' seems to ignore the --datarootdir setting
config.status:1024: creating src/libFLAC/ppc/Makefile
config.status:1127: WARNING:  'src/libFLAC/ppc/Makefile.in' seems to ignore the --datarootdir setting
config.status:1024: creating src/libFLAC/ppc/as/Makefile
config.status:1127: WARNING:  'src/libFLAC/ppc/as/Makefile.in' seems to ignore the --datarootdir setting
config.status:1024: creating src/libFLAC/ppc/gas/Makefile
config.status:1127: WARNING:  'src/libFLAC/ppc/gas/Makefile.in' seems to ignore the --datarootdir setting
config.status:1024: creating src/libFLAC/include/Makefile
config.status:1127: WARNING:  'src/libFLAC/include/Makefile.in' seems to ignore the --datarootdir setting
config.status:1024: creating src/libFLAC/include/private/Makefile
config.status:1127: WARNING:  'src/libFLAC/include/private/Makefile.in' seems to ignore the --datarootdir setting
config.status:1024: creating src/libFLAC/include/protected/Makefile
config.status:1127: WARNING:  'src/libFLAC/include/protected/Makefile.in' seems to ignore the --datarootdir setting
config.status:1024: creating src/libFLAC++/Makefile
config.status:1127: WARNING:  'src/libFLAC++/Makefile.in' seems to ignore the --datarootdir setting
config.status:1024: creating src/libFLAC++/flac++.pc
config.status:1024: creating src/flac/Makefile
config.status:1127: WARNING:  'src/flac/Makefile.in' seems to ignore the --datarootdir setting
config.status:1024: creating src/metaflac/Makefile
config.status:1127: WARNING:  'src/metaflac/Makefile.in' seems to ignore the --datarootdir setting
config.status:1024: creating src/monkeys_audio_utilities/Makefile
config.status:1127: WARNING:  'src/monkeys_audio_utilities/Makefile.in' seems to ignore the --datarootdir setting
config.status:1024: creating src/monkeys_audio_utilities/flac_mac/Makefile
config.status:1127: WARNING:  'src/monkeys_audio_utilities/flac_mac/Makefile.in' seems to ignore the --datarootdir setting
config.status:1024: creating src/monkeys_audio_utilities/flac_ren/Makefile
config.status:1127: WARNING:  'src/monkeys_audio_utilities/flac_ren/Makefile.in' seems to ignore the --datarootdir setting
config.status:1024: creating src/plugin_common/Makefile
config.status:1127: WARNING:  'src/plugin_common/Makefile.in' seems to ignore the --datarootdir setting
config.status:1024: creating src/plugin_winamp2/Makefile
config.status:1127: WARNING:  'src/plugin_winamp2/Makefile.in' seems to ignore the --datarootdir setting
config.status:1024: creating src/plugin_winamp2/include/Makefile
config.status:1127: WARNING:  'src/plugin_winamp2/include/Makefile.in' seems to ignore the --datarootdir setting
config.status:1024: creating src/plugin_winamp2/include/winamp2/Makefile
config.status:1127: WARNING:  'src/plugin_winamp2/include/winamp2/Makefile.in' seems to ignore the --datarootdir setting
config.status:1024: creating src/plugin_xmms/Makefile
config.status:1127: WARNING:  'src/plugin_xmms/Makefile.in' seems to ignore the --datarootdir setting
config.status:1024: creating src/share/Makefile
config.status:1127: WARNING:  'src/share/Makefile.in' seems to ignore the --datarootdir setting
config.status:1024: creating src/share/getopt/Makefile
config.status:1127: WARNING:  'src/share/getopt/Makefile.in' seems to ignore the --datarootdir setting
config.status:1024: creating src/share/grabbag/Makefile
config.status:1127: WARNING:  'src/share/grabbag/Makefile.in' seems to ignore the --datarootdir setting
config.status:1024: creating src/share/replaygain_analysis/Makefile
config.status:1127: WARNING:  'src/share/replaygain_analysis/Makefile.in' seems to ignore the --datarootdir setting
config.status:1024: creating src/share/replaygain_synthesis/Makefile
config.status:1127: WARNING:  'src/share/replaygain_synthesis/Makefile.in' seems to ignore the --datarootdir setting
config.status:1024: creating src/share/replaygain_synthesis/include/Makefile
config.status:1127: WARNING:  'src/share/replaygain_synthesis/include/Makefile.in' seems to ignore the --datarootdir setting
config.status:1024: creating src/share/replaygain_synthesis/include/private/Makefile
config.status:1127: WARNING:  'src/share/replaygain_synthesis/include/private/Makefile.in' seems to ignore the --datarootdir setting
config.status:1024: creating src/share/utf8/Makefile
config.status:1127: WARNING:  'src/share/utf8/Makefile.in' seems to ignore the --datarootdir setting
config.status:1024: creating src/test_grabbag/Makefile
config.status:1127: WARNING:  'src/test_grabbag/Makefile.in' seems to ignore the --datarootdir setting
config.status:1024: creating src/test_grabbag/cuesheet/Makefile
config.status:1127: WARNING:  'src/test_grabbag/cuesheet/Makefile.in' seems to ignore the --datarootdir setting
config.status:1024: creating src/test_grabbag/picture/Makefile
config.status:1127: WARNING:  'src/test_grabbag/picture/Makefile.in' seems to ignore the --datarootdir setting
config.status:1024: creating src/test_libs_common/Makefile
config.status:1127: WARNING:  'src/test_libs_common/Makefile.in' seems to ignore the --datarootdir setting
config.status:1024: creating src/test_libFLAC/Makefile
config.status:1127: WARNING:  'src/test_libFLAC/Makefile.in' seems to ignore the --datarootdir setting
config.status:1024: creating src/test_libFLAC++/Makefile
config.status:1127: WARNING:  'src/test_libFLAC++/Makefile.in' seems to ignore the --datarootdir setting
config.status:1024: creating src/test_seeking/Makefile
config.status:1127: WARNING:  'src/test_seeking/Makefile.in' seems to ignore the --datarootdir setting
config.status:1024: creating src/test_streams/Makefile
config.status:1127: WARNING:  'src/test_streams/Makefile.in' seems to ignore the --datarootdir setting
config.status:1024: creating examples/Makefile
config.status:1127: WARNING:  'examples/Makefile.in' seems to ignore the --datarootdir setting
config.status:1024: creating examples/c/Makefile
config.status:1127: WARNING:  'examples/c/Makefile.in' seems to ignore the --datarootdir setting
config.status:1024: creating examples/c/decode/Makefile
config.status:1127: WARNING:  'examples/c/decode/Makefile.in' seems to ignore the --datarootdir setting
config.status:1024: creating examples/c/decode/file/Makefile
config.status:1127: WARNING:  'examples/c/decode/file/Makefile.in' seems to ignore the --datarootdir setting
config.status:1024: creating examples/c/encode/Makefile
config.status:1127: WARNING:  'examples/c/encode/Makefile.in' seems to ignore the --datarootdir setting
config.status:1024: creating examples/c/encode/file/Makefile
config.status:1127: WARNING:  'examples/c/encode/file/Makefile.in' seems to ignore the --datarootdir setting
config.status:1024: creating examples/cpp/Makefile
config.status:1127: WARNING:  'examples/cpp/Makefile.in' seems to ignore the --datarootdir setting
config.status:1024: creating examples/cpp/decode/Makefile
config.status:1127: WARNING:  'examples/cpp/decode/Makefile.in' seems to ignore the --datarootdir setting
config.status:1024: creating examples/cpp/decode/file/Makefile
config.status:1127: WARNING:  'examples/cpp/decode/file/Makefile.in' seems to ignore the --datarootdir setting
config.status:1024: creating examples/cpp/encode/Makefile
config.status:1127: WARNING:  'examples/cpp/encode/Makefile.in' seems to ignore the --datarootdir setting
config.status:1024: creating examples/cpp/encode/file/Makefile
config.status:1127: WARNING:  'examples/cpp/encode/file/Makefile.in' seems to ignore the --datarootdir setting
config.status:1024: creating include/Makefile
config.status:1127: WARNING:  'include/Makefile.in' seems to ignore the --datarootdir setting
config.status:1024: creating include/FLAC/Makefile
config.status:1127: WARNING:  'include/FLAC/Makefile.in' seems to ignore the --datarootdir setting
config.status:1024: creating include/FLAC++/Makefile
config.status:1127: WARNING:  'include/FLAC++/Makefile.in' seems to ignore the --datarootdir setting
config.status:1024: creating include/share/Makefile
config.status:1127: WARNING:  'include/share/Makefile.in' seems to ignore the --datarootdir setting
config.status:1024: creating include/share/grabbag/Makefile
config.status:1127: WARNING:  'include/share/grabbag/Makefile.in' seems to ignore the --datarootdir setting
config.status:1024: creating include/test_libs_common/Makefile
config.status:1127: WARNING:  'include/test_libs_common/Makefile.in' seems to ignore the --datarootdir setting
config.status:1024: creating doc/Makefile
config.status:1127: WARNING:  'doc/Makefile.in' seems to ignore the --datarootdir setting
config.status:1024: creating doc/html/Makefile
config.status:1127: WARNING:  'doc/html/Makefile.in' seems to ignore the --datarootdir setting
config.status:1024: creating doc/html/images/Makefile
config.status:1127: WARNING:  'doc/html/images/Makefile.in' seems to ignore the --datarootdir setting
config.status:1024: creating doc/html/images/hw/Makefile
config.status:1127: WARNING:  'doc/html/images/hw/Makefile.in' seems to ignore the --datarootdir setting
config.status:1024: creating doc/html/ru/Makefile
config.status:1127: WARNING:  'doc/html/ru/Makefile.in' seems to ignore the --datarootdir setting
config.status:1024: creating m4/Makefile
config.status:1127: WARNING:  'm4/Makefile.in' seems to ignore the --datarootdir setting
config.status:1024: creating man/Makefile
config.status:1127: WARNING:  'man/Makefile.in' seems to ignore the --datarootdir setting
config.status:1024: creating test/Makefile
config.status:1127: WARNING:  'test/Makefile.in' seems to ignore the --datarootdir setting
config.status:1024: creating test/cuesheets/Makefile
config.status:1127: WARNING:  'test/cuesheets/Makefile.in' seems to ignore the --datarootdir setting
config.status:1024: creating test/flac-to-flac-metadata-test-files/Makefile
config.status:1127: WARNING:  'test/flac-to-flac-metadata-test-files/Makefile.in' seems to ignore the --datarootdir setting
config.status:1024: creating test/metaflac-test-files/Makefile
config.status:1127: WARNING:  'test/metaflac-test-files/Makefile.in' seems to ignore the --datarootdir setting
config.status:1024: creating test/pictures/Makefile
config.status:1127: WARNING:  'test/pictures/Makefile.in' seems to ignore the --datarootdir setting
config.status:1024: creating build/Makefile
config.status:1127: WARNING:  'build/Makefile.in' seems to ignore the --datarootdir setting
config.status:1024: creating obj/Makefile
config.status:1127: WARNING:  'obj/Makefile.in' seems to ignore the --datarootdir setting
config.status:1024: creating obj/debug/Makefile
config.status:1127: WARNING:  'obj/debug/Makefile.in' seems to ignore the --datarootdir setting
config.status:1024: creating obj/debug/bin/Makefile
config.status:1127: WARNING:  'obj/debug/bin/Makefile.in' seems to ignore the --datarootdir setting
config.status:1024: creating obj/debug/lib/Makefile
config.status:1127: WARNING:  'obj/debug/lib/Makefile.in' seems to ignore the --datarootdir setting
config.status:1024: creating obj/release/Makefile
config.status:1127: WARNING:  'obj/release/Makefile.in' seems to ignore the --datarootdir setting
config.status:1024: creating obj/release/bin/Makefile
config.status:1127: WARNING:  'obj/release/bin/Makefile.in' seems to ignore the --datarootdir setting
config.status:1024: creating obj/release/lib/Makefile
config.status:1127: WARNING:  'obj/release/lib/Makefile.in' seems to ignore the --datarootdir setting
config.status:1024: creating config.h
config.status:1246: executing depfiles commands

## ---------------- ##
## Cache variables. ##
## ---------------- ##

ac_cv_build=i686-apple-darwin11.4.0
ac_cv_c_bigendian=no
ac_cv_c_compiler_gnu=yes
ac_cv_cxx_compiler_gnu=yes
ac_cv_env_CCC_set=
ac_cv_env_CCC_value=
ac_cv_env_CC_set=
ac_cv_env_CC_value=
ac_cv_env_CFLAGS_set=
ac_cv_env_CFLAGS_value=
ac_cv_env_CPPFLAGS_set=
ac_cv_env_CPPFLAGS_value=
ac_cv_env_CPP_set=
ac_cv_env_CPP_value=
ac_cv_env_CXXCPP_set=
ac_cv_env_CXXCPP_value=
ac_cv_env_CXXFLAGS_set=
ac_cv_env_CXXFLAGS_value=
ac_cv_env_CXX_set=
ac_cv_env_CXX_value=
ac_cv_env_F77_set=
ac_cv_env_F77_value=
ac_cv_env_FFLAGS_set=
ac_cv_env_FFLAGS_value=
ac_cv_env_LDFLAGS_set=
ac_cv_env_LDFLAGS_value=
ac_cv_env_LIBS_set=
ac_cv_env_LIBS_value=
ac_cv_env_build_alias_set=
ac_cv_env_build_alias_value=
ac_cv_env_host_alias_set=
ac_cv_env_host_alias_value=
ac_cv_env_target_alias_set=
ac_cv_env_target_alias_value=
ac_cv_f77_compiler_gnu=no
ac_cv_func_getopt_long=yes
ac_cv_header_dlfcn_h=yes
ac_cv_header_inttypes_h=yes
ac_cv_header_memory_h=yes
ac_cv_header_stdc=yes
ac_cv_header_stdint_h=yes
ac_cv_header_stdlib_h=yes
ac_cv_header_string_h=yes
ac_cv_header_strings_h=yes
ac_cv_header_sys_stat_h=yes
ac_cv_header_sys_types_h=yes
ac_cv_header_unistd_h=yes
ac_cv_host=i686-apple-darwin11.4.0
ac_cv_objext=o
ac_cv_path_EGREP='/usr/bin/grep -E'
ac_cv_path_GREP=/usr/bin/grep
ac_cv_path_XMMS_CONFIG=no
ac_cv_path_install='/opt/local/bin/ginstall -c'
ac_cv_prog_AS=as
ac_cv_prog_AWK=gawk
ac_cv_prog_CPP='gcc -E'
ac_cv_prog_CXXCPP='g++ -E'
ac_cv_prog_NASM=nasm
ac_cv_prog_ac_ct_AR=ar
ac_cv_prog_ac_ct_CC=gcc
ac_cv_prog_ac_ct_CXX=g++
ac_cv_prog_ac_ct_RANLIB=ranlib
ac_cv_prog_ac_ct_STRIP=strip
ac_cv_prog_cc_c89=
ac_cv_prog_cc_g=yes
ac_cv_prog_cxx_g=yes
ac_cv_prog_f77_g=no
ac_cv_prog_make_make_set=yes
ac_cv_sizeof_voidp=8
ac_cv_sys_file_offset_bits=no
ac_cv_sys_largefile_CC=no
ac_cv_sys_largefile_source=no
ac_cv_type_socklen_t=no
acl_cv_hardcode_direct=no
acl_cv_hardcode_libdir_flag_spec=
acl_cv_hardcode_libdir_separator=
acl_cv_hardcode_minus_L=no
acl_cv_libext=a
acl_cv_path_LD=/usr/llvm-gcc-4.2/libexec/gcc/i686-apple-darwin11/4.2.1/ld
acl_cv_prog_gnu_ld=no
acl_cv_rpath=done
acl_cv_shlibext=dylib
acl_cv_wl=-Wl,
am_cv_CC_dependencies_compiler_type=gcc3
am_cv_CXX_dependencies_compiler_type=gcc3
am_cv_func_iconv=yes
am_cv_langinfo_codeset=yes
am_cv_lib_iconv=yes
am_cv_proto_iconv='extern size_t iconv (iconv_t cd, char * *inbuf, size_t *inbytesleft, char * *outbuf, size_t *outbytesleft);'
am_cv_proto_iconv_arg1=
lt_cv_deplibs_check_method=pass_all
lt_cv_file_magic_cmd='$MAGIC_CMD'
lt_cv_file_magic_test_file=
lt_cv_ld_reload_flag=-r
lt_cv_objdir=.libs
lt_cv_path_LD=/usr/llvm-gcc-4.2/libexec/gcc/i686-apple-darwin11/4.2.1/ld
lt_cv_path_LDCXX=/usr/llvm-gcc-4.2/libexec/gcc/i686-apple-darwin11/4.2.1/ld
lt_cv_path_NM=/usr/bin/nm
lt_cv_path_SED=/usr/bin/sed
lt_cv_prog_compiler_c_o=yes
lt_cv_prog_compiler_c_o_CXX=yes
lt_cv_prog_compiler_rtti_exceptions=no
lt_cv_prog_gnu_ld=no
lt_cv_prog_gnu_ldcxx=no
lt_cv_sys_global_symbol_pipe='sed -n -e '\''s/^.*[ 	]\([BCDEGRST][BCDEGRST]*\)[ 	][ 	]*_\([_A-Za-z][_A-Za-z0-9]*\)$/\1 _\2 \2/p'\'''
lt_cv_sys_global_symbol_to_c_name_address='sed -n -e '\''s/^: \([^ ]*\) $/  {\"\1\", (lt_ptr) 0},/p'\'' -e '\''s/^[BCDEGRST] \([^ ]*\) \([^ ]*\)$/  {"\2", (lt_ptr) \&\2},/p'\'''
lt_cv_sys_global_symbol_to_cdecl='sed -n -e '\''s/^. .* \(.*\)$/extern int \1;/p'\'''
lt_cv_sys_max_cmd_len=196608
lt_lt_cv_prog_compiler_c_o='"yes"'
lt_lt_cv_prog_compiler_c_o_CXX='"yes"'
lt_lt_cv_sys_global_symbol_pipe='"sed -n -e '\''s/^.*[ 	]\\([BCDEGRST][BCDEGRST]*\\)[ 	][ 	]*_\\([_A-Za-z][_A-Za-z0-9]*\\)\$/\\1 _\\2 \\2/p'\''"'
lt_lt_cv_sys_global_symbol_to_c_name_address='"sed -n -e '\''s/^: \\([^ ]*\\) \$/  {\\\"\\1\\\", (lt_ptr) 0},/p'\'' -e '\''s/^[BCDEGRST] \\([^ ]*\\) \\([^ ]*\\)\$/  {\"\\2\", (lt_ptr) \\&\\2},/p'\''"'
lt_lt_cv_sys_global_symbol_to_cdecl='"sed -n -e '\''s/^. .* \\(.*\\)\$/extern int \\1;/p'\''"'

## ----------------- ##
## Output variables. ##
## ----------------- ##

ACLOCAL='${SHELL} /Users/bryansmith/XBMC-PVR-mac/tools/darwin/depends/libflac/missing --run aclocal-1.7'
ACLOCAL_AMFLAGS='-I m4'
AMDEPBACKSLASH='\'
AMDEP_FALSE='#'
AMDEP_TRUE=''
AMTAR='${SHELL} /Users/bryansmith/XBMC-PVR-mac/tools/darwin/depends/libflac/missing --run tar'
AR='ar'
AS='gas'
AUTOCONF='${SHELL} /Users/bryansmith/XBMC-PVR-mac/tools/darwin/depends/libflac/missing --run autoconf'
AUTOHEADER='${SHELL} /Users/bryansmith/XBMC-PVR-mac/tools/darwin/depends/libflac/missing --run autoheader'
AUTOMAKE='${SHELL} /Users/bryansmith/XBMC-PVR-mac/tools/darwin/depends/libflac/missing --run automake-1.7'
AWK='gawk'
CC='gcc'
CCAS='$(CC)'
CCASFLAGS='$(CFLAGS)'
CCDEPMODE='depmode=gcc3'
CFLAGS='-O3 -funroll-loops -finline-functions -Wall -W -Winline -g -O2'
CPP='gcc -E'
CPPFLAGS='-DFLaC__INLINE=__inline__ -DNDEBUG -I$(top_builddir) -I$(srcdir)/include -I$(top_srcdir)/include '
CXX='g++'
CXXCPP='g++ -E'
CXXDEPMODE='depmode=gcc3'
CXXFLAGS='-g -O2'
CYGPATH_W='echo'
DEBUG_FALSE=''
DEBUG_TRUE='#'
DEFS='-DHAVE_CONFIG_H'
DEPDIR='.deps'
DOCBOOK_TO_MAN=''
DOXYGEN=''
ECHO='/bin/echo'
ECHO_C='\c'
ECHO_N=''
ECHO_T=''
EGREP='/usr/bin/grep -E'
EXEEXT=''
F77=''
FFLAGS=''
FLAC__TEST_LEVEL='1'
FLAC__TEST_WITH_VALGRIND='no'
FLaC__CPU_IA32_FALSE='#'
FLaC__CPU_IA32_TRUE=''
FLaC__CPU_PPC_FALSE=''
FLaC__CPU_PPC_TRUE='#'
FLaC__CPU_SPARC_FALSE=''
FLaC__CPU_SPARC_TRUE='#'
FLaC__HAS_AS_FALSE=''
FLaC__HAS_AS_TRUE='#'
FLaC__HAS_AS__TEMPORARILY_DISABLED_FALSE=''
FLaC__HAS_AS__TEMPORARILY_DISABLED_TRUE='#'
FLaC__HAS_DOCBOOK_TO_MAN_FALSE=''
FLaC__HAS_DOCBOOK_TO_MAN_TRUE='#'
FLaC__HAS_DOXYGEN_FALSE=''
FLaC__HAS_DOXYGEN_TRUE='#'
FLaC__HAS_GAS_FALSE='#'
FLaC__HAS_GAS_TRUE=''
FLaC__HAS_GAS__TEMPORARILY_DISABLED_FALSE=''
FLaC__HAS_GAS__TEMPORARILY_DISABLED_TRUE='#'
FLaC__HAS_NASM_FALSE='#'
FLaC__HAS_NASM_TRUE=''
FLaC__HAS_OGG_FALSE=''
FLaC__HAS_OGG_TRUE='#'
FLaC__HAS_XMMS_FALSE=''
FLaC__HAS_XMMS_TRUE='#'
FLaC__INSTALL_XMMS_PLUGIN_LOCALLY_FALSE=''
FLaC__INSTALL_XMMS_PLUGIN_LOCALLY_TRUE='#'
FLaC__NO_ASM_FALSE='#'
FLaC__NO_ASM_TRUE=''
FLaC__SSE_OS_FALSE=''
FLaC__SSE_OS_TRUE='#'
FLaC__SYS_DARWIN_FALSE='#'
FLaC__SYS_DARWIN_TRUE=''
FLaC__SYS_LINUX_FALSE=''
FLaC__SYS_LINUX_TRUE='#'
FLaC__USE_3DNOW_FALSE='#'
FLaC__USE_3DNOW_TRUE=''
FLaC__USE_ALTIVEC_FALSE='#'
FLaC__USE_ALTIVEC_TRUE=''
FLaC__WITH_CPPLIBS_FALSE='#'
FLaC__WITH_CPPLIBS_TRUE=''
GAS='gas'
GREP='/usr/bin/grep'
INSTALL_DATA='${INSTALL} -m 644'
INSTALL_PROGRAM='${INSTALL}'
INSTALL_SCRIPT='${INSTALL}'
INSTALL_STRIP_PROGRAM='${SHELL} $(install_sh) -c -s'
LDFLAGS=''
LIBICONV='-liconv'
LIBOBJS=''
LIBS=''
LIBTOOL='$(SHELL) $(top_builddir)/libtool'
LN_S='ln -s'
LTLIBICONV='-liconv'
LTLIBOBJS=''
MAINT='#'
MAINTAINER_MODE_FALSE=''
MAINTAINER_MODE_TRUE='#'
MAKEINFO='${SHELL} /Users/bryansmith/XBMC-PVR-mac/tools/darwin/depends/libflac/missing --run makeinfo'
MINGW_WINSOCK_LIBS=''
NASM='nasm'
OBJEXT='o'
OBJ_FORMAT='macho'
OGG_CFLAGS=''
OGG_LIBS=''
PACKAGE='flac'
PACKAGE_BUGREPORT=''
PACKAGE_NAME=''
PACKAGE_STRING=''
PACKAGE_TARNAME=''
PACKAGE_URL=''
PACKAGE_VERSION=''
PATH_SEPARATOR=':'
RANLIB='ranlib'
SET_MAKE=''
SHELL='/bin/sh'
STRIP='strip'
VERSION='1.2.1'
XMMS_CFLAGS=''
XMMS_CONFIG='no'
XMMS_DATA_DIR=''
XMMS_EFFECT_PLUGIN_DIR=''
XMMS_GENERAL_PLUGIN_DIR=''
XMMS_INPUT_PLUGIN_DIR=''
XMMS_LIBS=''
XMMS_OUTPUT_PLUGIN_DIR=''
XMMS_PLUGIN_DIR=''
XMMS_VERSION=''
XMMS_VISUALIZATION_PLUGIN_DIR=''
ac_ct_CC='gcc'
ac_ct_CXX='g++'
ac_ct_F77=''
am__fastdepCC_FALSE='#'
am__fastdepCC_TRUE=''
am__fastdepCXX_FALSE='#'
am__fastdepCXX_TRUE=''
am__include='include'
am__leading_dot='.'
am__quote=''
bindir='${exec_prefix}/bin'
build='i686-apple-darwin11.4.0'
build_alias=''
build_cpu='i686'
build_os='darwin11.4.0'
build_vendor='apple'
datadir='${datarootdir}'
datarootdir='${prefix}/share'
docdir='${datarootdir}/doc/${PACKAGE}'
dvidir='${docdir}'
exec_prefix='${prefix}'
host='i686-apple-darwin11.4.0'
host_alias=''
host_cpu='i686'
host_os='darwin11.4.0'
host_vendor='apple'
htmldir='${docdir}'
includedir='${prefix}/include'
infodir='${datarootdir}/info'
install_sh='/Users/bryansmith/XBMC-PVR-mac/tools/darwin/depends/libflac/install-sh'
libdir='${exec_prefix}/lib'
libexecdir='${exec_prefix}/libexec'
localedir='${datarootdir}/locale'
localstatedir='${prefix}/var'
mandir='${datarootdir}/man'
oldincludedir='/usr/include'
pdfdir='${docdir}'
prefix='/usr/local'
program_transform_name='s,x,x,'
psdir='${docdir}'
sbindir='${exec_prefix}/sbin'
sharedstatedir='${prefix}/com'
sysconfdir='${prefix}/etc'
target_alias=''

## ----------- ##
## confdefs.h. ##
## ----------- ##

/* confdefs.h */
#define PACKAGE_NAME ""
#define PACKAGE_TARNAME ""
#define PACKAGE_VERSION ""
#define PACKAGE_STRING ""
#define PACKAGE_BUGREPORT ""
#define PACKAGE_URL ""
#define PACKAGE "flac"
#define VERSION "1.2.1"
#define STDC_HEADERS 1
#define HAVE_SYS_TYPES_H 1
#define HAVE_SYS_STAT_H 1
#define HAVE_STDLIB_H 1
#define HAVE_STRING_H 1
#define HAVE_MEMORY_H 1
#define HAVE_STRINGS_H 1
#define HAVE_INTTYPES_H 1
#define HAVE_STDINT_H 1
#define HAVE_UNISTD_H 1
#define HAVE_DLFCN_H 1
#define HAVE_FSEEKO 1
#define SIZEOF_VOIDP 8
#define HAVE_GETOPT_LONG 1
#define FLAC__CPU_IA32 1
#define FLAC__SYS_DARWIN 1
#define FLAC__ALIGN_MALLOC_DATA 1
#define FLAC__NO_ASM 1
#define FLAC__USE_3DNOW 1
#define FLAC__USE_ALTIVEC 1
#define HAVE_ICONV 1
#define ICONV_CONST 
#define HAVE_LANGINFO_CODESET 1
#define FLAC__HAS_NASM 1
#define FLAC__HAS_GAS 1

configure: exit 0
