This file contains any messages produced by compilers while
running configure, to aid debugging if configure makes a mistake.

It was created by libjpeg-turbo configure 1.2.1, which was
generated by GNU Autoconf 2.69.  Invocation command line was

  $ ./configure 

## --------- ##
## Platform. ##
## --------- ##

hostname = Bryans-Mac-Pro.local
uname -m = x86_64
uname -r = 11.4.0
uname -s = Darwin
uname -v = Darwin Kernel Version 11.4.0: Mon Apr  9 19:32:15 PDT 2012; root:xnu-1699.26.8~1/RELEASE_X86_64

/usr/bin/uname -p = i386
/bin/uname -X     = unknown

/bin/arch              = unknown
/usr/bin/arch -k       = unknown
/usr/convex/getsysinfo = unknown
/usr/bin/hostinfo      = Mach kernel version:
	 Darwin Kernel Version 11.4.0: Mon Apr  9 19:32:15 PDT 2012; root:xnu-1699.26.8~1/RELEASE_X86_64
Kernel configured for up to 4 processors.
4 processors are physically available.
4 processors are logically available.
Processor type: i486 (Intel 80486)
Processors active: 0 1 2 3
Primary memory available: 8.00 gigabytes
Default processor set: 140 tasks, 672 threads, 4 processors
Load average: 0.83, Mach factor: 3.16
/bin/machine           = unknown
/usr/bin/oslevel       = unknown
/bin/universe          = unknown

PATH: $/opt/local/bin
PATH: /usr/bin
PATH: /bin
PATH: /usr/sbin
PATH: /sbin
PATH: /usr/local/bin
PATH: /usr/X11/bin
PATH: /usr/local/git/bin
PATH: /opt/libjpeg-turbo/lib
PATH: /opt/libjpeg-turbo/bin
PATH: /opt/libjpeg-turbo/include


## ----------- ##
## Core tests. ##
## ----------- ##

configure:2433: checking for a BSD-compatible install
configure:2501: result: /usr/bin/ginstall -c
configure:2512: checking whether build environment is sane
configure:2567: result: yes
configure:2718: checking for a thread-safe mkdir -p
configure:2757: result: /usr/bin/gmkdir -p
configure:2764: checking for gawk
configure:2780: found /usr/bin/gawk
configure:2791: result: gawk
configure:2802: checking whether make sets $(MAKE)
configure:2824: result: yes
configure:2926: checking for style of include used by make
configure:2954: result: GNU
configure:3025: checking for gcc
configure:3041: found /usr/bin/gcc
configure:3052: result: gcc
configure:3281: checking for C compiler version
configure:3290: gcc --version >&5
i686-apple-darwin11-llvm-gcc-4.2 (GCC) 4.2.1 (Based on Apple Inc. build 5658) (LLVM build 2336.9.00)
Copyright (C) 2007 Free Software Foundation, Inc.
This is free software; see the source for copying conditions.  There is NO
warranty; not even for MERCHANTABILITY or FITNESS FOR A PARTICULAR PURPOSE.

configure:3301: $? = 0
configure:3290: gcc -v >&5
Using built-in specs.
Target: i686-apple-darwin11
Configured with: /private/var/tmp/llvmgcc42/llvmgcc42-2336.9~22/src/configure --disable-checking --enable-werror --prefix=/Applications/Xcode.app/Contents/Developer/usr/llvm-gcc-4.2 --mandir=/share/man --enable-languages=c,objc,c++,obj-c++ --program-prefix=llvm- --program-transform-name=/^[cg][^.-]*$/s/$/-4.2/ --with-slibdir=/usr/lib --build=i686-apple-darwin11 --enable-llvm=/private/var/tmp/llvmgcc42/llvmgcc42-2336.9~22/dst-llvmCore/Developer/usr/local --program-prefix=i686-apple-darwin11- --host=x86_64-apple-darwin11 --target=i686-apple-darwin11 --with-gxx-include-dir=/usr/include/c++/4.2.1
Thread model: posix
gcc version 4.2.1 (Based on Apple Inc. build 5658) (LLVM build 2336.9.00)
configure:3301: $? = 0
configure:3290: gcc -V >&5
llvm-gcc-4.2: argument to `-V' is missing
configure:3301: $? = 1
configure:3290: gcc -qversion >&5
i686-apple-darwin11-llvm-gcc-4.2: no input files
configure:3301: $? = 1
configure:3321: checking whether the C compiler works
configure:3343: gcc    conftest.c  >&5
configure:3347: $? = 0
configure:3395: result: yes
configure:3398: checking for C compiler default output file name
configure:3400: result: a.out
configure:3406: checking for suffix of executables
configure:3413: gcc -o conftest    conftest.c  >&5
configure:3417: $? = 0
configure:3439: result: 
configure:3461: checking whether we are cross compiling
configure:3469: gcc -o conftest    conftest.c  >&5
configure:3473: $? = 0
configure:3480: ./conftest
configure:3484: $? = 0
configure:3499: result: no
configure:3504: checking for suffix of object files
configure:3526: gcc -c   conftest.c >&5
configure:3530: $? = 0
configure:3551: result: o
configure:3555: checking whether we are using the GNU C compiler
configure:3574: gcc -c   conftest.c >&5
configure:3574: $? = 0
configure:3583: result: yes
configure:3592: checking whether gcc accepts -g
configure:3612: gcc -c -g  conftest.c >&5
configure:3612: $? = 0
configure:3653: result: yes
configure:3670: checking for gcc option to accept ISO C89
configure:3733: gcc  -c -g -O2  conftest.c >&5
configure:3733: $? = 0
configure:3746: result: none needed
configure:3768: checking dependency style of gcc
configure:3879: result: gcc3
configure:3899: checking how to run the C preprocessor
configure:3930: gcc -E  conftest.c
configure:3930: $? = 0
configure:3944: gcc -E  conftest.c
conftest.c:12:28: error: ac_nonexistent.h: No such file or directory
configure:3944: $? = 1
configure: failed program was:
| /* confdefs.h */
| #define PACKAGE_NAME "libjpeg-turbo"
| #define PACKAGE_TARNAME "libjpeg-turbo"
| #define PACKAGE_VERSION "1.2.1"
| #define PACKAGE_STRING "libjpeg-turbo 1.2.1"
| #define PACKAGE_BUGREPORT ""
| #define PACKAGE_URL ""
| #define PACKAGE "libjpeg-turbo"
| #define VERSION "1.2.1"
| #define HAVE_PROTOTYPES 1
| /* end confdefs.h.  */
| #include <ac_nonexistent.h>
configure:3969: result: gcc -E
configure:3989: gcc -E  conftest.c
configure:3989: $? = 0
configure:4003: gcc -E  conftest.c
conftest.c:12:28: error: ac_nonexistent.h: No such file or directory
configure:4003: $? = 1
configure: failed program was:
| /* confdefs.h */
| #define PACKAGE_NAME "libjpeg-turbo"
| #define PACKAGE_TARNAME "libjpeg-turbo"
| #define PACKAGE_VERSION "1.2.1"
| #define PACKAGE_STRING "libjpeg-turbo 1.2.1"
| #define PACKAGE_BUGREPORT ""
| #define PACKAGE_URL ""
| #define PACKAGE "libjpeg-turbo"
| #define VERSION "1.2.1"
| #define HAVE_PROTOTYPES 1
| /* end confdefs.h.  */
| #include <ac_nonexistent.h>
configure:4079: checking for gcc
configure:4106: result: gcc
configure:4335: checking for C compiler version
configure:4344: gcc --version >&5
i686-apple-darwin11-llvm-gcc-4.2 (GCC) 4.2.1 (Based on Apple Inc. build 5658) (LLVM build 2336.9.00)
Copyright (C) 2007 Free Software Foundation, Inc.
This is free software; see the source for copying conditions.  There is NO
warranty; not even for MERCHANTABILITY or FITNESS FOR A PARTICULAR PURPOSE.

configure:4355: $? = 0
configure:4344: gcc -v >&5
Using built-in specs.
Target: i686-apple-darwin11
Configured with: /private/var/tmp/llvmgcc42/llvmgcc42-2336.9~22/src/configure --disable-checking --enable-werror --prefix=/Applications/Xcode.app/Contents/Developer/usr/llvm-gcc-4.2 --mandir=/share/man --enable-languages=c,objc,c++,obj-c++ --program-prefix=llvm- --program-transform-name=/^[cg][^.-]*$/s/$/-4.2/ --with-slibdir=/usr/lib --build=i686-apple-darwin11 --enable-llvm=/private/var/tmp/llvmgcc42/llvmgcc42-2336.9~22/dst-llvmCore/Developer/usr/local --program-prefix=i686-apple-darwin11- --host=x86_64-apple-darwin11 --target=i686-apple-darwin11 --with-gxx-include-dir=/usr/include/c++/4.2.1
Thread model: posix
gcc version 4.2.1 (Based on Apple Inc. build 5658) (LLVM build 2336.9.00)
configure:4355: $? = 0
configure:4344: gcc -V >&5
llvm-gcc-4.2: argument to `-V' is missing
configure:4355: $? = 1
configure:4344: gcc -qversion >&5
i686-apple-darwin11-llvm-gcc-4.2: no input files
configure:4355: $? = 1
configure:4359: checking whether we are using the GNU C compiler
configure:4387: result: yes
configure:4396: checking whether gcc accepts -g
configure:4457: result: yes
configure:4474: checking for gcc option to accept ISO C89
configure:4550: result: none needed
configure:4572: checking dependency style of gcc
configure:4683: result: gcc3
configure:4707: checking dependency style of gcc
configure:4816: result: gcc3
configure:4861: checking build system type
configure:4875: result: x86_64-apple-darwin11.4.0
configure:4895: checking host system type
configure:4908: result: x86_64-apple-darwin11.4.0
configure:4949: checking how to print strings
configure:4976: result: printf
configure:4997: checking for a sed that does not truncate output
configure:5061: result: /usr/bin/sed
configure:5079: checking for grep that handles long lines and -e
configure:5137: result: /usr/bin/grep
configure:5142: checking for egrep
configure:5204: result: /usr/bin/grep -E
configure:5209: checking for fgrep
configure:5271: result: /usr/bin/grep -F
configure:5306: checking for ld used by gcc
configure:5373: result: /usr/llvm-gcc-4.2/libexec/gcc/i686-apple-darwin11/4.2.1/ld
configure:5380: checking if the linker (/usr/llvm-gcc-4.2/libexec/gcc/i686-apple-darwin11/4.2.1/ld) is GNU ld
configure:5395: result: no
configure:5407: checking for BSD- or MS-compatible name lister (nm)
configure:5456: result: /usr/bin/nm
configure:5586: checking the name lister (/usr/bin/nm) interface
configure:5593: gcc -c -g -O2  conftest.c >&5
configure:5596: /usr/bin/nm "conftest.o"
configure:5599: output
00000000000001d0 S _some_variable
configure:5606: result: BSD nm
configure:5609: checking whether ln -s works
configure:5613: result: yes
configure:5621: checking the maximum length of command line arguments
configure:5751: result: 196608
configure:5768: checking whether the shell understands some XSI constructs
configure:5778: result: yes
configure:5782: checking whether the shell understands "+="
configure:5788: result: yes
configure:5823: checking how to convert x86_64-apple-darwin11.4.0 file names to x86_64-apple-darwin11.4.0 format
configure:5863: result: func_convert_file_noop
configure:5870: checking how to convert x86_64-apple-darwin11.4.0 file names to toolchain format
configure:5890: result: func_convert_file_noop
configure:5897: checking for /usr/llvm-gcc-4.2/libexec/gcc/i686-apple-darwin11/4.2.1/ld option to reload object files
configure:5904: result: -r
configure:5978: checking for objdump
configure:6008: result: no
configure:6037: checking how to recognize dependent libraries
configure:6239: result: pass_all
configure:6324: checking for dlltool
configure:6354: result: no
configure:6384: checking how to associate runtime and link libraries
configure:6411: result: printf %s\n
configure:6472: checking for ar
configure:6488: found /usr/bin/ar
configure:6499: result: ar
configure:6536: checking for archiver @FILE support
configure:6553: gcc -c -g -O2  conftest.c >&5
configure:6553: $? = 0
configure:6556: ar cru libconftest.a @conftest.lst >&5
ar: @conftest.lst: No such file or directory
configure:6559: $? = 1
configure:6579: result: no
configure:6637: checking for strip
configure:6653: found /usr/bin/strip
configure:6664: result: strip
configure:6736: checking for ranlib
configure:6752: found /usr/bin/ranlib
configure:6763: result: ranlib
configure:6865: checking command to parse /usr/bin/nm output from gcc object
configure:6985: gcc -c -g -O2  conftest.c >&5
configure:6988: $? = 0
configure:6992: /usr/bin/nm conftest.o \| sed -n -e 's/^.*[ ]\([BCDEGRST][BCDEGRST]*\)[ ][ ]*\([_A-Za-z][_A-Za-z0-9]*\)$/\1 \2 \2/p' | sed '/ __gnu_lto/d' \> conftest.nm
configure:6995: $? = 0
cannot find nm_test_var in conftest.nm
configure:6985: gcc -c -g -O2  conftest.c >&5
configure:6988: $? = 0
configure:6992: /usr/bin/nm conftest.o \| sed -n -e 's/^.*[ ]\([BCDEGRST][BCDEGRST]*\)[ ][ ]*_\([_A-Za-z][_A-Za-z0-9]*\)$/\1 _\2 \2/p' | sed '/ __gnu_lto/d' \> conftest.nm
configure:6995: $? = 0
configure:7061: gcc -o conftest -g -O2   conftest.c conftstm.o >&5
configure:7064: $? = 0
configure:7102: result: ok
configure:7139: checking for sysroot
configure:7169: result: no
configure:7425: checking for mt
configure:7455: result: no
configure:7475: checking if : is a manifest tool
configure:7481: : '-?'
configure:7489: result: no
configure:7545: checking for dsymutil
configure:7561: found /usr/bin/dsymutil
configure:7572: result: dsymutil
configure:7637: checking for nmedit
configure:7653: found /usr/bin/nmedit
configure:7664: result: nmedit
configure:7729: checking for lipo
configure:7745: found /usr/bin/lipo
configure:7756: result: lipo
configure:7821: checking for otool
configure:7837: found /usr/bin/otool
configure:7848: result: otool
configure:7913: checking for otool64
configure:7943: result: no
configure:7988: checking for -single_module linker flag
gcc -g -O2  -o libconftest.dylib -dynamiclib -Wl,-single_module conftest.c
configure:8021: result: yes
configure:8024: checking for -exported_symbols_list linker flag
configure:8044: gcc -o conftest -g -O2   -Wl,-exported_symbols_list,conftest.sym conftest.c  >&5
configure:8044: $? = 0
configure:8054: result: yes
configure:8057: checking for -force_load linker flag
gcc -g -O2 -c -o conftest.o conftest.c
ar cru libconftest.a conftest.o
ranlib libconftest.a
gcc -g -O2  -o conftest conftest.c -Wl,-force_load,./libconftest.a
configure:8089: result: yes
configure:8127: checking for ANSI C header files
configure:8147: gcc -c -g -O2  conftest.c >&5
configure:8147: $? = 0
configure:8220: gcc -o conftest -g -O2   conftest.c  >&5
configure:8220: $? = 0
configure:8220: ./conftest
configure:8220: $? = 0
configure:8231: result: yes
configure:8244: checking for sys/types.h
configure:8244: gcc -c -g -O2  conftest.c >&5
configure:8244: $? = 0
configure:8244: result: yes
configure:8244: checking for sys/stat.h
configure:8244: gcc -c -g -O2  conftest.c >&5
configure:8244: $? = 0
configure:8244: result: yes
configure:8244: checking for stdlib.h
configure:8244: gcc -c -g -O2  conftest.c >&5
configure:8244: $? = 0
configure:8244: result: yes
configure:8244: checking for string.h
configure:8244: gcc -c -g -O2  conftest.c >&5
configure:8244: $? = 0
configure:8244: result: yes
configure:8244: checking for memory.h
configure:8244: gcc -c -g -O2  conftest.c >&5
configure:8244: $? = 0
configure:8244: result: yes
configure:8244: checking for strings.h
configure:8244: gcc -c -g -O2  conftest.c >&5
configure:8244: $? = 0
configure:8244: result: yes
configure:8244: checking for inttypes.h
configure:8244: gcc -c -g -O2  conftest.c >&5
configure:8244: $? = 0
configure:8244: result: yes
configure:8244: checking for stdint.h
configure:8244: gcc -c -g -O2  conftest.c >&5
configure:8244: $? = 0
configure:8244: result: yes
configure:8244: checking for unistd.h
configure:8244: gcc -c -g -O2  conftest.c >&5
configure:8244: $? = 0
configure:8244: result: yes
configure:8258: checking for dlfcn.h
configure:8258: gcc -c -g -O2  conftest.c >&5
configure:8258: $? = 0
configure:8258: result: yes
configure:8464: checking for objdir
configure:8479: result: .libs
configure:8746: checking if gcc supports -fno-rtti -fno-exceptions
configure:8764: gcc -c -g -O2  -fno-rtti -fno-exceptions conftest.c >&5
cc1: warning: command line option "-fno-rtti" is valid for C++/ObjC++ but not for C
configure:8768: $? = 0
configure:8781: result: no
configure:9108: checking for gcc option to produce PIC
configure:9115: result: -fno-common -DPIC
configure:9123: checking if gcc PIC flag -fno-common -DPIC works
configure:9141: gcc -c -g -O2  -fno-common -DPIC -DPIC conftest.c >&5
configure:9145: $? = 0
configure:9158: result: yes
configure:9187: checking if gcc static flag -static works
configure:9215: result: no
configure:9230: checking if gcc supports -c -o file.o
configure:9251: gcc -c -g -O2  -o out/conftest2.o conftest.c >&5
configure:9255: $? = 0
configure:9277: result: yes
configure:9285: checking if gcc supports -c -o file.o
configure:9332: result: yes
configure:9365: checking whether the gcc linker (/usr/llvm-gcc-4.2/libexec/gcc/i686-apple-darwin11/4.2.1/ld) supports shared libraries
configure:10518: result: yes
configure:10758: checking dynamic linker characteristics
configure:11491: result: darwin11.4.0 dyld
configure:11598: checking how to hardcode library paths into programs
configure:11623: result: immediate
configure:12163: checking whether stripping libraries is possible
configure:12177: result: yes
configure:12203: checking if libtool supports shared libraries
configure:12205: result: yes
configure:12208: checking whether to build shared libraries
configure:12229: result: yes
configure:12232: checking whether to build static libraries
configure:12236: result: yes
configure:12273: checking whether ln -s works
configure:12277: result: yes
configure:12286: checking whether compiler supports pointers to undefined structures
configure:12299: gcc -c -g -O2  conftest.c >&5
configure:12299: $? = 0
configure:12300: result: yes
configure:12320: checking whether __SUNPRO_C is declared
configure:12320: gcc -c -O3 -Wall conftest.c >&5
conftest.c: In function 'main':
conftest.c:64: error: '__SUNPRO_C' undeclared (first use in this function)
conftest.c:64: error: (Each undeclared identifier is reported only once
conftest.c:64: error: for each function it appears in.)
configure:12320: $? = 1
configure: failed program was:
| /* confdefs.h */
| #define PACKAGE_NAME "libjpeg-turbo"
| #define PACKAGE_TARNAME "libjpeg-turbo"
| #define PACKAGE_VERSION "1.2.1"
| #define PACKAGE_STRING "libjpeg-turbo 1.2.1"
| #define PACKAGE_BUGREPORT ""
| #define PACKAGE_URL ""
| #define PACKAGE "libjpeg-turbo"
| #define VERSION "1.2.1"
| #define HAVE_PROTOTYPES 1
| #define STDC_HEADERS 1
| #define HAVE_SYS_TYPES_H 1
| #define HAVE_SYS_STAT_H 1
| #define HAVE_STDLIB_H 1
| #define HAVE_STRING_H 1
| #define HAVE_MEMORY_H 1
| #define HAVE_STRINGS_H 1
| #define HAVE_INTTYPES_H 1
| #define HAVE_STDINT_H 1
| #define HAVE_UNISTD_H 1
| #define HAVE_DLFCN_H 1
| #define LT_OBJDIR ".libs/"
| /* end confdefs.h.  */
| #include <stdio.h>
| #ifdef HAVE_SYS_TYPES_H
| # include <sys/types.h>
| #endif
| #ifdef HAVE_SYS_STAT_H
| # include <sys/stat.h>
| #endif
| #ifdef STDC_HEADERS
| # include <stdlib.h>
| # include <stddef.h>
| #else
| # ifdef HAVE_STDLIB_H
| #  include <stdlib.h>
| # endif
| #endif
| #ifdef HAVE_STRING_H
| # if !defined STDC_HEADERS && defined HAVE_MEMORY_H
| #  include <memory.h>
| # endif
| # include <string.h>
| #endif
| #ifdef HAVE_STRINGS_H
| # include <strings.h>
| #endif
| #ifdef HAVE_INTTYPES_H
| # include <inttypes.h>
| #endif
| #ifdef HAVE_STDINT_H
| # include <stdint.h>
| #endif
| #ifdef HAVE_UNISTD_H
| # include <unistd.h>
| #endif
| int
| main ()
| {
| #ifndef __SUNPRO_C
| #ifdef __cplusplus
|   (void) __SUNPRO_C;
| #else
|   (void) __SUNPRO_C;
| #endif
| #endif
| 
|   ;
|   return 0;
| }
configure:12320: result: no
configure:12336: checking for ANSI C header files
configure:12440: result: yes
configure:12451: checking stddef.h usability
configure:12451: gcc -c -O3 -Wall conftest.c >&5
configure:12451: $? = 0
configure:12451: result: yes
configure:12451: checking stddef.h presence
configure:12451: gcc -E -Wall conftest.c
configure:12451: $? = 0
configure:12451: result: yes
configure:12451: checking for stddef.h
configure:12451: result: yes
configure:12451: checking for stdlib.h
configure:12451: result: yes
configure:12451: checking for string.h
configure:12451: result: yes
configure:12461: checking for sys/types.h
configure:12461: result: yes
configure:12471: checking for an ANSI C-conforming const
configure:12537: gcc -c -O3 -Wall conftest.c >&5
configure:12537: $? = 0
configure:12544: result: yes
configure:12552: checking whether char is unsigned
configure:12571: gcc -c -O3 -Wall conftest.c >&5
configure:12571: $? = 0
configure:12578: result: no
configure:12585: checking for inline
configure:12601: gcc -c -O3 -Wall conftest.c >&5
configure:12601: $? = 0
configure:12609: result: inline
configure:12627: checking for size_t
configure:12627: gcc -c -O3 -Wall conftest.c >&5
configure:12627: $? = 0
configure:12627: gcc -c -O3 -Wall conftest.c >&5
conftest.c: In function 'main':
conftest.c:65: error: expected expression before ')' token
configure:12627: $? = 1
configure: failed program was:
| /* confdefs.h */
| #define PACKAGE_NAME "libjpeg-turbo"
| #define PACKAGE_TARNAME "libjpeg-turbo"
| #define PACKAGE_VERSION "1.2.1"
| #define PACKAGE_STRING "libjpeg-turbo 1.2.1"
| #define PACKAGE_BUGREPORT ""
| #define PACKAGE_URL ""
| #define PACKAGE "libjpeg-turbo"
| #define VERSION "1.2.1"
| #define HAVE_PROTOTYPES 1
| #define STDC_HEADERS 1
| #define HAVE_SYS_TYPES_H 1
| #define HAVE_SYS_STAT_H 1
| #define HAVE_STDLIB_H 1
| #define HAVE_STRING_H 1
| #define HAVE_MEMORY_H 1
| #define HAVE_STRINGS_H 1
| #define HAVE_INTTYPES_H 1
| #define HAVE_STDINT_H 1
| #define HAVE_UNISTD_H 1
| #define HAVE_DLFCN_H 1
| #define LT_OBJDIR ".libs/"
| #define STDC_HEADERS 1
| #define HAVE_STDDEF_H 1
| #define HAVE_STDLIB_H 1
| #define HAVE_STRING_H 1
| #define NEED_SYS_TYPES_H 1
| /* end confdefs.h.  */
| #include <stdio.h>
| #ifdef HAVE_SYS_TYPES_H
| # include <sys/types.h>
| #endif
| #ifdef HAVE_SYS_STAT_H
| # include <sys/stat.h>
| #endif
| #ifdef STDC_HEADERS
| # include <stdlib.h>
| # include <stddef.h>
| #else
| # ifdef HAVE_STDLIB_H
| #  include <stdlib.h>
| # endif
| #endif
| #ifdef HAVE_STRING_H
| # if !defined STDC_HEADERS && defined HAVE_MEMORY_H
| #  include <memory.h>
| # endif
| # include <string.h>
| #endif
| #ifdef HAVE_STRINGS_H
| # include <strings.h>
| #endif
| #ifdef HAVE_INTTYPES_H
| # include <inttypes.h>
| #endif
| #ifdef HAVE_STDINT_H
| # include <stdint.h>
| #endif
| #ifdef HAVE_UNISTD_H
| # include <unistd.h>
| #endif
| int
| main ()
| {
| if (sizeof ((size_t)))
| 	    return 0;
|   ;
|   return 0;
| }
configure:12627: result: yes
configure:12638: checking for unsigned char
configure:12638: gcc -c -O3 -Wall conftest.c >&5
configure:12638: $? = 0
configure:12638: gcc -c -O3 -Wall conftest.c >&5
conftest.c: In function 'main':
conftest.c:65: error: expected expression before ')' token
configure:12638: $? = 1
configure: failed program was:
| /* confdefs.h */
| #define PACKAGE_NAME "libjpeg-turbo"
| #define PACKAGE_TARNAME "libjpeg-turbo"
| #define PACKAGE_VERSION "1.2.1"
| #define PACKAGE_STRING "libjpeg-turbo 1.2.1"
| #define PACKAGE_BUGREPORT ""
| #define PACKAGE_URL ""
| #define PACKAGE "libjpeg-turbo"
| #define VERSION "1.2.1"
| #define HAVE_PROTOTYPES 1
| #define STDC_HEADERS 1
| #define HAVE_SYS_TYPES_H 1
| #define HAVE_SYS_STAT_H 1
| #define HAVE_STDLIB_H 1
| #define HAVE_STRING_H 1
| #define HAVE_MEMORY_H 1
| #define HAVE_STRINGS_H 1
| #define HAVE_INTTYPES_H 1
| #define HAVE_STDINT_H 1
| #define HAVE_UNISTD_H 1
| #define HAVE_DLFCN_H 1
| #define LT_OBJDIR ".libs/"
| #define STDC_HEADERS 1
| #define HAVE_STDDEF_H 1
| #define HAVE_STDLIB_H 1
| #define HAVE_STRING_H 1
| #define NEED_SYS_TYPES_H 1
| /* end confdefs.h.  */
| #include <stdio.h>
| #ifdef HAVE_SYS_TYPES_H
| # include <sys/types.h>
| #endif
| #ifdef HAVE_SYS_STAT_H
| # include <sys/stat.h>
| #endif
| #ifdef STDC_HEADERS
| # include <stdlib.h>
| # include <stddef.h>
| #else
| # ifdef HAVE_STDLIB_H
| #  include <stdlib.h>
| # endif
| #endif
| #ifdef HAVE_STRING_H
| # if !defined STDC_HEADERS && defined HAVE_MEMORY_H
| #  include <memory.h>
| # endif
| # include <string.h>
| #endif
| #ifdef HAVE_STRINGS_H
| # include <strings.h>
| #endif
| #ifdef HAVE_INTTYPES_H
| # include <inttypes.h>
| #endif
| #ifdef HAVE_STDINT_H
| # include <stdint.h>
| #endif
| #ifdef HAVE_UNISTD_H
| # include <unistd.h>
| #endif
| int
| main ()
| {
| if (sizeof ((unsigned char)))
| 	    return 0;
|   ;
|   return 0;
| }
configure:12638: result: yes
configure:12647: checking for unsigned short
configure:12647: gcc -c -O3 -Wall conftest.c >&5
configure:12647: $? = 0
configure:12647: gcc -c -O3 -Wall conftest.c >&5
conftest.c: In function 'main':
conftest.c:66: error: expected expression before ')' token
configure:12647: $? = 1
configure: failed program was:
| /* confdefs.h */
| #define PACKAGE_NAME "libjpeg-turbo"
| #define PACKAGE_TARNAME "libjpeg-turbo"
| #define PACKAGE_VERSION "1.2.1"
| #define PACKAGE_STRING "libjpeg-turbo 1.2.1"
| #define PACKAGE_BUGREPORT ""
| #define PACKAGE_URL ""
| #define PACKAGE "libjpeg-turbo"
| #define VERSION "1.2.1"
| #define HAVE_PROTOTYPES 1
| #define STDC_HEADERS 1
| #define HAVE_SYS_TYPES_H 1
| #define HAVE_SYS_STAT_H 1
| #define HAVE_STDLIB_H 1
| #define HAVE_STRING_H 1
| #define HAVE_MEMORY_H 1
| #define HAVE_STRINGS_H 1
| #define HAVE_INTTYPES_H 1
| #define HAVE_STDINT_H 1
| #define HAVE_UNISTD_H 1
| #define HAVE_DLFCN_H 1
| #define LT_OBJDIR ".libs/"
| #define STDC_HEADERS 1
| #define HAVE_STDDEF_H 1
| #define HAVE_STDLIB_H 1
| #define HAVE_STRING_H 1
| #define NEED_SYS_TYPES_H 1
| #define HAVE_UNSIGNED_CHAR 1
| /* end confdefs.h.  */
| #include <stdio.h>
| #ifdef HAVE_SYS_TYPES_H
| # include <sys/types.h>
| #endif
| #ifdef HAVE_SYS_STAT_H
| # include <sys/stat.h>
| #endif
| #ifdef STDC_HEADERS
| # include <stdlib.h>
| # include <stddef.h>
| #else
| # ifdef HAVE_STDLIB_H
| #  include <stdlib.h>
| # endif
| #endif
| #ifdef HAVE_STRING_H
| # if !defined STDC_HEADERS && defined HAVE_MEMORY_H
| #  include <memory.h>
| # endif
| # include <string.h>
| #endif
| #ifdef HAVE_STRINGS_H
| # include <strings.h>
| #endif
| #ifdef HAVE_INTTYPES_H
| # include <inttypes.h>
| #endif
| #ifdef HAVE_STDINT_H
| # include <stdint.h>
| #endif
| #ifdef HAVE_UNISTD_H
| # include <unistd.h>
| #endif
| int
| main ()
| {
| if (sizeof ((unsigned short)))
| 	    return 0;
|   ;
|   return 0;
| }
configure:12647: result: yes
configure:12658: checking if right shift is signed
configure:12687: gcc -o conftest -O3 -Wall  conftest.c  >&5
conftest.c: In function 'main':
conftest.c:49: warning: implicit declaration of function 'exit'
conftest.c:49: warning: incompatible implicit declaration of built-in function 'exit'
configure:12687: $? = 0
configure:12687: ./conftest
configure:12687: $? = 1
configure: program exited with status 1
configure: failed program was:
| /* confdefs.h */
| #define PACKAGE_NAME "libjpeg-turbo"
| #define PACKAGE_TARNAME "libjpeg-turbo"
| #define PACKAGE_VERSION "1.2.1"
| #define PACKAGE_STRING "libjpeg-turbo 1.2.1"
| #define PACKAGE_BUGREPORT ""
| #define PACKAGE_URL ""
| #define PACKAGE "libjpeg-turbo"
| #define VERSION "1.2.1"
| #define HAVE_PROTOTYPES 1
| #define STDC_HEADERS 1
| #define HAVE_SYS_TYPES_H 1
| #define HAVE_SYS_STAT_H 1
| #define HAVE_STDLIB_H 1
| #define HAVE_STRING_H 1
| #define HAVE_MEMORY_H 1
| #define HAVE_STRINGS_H 1
| #define HAVE_INTTYPES_H 1
| #define HAVE_STDINT_H 1
| #define HAVE_UNISTD_H 1
| #define HAVE_DLFCN_H 1
| #define LT_OBJDIR ".libs/"
| #define STDC_HEADERS 1
| #define HAVE_STDDEF_H 1
| #define HAVE_STDLIB_H 1
| #define HAVE_STRING_H 1
| #define NEED_SYS_TYPES_H 1
| #define HAVE_UNSIGNED_CHAR 1
| #define HAVE_UNSIGNED_SHORT 1
| /* end confdefs.h.  */
| #include <stdio.h>
| 	 int is_shifting_signed (long arg) {
| 	 long res = arg >> 4;
| 
| 	 if (res == -0x7F7E80CL)
| 		return 1; /* right shift is signed */
| 
| 	 /* see if unsigned-shift hack will fix it. */
| 	 /* we can't just test exact value since it depends on width of long... */
| 	 res |= (~0L) << (32-4);
| 	 if (res == -0x7F7E80CL)
| 		return 0; /* right shift is unsigned */
| 
| 	 printf("Right shift isn't acting as I expect it to.\n");
| 	 printf("I fear the JPEG software will not work at all.\n\n");
| 	 return 0; /* try it with unsigned anyway */
| 	 }
| 	 int main (void) {
| 		exit(is_shifting_signed(-0x7F7E80B1L));
| 	 }
configure:12694: result: yes
configure:12703: checking for short external names
configure:12717: gcc -o conftest -O3 -Wall  conftest.c  >&5
configure:12717: $? = 0
configure:12718: result: ok
configure:12734: checking for memset
configure:12734: gcc -o conftest -O3 -Wall  conftest.c  >&5
conftest.c:54: warning: conflicting types for built-in function 'memset'
configure:12734: $? = 0
configure:12734: result: yes
configure:12734: checking for memcpy
configure:12734: gcc -o conftest -O3 -Wall  conftest.c  >&5
conftest.c:55: warning: conflicting types for built-in function 'memcpy'
configure:12734: $? = 0
configure:12734: result: yes
configure:12748: checking libjpeg API version
configure:12776: result: 6.2
configure:12784: checking libjpeg shared library version
configure:12800: result: 62:0
configure:12818: checking whether the linker supports version scripts
configure:12838: gcc -o conftest -O3 -Wall  -Wl,--version-script,conftest.map conftest.c  >&5
ld: unknown option: --version-script
collect2: ld returned 1 exit status
configure:12838: $? = 1
configure: failed program was:
| /* confdefs.h */
| #define PACKAGE_NAME "libjpeg-turbo"
| #define PACKAGE_TARNAME "libjpeg-turbo"
| #define PACKAGE_VERSION "1.2.1"
| #define PACKAGE_STRING "libjpeg-turbo 1.2.1"
| #define PACKAGE_BUGREPORT ""
| #define PACKAGE_URL ""
| #define PACKAGE "libjpeg-turbo"
| #define VERSION "1.2.1"
| #define HAVE_PROTOTYPES 1
| #define STDC_HEADERS 1
| #define HAVE_SYS_TYPES_H 1
| #define HAVE_SYS_STAT_H 1
| #define HAVE_STDLIB_H 1
| #define HAVE_STRING_H 1
| #define HAVE_MEMORY_H 1
| #define HAVE_STRINGS_H 1
| #define HAVE_INTTYPES_H 1
| #define HAVE_STDINT_H 1
| #define HAVE_UNISTD_H 1
| #define HAVE_DLFCN_H 1
| #define LT_OBJDIR ".libs/"
| #define STDC_HEADERS 1
| #define HAVE_STDDEF_H 1
| #define HAVE_STDLIB_H 1
| #define HAVE_STRING_H 1
| #define NEED_SYS_TYPES_H 1
| #define HAVE_UNSIGNED_CHAR 1
| #define HAVE_UNSIGNED_SHORT 1
| #define HAVE_MEMSET 1
| #define HAVE_MEMCPY 1
| #define JPEG_LIB_VERSION 62
| #define LIBJPEG_TURBO_VERSION 1.2.1
| /* end confdefs.h.  */
| 
| int
| main ()
| {
| 
|   ;
|   return 0;
| }
configure:12857: gcc -o conftest -O3 -Wall  -Wl,-M,conftest.map conftest.c  >&5
ld: warning: ignoring file conftest.map, file was built for unsupported file format which is not the architecture being linked (x86_64)
configure:12857: $? = 0
configure:12858: result: yes (Sun style)
configure:12871: checking whether to use version script when building libjpeg-turbo
configure:12873: result: yes
configure:12887: checking for inline
configure:12902: gcc -c -O3 -Wall conftest.c >&5
conftest.c: In function 'main':
conftest.c:39: warning: control reaches end of non-void function
configure:12902: $? = 0
configure:12957: result: __attribute__((always_inline))
configure:12965: checking whether to include arithmetic encoding support
configure:12980: result: yes
configure:12992: checking whether to include arithmetic decoding support
configure:13007: result: yes
configure:13047: checking whether to build TurboJPEG/OSS Java wrapper
configure:13101: result: no
configure:13145: checking if we have SIMD optimisations for cpu type
configure:13149: result: yes (x86_64)
configure:13157: checking for nasm
configure:13173: found /usr/bin/nasm
configure:13184: result: nasm
configure:13197: checking for object file format of host system
configure:13271: result: Mach-O64
configure:13279: checking for object file format specifier (NAFLAGS) 
configure:13294: result: -fmacho64 -DMACHO -D__x86_64__
configure:13298: checking whether the assembler (nasm -fmacho64 -DMACHO -D__x86_64__) works
configure:13309: nasm -fmacho64 -DMACHO -D__x86_64__ -o conftest.o conftest.asm
configure:13312: $? = 0
configure:13314: result: yes
configure:13325: checking whether the linker accepts assembler output
configure:13328: gcc -o conftest  conftest.o  1>&5
configure:13331: $? = 0
configure:13334: result: yes
configure:13842: checking that generated files are newer than configure
configure:13848: result: done
configure:13923: creating ./config.status

## ---------------------- ##
## Running config.status. ##
## ---------------------- ##

This file was extended by libjpeg-turbo config.status 1.2.1, which was
generated by GNU Autoconf 2.69.  Invocation command line was

  CONFIG_FILES    = 
  CONFIG_HEADERS  = 
  CONFIG_LINKS    = 
  CONFIG_COMMANDS = 
  $ ./config.status 

on Bryans-Mac-Pro.local

config.status:1150: creating pkgscripts/libjpeg-turbo.spec
config.status:1150: creating pkgscripts/makecygwinpkg
config.status:1150: creating pkgscripts/makedpkg
config.status:1150: creating pkgscripts/makemacpkg
config.status:1150: creating pkgscripts/Description.plist
config.status:1150: creating pkgscripts/Info.plist
config.status:1150: creating pkgscripts/uninstall
config.status:1150: creating pkgscripts/makesunpkg
config.status:1150: creating pkgscripts/pkginfo
config.status:1150: creating tjbenchtest
config.status:1150: creating tjexampletest
config.status:1150: creating libjpeg.map
config.status:1150: creating Makefile
config.status:1150: creating simd/Makefile
config.status:1150: creating java/Makefile
config.status:1150: creating config.h
config.status:1150: creating jconfig.h
config.status:1379: executing depfiles commands
config.status:1379: executing libtool commands

## ---------------- ##
## Cache variables. ##
## ---------------- ##

ac_cv_build=x86_64-apple-darwin11.4.0
ac_cv_c_char_unsigned=no
ac_cv_c_compiler_gnu=yes
ac_cv_c_const=yes
ac_cv_c_inline=inline
ac_cv_env_CCASFLAGS_set=
ac_cv_env_CCASFLAGS_value=
ac_cv_env_CCAS_set=
ac_cv_env_CCAS_value=
ac_cv_env_CC_set=
ac_cv_env_CC_value=
ac_cv_env_CFLAGS_set=
ac_cv_env_CFLAGS_value=
ac_cv_env_CPPFLAGS_set=
ac_cv_env_CPPFLAGS_value=
ac_cv_env_CPP_set=
ac_cv_env_CPP_value=
ac_cv_env_JAR_set=
ac_cv_env_JAR_value=
ac_cv_env_JAVACFLAGS_set=
ac_cv_env_JAVACFLAGS_value=
ac_cv_env_JAVAC_set=
ac_cv_env_JAVAC_value=
ac_cv_env_JAVA_set=
ac_cv_env_JAVA_value=
ac_cv_env_JNI_CFLAGS_set=
ac_cv_env_JNI_CFLAGS_value=
ac_cv_env_JPEG_LIB_VERSION_set=
ac_cv_env_JPEG_LIB_VERSION_value=
ac_cv_env_LDFLAGS_set=
ac_cv_env_LDFLAGS_value=
ac_cv_env_LIBS_set=
ac_cv_env_LIBS_value=
ac_cv_env_SO_MAJOR_VERSION_set=
ac_cv_env_SO_MAJOR_VERSION_value=
ac_cv_env_SO_MINOR_VERSION_set=
ac_cv_env_SO_MINOR_VERSION_value=
ac_cv_env_build_alias_set=
ac_cv_env_build_alias_value=
ac_cv_env_host_alias_set=
ac_cv_env_host_alias_value=
ac_cv_env_target_alias_set=
ac_cv_env_target_alias_value=
ac_cv_func_memcpy=yes
ac_cv_func_memset=yes
ac_cv_have_decl___SUNPRO_C=no
ac_cv_header_dlfcn_h=yes
ac_cv_header_inttypes_h=yes
ac_cv_header_memory_h=yes
ac_cv_header_stdc=yes
ac_cv_header_stddef_h=yes
ac_cv_header_stdint_h=yes
ac_cv_header_stdlib_h=yes
ac_cv_header_string_h=yes
ac_cv_header_strings_h=yes
ac_cv_header_sys_stat_h=yes
ac_cv_header_sys_types_h=yes
ac_cv_header_unistd_h=yes
ac_cv_host=x86_64-apple-darwin11.4.0
ac_cv_objext=o
ac_cv_path_EGREP='/usr/bin/grep -E'
ac_cv_path_FGREP='/usr/bin/grep -F'
ac_cv_path_GREP=/usr/bin/grep
ac_cv_path_SED=/usr/bin/sed
ac_cv_path_install='/usr/bin/ginstall -c'
ac_cv_path_mkdir=/usr/bin/gmkdir
ac_cv_prog_AWK=gawk
ac_cv_prog_CPP='gcc -E'
ac_cv_prog_NASM=nasm
ac_cv_prog_ac_ct_AR=ar
ac_cv_prog_ac_ct_CC=gcc
ac_cv_prog_ac_ct_DSYMUTIL=dsymutil
ac_cv_prog_ac_ct_LIPO=lipo
ac_cv_prog_ac_ct_NMEDIT=nmedit
ac_cv_prog_ac_ct_OTOOL=otool
ac_cv_prog_ac_ct_RANLIB=ranlib
ac_cv_prog_ac_ct_STRIP=strip
ac_cv_prog_cc_c89=
ac_cv_prog_cc_g=yes
ac_cv_prog_make_make_set=yes
ac_cv_type_size_t=yes
ac_cv_type_unsigned_char=yes
ac_cv_type_unsigned_short=yes
am_cv_CCAS_dependencies_compiler_type=gcc3
am_cv_CC_dependencies_compiler_type=gcc3
ljt_cv_inline='__attribute__((always_inline))'
lt_cv_apple_cc_single_mod=yes
lt_cv_ar_at_file=no
lt_cv_deplibs_check_method=pass_all
lt_cv_file_magic_cmd='$MAGIC_CMD'
lt_cv_file_magic_test_file=
lt_cv_ld_exported_symbols_list=yes
lt_cv_ld_force_load=yes
lt_cv_ld_reload_flag=-r
lt_cv_nm_interface='BSD nm'
lt_cv_objdir=.libs
lt_cv_path_LD=/usr/llvm-gcc-4.2/libexec/gcc/i686-apple-darwin11/4.2.1/ld
lt_cv_path_NM=/usr/bin/nm
lt_cv_path_mainfest_tool=no
lt_cv_prog_compiler_c_o=yes
lt_cv_prog_compiler_pic='-fno-common -DPIC'
lt_cv_prog_compiler_pic_works=yes
lt_cv_prog_compiler_rtti_exceptions=no
lt_cv_prog_compiler_static_works=no
lt_cv_prog_gnu_ld=no
lt_cv_sharedlib_from_linklib_cmd='printf %s\n'
lt_cv_sys_global_symbol_pipe='sed -n -e '\''s/^.*[	 ]\([BCDEGRST][BCDEGRST]*\)[	 ][	 ]*_\([_A-Za-z][_A-Za-z0-9]*\)$/\1 _\2 \2/p'\'' | sed '\''/ __gnu_lto/d'\'''
lt_cv_sys_global_symbol_to_c_name_address='sed -n -e '\''s/^: \([^ ]*\)[ ]*$/  {\"\1\", (void *) 0},/p'\'' -e '\''s/^[BCDEGRST]* \([^ ]*\) \([^ ]*\)$/  {"\2", (void *) \&\2},/p'\'''
lt_cv_sys_global_symbol_to_c_name_address_lib_prefix='sed -n -e '\''s/^: \([^ ]*\)[ ]*$/  {\"\1\", (void *) 0},/p'\'' -e '\''s/^[BCDEGRST]* \([^ ]*\) \(lib[^ ]*\)$/  {"\2", (void *) \&\2},/p'\'' -e '\''s/^[BCDEGRST]* \([^ ]*\) \([^ ]*\)$/  {"lib\2", (void *) \&\2},/p'\'''
lt_cv_sys_global_symbol_to_cdecl='sed -n -e '\''s/^T .* \(.*\)$/extern int \1();/p'\'' -e '\''s/^[BCDEGRST]* .* \(.*\)$/extern char \1;/p'\'''
lt_cv_sys_max_cmd_len=196608
lt_cv_to_host_file_cmd=func_convert_file_noop
lt_cv_to_tool_file_cmd=func_convert_file_noop

## ----------------- ##
## Output variables. ##
## ----------------- ##

ACLOCAL='${SHELL} /Users/bryansmith/XBMC-PVR-mac/tools/darwin/depends/libjpeg-turbo/missing --run aclocal-1.12'
AMDEPBACKSLASH='\'
AMDEP_FALSE='#'
AMDEP_TRUE=''
AMTAR='$${TAR-tar}'
AR='ar'
AUTOCONF='${SHELL} /Users/bryansmith/XBMC-PVR-mac/tools/darwin/depends/libjpeg-turbo/missing --run autoconf'
AUTOHEADER='${SHELL} /Users/bryansmith/XBMC-PVR-mac/tools/darwin/depends/libjpeg-turbo/missing --run autoheader'
AUTOMAKE='${SHELL} /Users/bryansmith/XBMC-PVR-mac/tools/darwin/depends/libjpeg-turbo/missing --run automake-1.12'
AWK='gawk'
BUILD='20120717'
CC='gcc'
CCAS='gcc'
CCASDEPMODE='depmode=gcc3'
CCASFLAGS='-g -O2'
CCDEPMODE='depmode=gcc3'
CFLAGS='-O3'
CPP='gcc -E'
CPPFLAGS='-Wall'
CYGPATH_W='echo'
DEBARCH='amd64'
DEFS='-DHAVE_CONFIG_H'
DEPDIR='.deps'
DLLTOOL='false'
DSYMUTIL='dsymutil'
DUMPBIN=''
ECHO_C='\c'
ECHO_N=''
ECHO_T=''
EGREP='/usr/bin/grep -E'
EXEEXT=''
FGREP='/usr/bin/grep -F'
GREP='/usr/bin/grep'
INSTALL_DATA='${INSTALL} -m 644'
INSTALL_PROGRAM='${INSTALL}'
INSTALL_SCRIPT='${INSTALL}'
INSTALL_STRIP_PROGRAM='$(install_sh) -c -s'
JAR='jar'
JAVA='java'
JAVAC='javac'
JAVACFLAGS=''
JAVA_RPM_CONTENTS_1=''
JAVA_RPM_CONTENTS_2=''
JNI_CFLAGS=''
JPEG_LIB_VERSION='62'
JPEG_LIB_VERSION_DECIMAL='6.2'
LD='/usr/llvm-gcc-4.2/libexec/gcc/i686-apple-darwin11/4.2.1/ld'
LDFLAGS=''
LIBOBJS=''
LIBS=''
LIBTOOL='$(SHELL) $(top_builddir)/libtool'
LIPO='lipo'
LN_S='ln -s'
LTLIBOBJS=''
MAKEINFO='${SHELL} /Users/bryansmith/XBMC-PVR-mac/tools/darwin/depends/libjpeg-turbo/missing --run makeinfo'
MANIFEST_TOOL=':'
MKDIR_P='/usr/bin/gmkdir -p'
NAFLAGS='-fmacho64 -DMACHO -D__x86_64__'
NASM='nasm'
NM='/usr/bin/nm'
NMEDIT='nmedit'
OBJDUMP='false'
OBJEXT='o'
OTOOL64=':'
OTOOL='otool'
PACKAGE='libjpeg-turbo'
PACKAGE_BUGREPORT=''
PACKAGE_NAME='libjpeg-turbo'
PACKAGE_STRING='libjpeg-turbo 1.2.1'
PACKAGE_TARNAME='libjpeg-turbo'
PACKAGE_URL=''
PACKAGE_VERSION='1.2.1'
PATH_SEPARATOR=':'
RANLIB='ranlib'
RPMARCH='x86_64'
RPM_CONFIG_ARGS=''
SED='/usr/bin/sed'
SET_MAKE=''
SHELL='/bin/sh'
SIMD_ARM_FALSE=''
SIMD_ARM_TRUE='#'
SIMD_I386_FALSE=''
SIMD_I386_TRUE='#'
SIMD_X86_64_FALSE='#'
SIMD_X86_64_TRUE=''
SO_MAJOR_VERSION='62'
SO_MINOR_VERSION='0'
STRIP='strip'
VERSION='1.2.1'
VERSION_SCRIPT_FALSE='#'
VERSION_SCRIPT_FLAG='-Wl,-M,'
VERSION_SCRIPT_TRUE=''
WITH_ARITH_DEC_FALSE='#'
WITH_ARITH_DEC_TRUE=''
WITH_ARITH_ENC_FALSE='#'
WITH_ARITH_ENC_TRUE=''
WITH_ARITH_FALSE='#'
WITH_ARITH_TRUE=''
WITH_JAVA='0'
WITH_JAVA_FALSE=''
WITH_JAVA_TRUE='#'
WITH_SIMD_FALSE='#'
WITH_SIMD_TRUE=''
WITH_SSE_FLOAT_DCT_FALSE='#'
WITH_SSE_FLOAT_DCT_TRUE=''
X86_64_FALSE='#'
X86_64_TRUE=''
ac_ct_AR='ar'
ac_ct_CC='gcc'
ac_ct_DUMPBIN=''
am__EXEEXT_FALSE=''
am__EXEEXT_TRUE='#'
am__fastdepCCAS_FALSE='#'
am__fastdepCCAS_TRUE=''
am__fastdepCC_FALSE='#'
am__fastdepCC_TRUE=''
am__include='include'
am__isrc=''
am__leading_dot='.'
am__nodep='_no'
am__quote=''
am__tar='$${TAR-tar} chof - "$$tardir"'
am__untar='$${TAR-tar} xf -'
bindir='${exec_prefix}/bin'
build='x86_64-apple-darwin11.4.0'
build_alias=''
build_cpu='x86_64'
build_os='darwin11.4.0'
build_vendor='apple'
datadir='${datarootdir}'
datarootdir='${prefix}/share'
docdir='${datarootdir}/doc/${PACKAGE_TARNAME}'
dvidir='${docdir}'
exec_prefix='${prefix}'
host='x86_64-apple-darwin11.4.0'
host_alias=''
host_cpu='x86_64'
host_os='darwin11.4.0'
host_vendor='apple'
htmldir='${docdir}'
includedir='${prefix}/include'
infodir='${datarootdir}/info'
install_sh='${SHELL} /Users/bryansmith/XBMC-PVR-mac/tools/darwin/depends/libjpeg-turbo/install-sh'
libdir='${exec_prefix}/lib'
libexecdir='${exec_prefix}/libexec'
localedir='${datarootdir}/locale'
localstatedir='${prefix}/var'
mandir='${datarootdir}/man'
oldincludedir='/usr/include'
pdfdir='${docdir}'
prefix='/opt/libjpeg-turbo'
program_transform_name='s,x,x,'
psdir='${docdir}'
sbindir='${exec_prefix}/sbin'
sharedstatedir='${prefix}/com'
sysconfdir='${prefix}/etc'
target_alias=''

## ----------- ##
## confdefs.h. ##
## ----------- ##

/* confdefs.h */
#define PACKAGE_NAME "libjpeg-turbo"
#define PACKAGE_TARNAME "libjpeg-turbo"
#define PACKAGE_VERSION "1.2.1"
#define PACKAGE_STRING "libjpeg-turbo 1.2.1"
#define PACKAGE_BUGREPORT ""
#define PACKAGE_URL ""
#define PACKAGE "libjpeg-turbo"
#define VERSION "1.2.1"
#define HAVE_PROTOTYPES 1
#define STDC_HEADERS 1
#define HAVE_SYS_TYPES_H 1
#define HAVE_SYS_STAT_H 1
#define HAVE_STDLIB_H 1
#define HAVE_STRING_H 1
#define HAVE_MEMORY_H 1
#define HAVE_STRINGS_H 1
#define HAVE_INTTYPES_H 1
#define HAVE_STDINT_H 1
#define HAVE_UNISTD_H 1
#define HAVE_DLFCN_H 1
#define LT_OBJDIR ".libs/"
#define STDC_HEADERS 1
#define HAVE_STDDEF_H 1
#define HAVE_STDLIB_H 1
#define HAVE_STRING_H 1
#define NEED_SYS_TYPES_H 1
#define HAVE_UNSIGNED_CHAR 1
#define HAVE_UNSIGNED_SHORT 1
#define HAVE_MEMSET 1
#define HAVE_MEMCPY 1
#define JPEG_LIB_VERSION 62
#define LIBJPEG_TURBO_VERSION 1.2.1
#define INLINE __attribute__((always_inline))
#define C_ARITH_CODING_SUPPORTED 1
#define D_ARITH_CODING_SUPPORTED 1
#define WITH_SIMD 1
#define BUILD "20120717"

configure: exit 0
