This file contains any messages produced by compilers while
running configure, to aid debugging if configure makes a mistake.

It was created by configure, which was
generated by GNU Autoconf 2.61.  Invocation command line was

  $ ./configure --prefix=/usr/local --cache-file=/dev/null --srcdir=.

## --------- ##
## Platform. ##
## --------- ##

hostname = Bryans-Mac-Pro.local
uname -m = x86_64
uname -r = 11.4.0
uname -s = Darwin
uname -v = Darwin Kernel Version 11.4.0: Mon Apr  9 19:32:15 PDT 2012; root:xnu-1699.26.8~1/RELEASE_X86_64

/usr/bin/uname -p = i386
/bin/uname -X     = unknown

/bin/arch              = unknown
/usr/bin/arch -k       = unknown
/usr/convex/getsysinfo = unknown
/usr/bin/hostinfo      = Mach kernel version:
	 Darwin Kernel Version 11.4.0: Mon Apr  9 19:32:15 PDT 2012; root:xnu-1699.26.8~1/RELEASE_X86_64
Kernel configured for up to 4 processors.
4 processors are physically available.
4 processors are logically available.
Processor type: i486 (Intel 80486)
Processors active: 0 1 2 3
Primary memory available: 8.00 gigabytes
Default processor set: 118 tasks, 521 threads, 4 processors
Load average: 0.76, Mach factor: 3.23
/bin/machine           = unknown
/usr/bin/oslevel       = unknown
/bin/universe          = unknown

PATH: /opt/local/bin
PATH: /usr/bin
PATH: /bin
PATH: /usr/sbin
PATH: /sbin
PATH: /usr/local/bin
PATH: /usr/X11/bin
PATH: /usr/local/git/bin


## ----------- ##
## Core tests. ##
## ----------- ##

configure:1975: checking for a BSD-compatible install
configure:2031: result: /opt/local/bin/ginstall -c
configure:2042: checking whether build environment is sane
configure:2085: result: yes
configure:2113: checking for a thread-safe mkdir -p
configure:2152: result: /opt/local/bin/gmkdir -p
configure:2165: checking for gawk
configure:2181: found /opt/local/bin/gawk
configure:2192: result: gawk
configure:2203: checking whether make sets $(MAKE)
configure:2224: result: yes
configure:2461: checking for gcc
configure:2477: found /usr/bin/gcc
configure:2488: result: gcc
configure:2726: checking for C compiler version
configure:2733: gcc --version >&5
i686-apple-darwin11-llvm-gcc-4.2 (GCC) 4.2.1 (Based on Apple Inc. build 5658) (LLVM build 2336.9.00)
Copyright (C) 2007 Free Software Foundation, Inc.
This is free software; see the source for copying conditions.  There is NO
warranty; not even for MERCHANTABILITY or FITNESS FOR A PARTICULAR PURPOSE.

configure:2736: $? = 0
configure:2743: gcc -v >&5
Using built-in specs.
Target: i686-apple-darwin11
Configured with: /private/var/tmp/llvmgcc42/llvmgcc42-2336.9~22/src/configure --disable-checking --enable-werror --prefix=/Applications/Xcode.app/Contents/Developer/usr/llvm-gcc-4.2 --mandir=/share/man --enable-languages=c,objc,c++,obj-c++ --program-prefix=llvm- --program-transform-name=/^[cg][^.-]*$/s/$/-4.2/ --with-slibdir=/usr/lib --build=i686-apple-darwin11 --enable-llvm=/private/var/tmp/llvmgcc42/llvmgcc42-2336.9~22/dst-llvmCore/Developer/usr/local --program-prefix=i686-apple-darwin11- --host=x86_64-apple-darwin11 --target=i686-apple-darwin11 --with-gxx-include-dir=/usr/include/c++/4.2.1
Thread model: posix
gcc version 4.2.1 (Based on Apple Inc. build 5658) (LLVM build 2336.9.00)
configure:2746: $? = 0
configure:2753: gcc -V >&5
llvm-gcc-4.2: argument to `-V' is missing
configure:2756: $? = 1
configure:2779: checking for C compiler default output file name
configure:2806: gcc    conftest.c  >&5
configure:2809: $? = 0
configure:2847: result: a.out
configure:2864: checking whether the C compiler works
configure:2874: ./a.out
configure:2877: $? = 0
configure:2894: result: yes
configure:2901: checking whether we are cross compiling
configure:2903: result: no
configure:2906: checking for suffix of executables
configure:2913: gcc -o conftest    conftest.c  >&5
configure:2916: $? = 0
configure:2940: result: 
configure:2946: checking for suffix of object files
configure:2972: gcc -c   conftest.c >&5
configure:2975: $? = 0
configure:2998: result: o
configure:3002: checking whether we are using the GNU C compiler
configure:3031: gcc -c   conftest.c >&5
configure:3037: $? = 0
configure:3054: result: yes
configure:3059: checking whether gcc accepts -g
configure:3089: gcc -c -g  conftest.c >&5
configure:3095: $? = 0
configure:3194: result: yes
configure:3211: checking for gcc option to accept ISO C89
configure:3285: gcc  -c -g -O2  conftest.c >&5
configure:3291: $? = 0
configure:3314: result: none needed
configure:3343: checking for style of include used by make
configure:3371: result: GNU
configure:3396: checking dependency style of gcc
configure:3487: result: none
configure:3515: checking for a BSD-compatible install
configure:3571: result: /opt/local/bin/ginstall -c
configure:3589: checking build system type
configure:3607: result: i386-apple-darwin11.4.0
configure:3629: checking host system type
configure:3644: result: i386-apple-darwin11.4.0
configure:3812: checking for a sed that does not truncate output
configure:3866: result: /usr/bin/sed
configure:3869: checking for grep that handles long lines and -e
configure:3943: result: /usr/bin/grep
configure:3948: checking for egrep
configure:4026: result: /usr/bin/grep -E
configure:4042: checking for ld used by gcc
configure:4109: result: /usr/llvm-gcc-4.2/libexec/gcc/i686-apple-darwin11/4.2.1/ld
configure:4118: checking if the linker (/usr/llvm-gcc-4.2/libexec/gcc/i686-apple-darwin11/4.2.1/ld) is GNU ld
configure:4133: result: no
configure:4138: checking for /usr/llvm-gcc-4.2/libexec/gcc/i686-apple-darwin11/4.2.1/ld option to reload object files
configure:4145: result: -r
configure:4163: checking for BSD-compatible nm
configure:4212: result: /usr/bin/nm
configure:4216: checking whether ln -s works
configure:4220: result: yes
configure:4227: checking how to recognise dependent libraries
configure:4403: result: pass_all
configure:4924: checking how to run the C preprocessor
configure:4964: gcc -E  conftest.c
configure:4970: $? = 0
configure:5001: gcc -E  conftest.c
conftest.c:10:28: error: ac_nonexistent.h: No such file or directory
configure:5007: $? = 1
configure: failed program was:
| /* confdefs.h.  */
| #define PACKAGE_NAME ""
| #define PACKAGE_TARNAME ""
| #define PACKAGE_VERSION ""
| #define PACKAGE_STRING ""
| #define PACKAGE_BUGREPORT ""
| #define PACKAGE "autoconf-lib-link"
| #define VERSION "0.16.1"
| /* end confdefs.h.  */
| #include <ac_nonexistent.h>
configure:5040: result: gcc -E
configure:5069: gcc -E  conftest.c
configure:5075: $? = 0
configure:5106: gcc -E  conftest.c
conftest.c:10:28: error: ac_nonexistent.h: No such file or directory
configure:5112: $? = 1
configure: failed program was:
| /* confdefs.h.  */
| #define PACKAGE_NAME ""
| #define PACKAGE_TARNAME ""
| #define PACKAGE_VERSION ""
| #define PACKAGE_STRING ""
| #define PACKAGE_BUGREPORT ""
| #define PACKAGE "autoconf-lib-link"
| #define VERSION "0.16.1"
| /* end confdefs.h.  */
| #include <ac_nonexistent.h>
configure:5150: checking for ANSI C header files
configure:5180: gcc -c -g -O2  conftest.c >&5
configure:5186: $? = 0
configure:5285: gcc -o conftest -g -O2   conftest.c  >&5
configure:5288: $? = 0
configure:5294: ./conftest
configure:5297: $? = 0
configure:5314: result: yes
configure:5338: checking for sys/types.h
configure:5359: gcc -c -g -O2  conftest.c >&5
configure:5365: $? = 0
configure:5381: result: yes
configure:5338: checking for sys/stat.h
configure:5359: gcc -c -g -O2  conftest.c >&5
configure:5365: $? = 0
configure:5381: result: yes
configure:5338: checking for stdlib.h
configure:5359: gcc -c -g -O2  conftest.c >&5
configure:5365: $? = 0
configure:5381: result: yes
configure:5338: checking for string.h
configure:5359: gcc -c -g -O2  conftest.c >&5
configure:5365: $? = 0
configure:5381: result: yes
configure:5338: checking for memory.h
configure:5359: gcc -c -g -O2  conftest.c >&5
configure:5365: $? = 0
configure:5381: result: yes
configure:5338: checking for strings.h
configure:5359: gcc -c -g -O2  conftest.c >&5
configure:5365: $? = 0
configure:5381: result: yes
configure:5338: checking for inttypes.h
configure:5359: gcc -c -g -O2  conftest.c >&5
configure:5365: $? = 0
configure:5381: result: yes
configure:5338: checking for stdint.h
configure:5359: gcc -c -g -O2  conftest.c >&5
configure:5365: $? = 0
configure:5381: result: yes
configure:5338: checking for unistd.h
configure:5359: gcc -c -g -O2  conftest.c >&5
configure:5365: $? = 0
configure:5381: result: yes
configure:5408: checking dlfcn.h usability
configure:5425: gcc -c -g -O2  conftest.c >&5
configure:5431: $? = 0
configure:5445: result: yes
configure:5449: checking dlfcn.h presence
configure:5464: gcc -E  conftest.c
configure:5470: $? = 0
configure:5484: result: yes
configure:5512: checking for dlfcn.h
configure:5520: result: yes
configure:5591: checking for g++
configure:5607: found /usr/bin/g++
configure:5618: result: g++
configure:5649: checking for C++ compiler version
configure:5656: g++ --version >&5
i686-apple-darwin11-llvm-g++-4.2 (GCC) 4.2.1 (Based on Apple Inc. build 5658) (LLVM build 2336.9.00)
Copyright (C) 2007 Free Software Foundation, Inc.
This is free software; see the source for copying conditions.  There is NO
warranty; not even for MERCHANTABILITY or FITNESS FOR A PARTICULAR PURPOSE.

configure:5659: $? = 0
configure:5666: g++ -v >&5
Using built-in specs.
Target: i686-apple-darwin11
Configured with: /private/var/tmp/llvmgcc42/llvmgcc42-2336.9~22/src/configure --disable-checking --enable-werror --prefix=/Applications/Xcode.app/Contents/Developer/usr/llvm-gcc-4.2 --mandir=/share/man --enable-languages=c,objc,c++,obj-c++ --program-prefix=llvm- --program-transform-name=/^[cg][^.-]*$/s/$/-4.2/ --with-slibdir=/usr/lib --build=i686-apple-darwin11 --enable-llvm=/private/var/tmp/llvmgcc42/llvmgcc42-2336.9~22/dst-llvmCore/Developer/usr/local --program-prefix=i686-apple-darwin11- --host=x86_64-apple-darwin11 --target=i686-apple-darwin11 --with-gxx-include-dir=/usr/include/c++/4.2.1
Thread model: posix
gcc version 4.2.1 (Based on Apple Inc. build 5658) (LLVM build 2336.9.00)
configure:5669: $? = 0
configure:5676: g++ -V >&5
llvm-g++-4.2: argument to `-V' is missing
configure:5679: $? = 1
configure:5682: checking whether we are using the GNU C++ compiler
configure:5711: g++ -c   conftest.cpp >&5
configure:5717: $? = 0
configure:5734: result: yes
configure:5739: checking whether g++ accepts -g
configure:5769: g++ -c -g  conftest.cpp >&5
configure:5775: $? = 0
configure:5874: result: yes
configure:5899: checking dependency style of g++
configure:5990: result: none
configure:6015: checking how to run the C++ preprocessor
configure:6051: g++ -E  conftest.cpp
configure:6057: $? = 0
configure:6088: g++ -E  conftest.cpp
conftest.cpp:21:28: error: ac_nonexistent.h: No such file or directory
configure:6094: $? = 1
configure: failed program was:
| /* confdefs.h.  */
| #define PACKAGE_NAME ""
| #define PACKAGE_TARNAME ""
| #define PACKAGE_VERSION ""
| #define PACKAGE_STRING ""
| #define PACKAGE_BUGREPORT ""
| #define PACKAGE "autoconf-lib-link"
| #define VERSION "0.16.1"
| #define STDC_HEADERS 1
| #define HAVE_SYS_TYPES_H 1
| #define HAVE_SYS_STAT_H 1
| #define HAVE_STDLIB_H 1
| #define HAVE_STRING_H 1
| #define HAVE_MEMORY_H 1
| #define HAVE_STRINGS_H 1
| #define HAVE_INTTYPES_H 1
| #define HAVE_STDINT_H 1
| #define HAVE_UNISTD_H 1
| #define HAVE_DLFCN_H 1
| /* end confdefs.h.  */
| #include <ac_nonexistent.h>
configure:6127: result: g++ -E
configure:6156: g++ -E  conftest.cpp
configure:6162: $? = 0
configure:6193: g++ -E  conftest.cpp
conftest.cpp:21:28: error: ac_nonexistent.h: No such file or directory
configure:6199: $? = 1
configure: failed program was:
| /* confdefs.h.  */
| #define PACKAGE_NAME ""
| #define PACKAGE_TARNAME ""
| #define PACKAGE_VERSION ""
| #define PACKAGE_STRING ""
| #define PACKAGE_BUGREPORT ""
| #define PACKAGE "autoconf-lib-link"
| #define VERSION "0.16.1"
| #define STDC_HEADERS 1
| #define HAVE_SYS_TYPES_H 1
| #define HAVE_SYS_STAT_H 1
| #define HAVE_STDLIB_H 1
| #define HAVE_STRING_H 1
| #define HAVE_MEMORY_H 1
| #define HAVE_STRINGS_H 1
| #define HAVE_INTTYPES_H 1
| #define HAVE_STDINT_H 1
| #define HAVE_UNISTD_H 1
| #define HAVE_DLFCN_H 1
| /* end confdefs.h.  */
| #include <ac_nonexistent.h>
configure:6292: checking for g77
configure:6322: result: no
configure:6292: checking for xlf
configure:6322: result: no
configure:6292: checking for f77
configure:6322: result: no
configure:6292: checking for frt
configure:6322: result: no
configure:6292: checking for pgf77
configure:6322: result: no
configure:6292: checking for cf77
configure:6322: result: no
configure:6292: checking for fort77
configure:6322: result: no
configure:6292: checking for fl32
configure:6322: result: no
configure:6292: checking for af77
configure:6322: result: no
configure:6292: checking for xlf90
configure:6322: result: no
configure:6292: checking for f90
configure:6322: result: no
configure:6292: checking for pgf90
configure:6322: result: no
configure:6292: checking for pghpf
configure:6322: result: no
configure:6292: checking for epcf90
configure:6322: result: no
configure:6292: checking for gfortran
configure:6322: result: no
configure:6292: checking for g95
configure:6322: result: no
configure:6292: checking for xlf95
configure:6322: result: no
configure:6292: checking for f95
configure:6322: result: no
configure:6292: checking for fort
configure:6322: result: no
configure:6292: checking for ifort
configure:6322: result: no
configure:6292: checking for ifc
configure:6322: result: no
configure:6292: checking for efc
configure:6322: result: no
configure:6292: checking for pgf95
configure:6322: result: no
configure:6292: checking for lf95
configure:6322: result: no
configure:6292: checking for ftn
configure:6322: result: no
configure:6349: checking for Fortran 77 compiler version
configure:6356:  --version >&5
./configure: line 6357: --version: command not found
configure:6359: $? = 127
configure:6366:  -v >&5
./configure: line 6367: -v: command not found
configure:6369: $? = 127
configure:6376:  -V >&5
./configure: line 6377: -V: command not found
configure:6379: $? = 127
configure:6387: checking whether we are using the GNU Fortran 77 compiler
configure:6406:  -c  conftest.F >&5
./configure: line 6407: -c: command not found
configure:6412: $? = 127
configure: failed program was:
|       program main
| #ifndef __GNUC__
|        choke me
| #endif
| 
|       end
configure:6429: result: no
configure:6435: checking whether  accepts -g
configure:6452:  -c -g conftest.f >&5
./configure: line 6453: -c: command not found
configure:6458: $? = 127
configure: failed program was:
|       program main
| 
|       end
configure:6474: result: no
configure:6504: checking the maximum length of command line arguments
configure:6613: result: 196608
configure:6624: checking command to parse /usr/bin/nm output from gcc object
configure:6729: gcc -c -g -O2  conftest.c >&5
configure:6732: $? = 0
configure:6736: /usr/bin/nm conftest.o \| sed -n -e 's/^.*[ 	]\([BCDEGRST][BCDEGRST]*\)[ 	][ 	]*\([_A-Za-z][_A-Za-z0-9]*\)$/\1 \2 \2/p' \> conftest.nm
configure:6739: $? = 0
cannot find nm_test_var in conftest.nm
configure:6729: gcc -c -g -O2  conftest.c >&5
configure:6732: $? = 0
configure:6736: /usr/bin/nm conftest.o \| sed -n -e 's/^.*[ 	]\([BCDEGRST][BCDEGRST]*\)[ 	][ 	]*_\([_A-Za-z][_A-Za-z0-9]*\)$/\1 _\2 \2/p' \> conftest.nm
configure:6739: $? = 0
configure:6791: gcc -o conftest -g -O2   conftest.c conftstm.o >&5
configure:6794: $? = 0
configure:6832: result: ok
configure:6836: checking for objdir
configure:6851: result: .libs
configure:6943: checking for ar
configure:6959: found /usr/bin/ar
configure:6970: result: ar
configure:7039: checking for ranlib
configure:7055: found /usr/bin/ranlib
configure:7066: result: ranlib
configure:7135: checking for strip
configure:7151: found /usr/bin/strip
configure:7162: result: strip
configure:7452: checking if gcc supports -fno-rtti -fno-exceptions
configure:7470: gcc -c -g -O2  -fno-rtti -fno-exceptions conftest.c >&5
cc1: warning: command line option "-fno-rtti" is valid for C++/ObjC++ but not for C
configure:7474: $? = 0
configure:7487: result: no
configure:7502: checking for gcc option to produce PIC
configure:7735: result: -fno-common
configure:7743: checking if gcc PIC flag -fno-common works
configure:7761: gcc -c -g -O2  -fno-common -DPIC conftest.c >&5
configure:7765: $? = 0
configure:7778: result: yes
configure:7806: checking if gcc static flag -static works
configure:7834: result: no
configure:7844: checking if gcc supports -c -o file.o
configure:7865: gcc -c -g -O2  -o out/conftest2.o conftest.c >&5
configure:7869: $? = 0
configure:7891: result: yes
configure:7917: checking whether the gcc linker (/usr/llvm-gcc-4.2/libexec/gcc/i686-apple-darwin11/4.2.1/ld) supports shared libraries
configure:8880: result: yes
configure:8947: checking dynamic linker characteristics
configure:9535: result: darwin11.4.0 dyld
configure:9544: checking how to hardcode library paths into programs
configure:9569: result: immediate
configure:9583: checking whether stripping libraries is possible
configure:9596: result: yes
configure:10389: checking if libtool supports shared libraries
configure:10391: result: yes
configure:10394: checking whether to build shared libraries
configure:10415: result: yes
configure:10418: checking whether to build static libraries
configure:10422: result: yes
configure:10514: creating libtool
configure:11102: checking for ld used by g++
configure:11169: result: /usr/llvm-gcc-4.2/libexec/gcc/i686-apple-darwin11/4.2.1/ld
configure:11178: checking if the linker (/usr/llvm-gcc-4.2/libexec/gcc/i686-apple-darwin11/4.2.1/ld) is GNU ld
configure:11193: result: no
configure:11244: checking whether the g++ linker (/usr/llvm-gcc-4.2/libexec/gcc/i686-apple-darwin11/4.2.1/ld) supports shared libraries
configure:12201: result: yes
configure:12223: g++ -c -g -O2  conftest.cpp >&5
configure:12226: $? = 0
configure:12354: checking for g++ option to produce PIC
configure:12638: result: -fno-common
configure:12646: checking if g++ PIC flag -fno-common works
configure:12664: g++ -c -g -O2  -fno-common -DPIC conftest.cpp >&5
configure:12668: $? = 0
configure:12681: result: yes
configure:12709: checking if g++ static flag -static works
configure:12737: result: no
configure:12747: checking if g++ supports -c -o file.o
configure:12768: g++ -c -g -O2  -o out/conftest2.o conftest.cpp >&5
configure:12772: $? = 0
configure:12794: result: yes
configure:12820: checking whether the g++ linker (/usr/llvm-gcc-4.2/libexec/gcc/i686-apple-darwin11/4.2.1/ld) supports shared libraries
configure:12845: result: yes
configure:12912: checking dynamic linker characteristics
configure:13500: result: darwin11.4.0 dyld
configure:13509: checking how to hardcode library paths into programs
configure:13534: result: immediate
configure:19936: creating ./config.status

## ---------------------- ##
## Running config.status. ##
## ---------------------- ##

This file was extended by config.status, which was
generated by GNU Autoconf 2.61.  Invocation command line was

  CONFIG_FILES    = 
  CONFIG_HEADERS  = 
  CONFIG_LINKS    = 
  CONFIG_COMMANDS = 
  $ ./config.status 

on Bryans-Mac-Pro.local

config.status:654: creating Makefile
config.status:654: creating m4/Makefile
config.status:654: creating tests/Makefile
config.status:845: executing depfiles commands

## ---------------- ##
## Cache variables. ##
## ---------------- ##

ac_cv_build=i386-apple-darwin11.4.0
ac_cv_c_compiler_gnu=yes
ac_cv_cxx_compiler_gnu=yes
ac_cv_env_CCC_set=
ac_cv_env_CCC_value=
ac_cv_env_CC_set=
ac_cv_env_CC_value=
ac_cv_env_CFLAGS_set=
ac_cv_env_CFLAGS_value=
ac_cv_env_CPPFLAGS_set=
ac_cv_env_CPPFLAGS_value=
ac_cv_env_CPP_set=
ac_cv_env_CPP_value=
ac_cv_env_CXXCPP_set=
ac_cv_env_CXXCPP_value=
ac_cv_env_CXXFLAGS_set=
ac_cv_env_CXXFLAGS_value=
ac_cv_env_CXX_set=
ac_cv_env_CXX_value=
ac_cv_env_F77_set=
ac_cv_env_F77_value=
ac_cv_env_FFLAGS_set=
ac_cv_env_FFLAGS_value=
ac_cv_env_LDFLAGS_set=
ac_cv_env_LDFLAGS_value=
ac_cv_env_LIBS_set=
ac_cv_env_LIBS_value=
ac_cv_env_build_alias_set=
ac_cv_env_build_alias_value=
ac_cv_env_host_alias_set=
ac_cv_env_host_alias_value=
ac_cv_env_target_alias_set=
ac_cv_env_target_alias_value=
ac_cv_f77_compiler_gnu=no
ac_cv_header_dlfcn_h=yes
ac_cv_header_inttypes_h=yes
ac_cv_header_memory_h=yes
ac_cv_header_stdc=yes
ac_cv_header_stdint_h=yes
ac_cv_header_stdlib_h=yes
ac_cv_header_string_h=yes
ac_cv_header_strings_h=yes
ac_cv_header_sys_stat_h=yes
ac_cv_header_sys_types_h=yes
ac_cv_header_unistd_h=yes
ac_cv_host=i386-apple-darwin11.4.0
ac_cv_objext=o
ac_cv_path_EGREP='/usr/bin/grep -E'
ac_cv_path_GREP=/usr/bin/grep
ac_cv_path_install='/opt/local/bin/ginstall -c'
ac_cv_path_mkdir=/opt/local/bin/gmkdir
ac_cv_prog_AWK=gawk
ac_cv_prog_CPP='gcc -E'
ac_cv_prog_CXXCPP='g++ -E'
ac_cv_prog_ac_ct_AR=ar
ac_cv_prog_ac_ct_CC=gcc
ac_cv_prog_ac_ct_CXX=g++
ac_cv_prog_ac_ct_RANLIB=ranlib
ac_cv_prog_ac_ct_STRIP=strip
ac_cv_prog_cc_c89=
ac_cv_prog_cc_g=yes
ac_cv_prog_cxx_g=yes
ac_cv_prog_f77_g=no
ac_cv_prog_make_make_set=yes
am_cv_CC_dependencies_compiler_type=none
am_cv_CXX_dependencies_compiler_type=none
lt_cv_deplibs_check_method=pass_all
lt_cv_file_magic_cmd='$MAGIC_CMD'
lt_cv_file_magic_test_file=
lt_cv_ld_reload_flag=-r
lt_cv_objdir=.libs
lt_cv_path_LD=/usr/llvm-gcc-4.2/libexec/gcc/i686-apple-darwin11/4.2.1/ld
lt_cv_path_LDCXX=/usr/llvm-gcc-4.2/libexec/gcc/i686-apple-darwin11/4.2.1/ld
lt_cv_path_NM=/usr/bin/nm
lt_cv_path_SED=/usr/bin/sed
lt_cv_prog_compiler_c_o=yes
lt_cv_prog_compiler_c_o_CXX=yes
lt_cv_prog_compiler_rtti_exceptions=no
lt_cv_prog_gnu_ld=no
lt_cv_prog_gnu_ldcxx=no
lt_cv_sys_global_symbol_pipe='sed -n -e '\''s/^.*[ 	]\([BCDEGRST][BCDEGRST]*\)[ 	][ 	]*_\([_A-Za-z][_A-Za-z0-9]*\)$/\1 _\2 \2/p'\'''
lt_cv_sys_global_symbol_to_c_name_address='sed -n -e '\''s/^: \([^ ]*\) $/  {\"\1\", (lt_ptr) 0},/p'\'' -e '\''s/^[BCDEGRST] \([^ ]*\) \([^ ]*\)$/  {"\2", (lt_ptr) \&\2},/p'\'''
lt_cv_sys_global_symbol_to_cdecl='sed -n -e '\''s/^. .* \(.*\)$/extern int \1;/p'\'''
lt_cv_sys_max_cmd_len=196608
lt_lt_cv_prog_compiler_c_o='"yes"'
lt_lt_cv_prog_compiler_c_o_CXX='"yes"'
lt_lt_cv_sys_global_symbol_pipe='"sed -n -e '\''s/^.*[ 	]\\([BCDEGRST][BCDEGRST]*\\)[ 	][ 	]*_\\([_A-Za-z][_A-Za-z0-9]*\\)\$/\\1 _\\2 \\2/p'\''"'
lt_lt_cv_sys_global_symbol_to_c_name_address='"sed -n -e '\''s/^: \\([^ ]*\\) \$/  {\\\"\\1\\\", (lt_ptr) 0},/p'\'' -e '\''s/^[BCDEGRST] \\([^ ]*\\) \\([^ ]*\\)\$/  {\"\\2\", (lt_ptr) \\&\\2},/p'\''"'
lt_lt_cv_sys_global_symbol_to_cdecl='"sed -n -e '\''s/^. .* \\(.*\\)\$/extern int \\1;/p'\''"'

## ----------------- ##
## Output variables. ##
## ----------------- ##

ACLOCAL='${SHELL} /Users/bryansmith/xbmc/tools/darwin/depends/gettext/build-aux/missing --run aclocal-1.10'
AMDEPBACKSLASH='\'
AMDEP_FALSE='#'
AMDEP_TRUE=''
AMTAR='${SHELL} /Users/bryansmith/xbmc/tools/darwin/depends/gettext/build-aux/missing --run tar'
AR='ar'
AS='as'
AUTOCONF='${SHELL} /Users/bryansmith/xbmc/tools/darwin/depends/gettext/build-aux/missing --run autoconf'
AUTOHEADER='${SHELL} /Users/bryansmith/xbmc/tools/darwin/depends/gettext/build-aux/missing --run autoheader'
AUTOMAKE='${SHELL} /Users/bryansmith/xbmc/tools/darwin/depends/gettext/build-aux/missing --run automake-1.10'
AWK='gawk'
CC='gcc'
CCDEPMODE='depmode=none'
CFLAGS='-g -O2'
CPP='gcc -E'
CPPFLAGS=''
CXX='g++'
CXXCPP='g++ -E'
CXXDEPMODE='depmode=none'
CXXFLAGS='-g -O2'
CYGPATH_W='echo'
DEFS='-DPACKAGE_NAME=\"\" -DPACKAGE_TARNAME=\"\" -DPACKAGE_VERSION=\"\" -DPACKAGE_STRING=\"\" -DPACKAGE_BUGREPORT=\"\" -DPACKAGE=\"autoconf-lib-link\" -DVERSION=\"0.16.1\" -DSTDC_HEADERS=1 -DHAVE_SYS_TYPES_H=1 -DHAVE_SYS_STAT_H=1 -DHAVE_STDLIB_H=1 -DHAVE_STRING_H=1 -DHAVE_MEMORY_H=1 -DHAVE_STRINGS_H=1 -DHAVE_INTTYPES_H=1 -DHAVE_STDINT_H=1 -DHAVE_UNISTD_H=1 -DHAVE_DLFCN_H=1'
DEPDIR='.deps'
DLLTOOL='dlltool'
ECHO='/bin/echo'
ECHO_C='ECHO_N=''
ECHO_T=''
EGREP='/usr/bin/grep -E'
EXEEXT=''
F77=''
FFLAGS=''
GCC='yes'
GREP='/usr/bin/grep'
INSTALL_DATA='${INSTALL} -m 644'
INSTALL_PROGRAM='${INSTALL}'
INSTALL_SCRIPT='${INSTALL}'
INSTALL_STRIP_PROGRAM='$(install_sh) -c -s'
LD='/usr/llvm-gcc-4.2/libexec/gcc/i686-apple-darwin11/4.2.1/ld'
LDFLAGS=''
LIBDIRSTEM='lib'
LIBOBJS=''
LIBS=''
LIBTOOL='$(SHELL) $(top_builddir)/libtool'
LN_S='ln -s'
LTLIBOBJS=''
MAKEINFO='${SHELL} /Users/bryansmith/xbmc/tools/darwin/depends/gettext/build-aux/missing --run makeinfo'
OBJDUMP='objdump'
OBJEXT='o'
PACKAGE='autoconf-lib-link'
PACKAGE_BUGREPORT=''
PACKAGE_NAME=''
PACKAGE_STRING=''
PACKAGE_TARNAME=''
PACKAGE_VERSION=''
PATH_SEPARATOR=':'
RANLIB='ranlib'
SET_MAKE=''
SHELL='/bin/sh'
STRIP='strip'
VERSION='0.16.1'
ac_ct_CC='gcc'
ac_ct_CXX='g++'
ac_ct_F77=''
aclocaldir='${datadir}/aclocal'
am__fastdepCC_FALSE=''
am__fastdepCC_TRUE='#'
am__fastdepCXX_FALSE=''
am__fastdepCXX_TRUE='#'
am__include='include'
am__isrc=''
am__leading_dot='.'
am__quote=''
am__tar='${AMTAR} chof - "$$tardir"'
am__untar='${AMTAR} xf -'
bindir='${exec_prefix}/bin'
build='i386-apple-darwin11.4.0'
build_alias=''
build_cpu='i386'
build_os='darwin11.4.0'
build_vendor='apple'
datadir='${datarootdir}'
datarootdir='${prefix}/share'
docdir='${datarootdir}/doc/${PACKAGE}'
dvidir='${docdir}'
exec_prefix='${prefix}'
host='i386-apple-darwin11.4.0'
host_alias=''
host_cpu='i386'
host_os='darwin11.4.0'
host_vendor='apple'
htmldir='${docdir}'
includedir='${prefix}/include'
infodir='${datarootdir}/info'
install_sh='$(SHELL) /Users/bryansmith/xbmc/tools/darwin/depends/gettext/build-aux/install-sh'
libdir='${exec_prefix}/lib'
libexecdir='${exec_prefix}/libexec'
localedir='${datarootdir}/locale'
localstatedir='${prefix}/var'
mandir='${datarootdir}/man'
mkdir_p='/opt/local/bin/gmkdir -p'
oldincludedir='/usr/include'
pdfdir='${docdir}'
prefix='/usr/local'
program_transform_name='s,x,x,'
psdir='${docdir}'
sbindir='${exec_prefix}/sbin'
sharedstatedir='${prefix}/com'
sysconfdir='${prefix}/etc'
target_alias=''
with_gnu_ld='no'

## ----------- ##
## confdefs.h. ##
## ----------- ##

#define PACKAGE_NAME ""
#define PACKAGE_TARNAME ""
#define PACKAGE_VERSION ""
#define PACKAGE_STRING ""
#define PACKAGE_BUGREPORT ""
#define PACKAGE "autoconf-lib-link"
#define VERSION "0.16.1"
#define STDC_HEADERS 1
#define HAVE_SYS_TYPES_H 1
#define HAVE_SYS_STAT_H 1
#define HAVE_STDLIB_H 1
#define HAVE_STRING_H 1
#define HAVE_MEMORY_H 1
#define HAVE_STRINGS_H 1
#define HAVE_INTTYPES_H 1
#define HAVE_STDINT_H 1
#define HAVE_UNISTD_H 1
#define HAVE_DLFCN_H 1

configure: exit 0
