This file contains any messages produced by compilers while
running configure, to aid debugging if configure makes a mistake.

It was created by libssh2 configure -, which was
generated by GNU Autoconf 2.64.  Invocation command line was

  $ ./configure 

## --------- ##
## Platform. ##
## --------- ##

hostname = Bryans-Mac-Pro.local
uname -m = x86_64
uname -r = 11.4.0
uname -s = Darwin
uname -v = Darwin Kernel Version 11.4.0: Mon Apr  9 19:32:15 PDT 2012; root:xnu-1699.26.8~1/RELEASE_X86_64

/usr/bin/uname -p = i386
/bin/uname -X     = unknown

/bin/arch              = unknown
/usr/bin/arch -k       = unknown
/usr/convex/getsysinfo = unknown
/usr/bin/hostinfo      = Mach kernel version:
	 Darwin Kernel Version 11.4.0: Mon Apr  9 19:32:15 PDT 2012; root:xnu-1699.26.8~1/RELEASE_X86_64
Kernel configured for up to 4 processors.
4 processors are physically available.
4 processors are logically available.
Processor type: i486 (Intel 80486)
Processors active: 0 1 2 3
Primary memory available: 8.00 gigabytes
Default processor set: 129 tasks, 653 threads, 4 processors
Load average: 1.04, Mach factor: 2.95
/bin/machine           = unknown
/usr/bin/oslevel       = unknown
/bin/universe          = unknown

PATH: /opt/local/bin
PATH: /usr/bin
PATH: /bin
PATH: /usr/sbin
PATH: /sbin
PATH: /usr/local/bin
PATH: /usr/X11/bin
PATH: /usr/local/git/bin


## ----------- ##
## Core tests. ##
## ----------- ##

configure:2289: checking whether to enable maintainer-specific portions of Makefiles
configure:2298: result: no
configure:2316: checking for sed
configure:2335: found /usr/bin/sed
configure:2348: result: /usr/bin/sed
configure:2402: checking for a BSD-compatible install
configure:2470: result: /opt/local/bin/ginstall -c
configure:2481: checking whether build environment is sane
configure:2518: result: yes
configure:2580: checking for gawk
configure:2596: found /opt/local/bin/gawk
configure:2607: result: gawk
configure:2618: checking whether make sets $(MAKE)
configure:2640: result: yes
configure:2818: checking libssh2 version
configure:2820: result: 1.4.2
configure:2831: checking build system type
configure:2845: result: x86_64-apple-darwin11.4.0
configure:2865: checking host system type
configure:2878: result: x86_64-apple-darwin11.4.0
configure:2905: autobuild project... libssh2
configure:2911: autobuild revision... 1.4.2
configure:2916: autobuild hostname... Bryans-Mac-Pro.local
configure:2927: autobuild timestamp... 20120717-162946
configure:2968: checking for style of include used by make
configure:2996: result: GNU
configure:3069: checking for gcc
configure:3085: found /usr/bin/gcc
configure:3096: result: gcc
configure:3325: checking for C compiler version
configure:3334: gcc --version >&5
i686-apple-darwin11-llvm-gcc-4.2 (GCC) 4.2.1 (Based on Apple Inc. build 5658) (LLVM build 2336.9.00)
Copyright (C) 2007 Free Software Foundation, Inc.
This is free software; see the source for copying conditions.  There is NO
warranty; not even for MERCHANTABILITY or FITNESS FOR A PARTICULAR PURPOSE.

configure:3345: $? = 0
configure:3334: gcc -v >&5
Using built-in specs.
Target: i686-apple-darwin11
Configured with: /private/var/tmp/llvmgcc42/llvmgcc42-2336.9~22/src/configure --disable-checking --enable-werror --prefix=/Applications/Xcode.app/Contents/Developer/usr/llvm-gcc-4.2 --mandir=/share/man --enable-languages=c,objc,c++,obj-c++ --program-prefix=llvm- --program-transform-name=/^[cg][^.-]*$/s/$/-4.2/ --with-slibdir=/usr/lib --build=i686-apple-darwin11 --enable-llvm=/private/var/tmp/llvmgcc42/llvmgcc42-2336.9~22/dst-llvmCore/Developer/usr/local --program-prefix=i686-apple-darwin11- --host=x86_64-apple-darwin11 --target=i686-apple-darwin11 --with-gxx-include-dir=/usr/include/c++/4.2.1
Thread model: posix
gcc version 4.2.1 (Based on Apple Inc. build 5658) (LLVM build 2336.9.00)
configure:3345: $? = 0
configure:3334: gcc -V >&5
llvm-gcc-4.2: argument to `-V' is missing
configure:3345: $? = 1
configure:3334: gcc -qversion >&5
i686-apple-darwin11-llvm-gcc-4.2: no input files
configure:3345: $? = 1
configure:3367: checking for C compiler default output file name
configure:3389: gcc  -DLIBSSH2_DARWIN   conftest.c  >&5
configure:3393: $? = 0
configure:3430: result: a.out
configure:3446: checking whether the C compiler works
configure:3455: ./a.out
configure:3459: $? = 0
configure:3474: result: yes
configure:3481: checking whether we are cross compiling
configure:3483: result: no
configure:3486: checking for suffix of executables
configure:3493: gcc -o conftest  -DLIBSSH2_DARWIN   conftest.c  >&5
configure:3497: $? = 0
configure:3519: result: 
configure:3525: checking for suffix of object files
configure:3547: gcc -c  -DLIBSSH2_DARWIN  conftest.c >&5
configure:3551: $? = 0
configure:3572: result: o
configure:3576: checking whether we are using the GNU C compiler
configure:3595: gcc -c  -DLIBSSH2_DARWIN  conftest.c >&5
configure:3595: $? = 0
configure:3604: result: yes
configure:3613: checking whether gcc accepts -g
configure:3633: gcc -c -g  conftest.c >&5
configure:3633: $? = 0
configure:3674: result: yes
configure:3691: checking for gcc option to accept ISO C89
configure:3755: gcc  -c  -DLIBSSH2_DARWIN  conftest.c >&5
configure:3755: $? = 0
configure:3768: result: none needed
configure:3790: checking dependency style of gcc
configure:3880: result: gcc3
configure:3903: checking how to run the C preprocessor
configure:3934: gcc -E  conftest.c
configure:3934: $? = 0
configure:3948: gcc -E  conftest.c
conftest.c:11:28: error: ac_nonexistent.h: No such file or directory
configure:3948: $? = 1
configure: failed program was:
| /* confdefs.h */
| #define PACKAGE_NAME "libssh2"
| #define PACKAGE_TARNAME "libssh2"
| #define PACKAGE_VERSION "-"
| #define PACKAGE_STRING "libssh2 -"
| #define PACKAGE_BUGREPORT "libssh2-devel@cool.haxx.se"
| #define PACKAGE_URL ""
| #define PACKAGE "libssh2"
| #define VERSION "-"
| /* end confdefs.h.  */
| #include <ac_nonexistent.h>
configure:3973: result: gcc -E
configure:3993: gcc -E  conftest.c
configure:3993: $? = 0
configure:4007: gcc -E  conftest.c
conftest.c:11:28: error: ac_nonexistent.h: No such file or directory
configure:4007: $? = 1
configure: failed program was:
| /* confdefs.h */
| #define PACKAGE_NAME "libssh2"
| #define PACKAGE_TARNAME "libssh2"
| #define PACKAGE_VERSION "-"
| #define PACKAGE_STRING "libssh2 -"
| #define PACKAGE_BUGREPORT "libssh2-devel@cool.haxx.se"
| #define PACKAGE_URL ""
| #define PACKAGE "libssh2"
| #define VERSION "-"
| /* end confdefs.h.  */
| #include <ac_nonexistent.h>
configure:4036: checking for grep that handles long lines and -e
configure:4094: result: /usr/bin/grep
configure:4099: checking for egrep
configure:4161: result: /usr/bin/grep -E
configure:4166: checking for ANSI C header files
configure:4186: gcc -c  -DLIBSSH2_DARWIN  conftest.c >&5
configure:4186: $? = 0
configure:4259: gcc -o conftest  -DLIBSSH2_DARWIN   conftest.c  >&5
configure:4259: $? = 0
configure:4259: ./conftest
configure:4259: $? = 0
configure:4270: result: yes
configure:4283: checking for sys/types.h
configure:4283: gcc -c  -DLIBSSH2_DARWIN  conftest.c >&5
configure:4283: $? = 0
configure:4283: result: yes
configure:4283: checking for sys/stat.h
configure:4283: gcc -c  -DLIBSSH2_DARWIN  conftest.c >&5
configure:4283: $? = 0
configure:4283: result: yes
configure:4283: checking for stdlib.h
configure:4283: gcc -c  -DLIBSSH2_DARWIN  conftest.c >&5
configure:4283: $? = 0
configure:4283: result: yes
configure:4283: checking for string.h
configure:4283: gcc -c  -DLIBSSH2_DARWIN  conftest.c >&5
configure:4283: $? = 0
configure:4283: result: yes
configure:4283: checking for memory.h
configure:4283: gcc -c  -DLIBSSH2_DARWIN  conftest.c >&5
configure:4283: $? = 0
configure:4283: result: yes
configure:4283: checking for strings.h
configure:4283: gcc -c  -DLIBSSH2_DARWIN  conftest.c >&5
configure:4283: $? = 0
configure:4283: result: yes
configure:4283: checking for inttypes.h
configure:4283: gcc -c  -DLIBSSH2_DARWIN  conftest.c >&5
configure:4283: $? = 0
configure:4283: result: yes
configure:4283: checking for stdint.h
configure:4283: gcc -c  -DLIBSSH2_DARWIN  conftest.c >&5
configure:4283: $? = 0
configure:4283: result: yes
configure:4283: checking for unistd.h
configure:4283: gcc -c  -DLIBSSH2_DARWIN  conftest.c >&5
configure:4283: $? = 0
configure:4283: result: yes
configure:4296: checking for long long
configure:4296: gcc -c  -DLIBSSH2_DARWIN  conftest.c >&5
configure:4296: $? = 0
configure:4296: gcc -c  -DLIBSSH2_DARWIN  conftest.c >&5
conftest.c: In function 'main':
conftest.c:57: error: expected expression before ')' token
configure:4296: $? = 1
configure: failed program was:
| /* confdefs.h */
| #define PACKAGE_NAME "libssh2"
| #define PACKAGE_TARNAME "libssh2"
| #define PACKAGE_VERSION "-"
| #define PACKAGE_STRING "libssh2 -"
| #define PACKAGE_BUGREPORT "libssh2-devel@cool.haxx.se"
| #define PACKAGE_URL ""
| #define PACKAGE "libssh2"
| #define VERSION "-"
| #define STDC_HEADERS 1
| #define HAVE_SYS_TYPES_H 1
| #define HAVE_SYS_STAT_H 1
| #define HAVE_STDLIB_H 1
| #define HAVE_STRING_H 1
| #define HAVE_MEMORY_H 1
| #define HAVE_STRINGS_H 1
| #define HAVE_INTTYPES_H 1
| #define HAVE_STDINT_H 1
| #define HAVE_UNISTD_H 1
| /* end confdefs.h.  */
| #include <stdio.h>
| #ifdef HAVE_SYS_TYPES_H
| # include <sys/types.h>
| #endif
| #ifdef HAVE_SYS_STAT_H
| # include <sys/stat.h>
| #endif
| #ifdef STDC_HEADERS
| # include <stdlib.h>
| # include <stddef.h>
| #else
| # ifdef HAVE_STDLIB_H
| #  include <stdlib.h>
| # endif
| #endif
| #ifdef HAVE_STRING_H
| # if !defined STDC_HEADERS && defined HAVE_MEMORY_H
| #  include <memory.h>
| # endif
| # include <string.h>
| #endif
| #ifdef HAVE_STRINGS_H
| # include <strings.h>
| #endif
| #ifdef HAVE_INTTYPES_H
| # include <inttypes.h>
| #endif
| #ifdef HAVE_STDINT_H
| # include <stdint.h>
| #endif
| #ifdef HAVE_UNISTD_H
| # include <unistd.h>
| #endif
| int
| main ()
| {
| if (sizeof ((long long)))
| 	    return 0;
|   ;
|   return 0;
| }
configure:4296: result: yes
configure:4308: checking if _REENTRANT is already defined
configure:4330: gcc -c  -DLIBSSH2_DARWIN  conftest.c >&5
conftest.c: In function 'main':
conftest.c:32: error: 'force' undeclared (first use in this function)
conftest.c:32: error: (Each undeclared identifier is reported only once
conftest.c:32: error: for each function it appears in.)
conftest.c:32: error: expected ';' before 'compilation'
configure:4330: $? = 1
configure: failed program was:
| /* confdefs.h */
| #define PACKAGE_NAME "libssh2"
| #define PACKAGE_TARNAME "libssh2"
| #define PACKAGE_VERSION "-"
| #define PACKAGE_STRING "libssh2 -"
| #define PACKAGE_BUGREPORT "libssh2-devel@cool.haxx.se"
| #define PACKAGE_URL ""
| #define PACKAGE "libssh2"
| #define VERSION "-"
| #define STDC_HEADERS 1
| #define HAVE_SYS_TYPES_H 1
| #define HAVE_SYS_STAT_H 1
| #define HAVE_STDLIB_H 1
| #define HAVE_STRING_H 1
| #define HAVE_MEMORY_H 1
| #define HAVE_STRINGS_H 1
| #define HAVE_INTTYPES_H 1
| #define HAVE_STDINT_H 1
| #define HAVE_UNISTD_H 1
| #define HAVE_LONGLONG 1
| /* end confdefs.h.  */
| 
| 
| 
| int
| main ()
| {
| 
| #ifdef _REENTRANT
|       int dummy=1;
| #else
|       force compilation error
| #endif
| 
|   ;
|   return 0;
| }
| 
configure:4338: result: no
configure:4346: checking if _REENTRANT is actually needed
configure:4363: result: no
configure:4368: checking if _REENTRANT is onwards defined
configure:4385: result: no
configure:4392: checking for library containing socket
configure:4423: gcc -o conftest  -DLIBSSH2_DARWIN   conftest.c  >&5
configure:4423: $? = 0
configure:4440: result: none required
configure:4450: checking for library containing inet_addr
configure:4481: gcc -o conftest  -DLIBSSH2_DARWIN   conftest.c  >&5
configure:4481: $? = 0
configure:4498: result: none required
configure:4557: checking for gcc
configure:4584: result: gcc
configure:4813: checking for C compiler version
configure:4822: gcc --version >&5
i686-apple-darwin11-llvm-gcc-4.2 (GCC) 4.2.1 (Based on Apple Inc. build 5658) (LLVM build 2336.9.00)
Copyright (C) 2007 Free Software Foundation, Inc.
This is free software; see the source for copying conditions.  There is NO
warranty; not even for MERCHANTABILITY or FITNESS FOR A PARTICULAR PURPOSE.

configure:4833: $? = 0
configure:4822: gcc -v >&5
Using built-in specs.
Target: i686-apple-darwin11
Configured with: /private/var/tmp/llvmgcc42/llvmgcc42-2336.9~22/src/configure --disable-checking --enable-werror --prefix=/Applications/Xcode.app/Contents/Developer/usr/llvm-gcc-4.2 --mandir=/share/man --enable-languages=c,objc,c++,obj-c++ --program-prefix=llvm- --program-transform-name=/^[cg][^.-]*$/s/$/-4.2/ --with-slibdir=/usr/lib --build=i686-apple-darwin11 --enable-llvm=/private/var/tmp/llvmgcc42/llvmgcc42-2336.9~22/dst-llvmCore/Developer/usr/local --program-prefix=i686-apple-darwin11- --host=x86_64-apple-darwin11 --target=i686-apple-darwin11 --with-gxx-include-dir=/usr/include/c++/4.2.1
Thread model: posix
gcc version 4.2.1 (Based on Apple Inc. build 5658) (LLVM build 2336.9.00)
configure:4833: $? = 0
configure:4822: gcc -V >&5
llvm-gcc-4.2: argument to `-V' is missing
configure:4833: $? = 1
configure:4822: gcc -qversion >&5
i686-apple-darwin11-llvm-gcc-4.2: no input files
configure:4833: $? = 1
configure:4837: checking whether we are using the GNU C compiler
configure:4865: result: yes
configure:4874: checking whether gcc accepts -g
configure:4935: result: yes
configure:4952: checking for gcc option to accept ISO C89
configure:5029: result: none needed
configure:5051: checking dependency style of gcc
configure:5141: result: gcc3
configure:5159: checking whether ln -s works
configure:5163: result: yes
configure:5170: checking whether make sets $(MAKE)
configure:5192: result: yes
configure:5205: checking for sshd
configure:5223: found /usr/sbin/sshd
configure:5235: result: /usr/sbin/sshd
configure:5605: checking how to print strings
configure:5632: result: printf
configure:5653: checking for a sed that does not truncate output
configure:5717: result: /usr/bin/sed
configure:5735: checking for fgrep
configure:5797: result: /usr/bin/grep -F
configure:5832: checking for ld used by gcc
configure:5899: result: /usr/llvm-gcc-4.2/libexec/gcc/i686-apple-darwin11/4.2.1/ld
configure:5906: checking if the linker (/usr/llvm-gcc-4.2/libexec/gcc/i686-apple-darwin11/4.2.1/ld) is GNU ld
configure:5921: result: no
configure:5933: checking for BSD- or MS-compatible name lister (nm)
configure:5982: result: /usr/bin/nm
configure:6112: checking the name lister (/usr/bin/nm) interface
configure:6119: gcc -c  -DLIBSSH2_DARWIN  conftest.c >&5
configure:6122: /usr/bin/nm "conftest.o"
configure:6125: output
0000000000000000 S _some_variable
configure:6132: result: BSD nm
configure:6136: checking the maximum length of command line arguments
configure:6266: result: 196608
configure:6283: checking whether the shell understands some XSI constructs
configure:6293: result: yes
configure:6297: checking whether the shell understands "+="
configure:6303: result: yes
configure:6338: checking how to convert x86_64-apple-darwin11.4.0 file names to x86_64-apple-darwin11.4.0 format
configure:6378: result: func_convert_file_noop
configure:6385: checking how to convert x86_64-apple-darwin11.4.0 file names to toolchain format
configure:6405: result: func_convert_file_noop
configure:6412: checking for /usr/llvm-gcc-4.2/libexec/gcc/i686-apple-darwin11/4.2.1/ld option to reload object files
configure:6419: result: -r
configure:6493: checking for objdump
configure:6520: result: objdump
configure:6549: checking how to recognize dependent libraries
configure:6751: result: pass_all
configure:6836: checking for dlltool
configure:6863: result: dlltool
configure:6893: checking how to associate runtime and link libraries
configure:6920: result: printf %s\n
configure:6980: checking for ar
configure:6996: found /usr/bin/ar
configure:7007: result: ar
configure:7044: checking for archiver @FILE support
configure:7061: gcc -c  -DLIBSSH2_DARWIN  conftest.c >&5
configure:7061: $? = 0
configure:7064: ar cru libconftest.a @conftest.lst >&5
ar: @conftest.lst: No such file or directory
configure:7067: $? = 1
configure:7087: result: no
configure:7145: checking for strip
configure:7161: found /usr/bin/strip
configure:7172: result: strip
configure:7244: checking for ranlib
configure:7260: found /usr/bin/ranlib
configure:7271: result: ranlib
configure:7373: checking command to parse /usr/bin/nm output from gcc object
configure:7493: gcc -c  -DLIBSSH2_DARWIN  conftest.c >&5
configure:7496: $? = 0
configure:7500: /usr/bin/nm conftest.o \| sed -n -e 's/^.*[ ]\([BCDEGRST][BCDEGRST]*\)[ ][ ]*\([_A-Za-z][_A-Za-z0-9]*\)$/\1 \2 \2/p' | sed '/ __gnu_lto/d' \> conftest.nm
configure:7503: $? = 0
cannot find nm_test_var in conftest.nm
configure:7493: gcc -c  -DLIBSSH2_DARWIN  conftest.c >&5
configure:7496: $? = 0
configure:7500: /usr/bin/nm conftest.o \| sed -n -e 's/^.*[ ]\([BCDEGRST][BCDEGRST]*\)[ ][ ]*_\([_A-Za-z][_A-Za-z0-9]*\)$/\1 _\2 \2/p' | sed '/ __gnu_lto/d' \> conftest.nm
configure:7503: $? = 0
configure:7569: gcc -o conftest  -DLIBSSH2_DARWIN   conftest.c conftstm.o >&5
configure:7572: $? = 0
configure:7610: result: ok
configure:7647: checking for sysroot
configure:7677: result: no
configure:7933: checking for mt
configure:7963: result: no
configure:7983: checking if : is a manifest tool
configure:7989: : '-?'
configure:7997: result: no
configure:8053: checking for dsymutil
configure:8069: found /usr/bin/dsymutil
configure:8080: result: dsymutil
configure:8145: checking for nmedit
configure:8161: found /usr/bin/nmedit
configure:8172: result: nmedit
configure:8237: checking for lipo
configure:8253: found /usr/bin/lipo
configure:8264: result: lipo
configure:8329: checking for otool
configure:8345: found /usr/bin/otool
configure:8356: result: otool
configure:8421: checking for otool64
configure:8451: result: no
configure:8496: checking for -single_module linker flag
gcc  -DLIBSSH2_DARWIN  -o libconftest.dylib -dynamiclib -Wl,-single_module conftest.c
configure:8529: result: yes
configure:8532: checking for -exported_symbols_list linker flag
configure:8552: gcc -o conftest  -DLIBSSH2_DARWIN   -Wl,-exported_symbols_list,conftest.sym conftest.c  >&5
configure:8552: $? = 0
configure:8562: result: yes
configure:8565: checking for -force_load linker flag
gcc  -DLIBSSH2_DARWIN -c -o conftest.o conftest.c
ar cru libconftest.a conftest.o
ranlib libconftest.a
gcc  -DLIBSSH2_DARWIN  -o conftest conftest.c -Wl,-force_load,./libconftest.a
configure:8597: result: yes
configure:8636: checking for dlfcn.h
configure:8636: gcc -c  -DLIBSSH2_DARWIN  conftest.c >&5
configure:8636: $? = 0
configure:8636: result: yes
configure:8840: checking for objdir
configure:8855: result: .libs
configure:9126: checking if gcc supports -fno-rtti -fno-exceptions
configure:9144: gcc -c  -DLIBSSH2_DARWIN  -fno-rtti -fno-exceptions conftest.c >&5
cc1: warning: command line option "-fno-rtti" is valid for C++/ObjC++ but not for C
configure:9148: $? = 0
configure:9161: result: no
configure:9488: checking for gcc option to produce PIC
configure:9495: result: -fno-common -DPIC
configure:9503: checking if gcc PIC flag -fno-common -DPIC works
configure:9521: gcc -c  -DLIBSSH2_DARWIN  -fno-common -DPIC -DPIC conftest.c >&5
configure:9525: $? = 0
configure:9538: result: yes
configure:9567: checking if gcc static flag -static works
configure:9595: result: no
configure:9610: checking if gcc supports -c -o file.o
configure:9631: gcc -c  -DLIBSSH2_DARWIN  -o out/conftest2.o conftest.c >&5
configure:9635: $? = 0
configure:9657: result: yes
configure:9665: checking if gcc supports -c -o file.o
configure:9712: result: yes
configure:9745: checking whether the gcc linker (/usr/llvm-gcc-4.2/libexec/gcc/i686-apple-darwin11/4.2.1/ld) supports shared libraries
configure:10902: result: yes
configure:11142: checking dynamic linker characteristics
configure:11887: result: darwin11.4.0 dyld
configure:11994: checking how to hardcode library paths into programs
configure:12019: result: immediate
configure:12559: checking whether stripping libraries is possible
configure:12573: result: yes
configure:12599: checking if libtool supports shared libraries
configure:12601: result: yes
configure:12604: checking whether to build shared libraries
configure:12625: result: yes
configure:12628: checking whether to build static libraries
configure:12632: result: yes
configure:12669: checking whether byte ordering is bigendian
configure:12684: gcc -c  -DLIBSSH2_DARWIN  conftest.c >&5
configure:12684: $? = 0
configure:12729: gcc -c  -DLIBSSH2_DARWIN  conftest.c >&5
configure:12729: $? = 0
configure:12747: gcc -c  -DLIBSSH2_DARWIN  conftest.c >&5
conftest.c: In function 'main':
conftest.c:31: error: 'not' undeclared (first use in this function)
conftest.c:31: error: (Each undeclared identifier is reported only once
conftest.c:31: error: for each function it appears in.)
conftest.c:31: error: expected ';' before 'big'
configure:12747: $? = 1
configure: failed program was:
| /* confdefs.h */
| #define PACKAGE_NAME "libssh2"
| #define PACKAGE_TARNAME "libssh2"
| #define PACKAGE_VERSION "-"
| #define PACKAGE_STRING "libssh2 -"
| #define PACKAGE_BUGREPORT "libssh2-devel@cool.haxx.se"
| #define PACKAGE_URL ""
| #define PACKAGE "libssh2"
| #define VERSION "-"
| #define STDC_HEADERS 1
| #define HAVE_SYS_TYPES_H 1
| #define HAVE_SYS_STAT_H 1
| #define HAVE_STDLIB_H 1
| #define HAVE_STRING_H 1
| #define HAVE_MEMORY_H 1
| #define HAVE_STRINGS_H 1
| #define HAVE_INTTYPES_H 1
| #define HAVE_STDINT_H 1
| #define HAVE_UNISTD_H 1
| #define HAVE_LONGLONG 1
| #define HAVE_DLFCN_H 1
| #define LT_OBJDIR ".libs/"
| /* end confdefs.h.  */
| #include <sys/types.h>
| 		#include <sys/param.h>
| 
| int
| main ()
| {
| #if BYTE_ORDER != BIG_ENDIAN
| 		 not big endian
| 		#endif
| 
|   ;
|   return 0;
| }
configure:12875: result: no
configure:12901: checking for special C compiler options needed for large files
configure:12946: result: no
configure:12952: checking for _FILE_OFFSET_BITS value needed for large files
configure:12977: gcc -c  -DLIBSSH2_DARWIN  conftest.c >&5
configure:12977: $? = 0
configure:13009: result: no
configure:13161: checking for ld used by GCC
configure:13225: result: /usr/llvm-gcc-4.2/libexec/gcc/i686-apple-darwin11/4.2.1/ld
configure:13232: checking if the linker (/usr/llvm-gcc-4.2/libexec/gcc/i686-apple-darwin11/4.2.1/ld) is GNU ld
configure:13245: result: no
configure:13252: checking for shared library run path origin
configure:13265: result: done
configure:13770: checking for libssl
configure:13789: gcc -o conftest  -DLIBSSH2_DARWIN   conftest.c  -lssl -lcrypto >&5
configure:13789: $? = 0
configure:13799: result: yes
configure:13806: checking how to link with libssl
configure:13808: result: -lssl -lcrypto
configure:14382: checking for EVP_aes_128_ctr
configure:14382: gcc -o conftest  -DLIBSSH2_DARWIN   -lssl -lcrypto conftest.c  >&5
Undefined symbols for architecture x86_64:
  "_EVP_aes_128_ctr", referenced from:
      _main in cctQeGCX.o
ld: symbol(s) not found for architecture x86_64
collect2: ld returned 1 exit status
configure:14382: $? = 1
configure: failed program was:
| /* confdefs.h */
| #define PACKAGE_NAME "libssh2"
| #define PACKAGE_TARNAME "libssh2"
| #define PACKAGE_VERSION "-"
| #define PACKAGE_STRING "libssh2 -"
| #define PACKAGE_BUGREPORT "libssh2-devel@cool.haxx.se"
| #define PACKAGE_URL ""
| #define PACKAGE "libssh2"
| #define VERSION "-"
| #define STDC_HEADERS 1
| #define HAVE_SYS_TYPES_H 1
| #define HAVE_SYS_STAT_H 1
| #define HAVE_STDLIB_H 1
| #define HAVE_STRING_H 1
| #define HAVE_MEMORY_H 1
| #define HAVE_STRINGS_H 1
| #define HAVE_INTTYPES_H 1
| #define HAVE_STDINT_H 1
| #define HAVE_UNISTD_H 1
| #define HAVE_LONGLONG 1
| #define HAVE_DLFCN_H 1
| #define LT_OBJDIR ".libs/"
| #define HAVE_LIBSSL 1
| /* end confdefs.h.  */
| /* Define EVP_aes_128_ctr to an innocuous variant, in case <limits.h> declares EVP_aes_128_ctr.
|    For example, HP-UX 11i <limits.h> declares gettimeofday.  */
| #define EVP_aes_128_ctr innocuous_EVP_aes_128_ctr
| 
| /* System header to define __stub macros and hopefully few prototypes,
|     which can conflict with char EVP_aes_128_ctr (); below.
|     Prefer <limits.h> to <assert.h> if __STDC__ is defined, since
|     <limits.h> exists even on freestanding compilers.  */
| 
| #ifdef __STDC__
| # include <limits.h>
| #else
| # include <assert.h>
| #endif
| 
| #undef EVP_aes_128_ctr
| 
| /* Override any GCC internal prototype to avoid an error.
|    Use char because int might match the return type of a GCC
|    builtin and then its argument prototype would still apply.  */
| #ifdef __cplusplus
| extern "C"
| #endif
| char EVP_aes_128_ctr ();
| /* The GNU C library defines this for functions which it implements
|     to always fail with ENOSYS.  Some functions are actually named
|     something starting with __ and the normal name is an alias.  */
| #if defined __stub_EVP_aes_128_ctr || defined __stub___EVP_aes_128_ctr
| choke me
| #endif
| 
| int
| main ()
| {
| return EVP_aes_128_ctr ();
|   ;
|   return 0;
| }
configure:14382: result: no
configure:14863: checking for libz
configure:14882: gcc -o conftest  -DLIBSSH2_DARWIN   conftest.c  -lz >&5
configure:14882: $? = 0
configure:14892: result: yes
configure:14899: checking how to link with libz
configure:14901: result: -lz
configure:14959: checking whether to enable pedantic and debug compiler options
configure:15092: result: no
configure:15098: checking whether to enable hidden symbols in the library
configure:15139: result: no
configure:15146: checking whether to build example applications
configure:15162: result: yes
configure:15180: checking errno.h usability
configure:15180: gcc -c  -DLIBSSH2_DARWIN  conftest.c >&5
configure:15180: $? = 0
configure:15180: result: yes
configure:15180: checking errno.h presence
configure:15180: gcc -E  conftest.c
configure:15180: $? = 0
configure:15180: result: yes
configure:15180: checking for errno.h
configure:15180: result: yes
configure:15180: checking fcntl.h usability
configure:15180: gcc -c  -DLIBSSH2_DARWIN  conftest.c >&5
configure:15180: $? = 0
configure:15180: result: yes
configure:15180: checking fcntl.h presence
configure:15180: gcc -E  conftest.c
configure:15180: $? = 0
configure:15180: result: yes
configure:15180: checking for fcntl.h
configure:15180: result: yes
configure:15180: checking stdio.h usability
configure:15180: gcc -c  -DLIBSSH2_DARWIN  conftest.c >&5
configure:15180: $? = 0
configure:15180: result: yes
configure:15180: checking stdio.h presence
configure:15180: gcc -E  conftest.c
configure:15180: $? = 0
configure:15180: result: yes
configure:15180: checking for stdio.h
configure:15180: result: yes
configure:15180: checking for stdlib.h
configure:15180: result: yes
configure:15180: checking for unistd.h
configure:15180: result: yes
configure:15180: checking sys/uio.h usability
configure:15180: gcc -c  -DLIBSSH2_DARWIN  conftest.c >&5
configure:15180: $? = 0
configure:15180: result: yes
configure:15180: checking sys/uio.h presence
configure:15180: gcc -E  conftest.c
configure:15180: $? = 0
configure:15180: result: yes
configure:15180: checking for sys/uio.h
configure:15180: result: yes
configure:15194: checking sys/select.h usability
configure:15194: gcc -c  -DLIBSSH2_DARWIN  conftest.c >&5
configure:15194: $? = 0
configure:15194: result: yes
configure:15194: checking sys/select.h presence
configure:15194: gcc -E  conftest.c
configure:15194: $? = 0
configure:15194: result: yes
configure:15194: checking for sys/select.h
configure:15194: result: yes
configure:15194: checking sys/socket.h usability
configure:15194: gcc -c  -DLIBSSH2_DARWIN  conftest.c >&5
configure:15194: $? = 0
configure:15194: result: yes
configure:15194: checking sys/socket.h presence
configure:15194: gcc -E  conftest.c
configure:15194: $? = 0
configure:15194: result: yes
configure:15194: checking for sys/socket.h
configure:15194: result: yes
configure:15194: checking sys/ioctl.h usability
configure:15194: gcc -c  -DLIBSSH2_DARWIN  conftest.c >&5
configure:15194: $? = 0
configure:15194: result: yes
configure:15194: checking sys/ioctl.h presence
configure:15194: gcc -E  conftest.c
configure:15194: $? = 0
configure:15194: result: yes
configure:15194: checking for sys/ioctl.h
configure:15194: result: yes
configure:15194: checking sys/time.h usability
configure:15194: gcc -c  -DLIBSSH2_DARWIN  conftest.c >&5
configure:15194: $? = 0
configure:15194: result: yes
configure:15194: checking sys/time.h presence
configure:15194: gcc -E  conftest.c
configure:15194: $? = 0
configure:15194: result: yes
configure:15194: checking for sys/time.h
configure:15194: result: yes
configure:15208: checking arpa/inet.h usability
configure:15208: gcc -c  -DLIBSSH2_DARWIN  conftest.c >&5
configure:15208: $? = 0
configure:15208: result: yes
configure:15208: checking arpa/inet.h presence
configure:15208: gcc -E  conftest.c
configure:15208: $? = 0
configure:15208: result: yes
configure:15208: checking for arpa/inet.h
configure:15208: result: yes
configure:15208: checking netinet/in.h usability
configure:15208: gcc -c  -DLIBSSH2_DARWIN  conftest.c >&5
configure:15208: $? = 0
configure:15208: result: yes
configure:15208: checking netinet/in.h presence
configure:15208: gcc -E  conftest.c
configure:15208: $? = 0
configure:15208: result: yes
configure:15208: checking for netinet/in.h
configure:15208: result: yes
configure:15221: checking sys/un.h usability
configure:15221: gcc -c  -DLIBSSH2_DARWIN  conftest.c >&5
configure:15221: $? = 0
configure:15221: result: yes
configure:15221: checking sys/un.h presence
configure:15221: gcc -E  conftest.c
configure:15221: $? = 0
configure:15221: result: yes
configure:15221: checking for sys/un.h
configure:15221: result: yes
configure:15252: checking windows.h usability
configure:15252: gcc -c  -DLIBSSH2_DARWIN  conftest.c >&5
conftest.c:74:21: error: windows.h: No such file or directory
configure:15252: $? = 1
configure: failed program was:
| /* confdefs.h */
| #define PACKAGE_NAME "libssh2"
| #define PACKAGE_TARNAME "libssh2"
| #define PACKAGE_VERSION "-"
| #define PACKAGE_STRING "libssh2 -"
| #define PACKAGE_BUGREPORT "libssh2-devel@cool.haxx.se"
| #define PACKAGE_URL ""
| #define PACKAGE "libssh2"
| #define VERSION "-"
| #define STDC_HEADERS 1
| #define HAVE_SYS_TYPES_H 1
| #define HAVE_SYS_STAT_H 1
| #define HAVE_STDLIB_H 1
| #define HAVE_STRING_H 1
| #define HAVE_MEMORY_H 1
| #define HAVE_STRINGS_H 1
| #define HAVE_INTTYPES_H 1
| #define HAVE_STDINT_H 1
| #define HAVE_UNISTD_H 1
| #define HAVE_LONGLONG 1
| #define HAVE_DLFCN_H 1
| #define LT_OBJDIR ".libs/"
| #define HAVE_LIBSSL 1
| #define HAVE_LIBZ 1
| #define LIBSSH2_HAVE_ZLIB 1
| #define LIBSSH2_DH_GEX_NEW 1
| #define HAVE_ERRNO_H 1
| #define HAVE_FCNTL_H 1
| #define HAVE_STDIO_H 1
| #define HAVE_STDLIB_H 1
| #define HAVE_UNISTD_H 1
| #define HAVE_SYS_UIO_H 1
| #define HAVE_SYS_SELECT_H 1
| #define HAVE_SYS_SOCKET_H 1
| #define HAVE_SYS_IOCTL_H 1
| #define HAVE_SYS_TIME_H 1
| #define HAVE_ARPA_INET_H 1
| #define HAVE_NETINET_IN_H 1
| #define HAVE_SYS_UN_H 1
| /* end confdefs.h.  */
| #include <stdio.h>
| #ifdef HAVE_SYS_TYPES_H
| # include <sys/types.h>
| #endif
| #ifdef HAVE_SYS_STAT_H
| # include <sys/stat.h>
| #endif
| #ifdef STDC_HEADERS
| # include <stdlib.h>
| # include <stddef.h>
| #else
| # ifdef HAVE_STDLIB_H
| #  include <stdlib.h>
| # endif
| #endif
| #ifdef HAVE_STRING_H
| # if !defined STDC_HEADERS && defined HAVE_MEMORY_H
| #  include <memory.h>
| # endif
| # include <string.h>
| #endif
| #ifdef HAVE_STRINGS_H
| # include <strings.h>
| #endif
| #ifdef HAVE_INTTYPES_H
| # include <inttypes.h>
| #endif
| #ifdef HAVE_STDINT_H
| # include <stdint.h>
| #endif
| #ifdef HAVE_UNISTD_H
| # include <unistd.h>
| #endif
| #include <windows.h>
configure:15252: result: no
configure:15252: checking windows.h presence
configure:15252: gcc -E  conftest.c
conftest.c:41:21: error: windows.h: No such file or directory
configure:15252: $? = 1
configure: failed program was:
| /* confdefs.h */
| #define PACKAGE_NAME "libssh2"
| #define PACKAGE_TARNAME "libssh2"
| #define PACKAGE_VERSION "-"
| #define PACKAGE_STRING "libssh2 -"
| #define PACKAGE_BUGREPORT "libssh2-devel@cool.haxx.se"
| #define PACKAGE_URL ""
| #define PACKAGE "libssh2"
| #define VERSION "-"
| #define STDC_HEADERS 1
| #define HAVE_SYS_TYPES_H 1
| #define HAVE_SYS_STAT_H 1
| #define HAVE_STDLIB_H 1
| #define HAVE_STRING_H 1
| #define HAVE_MEMORY_H 1
| #define HAVE_STRINGS_H 1
| #define HAVE_INTTYPES_H 1
| #define HAVE_STDINT_H 1
| #define HAVE_UNISTD_H 1
| #define HAVE_LONGLONG 1
| #define HAVE_DLFCN_H 1
| #define LT_OBJDIR ".libs/"
| #define HAVE_LIBSSL 1
| #define HAVE_LIBZ 1
| #define LIBSSH2_HAVE_ZLIB 1
| #define LIBSSH2_DH_GEX_NEW 1
| #define HAVE_ERRNO_H 1
| #define HAVE_FCNTL_H 1
| #define HAVE_STDIO_H 1
| #define HAVE_STDLIB_H 1
| #define HAVE_UNISTD_H 1
| #define HAVE_SYS_UIO_H 1
| #define HAVE_SYS_SELECT_H 1
| #define HAVE_SYS_SOCKET_H 1
| #define HAVE_SYS_IOCTL_H 1
| #define HAVE_SYS_TIME_H 1
| #define HAVE_ARPA_INET_H 1
| #define HAVE_NETINET_IN_H 1
| #define HAVE_SYS_UN_H 1
| /* end confdefs.h.  */
| #include <windows.h>
configure:15252: result: no
configure:15252: checking for windows.h
configure:15252: result: no
configure:15252: checking winsock2.h usability
configure:15252: gcc -c  -DLIBSSH2_DARWIN  conftest.c >&5
conftest.c:74:22: error: winsock2.h: No such file or directory
configure:15252: $? = 1
configure: failed program was:
| /* confdefs.h */
| #define PACKAGE_NAME "libssh2"
| #define PACKAGE_TARNAME "libssh2"
| #define PACKAGE_VERSION "-"
| #define PACKAGE_STRING "libssh2 -"
| #define PACKAGE_BUGREPORT "libssh2-devel@cool.haxx.se"
| #define PACKAGE_URL ""
| #define PACKAGE "libssh2"
| #define VERSION "-"
| #define STDC_HEADERS 1
| #define HAVE_SYS_TYPES_H 1
| #define HAVE_SYS_STAT_H 1
| #define HAVE_STDLIB_H 1
| #define HAVE_STRING_H 1
| #define HAVE_MEMORY_H 1
| #define HAVE_STRINGS_H 1
| #define HAVE_INTTYPES_H 1
| #define HAVE_STDINT_H 1
| #define HAVE_UNISTD_H 1
| #define HAVE_LONGLONG 1
| #define HAVE_DLFCN_H 1
| #define LT_OBJDIR ".libs/"
| #define HAVE_LIBSSL 1
| #define HAVE_LIBZ 1
| #define LIBSSH2_HAVE_ZLIB 1
| #define LIBSSH2_DH_GEX_NEW 1
| #define HAVE_ERRNO_H 1
| #define HAVE_FCNTL_H 1
| #define HAVE_STDIO_H 1
| #define HAVE_STDLIB_H 1
| #define HAVE_UNISTD_H 1
| #define HAVE_SYS_UIO_H 1
| #define HAVE_SYS_SELECT_H 1
| #define HAVE_SYS_SOCKET_H 1
| #define HAVE_SYS_IOCTL_H 1
| #define HAVE_SYS_TIME_H 1
| #define HAVE_ARPA_INET_H 1
| #define HAVE_NETINET_IN_H 1
| #define HAVE_SYS_UN_H 1
| /* end confdefs.h.  */
| #include <stdio.h>
| #ifdef HAVE_SYS_TYPES_H
| # include <sys/types.h>
| #endif
| #ifdef HAVE_SYS_STAT_H
| # include <sys/stat.h>
| #endif
| #ifdef STDC_HEADERS
| # include <stdlib.h>
| # include <stddef.h>
| #else
| # ifdef HAVE_STDLIB_H
| #  include <stdlib.h>
| # endif
| #endif
| #ifdef HAVE_STRING_H
| # if !defined STDC_HEADERS && defined HAVE_MEMORY_H
| #  include <memory.h>
| # endif
| # include <string.h>
| #endif
| #ifdef HAVE_STRINGS_H
| # include <strings.h>
| #endif
| #ifdef HAVE_INTTYPES_H
| # include <inttypes.h>
| #endif
| #ifdef HAVE_STDINT_H
| # include <stdint.h>
| #endif
| #ifdef HAVE_UNISTD_H
| # include <unistd.h>
| #endif
| #include <winsock2.h>
configure:15252: result: no
configure:15252: checking winsock2.h presence
configure:15252: gcc -E  conftest.c
conftest.c:41:22: error: winsock2.h: No such file or directory
configure:15252: $? = 1
configure: failed program was:
| /* confdefs.h */
| #define PACKAGE_NAME "libssh2"
| #define PACKAGE_TARNAME "libssh2"
| #define PACKAGE_VERSION "-"
| #define PACKAGE_STRING "libssh2 -"
| #define PACKAGE_BUGREPORT "libssh2-devel@cool.haxx.se"
| #define PACKAGE_URL ""
| #define PACKAGE "libssh2"
| #define VERSION "-"
| #define STDC_HEADERS 1
| #define HAVE_SYS_TYPES_H 1
| #define HAVE_SYS_STAT_H 1
| #define HAVE_STDLIB_H 1
| #define HAVE_STRING_H 1
| #define HAVE_MEMORY_H 1
| #define HAVE_STRINGS_H 1
| #define HAVE_INTTYPES_H 1
| #define HAVE_STDINT_H 1
| #define HAVE_UNISTD_H 1
| #define HAVE_LONGLONG 1
| #define HAVE_DLFCN_H 1
| #define LT_OBJDIR ".libs/"
| #define HAVE_LIBSSL 1
| #define HAVE_LIBZ 1
| #define LIBSSH2_HAVE_ZLIB 1
| #define LIBSSH2_DH_GEX_NEW 1
| #define HAVE_ERRNO_H 1
| #define HAVE_FCNTL_H 1
| #define HAVE_STDIO_H 1
| #define HAVE_STDLIB_H 1
| #define HAVE_UNISTD_H 1
| #define HAVE_SYS_UIO_H 1
| #define HAVE_SYS_SELECT_H 1
| #define HAVE_SYS_SOCKET_H 1
| #define HAVE_SYS_IOCTL_H 1
| #define HAVE_SYS_TIME_H 1
| #define HAVE_ARPA_INET_H 1
| #define HAVE_NETINET_IN_H 1
| #define HAVE_SYS_UN_H 1
| /* end confdefs.h.  */
| #include <winsock2.h>
configure:15252: result: no
configure:15252: checking for winsock2.h
configure:15252: result: no
configure:15252: checking ws2tcpip.h usability
configure:15252: gcc -c  -DLIBSSH2_DARWIN  conftest.c >&5
conftest.c:74:22: error: ws2tcpip.h: No such file or directory
configure:15252: $? = 1
configure: failed program was:
| /* confdefs.h */
| #define PACKAGE_NAME "libssh2"
| #define PACKAGE_TARNAME "libssh2"
| #define PACKAGE_VERSION "-"
| #define PACKAGE_STRING "libssh2 -"
| #define PACKAGE_BUGREPORT "libssh2-devel@cool.haxx.se"
| #define PACKAGE_URL ""
| #define PACKAGE "libssh2"
| #define VERSION "-"
| #define STDC_HEADERS 1
| #define HAVE_SYS_TYPES_H 1
| #define HAVE_SYS_STAT_H 1
| #define HAVE_STDLIB_H 1
| #define HAVE_STRING_H 1
| #define HAVE_MEMORY_H 1
| #define HAVE_STRINGS_H 1
| #define HAVE_INTTYPES_H 1
| #define HAVE_STDINT_H 1
| #define HAVE_UNISTD_H 1
| #define HAVE_LONGLONG 1
| #define HAVE_DLFCN_H 1
| #define LT_OBJDIR ".libs/"
| #define HAVE_LIBSSL 1
| #define HAVE_LIBZ 1
| #define LIBSSH2_HAVE_ZLIB 1
| #define LIBSSH2_DH_GEX_NEW 1
| #define HAVE_ERRNO_H 1
| #define HAVE_FCNTL_H 1
| #define HAVE_STDIO_H 1
| #define HAVE_STDLIB_H 1
| #define HAVE_UNISTD_H 1
| #define HAVE_SYS_UIO_H 1
| #define HAVE_SYS_SELECT_H 1
| #define HAVE_SYS_SOCKET_H 1
| #define HAVE_SYS_IOCTL_H 1
| #define HAVE_SYS_TIME_H 1
| #define HAVE_ARPA_INET_H 1
| #define HAVE_NETINET_IN_H 1
| #define HAVE_SYS_UN_H 1
| /* end confdefs.h.  */
| #include <stdio.h>
| #ifdef HAVE_SYS_TYPES_H
| # include <sys/types.h>
| #endif
| #ifdef HAVE_SYS_STAT_H
| # include <sys/stat.h>
| #endif
| #ifdef STDC_HEADERS
| # include <stdlib.h>
| # include <stddef.h>
| #else
| # ifdef HAVE_STDLIB_H
| #  include <stdlib.h>
| # endif
| #endif
| #ifdef HAVE_STRING_H
| # if !defined STDC_HEADERS && defined HAVE_MEMORY_H
| #  include <memory.h>
| # endif
| # include <string.h>
| #endif
| #ifdef HAVE_STRINGS_H
| # include <strings.h>
| #endif
| #ifdef HAVE_INTTYPES_H
| # include <inttypes.h>
| #endif
| #ifdef HAVE_STDINT_H
| # include <stdint.h>
| #endif
| #ifdef HAVE_UNISTD_H
| # include <unistd.h>
| #endif
| #include <ws2tcpip.h>
configure:15252: result: no
configure:15252: checking ws2tcpip.h presence
configure:15252: gcc -E  conftest.c
conftest.c:41:22: error: ws2tcpip.h: No such file or directory
configure:15252: $? = 1
configure: failed program was:
| /* confdefs.h */
| #define PACKAGE_NAME "libssh2"
| #define PACKAGE_TARNAME "libssh2"
| #define PACKAGE_VERSION "-"
| #define PACKAGE_STRING "libssh2 -"
| #define PACKAGE_BUGREPORT "libssh2-devel@cool.haxx.se"
| #define PACKAGE_URL ""
| #define PACKAGE "libssh2"
| #define VERSION "-"
| #define STDC_HEADERS 1
| #define HAVE_SYS_TYPES_H 1
| #define HAVE_SYS_STAT_H 1
| #define HAVE_STDLIB_H 1
| #define HAVE_STRING_H 1
| #define HAVE_MEMORY_H 1
| #define HAVE_STRINGS_H 1
| #define HAVE_INTTYPES_H 1
| #define HAVE_STDINT_H 1
| #define HAVE_UNISTD_H 1
| #define HAVE_LONGLONG 1
| #define HAVE_DLFCN_H 1
| #define LT_OBJDIR ".libs/"
| #define HAVE_LIBSSL 1
| #define HAVE_LIBZ 1
| #define LIBSSH2_HAVE_ZLIB 1
| #define LIBSSH2_DH_GEX_NEW 1
| #define HAVE_ERRNO_H 1
| #define HAVE_FCNTL_H 1
| #define HAVE_STDIO_H 1
| #define HAVE_STDLIB_H 1
| #define HAVE_UNISTD_H 1
| #define HAVE_SYS_UIO_H 1
| #define HAVE_SYS_SELECT_H 1
| #define HAVE_SYS_SOCKET_H 1
| #define HAVE_SYS_IOCTL_H 1
| #define HAVE_SYS_TIME_H 1
| #define HAVE_ARPA_INET_H 1
| #define HAVE_NETINET_IN_H 1
| #define HAVE_SYS_UN_H 1
| /* end confdefs.h.  */
| #include <ws2tcpip.h>
configure:15252: result: no
configure:15252: checking for ws2tcpip.h
configure:15252: result: no
configure:15268: poll use is disabled on this platform
configure:15289: checking for gettimeofday
configure:15289: gcc -o conftest  -DLIBSSH2_DARWIN   conftest.c  >&5
configure:15289: $? = 0
configure:15289: result: yes
configure:15289: checking for select
configure:15289: gcc -o conftest  -DLIBSSH2_DARWIN   conftest.c  >&5
configure:15289: $? = 0
configure:15289: result: yes
configure:15289: checking for strtoll
configure:15289: gcc -o conftest  -DLIBSSH2_DARWIN   conftest.c  >&5
configure:15289: $? = 0
configure:15289: result: yes
configure:15346: checking for working alloca.h
configure:15363: gcc -o conftest  -DLIBSSH2_DARWIN   conftest.c  >&5
configure:15363: $? = 0
configure:15371: result: yes
configure:15379: checking for alloca
configure:15416: gcc -o conftest  -DLIBSSH2_DARWIN   conftest.c  >&5
configure:15416: $? = 0
configure:15424: result: yes
configure:15536: checking for an ANSI C-conforming const
configure:15601: gcc -c  -DLIBSSH2_DARWIN  conftest.c >&5
configure:15601: $? = 0
configure:15608: result: yes
configure:15616: checking for inline
configure:15632: gcc -c  -DLIBSSH2_DARWIN  conftest.c >&5
configure:15632: $? = 0
configure:15640: result: inline
configure:15660: checking non-blocking sockets style
configure:15698: gcc -c  -DLIBSSH2_DARWIN  conftest.c >&5
configure:15698: $? = 0
configure:15859: result: O_NONBLOCK
configure:16005: creating ./config.status

## ---------------------- ##
## Running config.status. ##
## ---------------------- ##

This file was extended by libssh2 config.status -, which was
generated by GNU Autoconf 2.64.  Invocation command line was

  CONFIG_FILES    = 
  CONFIG_HEADERS  = 
  CONFIG_LINKS    = 
  CONFIG_COMMANDS = 
  $ ./config.status 

on Bryans-Mac-Pro.local

config.status:1125: creating Makefile
config.status:1125: creating src/Makefile
config.status:1125: creating tests/Makefile
config.status:1125: creating example/Makefile
config.status:1125: creating docs/Makefile
config.status:1125: creating libssh2.pc
config.status:1125: creating src/libssh2_config.h
config.status:1125: creating example/libssh2_config.h
config.status:1338: executing depfiles commands
config.status:1338: executing libtool commands
configure:18226: summary of build options:

  version:          1.4.2
  Host type:        x86_64-apple-darwin11.4.0
  Install prefix:   /usr/local
  Compiler:         gcc
  Compiler flags:    -DLIBSSH2_DARWIN
  Library types:    Shared=yes, Static=yes
  Crypto library:   openssl: yes (AES-CTR: no) libgcrypt: no
  Debug build:      no
  Build examples:   yes
  Path to sshd:     /usr/sbin/sshd (only for self-tests)
  libz compression: yes


## ---------------- ##
## Cache variables. ##
## ---------------- ##

ac_cv_build=x86_64-apple-darwin11.4.0
ac_cv_c_bigendian=no
ac_cv_c_compiler_gnu=yes
ac_cv_c_const=yes
ac_cv_c_inline=inline
ac_cv_env_CC_set=
ac_cv_env_CC_value=
ac_cv_env_CFLAGS_set=
ac_cv_env_CFLAGS_value=
ac_cv_env_CPPFLAGS_set=
ac_cv_env_CPPFLAGS_value=
ac_cv_env_CPP_set=
ac_cv_env_CPP_value=
ac_cv_env_LDFLAGS_set=
ac_cv_env_LDFLAGS_value=
ac_cv_env_LIBS_set=
ac_cv_env_LIBS_value=
ac_cv_env_build_alias_set=
ac_cv_env_build_alias_value=
ac_cv_env_host_alias_set=
ac_cv_env_host_alias_value=
ac_cv_env_target_alias_set=
ac_cv_env_target_alias_value=
ac_cv_func_EVP_aes_128_ctr=no
ac_cv_func_alloca_works=yes
ac_cv_func_gettimeofday=yes
ac_cv_func_select=yes
ac_cv_func_strtoll=yes
ac_cv_header_arpa_inet_h=yes
ac_cv_header_dlfcn_h=yes
ac_cv_header_errno_h=yes
ac_cv_header_fcntl_h=yes
ac_cv_header_inttypes_h=yes
ac_cv_header_memory_h=yes
ac_cv_header_netinet_in_h=yes
ac_cv_header_stdc=yes
ac_cv_header_stdint_h=yes
ac_cv_header_stdio_h=yes
ac_cv_header_stdlib_h=yes
ac_cv_header_string_h=yes
ac_cv_header_strings_h=yes
ac_cv_header_sys_ioctl_h=yes
ac_cv_header_sys_select_h=yes
ac_cv_header_sys_socket_h=yes
ac_cv_header_sys_stat_h=yes
ac_cv_header_sys_time_h=yes
ac_cv_header_sys_types_h=yes
ac_cv_header_sys_uio_h=yes
ac_cv_header_sys_un_h=yes
ac_cv_header_unistd_h=yes
ac_cv_header_windows_h=no
ac_cv_header_winsock2_h=no
ac_cv_header_ws2tcpip_h=no
ac_cv_host=x86_64-apple-darwin11.4.0
ac_cv_libssl=yes
ac_cv_libz=yes
ac_cv_objext=o
ac_cv_path_EGREP='/usr/bin/grep -E'
ac_cv_path_FGREP='/usr/bin/grep -F'
ac_cv_path_GREP=/usr/bin/grep
ac_cv_path_SED=/usr/bin/sed
ac_cv_path_SSHD=/usr/sbin/sshd
ac_cv_path_install='/opt/local/bin/ginstall -c'
ac_cv_prog_AWK=gawk
ac_cv_prog_CPP='gcc -E'
ac_cv_prog_ac_ct_AR=ar
ac_cv_prog_ac_ct_CC=gcc
ac_cv_prog_ac_ct_DLLTOOL=dlltool
ac_cv_prog_ac_ct_DSYMUTIL=dsymutil
ac_cv_prog_ac_ct_LIPO=lipo
ac_cv_prog_ac_ct_NMEDIT=nmedit
ac_cv_prog_ac_ct_OBJDUMP=objdump
ac_cv_prog_ac_ct_OTOOL=otool
ac_cv_prog_ac_ct_RANLIB=ranlib
ac_cv_prog_ac_ct_STRIP=strip
ac_cv_prog_cc_c89=
ac_cv_prog_cc_g=yes
ac_cv_prog_make_make_set=yes
ac_cv_search_inet_addr='none required'
ac_cv_search_socket='none required'
ac_cv_sys_file_offset_bits=no
ac_cv_sys_largefile_CC=no
ac_cv_type_long_long=yes
ac_cv_working_alloca_h=yes
acl_cv_hardcode_direct=no
acl_cv_hardcode_libdir_flag_spec=
acl_cv_hardcode_libdir_separator=
acl_cv_hardcode_minus_L=no
acl_cv_libext=a
acl_cv_libname_spec='lib$name'
acl_cv_library_names_spec='$libname$shrext'
acl_cv_path_LD=/usr/llvm-gcc-4.2/libexec/gcc/i686-apple-darwin11/4.2.1/ld
acl_cv_prog_gnu_ld=no
acl_cv_rpath=done
acl_cv_shlibext=dylib
acl_cv_wl=-Wl,
am_cv_CC_dependencies_compiler_type=gcc3
lt_cv_apple_cc_single_mod=yes
lt_cv_ar_at_file=no
lt_cv_deplibs_check_method=pass_all
lt_cv_file_magic_cmd='$MAGIC_CMD'
lt_cv_file_magic_test_file=
lt_cv_ld_exported_symbols_list=yes
lt_cv_ld_force_load=yes
lt_cv_ld_reload_flag=-r
lt_cv_nm_interface='BSD nm'
lt_cv_objdir=.libs
lt_cv_path_LD=/usr/llvm-gcc-4.2/libexec/gcc/i686-apple-darwin11/4.2.1/ld
lt_cv_path_NM=/usr/bin/nm
lt_cv_path_mainfest_tool=no
lt_cv_prog_compiler_c_o=yes
lt_cv_prog_compiler_pic='-fno-common -DPIC'
lt_cv_prog_compiler_pic_works=yes
lt_cv_prog_compiler_rtti_exceptions=no
lt_cv_prog_compiler_static_works=no
lt_cv_prog_gnu_ld=no
lt_cv_sharedlib_from_linklib_cmd='printf %s\n'
lt_cv_sys_global_symbol_pipe='sed -n -e '\''s/^.*[	 ]\([BCDEGRST][BCDEGRST]*\)[	 ][	 ]*_\([_A-Za-z][_A-Za-z0-9]*\)$/\1 _\2 \2/p'\'' | sed '\''/ __gnu_lto/d'\'''
lt_cv_sys_global_symbol_to_c_name_address='sed -n -e '\''s/^: \([^ ]*\)[ ]*$/  {\"\1\", (void *) 0},/p'\'' -e '\''s/^[BCDEGRST]* \([^ ]*\) \([^ ]*\)$/  {"\2", (void *) \&\2},/p'\'''
lt_cv_sys_global_symbol_to_c_name_address_lib_prefix='sed -n -e '\''s/^: \([^ ]*\)[ ]*$/  {\"\1\", (void *) 0},/p'\'' -e '\''s/^[BCDEGRST]* \([^ ]*\) \(lib[^ ]*\)$/  {"\2", (void *) \&\2},/p'\'' -e '\''s/^[BCDEGRST]* \([^ ]*\) \([^ ]*\)$/  {"lib\2", (void *) \&\2},/p'\'''
lt_cv_sys_global_symbol_to_cdecl='sed -n -e '\''s/^T .* \(.*\)$/extern int \1();/p'\'' -e '\''s/^[BCDEGRST]* .* \(.*\)$/extern char \1;/p'\'''
lt_cv_sys_max_cmd_len=196608
lt_cv_to_host_file_cmd=func_convert_file_noop
lt_cv_to_tool_file_cmd=func_convert_file_noop

## ----------------- ##
## Output variables. ##
## ----------------- ##

ACLOCAL='${SHELL} /Users/bryansmith/xbmc/tools/darwin/depends/libssh2/missing --run aclocal-1.9'
ALLOCA=''
AMDEPBACKSLASH='\'
AMDEP_FALSE='#'
AMDEP_TRUE=''
AMTAR='${SHELL} /Users/bryansmith/xbmc/tools/darwin/depends/libssh2/missing --run tar'
AR='ar'
AS='as'
AUTOCONF='${SHELL} /Users/bryansmith/xbmc/tools/darwin/depends/libssh2/missing --run autoconf'
AUTOHEADER='${SHELL} /Users/bryansmith/xbmc/tools/darwin/depends/libssh2/missing --run autoheader'
AUTOMAKE='${SHELL} /Users/bryansmith/xbmc/tools/darwin/depends/libssh2/missing --run automake-1.9'
AWK='gawk'
BUILD_EXAMPLES_FALSE='#'
BUILD_EXAMPLES_TRUE=''
CC='gcc'
CCDEPMODE='depmode=gcc3'
CFLAGS=' -DLIBSSH2_DARWIN'
CPP='gcc -E'
CPPFLAGS=''
CYGPATH_W='echo'
DEFS='-DHAVE_CONFIG_H'
DEPDIR='.deps'
DLLTOOL='dlltool'
DSYMUTIL='dsymutil'
DUMPBIN=''
ECHO_C='\c'
ECHO_N=''
ECHO_T=''
EGREP='/usr/bin/grep -E'
EXEEXT=''
FGREP='/usr/bin/grep -F'
GREP='/usr/bin/grep'
HAVE_LIBGCRYPT=''
HAVE_LIBSSL='yes'
HAVE_LIBZ='yes'
HAVE_SYS_UN_H_FALSE='#'
HAVE_SYS_UN_H_TRUE=''
INSTALL_DATA='${INSTALL} -m 644'
INSTALL_PROGRAM='${INSTALL}'
INSTALL_SCRIPT='${INSTALL}'
INSTALL_STRIP_PROGRAM='${SHELL} $(install_sh) -c -s'
LD='/usr/llvm-gcc-4.2/libexec/gcc/i686-apple-darwin11/4.2.1/ld'
LDFLAGS=''
LIBGCRYPT=''
LIBGCRYPT_FALSE=''
LIBGCRYPT_PREFIX=''
LIBGCRYPT_TRUE='#'
LIBOBJS=''
LIBS=''
LIBSREQUIRED='libssl,libcrypto'
LIBSSH2VER='1.4.2'
LIBSSL='-lssl -lcrypto'
LIBSSL_PREFIX=''
LIBTOOL='$(SHELL) $(top_builddir)/libtool'
LIBZ='-lz'
LIBZ_PREFIX=''
LIPO='lipo'
LN_S='ln -s'
LTLIBGCRYPT=''
LTLIBOBJS=''
LTLIBSSL='-lssl -lcrypto'
LTLIBZ='-lz'
MAINT='#'
MAINTAINER_MODE_FALSE=''
MAINTAINER_MODE_TRUE='#'
MAKEINFO='${SHELL} /Users/bryansmith/xbmc/tools/darwin/depends/libssh2/missing --run makeinfo'
MANIFEST_TOOL=':'
NM='/usr/bin/nm'
NMEDIT='nmedit'
OBJDUMP='objdump'
OBJEXT='o'
OTOOL64=':'
OTOOL='otool'
PACKAGE='libssh2'
PACKAGE_BUGREPORT='libssh2-devel@cool.haxx.se'
PACKAGE_NAME='libssh2'
PACKAGE_STRING='libssh2 -'
PACKAGE_TARNAME='libssh2'
PACKAGE_URL=''
PACKAGE_VERSION='-'
PATH_SEPARATOR=':'
RANLIB='ranlib'
SED='/usr/bin/sed'
SET_MAKE=''
SHELL='/bin/sh'
SSHD='/usr/sbin/sshd'
SSHD_FALSE='#'
SSHD_TRUE=''
STRIP='strip'
VERSION='-'
ac_ct_AR='ar'
ac_ct_CC='gcc'
ac_ct_DUMPBIN=''
am__fastdepCC_FALSE='#'
am__fastdepCC_TRUE=''
am__include='include'
am__leading_dot='.'
am__quote=''
am__tar='${AMTAR} chof - "$$tardir"'
am__untar='${AMTAR} xf -'
bindir='${exec_prefix}/bin'
build='x86_64-apple-darwin11.4.0'
build_alias=''
build_cpu='x86_64'
build_os='darwin11.4.0'
build_vendor='apple'
datadir='${datarootdir}'
datarootdir='${prefix}/share'
docdir='${datarootdir}/doc/${PACKAGE_TARNAME}'
dvidir='${docdir}'
exec_prefix='${prefix}'
host='x86_64-apple-darwin11.4.0'
host_alias=''
host_cpu='x86_64'
host_os='darwin11.4.0'
host_vendor='apple'
htmldir='${docdir}'
includedir='${prefix}/include'
infodir='${datarootdir}/info'
install_sh='/Users/bryansmith/xbmc/tools/darwin/depends/libssh2/install-sh'
libdir='${exec_prefix}/lib'
libexecdir='${exec_prefix}/libexec'
localedir='${datarootdir}/locale'
localstatedir='${prefix}/var'
mandir='${datarootdir}/man'
mkdir_p='$(install_sh) -d'
oldincludedir='/usr/include'
pdfdir='${docdir}'
prefix='/usr/local'
program_transform_name='s,x,x,'
psdir='${docdir}'
sbindir='${exec_prefix}/sbin'
sharedstatedir='${prefix}/com'
sysconfdir='${prefix}/etc'
target_alias=''

## ----------- ##
## confdefs.h. ##
## ----------- ##

/* confdefs.h */
#define PACKAGE_NAME "libssh2"
#define PACKAGE_TARNAME "libssh2"
#define PACKAGE_VERSION "-"
#define PACKAGE_STRING "libssh2 -"
#define PACKAGE_BUGREPORT "libssh2-devel@cool.haxx.se"
#define PACKAGE_URL ""
#define PACKAGE "libssh2"
#define VERSION "-"
#define STDC_HEADERS 1
#define HAVE_SYS_TYPES_H 1
#define HAVE_SYS_STAT_H 1
#define HAVE_STDLIB_H 1
#define HAVE_STRING_H 1
#define HAVE_MEMORY_H 1
#define HAVE_STRINGS_H 1
#define HAVE_INTTYPES_H 1
#define HAVE_STDINT_H 1
#define HAVE_UNISTD_H 1
#define HAVE_LONGLONG 1
#define HAVE_DLFCN_H 1
#define LT_OBJDIR ".libs/"
#define HAVE_LIBSSL 1
#define HAVE_LIBZ 1
#define LIBSSH2_HAVE_ZLIB 1
#define LIBSSH2_DH_GEX_NEW 1
#define HAVE_ERRNO_H 1
#define HAVE_FCNTL_H 1
#define HAVE_STDIO_H 1
#define HAVE_STDLIB_H 1
#define HAVE_UNISTD_H 1
#define HAVE_SYS_UIO_H 1
#define HAVE_SYS_SELECT_H 1
#define HAVE_SYS_SOCKET_H 1
#define HAVE_SYS_IOCTL_H 1
#define HAVE_SYS_TIME_H 1
#define HAVE_ARPA_INET_H 1
#define HAVE_NETINET_IN_H 1
#define HAVE_SYS_UN_H 1
#define HAVE_GETTIMEOFDAY 1
#define HAVE_SELECT 1
#define HAVE_STRTOLL 1
#define HAVE_ALLOCA_H 1
#define HAVE_ALLOCA 1
#define HAVE_O_NONBLOCK 1

configure: exit 0
