This file contains any messages produced by compilers while
running configure, to aid debugging if configure makes a mistake.

It was created by darwin-depends configure 2.00, which was
generated by GNU Autoconf 2.63.  Invocation command line was

  $ ./configure --with-darwin=osx

## --------- ##
## Platform. ##
## --------- ##

hostname = Bryans-Mac-Pro.local
uname -m = x86_64
uname -r = 11.4.0
uname -s = Darwin
uname -v = Darwin Kernel Version 11.4.0: Mon Apr  9 19:32:15 PDT 2012; root:xnu-1699.26.8~1/RELEASE_X86_64

/usr/bin/uname -p = i386
/bin/uname -X     = unknown

/bin/arch              = unknown
/usr/bin/arch -k       = unknown
/usr/convex/getsysinfo = unknown
/usr/bin/hostinfo      = Mach kernel version:
	 Darwin Kernel Version 11.4.0: Mon Apr  9 19:32:15 PDT 2012; root:xnu-1699.26.8~1/RELEASE_X86_64
Kernel configured for up to 4 processors.
4 processors are physically available.
4 processors are logically available.
Processor type: i486 (Intel 80486)
Processors active: 0 1 2 3
Primary memory available: 8.00 gigabytes
Default processor set: 138 tasks, 674 threads, 4 processors
Load average: 1.91, Mach factor: 2.34
/bin/machine           = unknown
/usr/bin/oslevel       = unknown
/bin/universe          = unknown

PATH: /opt/local/bin
PATH: /usr/bin
PATH: /bin
PATH: /usr/sbin
PATH: /sbin
PATH: /usr/local/bin
PATH: /usr/X11/bin
PATH: /usr/local/git/bin


## ----------- ##
## Core tests. ##
## ----------- ##

configure:1765: result: found xcodebuild at /Applications/Xcode.app/Contents/Developer/usr/bin/xcodebuild
configure:1823: result: configuring for darwin macosx10.7
configure:1825: result: using the sdk path of /Volumes/The
configure:1827: result: creating hostroot at /Users/Shared/xbmc-depends
configure:1834: result: creating build toolchain at /Users/Shared/xbmc-depends/toolchain
configure:1838: result: creating tarball storage at /Users/Shared/xbmc-depends/tarballs
configure:1842: result: creating hostroot directories at /Users/Shared/xbmc-depends/macosx10.7_i386
configure:2004: creating ./config.status

## ---------------------- ##
## Running config.status. ##
## ---------------------- ##

This file was extended by darwin-depends config.status 2.00, which was
generated by GNU Autoconf 2.63.  Invocation command line was

  CONFIG_FILES    = 
  CONFIG_HEADERS  = 
  CONFIG_LINKS    = 
  CONFIG_COMMANDS = 
  $ ./config.status 

on Bryans-Mac-Pro.local

config.status:643: creating Makefile
config.status:643: creating Makefile.include
config.status:643: creating config.site
config.status:643: creating config.site.mk
configure:2977: result: setting up config.site files
configure:2981: result: setting up python26 Makefile

## ---------------- ##
## Cache variables. ##
## ---------------- ##

ac_cv_env_build_alias_set=
ac_cv_env_build_alias_value=
ac_cv_env_host_alias_set=
ac_cv_env_host_alias_value=
ac_cv_env_target_alias_set=
ac_cv_env_target_alias_value=

## ----------------- ##
## Output variables. ##
## ----------------- ##

DEFS='-DPACKAGE_NAME=\"darwin-depends\" -DPACKAGE_TARNAME=\"darwin-depends\" -DPACKAGE_VERSION=\"2.00\" -DPACKAGE_STRING=\"darwin-depends\ 2.00\" -DPACKAGE_BUGREPORT=\"http://trac.xbmc.org\"'
ECHO_C='\c'
ECHO_N=''
ECHO_T=''
LIBOBJS=''
LIBS=''
LTLIBOBJS=''
PACKAGE_BUGREPORT='http://trac.xbmc.org'
PACKAGE_NAME='darwin-depends'
PACKAGE_STRING='darwin-depends 2.00'
PACKAGE_TARNAME='darwin-depends'
PACKAGE_VERSION='2.00'
PATH_SEPARATOR=':'
SHELL='/bin/sh'
bindir='${exec_prefix}/bin'
build_alias=''
datadir='${datarootdir}'
datarootdir='${prefix}/share'
docdir='${datarootdir}/doc/${PACKAGE_TARNAME}'
dvidir='${docdir}'
exec_prefix='${prefix}'
host_alias=''
htmldir='${docdir}'
includedir='${prefix}/include'
infodir='${datarootdir}/info'
libdir='${exec_prefix}/lib'
libexecdir='${exec_prefix}/libexec'
localedir='${datarootdir}/locale'
localstatedir='${prefix}/var'
mandir='${datarootdir}/man'
oldincludedir='/usr/include'
pdfdir='${docdir}'
prefix='/usr/local'
program_transform_name='s,x,x,'
psdir='${docdir}'
sbindir='${exec_prefix}/sbin'
sharedstatedir='${prefix}/com'
sysconfdir='${prefix}/etc'
target_alias=''
use_arch='i386'
use_darwin='osx'
use_prefix='/Users/Shared/xbmc-depends/macosx10.7_i386'
use_sdk='10.7'
use_sdk_path='/Volumes/The'
use_staging='/Users/Shared/xbmc-depends'
use_toolchain='/Users/Shared/xbmc-depends/toolchain'
use_xcode='4.3.3'
use_xcodepath='/Applications/Xcode.app/Contents/Developer'

## ----------- ##
## confdefs.h. ##
## ----------- ##

#define PACKAGE_NAME "darwin-depends"
#define PACKAGE_TARNAME "darwin-depends"
#define PACKAGE_VERSION "2.00"
#define PACKAGE_STRING "darwin-depends 2.00"
#define PACKAGE_BUGREPORT "http://trac.xbmc.org"

configure: exit 0
