This file contains any messages produced by compilers while
running configure, to aid debugging if configure makes a mistake.

It was created by configure, which was
generated by GNU Autoconf 2.61.  Invocation command line was

  $ ./configure 

## --------- ##
## Platform. ##
## --------- ##

hostname = Bryans-Mac-Pro.local
uname -m = x86_64
uname -r = 11.4.0
uname -s = Darwin
uname -v = Darwin Kernel Version 11.4.0: Mon Apr  9 19:32:15 PDT 2012; root:xnu-1699.26.8~1/RELEASE_X86_64

/usr/bin/uname -p = i386
/bin/uname -X     = unknown

/bin/arch              = unknown
/usr/bin/arch -k       = unknown
/usr/convex/getsysinfo = unknown
/usr/bin/hostinfo      = Mach kernel version:
	 Darwin Kernel Version 11.4.0: Mon Apr  9 19:32:15 PDT 2012; root:xnu-1699.26.8~1/RELEASE_X86_64
Kernel configured for up to 4 processors.
4 processors are physically available.
4 processors are logically available.
Processor type: i486 (Intel 80486)
Processors active: 0 1 2 3
Primary memory available: 8.00 gigabytes
Default processor set: 146 tasks, 698 threads, 4 processors
Load average: 1.19, Mach factor: 2.80
/bin/machine           = unknown
/usr/bin/oslevel       = unknown
/bin/universe          = unknown

PATH: /opt/local/bin
PATH: /usr/bin
PATH: /bin
PATH: /usr/sbin
PATH: /sbin
PATH: /usr/local/bin
PATH: /usr/X11/bin
PATH: /usr/local/git/bin


## ----------- ##
## Core tests. ##
## ----------- ##

configure:2012: WARNING: Libtool does not cope well with whitespace in `pwd`
configure:2041: checking build system type
configure:2059: result: x86_64-apple-darwin11.4.0
configure:2081: checking host system type
configure:2096: result: x86_64-apple-darwin11.4.0
configure:2166: checking for gcc
configure:2182: found /usr/bin/gcc
configure:2193: result: gcc
configure:2431: checking for C compiler version
configure:2438: gcc --version >&5
i686-apple-darwin11-llvm-gcc-4.2 (GCC) 4.2.1 (Based on Apple Inc. build 5658) (LLVM build 2336.9.00)
Copyright (C) 2007 Free Software Foundation, Inc.
This is free software; see the source for copying conditions.  There is NO
warranty; not even for MERCHANTABILITY or FITNESS FOR A PARTICULAR PURPOSE.

configure:2441: $? = 0
configure:2448: gcc -v >&5
Using built-in specs.
Target: i686-apple-darwin11
Configured with: /private/var/tmp/llvmgcc42/llvmgcc42-2336.9~22/src/configure --disable-checking --enable-werror --prefix=/Applications/Xcode.app/Contents/Developer/usr/llvm-gcc-4.2 --mandir=/share/man --enable-languages=c,objc,c++,obj-c++ --program-prefix=llvm- --program-transform-name=/^[cg][^.-]*$/s/$/-4.2/ --with-slibdir=/usr/lib --build=i686-apple-darwin11 --enable-llvm=/private/var/tmp/llvmgcc42/llvmgcc42-2336.9~22/dst-llvmCore/Developer/usr/local --program-prefix=i686-apple-darwin11- --host=x86_64-apple-darwin11 --target=i686-apple-darwin11 --with-gxx-include-dir=/usr/include/c++/4.2.1
Thread model: posix
gcc version 4.2.1 (Based on Apple Inc. build 5658) (LLVM build 2336.9.00)
configure:2451: $? = 0
configure:2458: gcc -V >&5
llvm-gcc-4.2: argument to `-V' is missing
configure:2461: $? = 1
configure:2484: checking for C compiler default output file name
configure:2511: gcc    conftest.c  >&5
configure:2514: $? = 0
configure:2552: result: a.out
configure:2569: checking whether the C compiler works
configure:2579: ./a.out
configure:2582: $? = 0
configure:2599: result: yes
configure:2606: checking whether we are cross compiling
configure:2608: result: no
configure:2611: checking for suffix of executables
configure:2618: gcc -o conftest    conftest.c  >&5
configure:2621: $? = 0
configure:2645: result: 
configure:2651: checking for suffix of object files
configure:2677: gcc -c   conftest.c >&5
configure:2680: $? = 0
configure:2703: result: o
configure:2707: checking whether we are using the GNU C compiler
configure:2736: gcc -c   conftest.c >&5
configure:2742: $? = 0
configure:2759: result: yes
configure:2764: checking whether gcc accepts -g
configure:2794: gcc -c -g  conftest.c >&5
configure:2800: $? = 0
configure:2899: result: yes
configure:2916: checking for gcc option to accept ISO C89
configure:2990: gcc  -c -g -O2  conftest.c >&5
configure:2996: $? = 0
configure:3019: result: none needed
configure:3037: checking for a sed that does not truncate output
configure:3116: result: /usr/bin/sed
configure:3134: checking for grep that handles long lines and -e
configure:3208: result: /usr/bin/grep
configure:3213: checking for egrep
configure:3291: result: /usr/bin/grep -E
configure:3296: checking for fgrep
configure:3374: result: /usr/bin/grep -F
configure:3409: checking for ld used by gcc
configure:3476: result: /usr/llvm-gcc-4.2/libexec/gcc/i686-apple-darwin11/4.2.1/ld
configure:3485: checking if the linker (/usr/llvm-gcc-4.2/libexec/gcc/i686-apple-darwin11/4.2.1/ld) is GNU ld
configure:3500: result: no
configure:3512: checking for BSD- or MS-compatible name lister (nm)
configure:3561: result: /usr/bin/nm
configure:3683: checking the name lister (/usr/bin/nm) interface
configure:3690: gcc -c -g -O2  conftest.c >&5
configure:3693: /usr/bin/nm "conftest.o"
configure:3696: output
00000000000001a4 S _some_variable
configure:3703: result: BSD nm
configure:3706: checking whether ln -s works
configure:3710: result: yes
configure:3718: checking the maximum length of command line arguments
configure:3844: result: 196608
configure:3861: checking whether the shell understands some XSI constructs
configure:3871: result: yes
configure:3875: checking whether the shell understands "+="
configure:3881: result: yes
configure:3916: checking for /usr/llvm-gcc-4.2/libexec/gcc/i686-apple-darwin11/4.2.1/ld option to reload object files
configure:3923: result: -r
configure:3992: checking for objdump
configure:4022: result: no
configure:4052: checking how to recognize dependent libraries
configure:4250: result: pass_all
configure:4310: checking for ar
configure:4326: found /usr/bin/ar
configure:4337: result: ar
configure:4419: checking for strip
configure:4435: found /usr/bin/strip
configure:4446: result: strip
configure:4522: checking for ranlib
configure:4538: found /usr/bin/ranlib
configure:4549: result: ranlib
configure:4643: checking command to parse /usr/bin/nm output from gcc object
configure:4761: gcc -c -g -O2  conftest.c >&5
configure:4764: $? = 0
configure:4768: /usr/bin/nm conftest.o \| sed -n -e 's/^.*[	 ]\([BCDEGRST][BCDEGRST]*\)[	 ][	 ]*\([_A-Za-z][_A-Za-z0-9]*\)$/\1 \2 \2/p' \> conftest.nm
configure:4771: $? = 0
cannot find nm_test_var in conftest.nm
configure:4761: gcc -c -g -O2  conftest.c >&5
configure:4764: $? = 0
configure:4768: /usr/bin/nm conftest.o \| sed -n -e 's/^.*[	 ]\([BCDEGRST][BCDEGRST]*\)[	 ][	 ]*_\([_A-Za-z][_A-Za-z0-9]*\)$/\1 _\2 \2/p' \> conftest.nm
configure:4771: $? = 0
configure:4825: gcc -o conftest -g -O2   conftest.c conftstm.o >&5
configure:4828: $? = 0
configure:4866: result: ok
configure:5156: checking for dsymutil
configure:5172: found /usr/bin/dsymutil
configure:5183: result: dsymutil
configure:5252: checking for nmedit
configure:5268: found /usr/bin/nmedit
configure:5279: result: nmedit
configure:5348: checking for lipo
configure:5364: found /usr/bin/lipo
configure:5375: result: lipo
configure:5444: checking for otool
configure:5460: found /usr/bin/otool
configure:5471: result: otool
configure:5540: checking for otool64
configure:5570: result: no
configure:5619: checking for -single_module linker flag
gcc -g -O2  -o libconftest.dylib -dynamiclib -Wl,-single_module conftest.c
configure:5646: result: yes
configure:5648: checking for -exported_symbols_list linker flag
configure:5678: gcc -o conftest -g -O2   -Wl,-exported_symbols_list,conftest.sym conftest.c  >&5
configure:5684: $? = 0
configure:5703: result: yes
configure:5745: checking how to run the C preprocessor
configure:5785: gcc -E  conftest.c
configure:5791: $? = 0
configure:5822: gcc -E  conftest.c
conftest.c:8:28: error: ac_nonexistent.h: No such file or directory
configure:5828: $? = 1
configure: failed program was:
| /* confdefs.h.  */
| #define PACKAGE_NAME ""
| #define PACKAGE_TARNAME ""
| #define PACKAGE_VERSION ""
| #define PACKAGE_STRING ""
| #define PACKAGE_BUGREPORT ""
| /* end confdefs.h.  */
| #include <ac_nonexistent.h>
configure:5861: result: gcc -E
configure:5890: gcc -E  conftest.c
configure:5896: $? = 0
configure:5927: gcc -E  conftest.c
conftest.c:8:28: error: ac_nonexistent.h: No such file or directory
configure:5933: $? = 1
configure: failed program was:
| /* confdefs.h.  */
| #define PACKAGE_NAME ""
| #define PACKAGE_TARNAME ""
| #define PACKAGE_VERSION ""
| #define PACKAGE_STRING ""
| #define PACKAGE_BUGREPORT ""
| /* end confdefs.h.  */
| #include <ac_nonexistent.h>
configure:5971: checking for ANSI C header files
configure:6001: gcc -c -g -O2  conftest.c >&5
configure:6007: $? = 0
configure:6106: gcc -o conftest -g -O2   conftest.c  >&5
configure:6109: $? = 0
configure:6115: ./conftest
configure:6118: $? = 0
configure:6135: result: yes
configure:6159: checking for sys/types.h
configure:6180: gcc -c -g -O2  conftest.c >&5
configure:6186: $? = 0
configure:6202: result: yes
configure:6159: checking for sys/stat.h
configure:6180: gcc -c -g -O2  conftest.c >&5
configure:6186: $? = 0
configure:6202: result: yes
configure:6159: checking for stdlib.h
configure:6180: gcc -c -g -O2  conftest.c >&5
configure:6186: $? = 0
configure:6202: result: yes
configure:6159: checking for string.h
configure:6180: gcc -c -g -O2  conftest.c >&5
configure:6186: $? = 0
configure:6202: result: yes
configure:6159: checking for memory.h
configure:6180: gcc -c -g -O2  conftest.c >&5
configure:6186: $? = 0
configure:6202: result: yes
configure:6159: checking for strings.h
configure:6180: gcc -c -g -O2  conftest.c >&5
configure:6186: $? = 0
configure:6202: result: yes
configure:6159: checking for inttypes.h
configure:6180: gcc -c -g -O2  conftest.c >&5
configure:6186: $? = 0
configure:6202: result: yes
configure:6159: checking for stdint.h
configure:6180: gcc -c -g -O2  conftest.c >&5
configure:6186: $? = 0
configure:6202: result: yes
configure:6159: checking for unistd.h
configure:6180: gcc -c -g -O2  conftest.c >&5
configure:6186: $? = 0
configure:6202: result: yes
configure:6218: checking for dlfcn.h
configure:6239: gcc -c -g -O2  conftest.c >&5
configure:6245: $? = 0
configure:6261: result: yes
configure:6755: checking for objdir
configure:6770: result: .libs
configure:7066: checking if gcc supports -fno-rtti -fno-exceptions
configure:7084: gcc -c -g -O2  -fno-rtti -fno-exceptions conftest.c >&5
cc1: warning: command line option "-fno-rtti" is valid for C++/ObjC++ but not for C
configure:7088: $? = 0
configure:7101: result: no
configure:7121: checking for gcc option to produce PIC
configure:7393: result: -fno-common -DPIC
configure:7405: checking if gcc PIC flag -fno-common -DPIC works
configure:7423: gcc -c -g -O2  -fno-common -DPIC -DPIC conftest.c >&5
configure:7427: $? = 0
configure:7440: result: yes
configure:7464: checking if gcc static flag -static works
configure:7492: result: no
configure:7507: checking if gcc supports -c -o file.o
configure:7528: gcc -c -g -O2  -o out/conftest2.o conftest.c >&5
configure:7532: $? = 0
configure:7554: result: yes
configure:7562: checking if gcc supports -c -o file.o
configure:7609: result: yes
configure:7642: checking whether the gcc linker (/usr/llvm-gcc-4.2/libexec/gcc/i686-apple-darwin11/4.2.1/ld) supports shared libraries
configure:8704: result: yes
configure:8943: checking dynamic linker characteristics
configure:9624: result: darwin11.4.0 dyld
configure:9726: checking how to hardcode library paths into programs
configure:9751: result: immediate
configure:10556: checking whether stripping libraries is possible
configure:10570: result: yes
configure:10596: checking if libtool supports shared libraries
configure:10598: result: yes
configure:10601: checking whether to build shared libraries
configure:10622: result: yes
configure:10625: checking whether to build static libraries
configure:10629: result: yes
configure:10757: checking for gcc
configure:10784: result: gcc
configure:11022: checking for C compiler version
configure:11029: gcc --version >&5
i686-apple-darwin11-llvm-gcc-4.2 (GCC) 4.2.1 (Based on Apple Inc. build 5658) (LLVM build 2336.9.00)
Copyright (C) 2007 Free Software Foundation, Inc.
This is free software; see the source for copying conditions.  There is NO
warranty; not even for MERCHANTABILITY or FITNESS FOR A PARTICULAR PURPOSE.

configure:11032: $? = 0
configure:11039: gcc -v >&5
Using built-in specs.
Target: i686-apple-darwin11
Configured with: /private/var/tmp/llvmgcc42/llvmgcc42-2336.9~22/src/configure --disable-checking --enable-werror --prefix=/Applications/Xcode.app/Contents/Developer/usr/llvm-gcc-4.2 --mandir=/share/man --enable-languages=c,objc,c++,obj-c++ --program-prefix=llvm- --program-transform-name=/^[cg][^.-]*$/s/$/-4.2/ --with-slibdir=/usr/lib --build=i686-apple-darwin11 --enable-llvm=/private/var/tmp/llvmgcc42/llvmgcc42-2336.9~22/dst-llvmCore/Developer/usr/local --program-prefix=i686-apple-darwin11- --host=x86_64-apple-darwin11 --target=i686-apple-darwin11 --with-gxx-include-dir=/usr/include/c++/4.2.1
Thread model: posix
gcc version 4.2.1 (Based on Apple Inc. build 5658) (LLVM build 2336.9.00)
configure:11042: $? = 0
configure:11049: gcc -V >&5
llvm-gcc-4.2: argument to `-V' is missing
configure:11052: $? = 1
configure:11055: checking whether we are using the GNU C compiler
configure:11107: result: yes
configure:11112: checking whether gcc accepts -g
configure:11247: result: yes
configure:11264: checking for gcc option to accept ISO C89
configure:11367: result: none needed
configure:11398: checking for a BSD-compatible install
configure:11454: result: /opt/local/bin/ginstall -c
configure:11465: checking whether make sets $(MAKE)
configure:11486: result: yes
configure:11504: checking for windres
configure:11534: result: no
configure:11504: checking for darwin11.4.0-windres
configure:11534: result: no
configure:11571: checking for an ANSI C-conforming const
configure:11646: gcc -c -g -O2  -D_GNU_SOURCE=1   -D_GNU_SOURCE=1 conftest.c >&5
configure:11652: $? = 0
configure:11667: result: yes
configure:11687: checking for GCC -MMD -MT option
configure:11715: gcc -c -g -O2  -D_GNU_SOURCE=1   -D_GNU_SOURCE=1 conftest.c >&5
configure:11721: $? = 0
configure:11737: result: yes
configure:11917: checking for pkg-config
configure:11935: found /opt/local/bin/pkg-config
configure:11947: result: /opt/local/bin/pkg-config
configure:11976: checking pkg-config is at least version 0.9.0
configure:11979: result: yes
configure:12017: checking for SDL
configure:12025: $PKG_CONFIG --exists --print-errors "sdl >= $min_sdl_version"
configure:12028: $? = 0
configure:12043: $PKG_CONFIG --exists --print-errors "sdl >= $min_sdl_version"
configure:12046: $? = 0
configure:12088: result: yes
configure:12393: checking for pow in -lm
configure:12428: gcc -o conftest -g -O2  -D_GNU_SOURCE=1   -D_GNU_SOURCE=1   conftest.c -lm   >&5
conftest.c:27: warning: conflicting types for built-in function 'pow'
configure:12434: $? = 0
configure:12452: result: yes
configure:11783: checking for GCC -fvisibility=hidden option
configure:11816: gcc -c -g -O2  -D_GNU_SOURCE=1 -fvisibility=hidden -Werror   -D_GNU_SOURCE=1 conftest.c >&5
configure:11822: $? = 0
configure:11838: result: yes
configure:12475: checking for fork
configure:12531: gcc -o conftest -g -O2  -D_GNU_SOURCE=1   -D_GNU_SOURCE=1   conftest.c  >&5
conftest.c:43: warning: conflicting types for built-in function 'fork'
configure:12537: $? = 0
configure:12555: result: yes
configure:12475: checking for vfork
configure:12531: gcc -o conftest -g -O2  -D_GNU_SOURCE=1   -D_GNU_SOURCE=1   conftest.c  >&5
configure:12537: $? = 0
configure:12555: result: yes
configure:12616: checking for libmikmod-config
configure:12647: result: no
configure:12749: WARNING: *** Unable to find MikMod library (http://mikmod.raphnet.net/)
configure:12882: WARNING: MOD support disabled
configure:12966: checking fluidsynth.h usability
configure:12983: gcc -c -g -O2  -D_GNU_SOURCE=1   -D_GNU_SOURCE=1 conftest.c >&5
conftest.c:55:24: error: fluidsynth.h: No such file or directory
configure:12989: $? = 1
configure: failed program was:
| /* confdefs.h.  */
| #define PACKAGE_NAME ""
| #define PACKAGE_TARNAME ""
| #define PACKAGE_VERSION ""
| #define PACKAGE_STRING ""
| #define PACKAGE_BUGREPORT ""
| #define STDC_HEADERS 1
| #define HAVE_SYS_TYPES_H 1
| #define HAVE_SYS_STAT_H 1
| #define HAVE_STDLIB_H 1
| #define HAVE_STRING_H 1
| #define HAVE_MEMORY_H 1
| #define HAVE_STRINGS_H 1
| #define HAVE_INTTYPES_H 1
| #define HAVE_STDINT_H 1
| #define HAVE_UNISTD_H 1
| #define HAVE_DLFCN_H 1
| #define LT_OBJDIR ".libs/"
| #define HAVE_FORK 1
| #define HAVE_VFORK 1
| /* end confdefs.h.  */
| #include <stdio.h>
| #ifdef HAVE_SYS_TYPES_H
| # include <sys/types.h>
| #endif
| #ifdef HAVE_SYS_STAT_H
| # include <sys/stat.h>
| #endif
| #ifdef STDC_HEADERS
| # include <stdlib.h>
| # include <stddef.h>
| #else
| # ifdef HAVE_STDLIB_H
| #  include <stdlib.h>
| # endif
| #endif
| #ifdef HAVE_STRING_H
| # if !defined STDC_HEADERS && defined HAVE_MEMORY_H
| #  include <memory.h>
| # endif
| # include <string.h>
| #endif
| #ifdef HAVE_STRINGS_H
| # include <strings.h>
| #endif
| #ifdef HAVE_INTTYPES_H
| # include <inttypes.h>
| #endif
| #ifdef HAVE_STDINT_H
| # include <stdint.h>
| #endif
| #ifdef HAVE_UNISTD_H
| # include <unistd.h>
| #endif
| #include <fluidsynth.h>
configure:13003: result: no
configure:13007: checking fluidsynth.h presence
configure:13022: gcc -E   -D_GNU_SOURCE=1 conftest.c
conftest.c:22:24: error: fluidsynth.h: No such file or directory
configure:13028: $? = 1
configure: failed program was:
| /* confdefs.h.  */
| #define PACKAGE_NAME ""
| #define PACKAGE_TARNAME ""
| #define PACKAGE_VERSION ""
| #define PACKAGE_STRING ""
| #define PACKAGE_BUGREPORT ""
| #define STDC_HEADERS 1
| #define HAVE_SYS_TYPES_H 1
| #define HAVE_SYS_STAT_H 1
| #define HAVE_STDLIB_H 1
| #define HAVE_STRING_H 1
| #define HAVE_MEMORY_H 1
| #define HAVE_STRINGS_H 1
| #define HAVE_INTTYPES_H 1
| #define HAVE_STDINT_H 1
| #define HAVE_UNISTD_H 1
| #define HAVE_DLFCN_H 1
| #define LT_OBJDIR ".libs/"
| #define HAVE_FORK 1
| #define HAVE_VFORK 1
| /* end confdefs.h.  */
| #include <fluidsynth.h>
configure:13042: result: no
configure:13070: checking for fluidsynth.h
configure:13077: result: no
configure:13086: checking for fluid_player_add_mem in -lfluidsynth
configure:13121: gcc -o conftest -g -O2  -D_GNU_SOURCE=1   -D_GNU_SOURCE=1   conftest.c -lfluidsynth   >&5
ld: library not found for -lfluidsynth
collect2: ld returned 1 exit status
configure:13127: $? = 1
configure: failed program was:
| /* confdefs.h.  */
| #define PACKAGE_NAME ""
| #define PACKAGE_TARNAME ""
| #define PACKAGE_VERSION ""
| #define PACKAGE_STRING ""
| #define PACKAGE_BUGREPORT ""
| #define STDC_HEADERS 1
| #define HAVE_SYS_TYPES_H 1
| #define HAVE_SYS_STAT_H 1
| #define HAVE_STDLIB_H 1
| #define HAVE_STRING_H 1
| #define HAVE_MEMORY_H 1
| #define HAVE_STRINGS_H 1
| #define HAVE_INTTYPES_H 1
| #define HAVE_STDINT_H 1
| #define HAVE_UNISTD_H 1
| #define HAVE_DLFCN_H 1
| #define LT_OBJDIR ".libs/"
| #define HAVE_FORK 1
| #define HAVE_VFORK 1
| /* end confdefs.h.  */
| 
| /* Override any GCC internal prototype to avoid an error.
|    Use char because int might match the return type of a GCC
|    builtin and then its argument prototype would still apply.  */
| #ifdef __cplusplus
| extern "C"
| #endif
| char fluid_player_add_mem ();
| int
| main ()
| {
| return fluid_player_add_mem ();
|   ;
|   return 0;
| }
configure:13145: result: no
configure:13181: WARNING: *** Unable to find FluidSynth library (http://www.fluidsynth.org/)
configure:13183: WARNING: FluidSynth support disabled
configure:13453: checking vorbis/vorbisfile.h usability
configure:13470: gcc -c -g -O2  -D_GNU_SOURCE=1   -D_GNU_SOURCE=1 conftest.c >&5
configure:13476: $? = 0
configure:13490: result: yes
configure:13494: checking vorbis/vorbisfile.h presence
configure:13509: gcc -E   -D_GNU_SOURCE=1 conftest.c
configure:13515: $? = 0
configure:13529: result: yes
configure:13557: checking for vorbis/vorbisfile.h
configure:13564: result: yes
configure:13573: checking for ov_open_callbacks in -lvorbisfile
configure:13608: gcc -o conftest -g -O2  -D_GNU_SOURCE=1   -D_GNU_SOURCE=1   conftest.c -lvorbisfile   >&5
configure:13614: $? = 0
configure:13632: result: yes
configure:13696: checking FLAC/export.h usability
configure:13713: gcc -c -g -O2  -D_GNU_SOURCE=1   -D_GNU_SOURCE=1 conftest.c >&5
configure:13719: $? = 0
configure:13733: result: yes
configure:13737: checking FLAC/export.h presence
configure:13752: gcc -E   -D_GNU_SOURCE=1 conftest.c
configure:13758: $? = 0
configure:13772: result: yes
configure:13800: checking for FLAC/export.h
configure:13807: result: yes
configure:13819: checking for libflac so-name version >= 8
configure:13850: gcc -c -g -O2  -D_GNU_SOURCE=1   -D_GNU_SOURCE=1 conftest.c >&5
configure:13856: $? = 0
configure:13871: result: yes
configure:13886: checking FLAC/stream_decoder.h usability
configure:13903: gcc -c -g -O2  -D_GNU_SOURCE=1   -D_GNU_SOURCE=1 conftest.c >&5
configure:13909: $? = 0
configure:13923: result: yes
configure:13927: checking FLAC/stream_decoder.h presence
configure:13942: gcc -E   -D_GNU_SOURCE=1 conftest.c
configure:13948: $? = 0
configure:13962: result: yes
configure:13990: checking for FLAC/stream_decoder.h
configure:13997: result: yes
configure:14006: checking for FLAC__stream_decoder_new in -lFLAC
configure:14041: gcc -o conftest -g -O2  -D_GNU_SOURCE=1   -D_GNU_SOURCE=1   conftest.c -lFLAC   >&5
configure:14047: $? = 0
configure:14065: result: yes
configure:14118: checking signal.h usability
configure:14135: gcc -c -g -O2  -D_GNU_SOURCE=1   -D_GNU_SOURCE=1 conftest.c >&5
configure:14141: $? = 0
configure:14155: result: yes
configure:14159: checking signal.h presence
configure:14174: gcc -E   -D_GNU_SOURCE=1 conftest.c
configure:14180: $? = 0
configure:14194: result: yes
configure:14222: checking for signal.h
configure:14230: result: yes
configure:14247: checking for setbuf
configure:14303: gcc -o conftest -g -O2  -D_GNU_SOURCE=1   -D_GNU_SOURCE=1   conftest.c  >&5
configure:14309: $? = 0
configure:14327: result: yes
configure:14393: checking for smpeg-config
configure:14424: result: no
configure:14433: checking for SMPEG - version >= 0.4.3
configure:14564: result: no
configure:14671: WARNING: *** Unable to find SMPEG library (http://icculus.org/smpeg/)
configure:14746: WARNING: MP3 support disabled
configure:14942: creating ./config.status

## ---------------------- ##
## Running config.status. ##
## ---------------------- ##

This file was extended by config.status, which was
generated by GNU Autoconf 2.61.  Invocation command line was

  CONFIG_FILES    = 
  CONFIG_HEADERS  = 
  CONFIG_LINKS    = 
  CONFIG_COMMANDS = 
  $ ./config.status 

on Bryans-Mac-Pro.local

config.status:1019: executing libtool commands
configure:16975: creating ./config.status

## ---------------------- ##
## Running config.status. ##
## ---------------------- ##

This file was extended by config.status, which was
generated by GNU Autoconf 2.61.  Invocation command line was

  CONFIG_FILES    = 
  CONFIG_HEADERS  = 
  CONFIG_LINKS    = 
  CONFIG_COMMANDS = 
  $ ./config.status 

on Bryans-Mac-Pro.local

config.status:914: creating Makefile
config.status:914: creating SDL_mixer.spec
config.status:914: creating SDL_mixer.qpg
config.status:914: creating SDL_mixer.pc
config.status:1099: executing libtool commands
config.status:1099: executing default commands

## ---------------- ##
## Cache variables. ##
## ---------------- ##

ac_cv_build=x86_64-apple-darwin11.4.0
ac_cv_c_compiler_gnu=yes
ac_cv_c_const=yes
ac_cv_env_CC_set=
ac_cv_env_CC_value=
ac_cv_env_CFLAGS_set=
ac_cv_env_CFLAGS_value=
ac_cv_env_CPPFLAGS_set=
ac_cv_env_CPPFLAGS_value=
ac_cv_env_CPP_set=
ac_cv_env_CPP_value=
ac_cv_env_LDFLAGS_set=
ac_cv_env_LDFLAGS_value=
ac_cv_env_LIBS_set=
ac_cv_env_LIBS_value=
ac_cv_env_MODPLUG_CFLAGS_set=
ac_cv_env_MODPLUG_CFLAGS_value=
ac_cv_env_MODPLUG_LIBS_set=
ac_cv_env_MODPLUG_LIBS_value=
ac_cv_env_PKG_CONFIG_set=
ac_cv_env_PKG_CONFIG_value=
ac_cv_env_SDL_CFLAGS_set=
ac_cv_env_SDL_CFLAGS_value=
ac_cv_env_SDL_LIBS_set=
ac_cv_env_SDL_LIBS_value=
ac_cv_env_build_alias_set=
ac_cv_env_build_alias_value=
ac_cv_env_host_alias_set=
ac_cv_env_host_alias_value=
ac_cv_env_target_alias_set=
ac_cv_env_target_alias_value=
ac_cv_func_fork=yes
ac_cv_func_setbuf=yes
ac_cv_func_vfork=yes
ac_cv_header_FLAC_export_h=yes
ac_cv_header_FLAC_stream_decoder_h=yes
ac_cv_header_dlfcn_h=yes
ac_cv_header_fluidsynth_h=no
ac_cv_header_inttypes_h=yes
ac_cv_header_memory_h=yes
ac_cv_header_signal_h=yes
ac_cv_header_stdc=yes
ac_cv_header_stdint_h=yes
ac_cv_header_stdlib_h=yes
ac_cv_header_string_h=yes
ac_cv_header_strings_h=yes
ac_cv_header_sys_stat_h=yes
ac_cv_header_sys_types_h=yes
ac_cv_header_unistd_h=yes
ac_cv_header_vorbis_vorbisfile_h=yes
ac_cv_host=x86_64-apple-darwin11.4.0
ac_cv_lib_FLAC_FLAC__stream_decoder_new=yes
ac_cv_lib_fluidsynth_fluid_player_add_mem=no
ac_cv_lib_m_pow=yes
ac_cv_lib_vorbisfile_ov_open_callbacks=yes
ac_cv_objext=o
ac_cv_path_EGREP='/usr/bin/grep -E'
ac_cv_path_FGREP='/usr/bin/grep -F'
ac_cv_path_GREP=/usr/bin/grep
ac_cv_path_LIBMIKMOD_CONFIG=no
ac_cv_path_SED=/usr/bin/sed
ac_cv_path_SMPEG_CONFIG=no
ac_cv_path_ac_pt_PKG_CONFIG=/opt/local/bin/pkg-config
ac_cv_path_install='/opt/local/bin/ginstall -c'
ac_cv_prog_CPP='gcc -E'
ac_cv_prog_ac_ct_AR=ar
ac_cv_prog_ac_ct_CC=gcc
ac_cv_prog_ac_ct_DSYMUTIL=dsymutil
ac_cv_prog_ac_ct_LIPO=lipo
ac_cv_prog_ac_ct_NMEDIT=nmedit
ac_cv_prog_ac_ct_OTOOL=otool
ac_cv_prog_ac_ct_RANLIB=ranlib
ac_cv_prog_ac_ct_STRIP=strip
ac_cv_prog_cc_c89=
ac_cv_prog_cc_g=yes
ac_cv_prog_make_make_set=yes
lt_cv_apple_cc_single_mod=yes
lt_cv_deplibs_check_method=pass_all
lt_cv_file_magic_cmd='$MAGIC_CMD'
lt_cv_file_magic_test_file=
lt_cv_ld_exported_symbols_list=yes
lt_cv_ld_reload_flag=-r
lt_cv_nm_interface='BSD nm'
lt_cv_objdir=.libs
lt_cv_path_LD=/usr/llvm-gcc-4.2/libexec/gcc/i686-apple-darwin11/4.2.1/ld
lt_cv_path_NM=/usr/bin/nm
lt_cv_prog_compiler_c_o=yes
lt_cv_prog_compiler_pic_works=yes
lt_cv_prog_compiler_rtti_exceptions=no
lt_cv_prog_compiler_static_works=no
lt_cv_prog_gnu_ld=no
lt_cv_sys_global_symbol_pipe='sed -n -e '\''s/^.*[	 ]\([BCDEGRST][BCDEGRST]*\)[	 ][	 ]*_\([_A-Za-z][_A-Za-z0-9]*\)$/\1 _\2 \2/p'\'''
lt_cv_sys_global_symbol_to_c_name_address='sed -n -e '\''s/^: \([^ ]*\) $/  {\"\1\", (void *) 0},/p'\'' -e '\''s/^[BCDEGRST]* \([^ ]*\) \([^ ]*\)$/  {"\2", (void *) \&\2},/p'\'''
lt_cv_sys_global_symbol_to_c_name_address_lib_prefix='sed -n -e '\''s/^: \([^ ]*\) $/  {\"\1\", (void *) 0},/p'\'' -e '\''s/^[BCDEGRST]* \([^ ]*\) \(lib[^ ]*\)$/  {"\2", (void *) \&\2},/p'\'' -e '\''s/^[BCDEGRST]* \([^ ]*\) \([^ ]*\)$/  {"lib\2", (void *) \&\2},/p'\'''
lt_cv_sys_global_symbol_to_cdecl='sed -n -e '\''s/^T .* \(.*\)$/extern int \1();/p'\'' -e '\''s/^[BCDEGRST]* .* \(.*\)$/extern char \1;/p'\'''
lt_cv_sys_max_cmd_len=196608
pkg_cv_SDL_CFLAGS='-D_GNU_SOURCE=1 -D_THREAD_SAFE -I/opt/local/include/SDL  '
pkg_cv_SDL_LIBS='-Wl,-framework,Cocoa -L/opt/local/lib -lSDLmain -lSDL  '

## ----------------- ##
## Output variables. ##
## ----------------- ##

AR='ar'
AS='as'
BINARY_AGE='12'
BUILD_CFLAGS='-g -O2 '
BUILD_LDFLAGS=''
CC='gcc'
CFLAGS='-g -O2  -D_GNU_SOURCE=1'
CPP='gcc -E'
CPPFLAGS='  -D_GNU_SOURCE=1'
DEFS='-DPACKAGE_NAME=\"\" -DPACKAGE_TARNAME=\"\" -DPACKAGE_VERSION=\"\" -DPACKAGE_STRING=\"\" -DPACKAGE_BUGREPORT=\"\" -DSTDC_HEADERS=1 -DHAVE_SYS_TYPES_H=1 -DHAVE_SYS_STAT_H=1 -DHAVE_STDLIB_H=1 -DHAVE_STRING_H=1 -DHAVE_MEMORY_H=1 -DHAVE_STRINGS_H=1 -DHAVE_INTTYPES_H=1 -DHAVE_STDINT_H=1 -DHAVE_UNISTD_H=1 -DHAVE_DLFCN_H=1 -DLT_OBJDIR=\".libs/\" -DHAVE_FORK=1 -DHAVE_VFORK=1 -DHAVE_SIGNAL_H=1 -DHAVE_SETBUF=1'
DLLTOOL='dlltool'
DSYMUTIL='dsymutil'
DUMPBIN=''
ECHO_C='ECHO_N=''
ECHO_T=''
EGREP='/usr/bin/grep -E'
EXE=''
EXEEXT=''
EXTRA_CFLAGS=' -D_GNU_SOURCE=1 -D_GNU_SOURCE=1 -D_THREAD_SAFE -I/opt/local/include/SDL   -fvisibility=hidden -DHAVE_FORK -DCMD_MUSIC -DWAV_MUSIC -DMID_MUSIC -DUSE_TIMIDITY_MIDI -I$(srcdir)/timidity -DUSE_NATIVE_MIDI -I$(srcdir)/native_midi -DOGG_MUSIC -DOGG_DYNAMIC=\"libvorbisfile.dylib\" -DFLAC_MUSIC -DFLAC_DYNAMIC=\"libFLAC.dylib\" -DHAVE_SIGNAL_H -DHAVE_SETBUF'
EXTRA_LDFLAGS=' -Wl,-framework,Cocoa -L/opt/local/lib -lSDLmain -lSDL   -Wl,-framework,AudioToolbox -Wl,-framework,AudioUnit -Wl,-framework,CoreServices -lm'
FGREP='/usr/bin/grep -F'
GREP='/usr/bin/grep'
INSTALL_DATA='${INSTALL} -m 644'
INSTALL_PROGRAM='${INSTALL}'
INSTALL_SCRIPT='${INSTALL}'
INTERFACE_AGE='0'
LD='/usr/llvm-gcc-4.2/libexec/gcc/i686-apple-darwin11/4.2.1/ld'
LDFLAGS=' '
LIBMIKMOD_CONFIG='no'
LIBOBJS=''
LIBS=''
LIBTOOL='$(SHELL) $(top_builddir)/libtool'
LIPO='lipo'
LN_S='ln -s'
LTLIBOBJS=''
LT_AGE='12'
LT_CURRENT='12'
LT_RELEASE='1.2'
LT_REVISION='0'
MAJOR_VERSION='1'
MICRO_VERSION='12'
MINOR_VERSION='2'
MODPLUG_CFLAGS=''
MODPLUG_LIBS=''
NM='/usr/bin/nm'
NMEDIT='nmedit'
OBJDUMP='false'
OBJECTS='$(objects)/effect_position.lo $(objects)/effect_stereoreverse.lo $(objects)/effects_internal.lo $(objects)/load_aiff.lo $(objects)/load_voc.lo $(objects)/mixer.lo $(objects)/music.lo $(objects)/music_cmd.lo $(objects)/wavestream.lo $(objects)/common.lo $(objects)/ctrlmode.lo $(objects)/filter.lo $(objects)/instrum.lo $(objects)/mix.lo $(objects)/output.lo $(objects)/playmidi.lo $(objects)/readmidi.lo $(objects)/resample.lo $(objects)/sdl_a.lo $(objects)/sdl_c.lo $(objects)/tables.lo $(objects)/timidity.lo $(objects)/native_midi_common.lo $(objects)/native_midi_mac.lo $(objects)/native_midi_macosx.lo $(objects)/native_midi_win32.lo $(objects)/dynamic_ogg.lo $(objects)/load_ogg.lo $(objects)/music_ogg.lo $(objects)/dynamic_flac.lo $(objects)/load_flac.lo $(objects)/music_flac.lo '
OBJEXT='o'
OTOOL64=':'
OTOOL='otool'
PACKAGE_BUGREPORT=''
PACKAGE_NAME=''
PACKAGE_STRING=''
PACKAGE_TARNAME=''
PACKAGE_VERSION=''
PATH_SEPARATOR=':'
PKG_CONFIG='/opt/local/bin/pkg-config'
PLAYMUS_OBJECTS='$(objects)/playmus.lo'
PLAYWAVE_OBJECTS='$(objects)/playwave.lo'
RANLIB='ranlib'
SDL_CFLAGS='-D_GNU_SOURCE=1 -D_THREAD_SAFE -I/opt/local/include/SDL  '
SDL_CONFIG='pkg-config sdl'
SDL_LIBS='-Wl,-framework,Cocoa -L/opt/local/lib -lSDLmain -lSDL  '
SDL_VERSION='1.2.10'
SED='/usr/bin/sed'
SET_MAKE=''
SHELL='/bin/sh'
SMPEG_CFLAGS=''
SMPEG_CONFIG='no'
SMPEG_LIBS=''
STRIP='strip'
VERSION='1.2.12'
VERSION_OBJECTS=''
WINDRES=''
ac_aux_dir='./build-scripts'
ac_ct_CC='gcc'
ac_ct_DUMPBIN=''
bindir='${exec_prefix}/bin'
build='x86_64-apple-darwin11.4.0'
build_alias=''
build_cpu='x86_64'
build_os='darwin11.4.0'
build_vendor='apple'
datadir='${datarootdir}'
datarootdir='${prefix}/share'
docdir='${datarootdir}/doc/${PACKAGE}'
dvidir='${docdir}'
exec_prefix='${prefix}'
host='x86_64-apple-darwin11.4.0'
host_alias=''
host_cpu='x86_64'
host_os='darwin11.4.0'
host_vendor='apple'
htmldir='${docdir}'
includedir='${prefix}/include'
infodir='${datarootdir}/info'
libdir='${exec_prefix}/lib'
libexecdir='${exec_prefix}/libexec'
localedir='${datarootdir}/locale'
localstatedir='${prefix}/var'
lt_ECHO='/bin/echo'
mandir='${datarootdir}/man'
oldincludedir='/usr/include'
pdfdir='${docdir}'
prefix='/usr/local'
program_transform_name='s,x,x,'
psdir='${docdir}'
sbindir='${exec_prefix}/sbin'
sharedstatedir='${prefix}/com'
sysconfdir='${prefix}/etc'
target_alias=''

## ----------- ##
## confdefs.h. ##
## ----------- ##

#define PACKAGE_NAME ""
#define PACKAGE_TARNAME ""
#define PACKAGE_VERSION ""
#define PACKAGE_STRING ""
#define PACKAGE_BUGREPORT ""
#define STDC_HEADERS 1
#define HAVE_SYS_TYPES_H 1
#define HAVE_SYS_STAT_H 1
#define HAVE_STDLIB_H 1
#define HAVE_STRING_H 1
#define HAVE_MEMORY_H 1
#define HAVE_STRINGS_H 1
#define HAVE_INTTYPES_H 1
#define HAVE_STDINT_H 1
#define HAVE_UNISTD_H 1
#define HAVE_DLFCN_H 1
#define LT_OBJDIR ".libs/"
#define HAVE_FORK 1
#define HAVE_VFORK 1
#define HAVE_SIGNAL_H 1
#define HAVE_SETBUF 1

configure: exit 0
