This file contains any messages produced by compilers while
running configure, to aid debugging if configure makes a mistake.

It was created by configure, which was
generated by GNU Autoconf 2.65.  Invocation command line was

  $ ./configure 

## --------- ##
## Platform. ##
## --------- ##

hostname = Bryans-Mac-Pro.local
uname -m = x86_64
uname -r = 11.4.0
uname -s = Darwin
uname -v = Darwin Kernel Version 11.4.0: Mon Apr  9 19:32:15 PDT 2012; root:xnu-1699.26.8~1/RELEASE_X86_64

/usr/bin/uname -p = i386
/bin/uname -X     = unknown

/bin/arch              = unknown
/usr/bin/arch -k       = unknown
/usr/convex/getsysinfo = unknown
/usr/bin/hostinfo      = Mach kernel version:
	 Darwin Kernel Version 11.4.0: Mon Apr  9 19:32:15 PDT 2012; root:xnu-1699.26.8~1/RELEASE_X86_64
Kernel configured for up to 4 processors.
4 processors are physically available.
4 processors are logically available.
Processor type: i486 (Intel 80486)
Processors active: 0 1 2 3
Primary memory available: 8.00 gigabytes
Default processor set: 125 tasks, 617 threads, 4 processors
Load average: 1.08, Mach factor: 2.91
/bin/machine           = unknown
/usr/bin/oslevel       = unknown
/bin/universe          = unknown

PATH: /opt/local/bin
PATH: /usr/bin
PATH: /bin
PATH: /usr/sbin
PATH: /sbin
PATH: /usr/local/bin
PATH: /usr/X11/bin
PATH: /usr/local/git/bin


## ----------- ##
## Core tests. ##
## ----------- ##

configure:1761: checking for perl
configure:1766: ...version 5.008 required
configure:1775: trying perl
found version 5.012
configure:1784: result: perl
configure:1794: checking for module Locale::gettext
configure:1806: result: yes
configure:1811: checking for msgfmt
configure:1829: found /opt/local/bin/msgfmt
configure:1841: result: /opt/local/bin/msgfmt
configure:1898: checking for gcc
configure:1914: found /usr/bin/gcc
configure:1925: result: gcc
configure:2154: checking for C compiler version
configure:2163: gcc --version >&5
i686-apple-darwin11-llvm-gcc-4.2 (GCC) 4.2.1 (Based on Apple Inc. build 5658) (LLVM build 2336.9.00)
Copyright (C) 2007 Free Software Foundation, Inc.
This is free software; see the source for copying conditions.  There is NO
warranty; not even for MERCHANTABILITY or FITNESS FOR A PARTICULAR PURPOSE.

configure:2174: $? = 0
configure:2163: gcc -v >&5
Using built-in specs.
Target: i686-apple-darwin11
Configured with: /private/var/tmp/llvmgcc42/llvmgcc42-2336.9~22/src/configure --disable-checking --enable-werror --prefix=/Applications/Xcode.app/Contents/Developer/usr/llvm-gcc-4.2 --mandir=/share/man --enable-languages=c,objc,c++,obj-c++ --program-prefix=llvm- --program-transform-name=/^[cg][^.-]*$/s/$/-4.2/ --with-slibdir=/usr/lib --build=i686-apple-darwin11 --enable-llvm=/private/var/tmp/llvmgcc42/llvmgcc42-2336.9~22/dst-llvmCore/Developer/usr/local --program-prefix=i686-apple-darwin11- --host=x86_64-apple-darwin11 --target=i686-apple-darwin11 --with-gxx-include-dir=/usr/include/c++/4.2.1
Thread model: posix
gcc version 4.2.1 (Based on Apple Inc. build 5658) (LLVM build 2336.9.00)
configure:2174: $? = 0
configure:2163: gcc -V >&5
llvm-gcc-4.2: argument to `-V' is missing
configure:2174: $? = 1
configure:2163: gcc -qversion >&5
i686-apple-darwin11-llvm-gcc-4.2: no input files
configure:2174: $? = 1
configure:2194: checking whether the C compiler works
configure:2216: gcc    conftest.c  >&5
configure:2220: $? = 0
configure:2269: result: yes
configure:2272: checking for C compiler default output file name
configure:2274: result: a.out
configure:2280: checking for suffix of executables
configure:2287: gcc -o conftest    conftest.c  >&5
configure:2291: $? = 0
configure:2313: result: 
configure:2335: checking whether we are cross compiling
configure:2343: gcc -o conftest    conftest.c  >&5
configure:2347: $? = 0
configure:2354: ./conftest
configure:2358: $? = 0
configure:2373: result: no
configure:2378: checking for suffix of object files
configure:2400: gcc -c   conftest.c >&5
configure:2404: $? = 0
configure:2425: result: o
configure:2429: checking whether we are using the GNU C compiler
configure:2448: gcc -c   conftest.c >&5
configure:2448: $? = 0
configure:2457: result: yes
configure:2466: checking whether gcc accepts -g
configure:2486: gcc -c -g  conftest.c >&5
configure:2486: $? = 0
configure:2527: result: yes
configure:2544: checking for gcc option to accept ISO C89
configure:2608: gcc  -c -g -O2  conftest.c >&5
configure:2608: $? = 0
configure:2621: result: none needed
configure:2642: checking for library containing dlsym
configure:2673: gcc -o conftest -g -O2   conftest.c  >&5
configure:2673: $? = 0
configure:2690: result: none required
configure:2698: checking for library containing bindtextdomain
configure:2729: gcc -o conftest -g -O2   conftest.c  >&5
Undefined symbols for architecture x86_64:
  "_bindtextdomain", referenced from:
      _main in cczpbScV.o
ld: symbol(s) not found for architecture x86_64
collect2: ld returned 1 exit status
configure:2729: $? = 1
configure: failed program was:
| /* confdefs.h */
| #define PACKAGE_NAME ""
| #define PACKAGE_TARNAME ""
| #define PACKAGE_VERSION ""
| #define PACKAGE_STRING ""
| #define PACKAGE_BUGREPORT ""
| #define PACKAGE_URL ""
| /* end confdefs.h.  */
| 
| /* Override any GCC internal prototype to avoid an error.
|    Use char because int might match the return type of a GCC
|    builtin and then its argument prototype would still apply.  */
| #ifdef __cplusplus
| extern "C"
| #endif
| char bindtextdomain ();
| int
| main ()
| {
| return bindtextdomain ();
|   ;
|   return 0;
| }
configure:2729: gcc -o conftest -g -O2   conftest.c -lintl   >&5
configure:2729: $? = 0
configure:2746: result: -lintl
configure:2831: checking for a BSD-compatible install
configure:2899: result: /opt/local/bin/ginstall -c
configure:2912: checking for makeinfo
configure:2930: found /opt/local/bin/makeinfo
configure:2943: result: /opt/local/bin/makeinfo
configure:2953: checking for install-info
configure:2971: found /opt/local/bin/install-info
configure:2984: result: /opt/local/bin/install-info
configure:3132: creating ./config.status

## ---------------------- ##
## Running config.status. ##
## ---------------------- ##

This file was extended by config.status, which was
generated by GNU Autoconf 2.65.  Invocation command line was

  CONFIG_FILES    = 
  CONFIG_HEADERS  = 
  CONFIG_LINKS    = 
  CONFIG_COMMANDS = 
  $ ./config.status 

on Bryans-Mac-Pro.local

config.status:732: creating Makefile

## ---------------- ##
## Cache variables. ##
## ---------------- ##

ac_cv_c_compiler_gnu=yes
ac_cv_enable_nls=yes
ac_cv_env_CC_set=
ac_cv_env_CC_value=
ac_cv_env_CFLAGS_set=
ac_cv_env_CFLAGS_value=
ac_cv_env_CPPFLAGS_set=
ac_cv_env_CPPFLAGS_value=
ac_cv_env_LDFLAGS_set=
ac_cv_env_LDFLAGS_value=
ac_cv_env_LIBS_set=
ac_cv_env_LIBS_value=
ac_cv_env_build_alias_set=
ac_cv_env_build_alias_value=
ac_cv_env_host_alias_set=
ac_cv_env_host_alias_value=
ac_cv_env_target_alias_set=
ac_cv_env_target_alias_value=
ac_cv_module_Locale__gettext=yes
ac_cv_objext=o
ac_cv_path_INSTALL_INFO=/opt/local/bin/install-info
ac_cv_path_MAKEINFO=/opt/local/bin/makeinfo
ac_cv_path_MSGFMT=/opt/local/bin/msgfmt
ac_cv_path_install='/opt/local/bin/ginstall -c'
ac_cv_prog_PERL=perl
ac_cv_prog_ac_ct_CC=gcc
ac_cv_prog_cc_c89=
ac_cv_prog_cc_g=yes
ac_cv_search_bindtextdomain=-lintl
ac_cv_search_dlsym='none required'

## ----------------- ##
## Output variables. ##
## ----------------- ##

CC='gcc'
CFLAGS='-g -O2'
CPPFLAGS=''
DEFS='-DPACKAGE_NAME=\"\" -DPACKAGE_TARNAME=\"\" -DPACKAGE_VERSION=\"\" -DPACKAGE_STRING=\"\" -DPACKAGE_BUGREPORT=\"\" -DPACKAGE_URL=\"\"'
ECHO_C='\c'
ECHO_N=''
ECHO_T=''
EXEEXT=''
INSTALL_DATA='${INSTALL} -m 644'
INSTALL_INFO='/opt/local/bin/install-info'
INSTALL_PROGRAM='${INSTALL}'
INSTALL_SCRIPT='${INSTALL}'
LDFLAGS=''
LIBOBJS=''
LIBS='-lintl '
LTLIBOBJS=''
MAKEINFO='/opt/local/bin/makeinfo'
MSGFMT='/opt/local/bin/msgfmt'
OBJEXT='o'
PACKAGE_BUGREPORT=''
PACKAGE_NAME=''
PACKAGE_STRING=''
PACKAGE_TARNAME=''
PACKAGE_URL=''
PACKAGE_VERSION=''
PATH_SEPARATOR=':'
PERL='perl'
SHELL='/bin/sh'
ac_ct_CC='gcc'
bindir='${exec_prefix}/bin'
build_alias=''
datadir='${datarootdir}'
datarootdir='${prefix}/share'
docdir='${datarootdir}/doc/${PACKAGE}'
dvidir='${docdir}'
exec_prefix='${prefix}'
extra_extract_args='--with-gettext'
extra_make_all='preload man_l10n'
extra_make_install='install_preload install_l10n'
host_alias=''
htmldir='${docdir}'
includedir='${prefix}/include'
infodir='${datarootdir}/info'
libdir='${exec_prefix}/lib'
libexecdir='${exec_prefix}/libexec'
localedir='${datarootdir}/locale'
localstatedir='${prefix}/var'
mandir='${datarootdir}/man'
oldincludedir='/usr/include'
pdfdir='${docdir}'
prefix='/usr/local'
program_transform_name='s,x,x,'
psdir='${docdir}'
sbindir='${exec_prefix}/sbin'
sharedstatedir='${prefix}/com'
sysconfdir='${prefix}/etc'
target_alias=''

## ----------- ##
## confdefs.h. ##
## ----------- ##

/* confdefs.h */
#define PACKAGE_NAME ""
#define PACKAGE_TARNAME ""
#define PACKAGE_VERSION ""
#define PACKAGE_STRING ""
#define PACKAGE_BUGREPORT ""
#define PACKAGE_URL ""

configure: exit 0
