This file contains any messages produced by compilers while
running configure, to aid debugging if configure makes a mistake.

It was created by configure, which was
generated by GNU Autoconf 2.61.  Invocation command line was

  $ ./configure 

## --------- ##
## Platform. ##
## --------- ##

hostname = Bryans-Mac-Pro.local
uname -m = x86_64
uname -r = 11.4.0
uname -s = Darwin
uname -v = Darwin Kernel Version 11.4.0: Mon Apr  9 19:32:15 PDT 2012; root:xnu-1699.26.8~1/RELEASE_X86_64

/usr/bin/uname -p = i386
/bin/uname -X     = unknown

/bin/arch              = unknown
/usr/bin/arch -k       = unknown
/usr/convex/getsysinfo = unknown
/usr/bin/hostinfo      = Mach kernel version:
	 Darwin Kernel Version 11.4.0: Mon Apr  9 19:32:15 PDT 2012; root:xnu-1699.26.8~1/RELEASE_X86_64
Kernel configured for up to 4 processors.
4 processors are physically available.
4 processors are logically available.
Processor type: i486 (Intel 80486)
Processors active: 0 1 2 3
Primary memory available: 8.00 gigabytes
Default processor set: 148 tasks, 688 threads, 4 processors
Load average: 0.65, Mach factor: 3.33
/bin/machine           = unknown
/usr/bin/oslevel       = unknown
/bin/universe          = unknown

PATH: /opt/local/bin
PATH: /usr/bin
PATH: /bin
PATH: /usr/sbin
PATH: /sbin
PATH: /usr/local/bin
PATH: /usr/X11/bin
PATH: /usr/local/git/bin


## ----------- ##
## Core tests. ##
## ----------- ##

configure:2066: checking build system type
configure:2084: result: x86_64-apple-darwin11.4.0
configure:2106: checking host system type
configure:2121: result: x86_64-apple-darwin11.4.0
configure:2191: checking for gcc
configure:2207: found /usr/bin/gcc
configure:2218: result: gcc
configure:2456: checking for C compiler version
configure:2463: gcc --version >&5
i686-apple-darwin11-llvm-gcc-4.2 (GCC) 4.2.1 (Based on Apple Inc. build 5658) (LLVM build 2336.9.00)
Copyright (C) 2007 Free Software Foundation, Inc.
This is free software; see the source for copying conditions.  There is NO
warranty; not even for MERCHANTABILITY or FITNESS FOR A PARTICULAR PURPOSE.

configure:2466: $? = 0
configure:2473: gcc -v >&5
Using built-in specs.
Target: i686-apple-darwin11
Configured with: /private/var/tmp/llvmgcc42/llvmgcc42-2336.9~22/src/configure --disable-checking --enable-werror --prefix=/Applications/Xcode.app/Contents/Developer/usr/llvm-gcc-4.2 --mandir=/share/man --enable-languages=c,objc,c++,obj-c++ --program-prefix=llvm- --program-transform-name=/^[cg][^.-]*$/s/$/-4.2/ --with-slibdir=/usr/lib --build=i686-apple-darwin11 --enable-llvm=/private/var/tmp/llvmgcc42/llvmgcc42-2336.9~22/dst-llvmCore/Developer/usr/local --program-prefix=i686-apple-darwin11- --host=x86_64-apple-darwin11 --target=i686-apple-darwin11 --with-gxx-include-dir=/usr/include/c++/4.2.1
Thread model: posix
gcc version 4.2.1 (Based on Apple Inc. build 5658) (LLVM build 2336.9.00)
configure:2476: $? = 0
configure:2483: gcc -V >&5
llvm-gcc-4.2: argument to `-V' is missing
configure:2486: $? = 1
configure:2509: checking for C compiler default output file name
configure:2536: gcc    conftest.c  >&5
configure:2539: $? = 0
configure:2577: result: a.out
configure:2594: checking whether the C compiler works
configure:2604: ./a.out
configure:2607: $? = 0
configure:2624: result: yes
configure:2631: checking whether we are cross compiling
configure:2633: result: no
configure:2636: checking for suffix of executables
configure:2643: gcc -o conftest    conftest.c  >&5
configure:2646: $? = 0
configure:2670: result: 
configure:2676: checking for suffix of object files
configure:2702: gcc -c   conftest.c >&5
configure:2705: $? = 0
configure:2728: result: o
configure:2732: checking whether we are using the GNU C compiler
configure:2761: gcc -c   conftest.c >&5
configure:2767: $? = 0
configure:2784: result: yes
configure:2789: checking whether gcc accepts -g
configure:2819: gcc -c -g  conftest.c >&5
configure:2825: $? = 0
configure:2924: result: yes
configure:2941: checking for gcc option to accept ISO C89
configure:3015: gcc  -c -g -O2  conftest.c >&5
configure:3021: $? = 0
configure:3044: result: none needed
configure:3062: checking for a sed that does not truncate output
configure:3141: result: /usr/bin/sed
configure:3159: checking for grep that handles long lines and -e
configure:3233: result: /usr/bin/grep
configure:3238: checking for egrep
configure:3316: result: /usr/bin/grep -E
configure:3321: checking for fgrep
configure:3399: result: /usr/bin/grep -F
configure:3434: checking for ld used by gcc
configure:3501: result: /usr/llvm-gcc-4.2/libexec/gcc/i686-apple-darwin11/4.2.1/ld
configure:3510: checking if the linker (/usr/llvm-gcc-4.2/libexec/gcc/i686-apple-darwin11/4.2.1/ld) is GNU ld
configure:3525: result: no
configure:3537: checking for BSD- or MS-compatible name lister (nm)
configure:3586: result: /usr/bin/nm
configure:3708: checking the name lister (/usr/bin/nm) interface
configure:3715: gcc -c -g -O2  conftest.c >&5
configure:3718: /usr/bin/nm "conftest.o"
configure:3721: output
00000000000001cc S _some_variable
configure:3728: result: BSD nm
configure:3731: checking whether ln -s works
configure:3735: result: yes
configure:3743: checking the maximum length of command line arguments
configure:3869: result: 196608
configure:3886: checking whether the shell understands some XSI constructs
configure:3896: result: yes
configure:3900: checking whether the shell understands "+="
configure:3906: result: yes
configure:3941: checking for /usr/llvm-gcc-4.2/libexec/gcc/i686-apple-darwin11/4.2.1/ld option to reload object files
configure:3948: result: -r
configure:4017: checking for objdump
configure:4047: result: no
configure:4077: checking how to recognize dependent libraries
configure:4275: result: pass_all
configure:4335: checking for ar
configure:4351: found /usr/bin/ar
configure:4362: result: ar
configure:4444: checking for strip
configure:4460: found /usr/bin/strip
configure:4471: result: strip
configure:4547: checking for ranlib
configure:4563: found /usr/bin/ranlib
configure:4574: result: ranlib
configure:4668: checking command to parse /usr/bin/nm output from gcc object
configure:4786: gcc -c -g -O2  conftest.c >&5
configure:4789: $? = 0
configure:4793: /usr/bin/nm conftest.o \| sed -n -e 's/^.*[	 ]\([BCDEGRST][BCDEGRST]*\)[	 ][	 ]*\([_A-Za-z][_A-Za-z0-9]*\)$/\1 \2 \2/p' \> conftest.nm
configure:4796: $? = 0
cannot find nm_test_var in conftest.nm
configure:4786: gcc -c -g -O2  conftest.c >&5
configure:4789: $? = 0
configure:4793: /usr/bin/nm conftest.o \| sed -n -e 's/^.*[	 ]\([BCDEGRST][BCDEGRST]*\)[	 ][	 ]*_\([_A-Za-z][_A-Za-z0-9]*\)$/\1 _\2 \2/p' \> conftest.nm
configure:4796: $? = 0
configure:4850: gcc -o conftest -g -O2   conftest.c conftstm.o >&5
configure:4853: $? = 0
configure:4891: result: ok
configure:5181: checking for dsymutil
configure:5197: found /usr/bin/dsymutil
configure:5208: result: dsymutil
configure:5277: checking for nmedit
configure:5293: found /usr/bin/nmedit
configure:5304: result: nmedit
configure:5373: checking for lipo
configure:5389: found /usr/bin/lipo
configure:5400: result: lipo
configure:5469: checking for otool
configure:5485: found /usr/bin/otool
configure:5496: result: otool
configure:5565: checking for otool64
configure:5595: result: no
configure:5644: checking for -single_module linker flag
gcc -g -O2  -o libconftest.dylib -dynamiclib -Wl,-single_module conftest.c
configure:5671: result: yes
configure:5673: checking for -exported_symbols_list linker flag
configure:5703: gcc -o conftest -g -O2   -Wl,-exported_symbols_list,conftest.sym conftest.c  >&5
configure:5709: $? = 0
configure:5728: result: yes
configure:5770: checking how to run the C preprocessor
configure:5810: gcc -E  conftest.c
configure:5816: $? = 0
configure:5847: gcc -E  conftest.c
conftest.c:8:28: error: ac_nonexistent.h: No such file or directory
configure:5853: $? = 1
configure: failed program was:
| /* confdefs.h.  */
| #define PACKAGE_NAME ""
| #define PACKAGE_TARNAME ""
| #define PACKAGE_VERSION ""
| #define PACKAGE_STRING ""
| #define PACKAGE_BUGREPORT ""
| /* end confdefs.h.  */
| #include <ac_nonexistent.h>
configure:5886: result: gcc -E
configure:5915: gcc -E  conftest.c
configure:5921: $? = 0
configure:5952: gcc -E  conftest.c
conftest.c:8:28: error: ac_nonexistent.h: No such file or directory
configure:5958: $? = 1
configure: failed program was:
| /* confdefs.h.  */
| #define PACKAGE_NAME ""
| #define PACKAGE_TARNAME ""
| #define PACKAGE_VERSION ""
| #define PACKAGE_STRING ""
| #define PACKAGE_BUGREPORT ""
| /* end confdefs.h.  */
| #include <ac_nonexistent.h>
configure:5996: checking for ANSI C header files
configure:6026: gcc -c -g -O2  conftest.c >&5
configure:6032: $? = 0
configure:6131: gcc -o conftest -g -O2   conftest.c  >&5
configure:6134: $? = 0
configure:6140: ./conftest
configure:6143: $? = 0
configure:6160: result: yes
configure:6184: checking for sys/types.h
configure:6205: gcc -c -g -O2  conftest.c >&5
configure:6211: $? = 0
configure:6227: result: yes
configure:6184: checking for sys/stat.h
configure:6205: gcc -c -g -O2  conftest.c >&5
configure:6211: $? = 0
configure:6227: result: yes
configure:6184: checking for stdlib.h
configure:6205: gcc -c -g -O2  conftest.c >&5
configure:6211: $? = 0
configure:6227: result: yes
configure:6184: checking for string.h
configure:6205: gcc -c -g -O2  conftest.c >&5
configure:6211: $? = 0
configure:6227: result: yes
configure:6184: checking for memory.h
configure:6205: gcc -c -g -O2  conftest.c >&5
configure:6211: $? = 0
configure:6227: result: yes
configure:6184: checking for strings.h
configure:6205: gcc -c -g -O2  conftest.c >&5
configure:6211: $? = 0
configure:6227: result: yes
configure:6184: checking for inttypes.h
configure:6205: gcc -c -g -O2  conftest.c >&5
configure:6211: $? = 0
configure:6227: result: yes
configure:6184: checking for stdint.h
configure:6205: gcc -c -g -O2  conftest.c >&5
configure:6211: $? = 0
configure:6227: result: yes
configure:6184: checking for unistd.h
configure:6205: gcc -c -g -O2  conftest.c >&5
configure:6211: $? = 0
configure:6227: result: yes
configure:6243: checking for dlfcn.h
configure:6264: gcc -c -g -O2  conftest.c >&5
configure:6270: $? = 0
configure:6286: result: yes
configure:6780: checking for objdir
configure:6795: result: .libs
configure:7091: checking if gcc supports -fno-rtti -fno-exceptions
configure:7109: gcc -c -g -O2  -fno-rtti -fno-exceptions conftest.c >&5
cc1: warning: command line option "-fno-rtti" is valid for C++/ObjC++ but not for C
configure:7113: $? = 0
configure:7126: result: no
configure:7146: checking for gcc option to produce PIC
configure:7418: result: -fno-common -DPIC
configure:7430: checking if gcc PIC flag -fno-common -DPIC works
configure:7448: gcc -c -g -O2  -fno-common -DPIC -DPIC conftest.c >&5
configure:7452: $? = 0
configure:7465: result: yes
configure:7489: checking if gcc static flag -static works
configure:7517: result: no
configure:7532: checking if gcc supports -c -o file.o
configure:7553: gcc -c -g -O2  -o out/conftest2.o conftest.c >&5
configure:7557: $? = 0
configure:7579: result: yes
configure:7587: checking if gcc supports -c -o file.o
configure:7634: result: yes
configure:7667: checking whether the gcc linker (/usr/llvm-gcc-4.2/libexec/gcc/i686-apple-darwin11/4.2.1/ld) supports shared libraries
configure:8729: result: yes
configure:8968: checking dynamic linker characteristics
configure:9649: result: darwin11.4.0 dyld
configure:9751: checking how to hardcode library paths into programs
configure:9776: result: immediate
configure:10581: checking whether stripping libraries is possible
configure:10595: result: yes
configure:10621: checking if libtool supports shared libraries
configure:10623: result: yes
configure:10626: checking whether to build shared libraries
configure:10647: result: yes
configure:10650: checking whether to build static libraries
configure:10654: result: yes
configure:10700: checking host system type
configure:10715: result: x86_64-apple-darwin11.4.0
configure:10753: checking for a BSD-compatible install
configure:10809: result: /opt/local/bin/ginstall -c
configure:10820: checking whether build environment is sane
configure:10863: result: yes
configure:10891: checking for a thread-safe mkdir -p
configure:10930: result: /opt/local/bin/gmkdir -p
configure:10943: checking for gawk
configure:10959: found /opt/local/bin/gawk
configure:10970: result: gawk
configure:10981: checking whether make sets $(MAKE)
configure:11002: result: yes
configure:11032: checking for style of include used by make
configure:11060: result: GNU
configure:11253: checking dependency style of gcc
configure:11344: result: gcc3
configure:11410: checking for gcc
configure:11437: result: gcc
configure:11675: checking for C compiler version
configure:11682: gcc --version >&5
i686-apple-darwin11-llvm-gcc-4.2 (GCC) 4.2.1 (Based on Apple Inc. build 5658) (LLVM build 2336.9.00)
Copyright (C) 2007 Free Software Foundation, Inc.
This is free software; see the source for copying conditions.  There is NO
warranty; not even for MERCHANTABILITY or FITNESS FOR A PARTICULAR PURPOSE.

configure:11685: $? = 0
configure:11692: gcc -v >&5
Using built-in specs.
Target: i686-apple-darwin11
Configured with: /private/var/tmp/llvmgcc42/llvmgcc42-2336.9~22/src/configure --disable-checking --enable-werror --prefix=/Applications/Xcode.app/Contents/Developer/usr/llvm-gcc-4.2 --mandir=/share/man --enable-languages=c,objc,c++,obj-c++ --program-prefix=llvm- --program-transform-name=/^[cg][^.-]*$/s/$/-4.2/ --with-slibdir=/usr/lib --build=i686-apple-darwin11 --enable-llvm=/private/var/tmp/llvmgcc42/llvmgcc42-2336.9~22/dst-llvmCore/Developer/usr/local --program-prefix=i686-apple-darwin11- --host=x86_64-apple-darwin11 --target=i686-apple-darwin11 --with-gxx-include-dir=/usr/include/c++/4.2.1
Thread model: posix
gcc version 4.2.1 (Based on Apple Inc. build 5658) (LLVM build 2336.9.00)
configure:11695: $? = 0
configure:11702: gcc -V >&5
llvm-gcc-4.2: argument to `-V' is missing
configure:11705: $? = 1
configure:11708: checking whether we are using the GNU C compiler
configure:11760: result: yes
configure:11765: checking whether gcc accepts -g
configure:11900: result: yes
configure:11917: checking for gcc option to accept ISO C89
configure:12020: result: none needed
configure:12092: checking for gcc
configure:12108: found /usr/bin/gcc
configure:12119: result: gcc
configure:12148: checking for Objective C compiler version
configure:12155: gcc --version >&5
i686-apple-darwin11-llvm-gcc-4.2 (GCC) 4.2.1 (Based on Apple Inc. build 5658) (LLVM build 2336.9.00)
Copyright (C) 2007 Free Software Foundation, Inc.
This is free software; see the source for copying conditions.  There is NO
warranty; not even for MERCHANTABILITY or FITNESS FOR A PARTICULAR PURPOSE.

configure:12158: $? = 0
configure:12165: gcc -v >&5
Using built-in specs.
Target: i686-apple-darwin11
Configured with: /private/var/tmp/llvmgcc42/llvmgcc42-2336.9~22/src/configure --disable-checking --enable-werror --prefix=/Applications/Xcode.app/Contents/Developer/usr/llvm-gcc-4.2 --mandir=/share/man --enable-languages=c,objc,c++,obj-c++ --program-prefix=llvm- --program-transform-name=/^[cg][^.-]*$/s/$/-4.2/ --with-slibdir=/usr/lib --build=i686-apple-darwin11 --enable-llvm=/private/var/tmp/llvmgcc42/llvmgcc42-2336.9~22/dst-llvmCore/Developer/usr/local --program-prefix=i686-apple-darwin11- --host=x86_64-apple-darwin11 --target=i686-apple-darwin11 --with-gxx-include-dir=/usr/include/c++/4.2.1
Thread model: posix
gcc version 4.2.1 (Based on Apple Inc. build 5658) (LLVM build 2336.9.00)
configure:12168: $? = 0
configure:12175: gcc -V >&5
llvm-gcc-4.2: argument to `-V' is missing
configure:12178: $? = 1
configure:12181: checking whether we are using the GNU Objective C compiler
configure:12210: gcc -c   conftest.m >&5
configure:12216: $? = 0
configure:12233: result: yes
configure:12238: checking whether gcc accepts -g
configure:12268: gcc -c -g  conftest.m >&5
configure:12274: $? = 0
configure:12373: result: yes
configure:12398: checking dependency style of gcc
configure:12489: result: gcc3
configure:12504: checking for inline
configure:12530: gcc -c -g -O2  conftest.c >&5
configure:12536: $? = 0
configure:12554: result: inline
configure:12586: checking for a BSD-compatible install
configure:12642: result: /opt/local/bin/ginstall -c
configure:12653: checking whether make sets $(MAKE)
configure:12674: result: yes
configure:12692: checking for windres
configure:12722: result: no
configure:12692: checking for darwin11.4.0-windres
configure:12722: result: no
configure:12853: checking for pkg-config
configure:12871: found /opt/local/bin/pkg-config
configure:12883: result: /opt/local/bin/pkg-config
configure:12912: checking pkg-config is at least version 0.9.0
configure:12915: result: yes
configure:12953: checking for SDL
configure:12961: $PKG_CONFIG --exists --print-errors "sdl >= $min_sdl_version"
configure:12964: $? = 0
configure:12979: $PKG_CONFIG --exists --print-errors "sdl >= $min_sdl_version"
configure:12982: $? = 0
configure:13024: result: yes
configure:13461: checking jpeglib.h usability
configure:13478: gcc -c -g -O2 -D_GNU_SOURCE=1 -D_THREAD_SAFE -I/opt/local/include/SDL    conftest.c >&5
configure:13484: $? = 0
configure:13498: result: yes
configure:13502: checking jpeglib.h presence
configure:13517: gcc -E  conftest.c
configure:13523: $? = 0
configure:13537: result: yes
configure:13565: checking for jpeglib.h
configure:13572: result: yes
configure:13581: checking for jpeg_CreateDecompress in -ljpeg
configure:13616: gcc -o conftest -g -O2 -D_GNU_SOURCE=1 -D_THREAD_SAFE -I/opt/local/include/SDL     conftest.c -ljpeg   -Wl,-framework,Cocoa -L/opt/local/lib -lSDLmain -lSDL   >&5
configure:13622: $? = 0
configure:13640: result: yes
configure:13683: checking for LIBPNG
configure:13691: $PKG_CONFIG --exists --print-errors "libpng"
configure:13694: $? = 0
configure:13709: $PKG_CONFIG --exists --print-errors "libpng"
configure:13712: $? = 0
configure:14138: result: yes
configure:14190: checking tiffio.h usability
configure:14207: gcc -c -I/opt/local/include/libpng14   -g -O2 -D_GNU_SOURCE=1 -D_THREAD_SAFE -I/opt/local/include/SDL    conftest.c >&5
configure:14213: $? = 0
configure:14227: result: yes
configure:14231: checking tiffio.h presence
configure:14246: gcc -E  conftest.c
configure:14252: $? = 0
configure:14266: result: yes
configure:14294: checking for tiffio.h
configure:14301: result: yes
configure:14310: checking for TIFFClientOpen in -ltiff
configure:14345: gcc -o conftest -I/opt/local/include/libpng14   -g -O2 -D_GNU_SOURCE=1 -D_THREAD_SAFE -I/opt/local/include/SDL     conftest.c -ltiff -lz -ljpeg  -Wl,-framework,Cocoa -L/opt/local/lib -lSDLmain -lSDL   >&5
configure:14351: $? = 0
configure:14369: result: yes
configure:14406: checking for LIBWEBP
configure:14414: $PKG_CONFIG --exists --print-errors "libwebp"
configure:14417: $? = 0
configure:14432: $PKG_CONFIG --exists --print-errors "libwebp"
configure:14435: $? = 0
configure:14861: result: yes
configure:15190: creating ./config.status

## ---------------------- ##
## Running config.status. ##
## ---------------------- ##

This file was extended by config.status, which was
generated by GNU Autoconf 2.61.  Invocation command line was

  CONFIG_FILES    = 
  CONFIG_HEADERS  = 
  CONFIG_LINKS    = 
  CONFIG_COMMANDS = 
  $ ./config.status 

on Bryans-Mac-Pro.local

config.status:864: creating Makefile
config.status:864: creating SDL_image.spec
config.status:864: creating SDL_image.pc
config.status:1055: executing libtool commands
config.status:1055: executing depfiles commands

## ---------------- ##
## Cache variables. ##
## ---------------- ##

ac_cv_build=x86_64-apple-darwin11.4.0
ac_cv_c_compiler_gnu=yes
ac_cv_c_inline=inline
ac_cv_env_CC_set=
ac_cv_env_CC_value=
ac_cv_env_CFLAGS_set=
ac_cv_env_CFLAGS_value=
ac_cv_env_CPPFLAGS_set=
ac_cv_env_CPPFLAGS_value=
ac_cv_env_CPP_set=
ac_cv_env_CPP_value=
ac_cv_env_LDFLAGS_set=
ac_cv_env_LDFLAGS_value=
ac_cv_env_LIBPNG_CFLAGS_set=
ac_cv_env_LIBPNG_CFLAGS_value=
ac_cv_env_LIBPNG_LIBS_set=
ac_cv_env_LIBPNG_LIBS_value=
ac_cv_env_LIBS_set=
ac_cv_env_LIBS_value=
ac_cv_env_LIBWEBP_CFLAGS_set=
ac_cv_env_LIBWEBP_CFLAGS_value=
ac_cv_env_LIBWEBP_LIBS_set=
ac_cv_env_LIBWEBP_LIBS_value=
ac_cv_env_OBJCFLAGS_set=
ac_cv_env_OBJCFLAGS_value=
ac_cv_env_OBJC_set=
ac_cv_env_OBJC_value=
ac_cv_env_PKG_CONFIG_set=
ac_cv_env_PKG_CONFIG_value=
ac_cv_env_SDL_CFLAGS_set=
ac_cv_env_SDL_CFLAGS_value=
ac_cv_env_SDL_LIBS_set=
ac_cv_env_SDL_LIBS_value=
ac_cv_env_build_alias_set=
ac_cv_env_build_alias_value=
ac_cv_env_host_alias_set=
ac_cv_env_host_alias_value=
ac_cv_env_target_alias_set=
ac_cv_env_target_alias_value=
ac_cv_header_dlfcn_h=yes
ac_cv_header_inttypes_h=yes
ac_cv_header_jpeglib_h=yes
ac_cv_header_memory_h=yes
ac_cv_header_stdc=yes
ac_cv_header_stdint_h=yes
ac_cv_header_stdlib_h=yes
ac_cv_header_string_h=yes
ac_cv_header_strings_h=yes
ac_cv_header_sys_stat_h=yes
ac_cv_header_sys_types_h=yes
ac_cv_header_tiffio_h=yes
ac_cv_header_unistd_h=yes
ac_cv_host=x86_64-apple-darwin11.4.0
ac_cv_lib_jpeg_jpeg_CreateDecompress=yes
ac_cv_lib_tiff_TIFFClientOpen=yes
ac_cv_objc_compiler_gnu=yes
ac_cv_objext=o
ac_cv_path_EGREP='/usr/bin/grep -E'
ac_cv_path_FGREP='/usr/bin/grep -F'
ac_cv_path_GREP=/usr/bin/grep
ac_cv_path_SED=/usr/bin/sed
ac_cv_path_ac_pt_PKG_CONFIG=/opt/local/bin/pkg-config
ac_cv_path_install='/opt/local/bin/ginstall -c'
ac_cv_path_mkdir=/opt/local/bin/gmkdir
ac_cv_prog_AWK=gawk
ac_cv_prog_CPP='gcc -E'
ac_cv_prog_ac_ct_AR=ar
ac_cv_prog_ac_ct_CC=gcc
ac_cv_prog_ac_ct_DSYMUTIL=dsymutil
ac_cv_prog_ac_ct_LIPO=lipo
ac_cv_prog_ac_ct_NMEDIT=nmedit
ac_cv_prog_ac_ct_OBJC=gcc
ac_cv_prog_ac_ct_OTOOL=otool
ac_cv_prog_ac_ct_RANLIB=ranlib
ac_cv_prog_ac_ct_STRIP=strip
ac_cv_prog_cc_c89=
ac_cv_prog_cc_g=yes
ac_cv_prog_make_make_set=yes
ac_cv_prog_objc_g=yes
am_cv_CC_dependencies_compiler_type=gcc3
am_cv_OBJC_dependencies_compiler_type=gcc3
lt_cv_apple_cc_single_mod=yes
lt_cv_deplibs_check_method=pass_all
lt_cv_file_magic_cmd='$MAGIC_CMD'
lt_cv_file_magic_test_file=
lt_cv_ld_exported_symbols_list=yes
lt_cv_ld_reload_flag=-r
lt_cv_nm_interface='BSD nm'
lt_cv_objdir=.libs
lt_cv_path_LD=/usr/llvm-gcc-4.2/libexec/gcc/i686-apple-darwin11/4.2.1/ld
lt_cv_path_NM=/usr/bin/nm
lt_cv_prog_compiler_c_o=yes
lt_cv_prog_compiler_pic_works=yes
lt_cv_prog_compiler_rtti_exceptions=no
lt_cv_prog_compiler_static_works=no
lt_cv_prog_gnu_ld=no
lt_cv_sys_global_symbol_pipe='sed -n -e '\''s/^.*[	 ]\([BCDEGRST][BCDEGRST]*\)[	 ][	 ]*_\([_A-Za-z][_A-Za-z0-9]*\)$/\1 _\2 \2/p'\'''
lt_cv_sys_global_symbol_to_c_name_address='sed -n -e '\''s/^: \([^ ]*\) $/  {\"\1\", (void *) 0},/p'\'' -e '\''s/^[BCDEGRST]* \([^ ]*\) \([^ ]*\)$/  {"\2", (void *) \&\2},/p'\'''
lt_cv_sys_global_symbol_to_c_name_address_lib_prefix='sed -n -e '\''s/^: \([^ ]*\) $/  {\"\1\", (void *) 0},/p'\'' -e '\''s/^[BCDEGRST]* \([^ ]*\) \(lib[^ ]*\)$/  {"\2", (void *) \&\2},/p'\'' -e '\''s/^[BCDEGRST]* \([^ ]*\) \([^ ]*\)$/  {"lib\2", (void *) \&\2},/p'\'''
lt_cv_sys_global_symbol_to_cdecl='sed -n -e '\''s/^T .* \(.*\)$/extern int \1();/p'\'' -e '\''s/^[BCDEGRST]* .* \(.*\)$/extern char \1;/p'\'''
lt_cv_sys_max_cmd_len=196608
pkg_cv_LIBPNG_CFLAGS='-I/opt/local/include/libpng14  '
pkg_cv_LIBPNG_LIBS='-L/opt/local/lib -lpng14  '
pkg_cv_LIBWEBP_CFLAGS='-I/opt/local/include  '
pkg_cv_LIBWEBP_LIBS='-L/opt/local/lib -lwebp  '
pkg_cv_SDL_CFLAGS='-D_GNU_SOURCE=1 -D_THREAD_SAFE -I/opt/local/include/SDL  '
pkg_cv_SDL_LIBS='-Wl,-framework,Cocoa -L/opt/local/lib -lSDLmain -lSDL  '

## ----------------- ##
## Output variables. ##
## ----------------- ##

ACLOCAL='${SHELL} /Users/bryansmith/XBMC-PVR-mac/tools/darwin/depends/libsdl_image/missing --run aclocal-1.10'
AMDEPBACKSLASH='\'
AMDEP_FALSE='#'
AMDEP_TRUE=''
AMTAR='${SHELL} /Users/bryansmith/XBMC-PVR-mac/tools/darwin/depends/libsdl_image/missing --run tar'
AR='ar'
AS='as'
AUTOCONF='${SHELL} /Users/bryansmith/XBMC-PVR-mac/tools/darwin/depends/libsdl_image/missing --run autoconf'
AUTOHEADER='${SHELL} /Users/bryansmith/XBMC-PVR-mac/tools/darwin/depends/libsdl_image/missing --run autoheader'
AUTOMAKE='${SHELL} /Users/bryansmith/XBMC-PVR-mac/tools/darwin/depends/libsdl_image/missing --run automake-1.10'
AWK='gawk'
BINARY_AGE='12'
CC='gcc'
CCDEPMODE='depmode=gcc3'
CFLAGS='-I/opt/local/include   -I/opt/local/include/libpng14   -g -O2 -D_GNU_SOURCE=1 -D_THREAD_SAFE -I/opt/local/include/SDL  '
CPP='gcc -E'
CPPFLAGS=''
CYGPATH_W='echo'
DEFS='-DPACKAGE_NAME=\"\" -DPACKAGE_TARNAME=\"\" -DPACKAGE_VERSION=\"\" -DPACKAGE_STRING=\"\" -DPACKAGE_BUGREPORT=\"\" -DSTDC_HEADERS=1 -DHAVE_SYS_TYPES_H=1 -DHAVE_SYS_STAT_H=1 -DHAVE_STDLIB_H=1 -DHAVE_STRING_H=1 -DHAVE_MEMORY_H=1 -DHAVE_STRINGS_H=1 -DHAVE_INTTYPES_H=1 -DHAVE_STDINT_H=1 -DHAVE_UNISTD_H=1 -DHAVE_DLFCN_H=1 -DLT_OBJDIR=\".libs/\" -DPACKAGE=\"SDL_image\" -DVERSION=\"1.2.12\" -DLOAD_JPG=1 -DLOAD_PNG=1 -DLOAD_TIF=1 -DLOAD_WEBP=1 -DLOAD_BMP=1 -DLOAD_GIF=1 -DLOAD_LBM=1 -DLOAD_PCX=1 -DLOAD_PNM=1 -DLOAD_TGA=1 -DLOAD_XCF=1 -DLOAD_XPM=1 -DLOAD_XV=1 -DLOAD_WEBP_DYNAMIC=\"libwebp.dylib\" -DLOAD_TIF_DYNAMIC=\"libtiff.dylib\" -DLOAD_JPG_DYNAMIC=\"libjpeg.dylib\" -DLOAD_PNG_DYNAMIC=\"libpng.dylib\"'
DEPDIR='.deps'
DLLTOOL='dlltool'
DSYMUTIL='dsymutil'
DUMPBIN=''
ECHO_C='ECHO_N=''
ECHO_T=''
EGREP='/usr/bin/grep -E'
EXEEXT=''
FGREP='/usr/bin/grep -F'
GREP='/usr/bin/grep'
IMG_LIBS='-Wl,-framework,ApplicationServices '
INSTALL_DATA='${INSTALL} -m 644'
INSTALL_PROGRAM='${INSTALL}'
INSTALL_SCRIPT='${INSTALL}'
INSTALL_STRIP_PROGRAM='$(install_sh) -c -s'
INTERFACE_AGE='4'
LD='/usr/llvm-gcc-4.2/libexec/gcc/i686-apple-darwin11/4.2.1/ld'
LDFLAGS=''
LIBOBJS=''
LIBPNG_CFLAGS='-I/opt/local/include/libpng14  '
LIBPNG_LIBS='-L/opt/local/lib -lpng14  '
LIBS=' -Wl,-framework,Cocoa -L/opt/local/lib -lSDLmain -lSDL  '
LIBTOOL='$(SHELL) $(top_builddir)/libtool'
LIBWEBP_CFLAGS='-I/opt/local/include  '
LIBWEBP_LIBS='-L/opt/local/lib -lwebp  '
LIPO='lipo'
LN_S='ln -s'
LTLIBOBJS=''
LT_AGE='8'
LT_CURRENT='8'
LT_RELEASE='1.2'
LT_REVISION='4'
MAJOR_VERSION='1'
MAKEINFO='${SHELL} /Users/bryansmith/XBMC-PVR-mac/tools/darwin/depends/libsdl_image/missing --run makeinfo'
MICRO_VERSION='12'
MINOR_VERSION='2'
NM='/usr/bin/nm'
NMEDIT='nmedit'
OBJC='gcc'
OBJCDEPMODE='depmode=gcc3'
OBJCFLAGS='-I/opt/local/include   -I/opt/local/include/libpng14   -g -O2 -D_GNU_SOURCE=1 -D_THREAD_SAFE -I/opt/local/include/SDL  '
OBJDUMP='false'
OBJEXT='o'
OTOOL64=':'
OTOOL='otool'
PACKAGE='SDL_image'
PACKAGE_BUGREPORT=''
PACKAGE_NAME=''
PACKAGE_STRING=''
PACKAGE_TARNAME=''
PACKAGE_VERSION=''
PATH_SEPARATOR=':'
PKG_CONFIG='/opt/local/bin/pkg-config'
RANLIB='ranlib'
SDL_CFLAGS='-D_GNU_SOURCE=1 -D_THREAD_SAFE -I/opt/local/include/SDL  '
SDL_CONFIG='pkg-config sdl'
SDL_LIBS='-Wl,-framework,Cocoa -L/opt/local/lib -lSDLmain -lSDL  '
SDL_VERSION='1.2.10'
SED='/usr/bin/sed'
SET_MAKE=''
SHELL='/bin/sh'
STRIP='strip'
USE_IMAGEIO_FALSE='#'
USE_IMAGEIO_TRUE=''
USE_VERSION_RC_FALSE=''
USE_VERSION_RC_TRUE='#'
VERSION='1.2.12'
WINDRES=''
ac_ct_CC='gcc'
ac_ct_DUMPBIN=''
ac_ct_OBJC='gcc'
am__fastdepCC_FALSE='#'
am__fastdepCC_TRUE=''
am__fastdepOBJC_FALSE='#'
am__fastdepOBJC_TRUE=''
am__include='include'
am__isrc=''
am__leading_dot='.'
am__quote=''
am__tar='${AMTAR} chof - "$$tardir"'
am__untar='${AMTAR} xf -'
bindir='${exec_prefix}/bin'
build='x86_64-apple-darwin11.4.0'
build_alias=''
build_cpu='x86_64'
build_os='darwin11.4.0'
build_vendor='apple'
datadir='${datarootdir}'
datarootdir='${prefix}/share'
docdir='${datarootdir}/doc/${PACKAGE}'
dvidir='${docdir}'
exec_prefix='${prefix}'
host='x86_64-apple-darwin11.4.0'
host_alias=''
host_cpu='x86_64'
host_os='darwin11.4.0'
host_vendor='apple'
htmldir='${docdir}'
includedir='${prefix}/include'
infodir='${datarootdir}/info'
install_sh='$(SHELL) /Users/bryansmith/XBMC-PVR-mac/tools/darwin/depends/libsdl_image/install-sh'
libdir='${exec_prefix}/lib'
libexecdir='${exec_prefix}/libexec'
localedir='${datarootdir}/locale'
localstatedir='${prefix}/var'
lt_ECHO='/bin/echo'
mandir='${datarootdir}/man'
mkdir_p='/opt/local/bin/gmkdir -p'
oldincludedir='/usr/include'
pdfdir='${docdir}'
prefix='/usr/local'
program_transform_name='s,x,x,'
psdir='${docdir}'
sbindir='${exec_prefix}/sbin'
sharedstatedir='${prefix}/com'
sysconfdir='${prefix}/etc'
target_alias=''

## ----------- ##
## confdefs.h. ##
## ----------- ##

#define PACKAGE_NAME ""
#define PACKAGE_TARNAME ""
#define PACKAGE_VERSION ""
#define PACKAGE_STRING ""
#define PACKAGE_BUGREPORT ""
#define STDC_HEADERS 1
#define HAVE_SYS_TYPES_H 1
#define HAVE_SYS_STAT_H 1
#define HAVE_STDLIB_H 1
#define HAVE_STRING_H 1
#define HAVE_MEMORY_H 1
#define HAVE_STRINGS_H 1
#define HAVE_INTTYPES_H 1
#define HAVE_STDINT_H 1
#define HAVE_UNISTD_H 1
#define HAVE_DLFCN_H 1
#define LT_OBJDIR ".libs/"
#define PACKAGE "SDL_image"
#define VERSION "1.2.12"
#define LOAD_JPG 1
#define LOAD_PNG 1
#define LOAD_TIF 1
#define LOAD_WEBP 1
#define LOAD_BMP 1
#define LOAD_GIF 1
#define LOAD_LBM 1
#define LOAD_PCX 1
#define LOAD_PNM 1
#define LOAD_TGA 1
#define LOAD_XCF 1
#define LOAD_XPM 1
#define LOAD_XV 1
#define LOAD_WEBP_DYNAMIC "libwebp.dylib"
#define LOAD_TIF_DYNAMIC "libtiff.dylib"
#define LOAD_JPG_DYNAMIC "libjpeg.dylib"
#define LOAD_PNG_DYNAMIC "libpng.dylib"

configure: exit 0
