This file contains any messages produced by compilers while
running configure, to aid debugging if configure makes a mistake.

It was created by configure, which was
generated by GNU Autoconf 2.63.  Invocation command line was

  $ ./configure 

## --------- ##
## Platform. ##
## --------- ##

hostname = Bryans-Mac-Pro.local
uname -m = x86_64
uname -r = 11.4.0
uname -s = Darwin
uname -v = Darwin Kernel Version 11.4.0: Mon Apr  9 19:32:15 PDT 2012; root:xnu-1699.26.8~1/RELEASE_X86_64

/usr/bin/uname -p = i386
/bin/uname -X     = unknown

/bin/arch              = unknown
/usr/bin/arch -k       = unknown
/usr/convex/getsysinfo = unknown
/usr/bin/hostinfo      = Mach kernel version:
	 Darwin Kernel Version 11.4.0: Mon Apr  9 19:32:15 PDT 2012; root:xnu-1699.26.8~1/RELEASE_X86_64
Kernel configured for up to 4 processors.
4 processors are physically available.
4 processors are logically available.
Processor type: i486 (Intel 80486)
Processors active: 0 1 2 3
Primary memory available: 8.00 gigabytes
Default processor set: 124 tasks, 624 threads, 4 processors
Load average: 0.69, Mach factor: 3.30
/bin/machine           = unknown
/usr/bin/oslevel       = unknown
/bin/universe          = unknown

PATH: /opt/local/bin
PATH: /usr/bin
PATH: /bin
PATH: /usr/sbin
PATH: /sbin
PATH: /usr/local/bin
PATH: /usr/X11/bin
PATH: /usr/local/git/bin


## ----------- ##
## Core tests. ##
## ----------- ##

configure:2136: checking for a BSD-compatible install
configure:2204: result: /opt/local/bin/ginstall -c
configure:2215: checking whether build environment is sane
configure:2258: result: yes
configure:2385: checking for a thread-safe mkdir -p
configure:2424: result: /opt/local/bin/gmkdir -p
configure:2437: checking for gawk
configure:2453: found /opt/local/bin/gawk
configure:2464: result: gawk
configure:2475: checking whether make sets $(MAKE)
configure:2497: result: yes
configure:2580: checking whether to enable maintainer-specific portions of Makefiles
configure:2589: result: no
configure:2668: checking for gcc
configure:2684: found /usr/bin/gcc
configure:2695: result: gcc
configure:2927: checking for C compiler version
configure:2935: gcc --version >&5
i686-apple-darwin11-llvm-gcc-4.2 (GCC) 4.2.1 (Based on Apple Inc. build 5658) (LLVM build 2336.9.00)
Copyright (C) 2007 Free Software Foundation, Inc.
This is free software; see the source for copying conditions.  There is NO
warranty; not even for MERCHANTABILITY or FITNESS FOR A PARTICULAR PURPOSE.

configure:2939: $? = 0
configure:2946: gcc -v >&5
Using built-in specs.
Target: i686-apple-darwin11
Configured with: /private/var/tmp/llvmgcc42/llvmgcc42-2336.9~22/src/configure --disable-checking --enable-werror --prefix=/Applications/Xcode.app/Contents/Developer/usr/llvm-gcc-4.2 --mandir=/share/man --enable-languages=c,objc,c++,obj-c++ --program-prefix=llvm- --program-transform-name=/^[cg][^.-]*$/s/$/-4.2/ --with-slibdir=/usr/lib --build=i686-apple-darwin11 --enable-llvm=/private/var/tmp/llvmgcc42/llvmgcc42-2336.9~22/dst-llvmCore/Developer/usr/local --program-prefix=i686-apple-darwin11- --host=x86_64-apple-darwin11 --target=i686-apple-darwin11 --with-gxx-include-dir=/usr/include/c++/4.2.1
Thread model: posix
gcc version 4.2.1 (Based on Apple Inc. build 5658) (LLVM build 2336.9.00)
configure:2950: $? = 0
configure:2957: gcc -V >&5
llvm-gcc-4.2: argument to `-V' is missing
configure:2961: $? = 1
configure:2984: checking for C compiler default output file name
configure:3006: gcc    conftest.c  >&5
configure:3010: $? = 0
configure:3048: result: a.out
configure:3067: checking whether the C compiler works
configure:3077: ./a.out
configure:3081: $? = 0
configure:3100: result: yes
configure:3107: checking whether we are cross compiling
configure:3109: result: no
configure:3112: checking for suffix of executables
configure:3119: gcc -o conftest    conftest.c  >&5
configure:3123: $? = 0
configure:3149: result: 
configure:3155: checking for suffix of object files
configure:3181: gcc -c   conftest.c >&5
configure:3185: $? = 0
configure:3210: result: o
configure:3214: checking whether we are using the GNU C compiler
configure:3243: gcc -c   conftest.c >&5
configure:3250: $? = 0
configure:3267: result: yes
configure:3276: checking whether gcc accepts -g
configure:3306: gcc -c -g  conftest.c >&5
configure:3313: $? = 0
configure:3414: result: yes
configure:3431: checking for gcc option to accept ISO C89
configure:3505: gcc  -c -g -O2  conftest.c >&5
configure:3512: $? = 0
configure:3535: result: none needed
configure:3564: checking for style of include used by make
configure:3592: result: GNU
configure:3617: checking dependency style of gcc
configure:3727: result: gcc3
configure:3756: checking for a BSD-compatible install
configure:3824: result: /opt/local/bin/ginstall -c
configure:3835: checking whether ln -s works
configure:3839: result: yes
configure:3852: checking build system type
configure:3870: result: x86_64-apple-darwin11.4.0
configure:3892: checking host system type
configure:3907: result: x86_64-apple-darwin11.4.0
configure:4257: checking for a sed that does not truncate output
configure:4323: result: /usr/bin/sed
configure:4341: checking for grep that handles long lines and -e
configure:4401: result: /usr/bin/grep
configure:4406: checking for egrep
configure:4470: result: /usr/bin/grep -E
configure:4475: checking for fgrep
configure:4539: result: /usr/bin/grep -F
configure:4574: checking for ld used by gcc
configure:4641: result: /usr/llvm-gcc-4.2/libexec/gcc/i686-apple-darwin11/4.2.1/ld
configure:4650: checking if the linker (/usr/llvm-gcc-4.2/libexec/gcc/i686-apple-darwin11/4.2.1/ld) is GNU ld
configure:4665: result: no
configure:4677: checking for BSD- or MS-compatible name lister (nm)
configure:4726: result: /usr/bin/nm
configure:4844: checking the name lister (/usr/bin/nm) interface
configure:4851: gcc -c -g -O2  conftest.c >&5
configure:4854: /usr/bin/nm "conftest.o"
configure:4857: output
00000000000001b8 S _some_variable
configure:4864: result: BSD nm
configure:4868: checking the maximum length of command line arguments
configure:4988: result: 196608
configure:5005: checking whether the shell understands some XSI constructs
configure:5015: result: yes
configure:5019: checking whether the shell understands "+="
configure:5025: result: yes
configure:5060: checking for /usr/llvm-gcc-4.2/libexec/gcc/i686-apple-darwin11/4.2.1/ld option to reload object files
configure:5067: result: -r
configure:5136: checking for objdump
configure:5163: result: objdump
configure:5192: checking how to recognize dependent libraries
configure:5388: result: pass_all
configure:5448: checking for ar
configure:5464: found /usr/bin/ar
configure:5475: result: ar
configure:5553: checking for strip
configure:5569: found /usr/bin/strip
configure:5580: result: strip
configure:5652: checking for ranlib
configure:5668: found /usr/bin/ranlib
configure:5679: result: ranlib
configure:5769: checking command to parse /usr/bin/nm output from gcc object
configure:5887: gcc -c -g -O2  conftest.c >&5
configure:5890: $? = 0
configure:5894: /usr/bin/nm conftest.o \| sed -n -e 's/^.*[	 ]\([BCDEGRST][BCDEGRST]*\)[	 ][	 ]*\([_A-Za-z][_A-Za-z0-9]*\)$/\1 \2 \2/p' \> conftest.nm
configure:5897: $? = 0
cannot find nm_test_var in conftest.nm
configure:5887: gcc -c -g -O2  conftest.c >&5
configure:5890: $? = 0
configure:5894: /usr/bin/nm conftest.o \| sed -n -e 's/^.*[	 ]\([BCDEGRST][BCDEGRST]*\)[	 ][	 ]*_\([_A-Za-z][_A-Za-z0-9]*\)$/\1 _\2 \2/p' \> conftest.nm
configure:5897: $? = 0
configure:5951: gcc -o conftest -g -O2   conftest.c conftstm.o >&5
configure:5954: $? = 0
configure:5992: result: ok
configure:6286: checking for dsymutil
configure:6302: found /usr/bin/dsymutil
configure:6313: result: dsymutil
configure:6378: checking for nmedit
configure:6394: found /usr/bin/nmedit
configure:6405: result: nmedit
configure:6470: checking for lipo
configure:6486: found /usr/bin/lipo
configure:6497: result: lipo
configure:6562: checking for otool
configure:6578: found /usr/bin/otool
configure:6589: result: otool
configure:6654: checking for otool64
configure:6684: result: no
configure:6729: checking for -single_module linker flag
gcc -g -O2  -o libconftest.dylib -dynamiclib -Wl,-single_module conftest.c
configure:6756: result: yes
configure:6758: checking for -exported_symbols_list linker flag
configure:6788: gcc -o conftest -g -O2   -Wl,-exported_symbols_list,conftest.sym conftest.c  >&5
configure:6795: $? = 0
configure:6817: result: yes
configure:6859: checking how to run the C preprocessor
configure:6899: gcc -E  conftest.c
configure:6906: $? = 0
configure:6937: gcc -E  conftest.c
conftest.c:10:28: error: ac_nonexistent.h: No such file or directory
configure:6944: $? = 1
configure: failed program was:
| /* confdefs.h.  */
| #define PACKAGE_NAME ""
| #define PACKAGE_TARNAME ""
| #define PACKAGE_VERSION ""
| #define PACKAGE_STRING ""
| #define PACKAGE_BUGREPORT ""
| #define PACKAGE "fontconfig"
| #define VERSION "2.8.0"
| /* end confdefs.h.  */
| #include <ac_nonexistent.h>
configure:6977: result: gcc -E
configure:7006: gcc -E  conftest.c
configure:7013: $? = 0
configure:7044: gcc -E  conftest.c
conftest.c:10:28: error: ac_nonexistent.h: No such file or directory
configure:7051: $? = 1
configure: failed program was:
| /* confdefs.h.  */
| #define PACKAGE_NAME ""
| #define PACKAGE_TARNAME ""
| #define PACKAGE_VERSION ""
| #define PACKAGE_STRING ""
| #define PACKAGE_BUGREPORT ""
| #define PACKAGE "fontconfig"
| #define VERSION "2.8.0"
| /* end confdefs.h.  */
| #include <ac_nonexistent.h>
configure:7091: checking for ANSI C header files
configure:7121: gcc -c -g -O2  conftest.c >&5
configure:7128: $? = 0
configure:7227: gcc -o conftest -g -O2   conftest.c  >&5
configure:7231: $? = 0
configure:7237: ./conftest
configure:7241: $? = 0
configure:7259: result: yes
configure:7283: checking for sys/types.h
configure:7304: gcc -c -g -O2  conftest.c >&5
configure:7311: $? = 0
configure:7328: result: yes
configure:7283: checking for sys/stat.h
configure:7304: gcc -c -g -O2  conftest.c >&5
configure:7311: $? = 0
configure:7328: result: yes
configure:7283: checking for stdlib.h
configure:7304: gcc -c -g -O2  conftest.c >&5
configure:7311: $? = 0
configure:7328: result: yes
configure:7283: checking for string.h
configure:7304: gcc -c -g -O2  conftest.c >&5
configure:7311: $? = 0
configure:7328: result: yes
configure:7283: checking for memory.h
configure:7304: gcc -c -g -O2  conftest.c >&5
configure:7311: $? = 0
configure:7328: result: yes
configure:7283: checking for strings.h
configure:7304: gcc -c -g -O2  conftest.c >&5
configure:7311: $? = 0
configure:7328: result: yes
configure:7283: checking for inttypes.h
configure:7304: gcc -c -g -O2  conftest.c >&5
configure:7311: $? = 0
configure:7328: result: yes
configure:7283: checking for stdint.h
configure:7304: gcc -c -g -O2  conftest.c >&5
configure:7311: $? = 0
configure:7328: result: yes
configure:7283: checking for unistd.h
configure:7304: gcc -c -g -O2  conftest.c >&5
configure:7311: $? = 0
configure:7328: result: yes
configure:7346: checking for dlfcn.h
configure:7367: gcc -c -g -O2  conftest.c >&5
configure:7374: $? = 0
configure:7391: result: yes
configure:7575: checking for objdir
configure:7590: result: .libs
configure:7882: checking if gcc supports -fno-rtti -fno-exceptions
configure:7900: gcc -c -g -O2  -fno-rtti -fno-exceptions conftest.c >&5
cc1: warning: command line option "-fno-rtti" is valid for C++/ObjC++ but not for C
configure:7904: $? = 0
configure:7917: result: no
configure:7937: checking for gcc option to produce PIC
configure:8209: result: -fno-common -DPIC
configure:8221: checking if gcc PIC flag -fno-common -DPIC works
configure:8239: gcc -c -g -O2  -fno-common -DPIC -DPIC conftest.c >&5
configure:8243: $? = 0
configure:8256: result: yes
configure:8280: checking if gcc static flag -static works
configure:8308: result: no
configure:8323: checking if gcc supports -c -o file.o
configure:8344: gcc -c -g -O2  -o out/conftest2.o conftest.c >&5
configure:8348: $? = 0
configure:8370: result: yes
configure:8378: checking if gcc supports -c -o file.o
configure:8425: result: yes
configure:8458: checking whether the gcc linker (/usr/llvm-gcc-4.2/libexec/gcc/i686-apple-darwin11/4.2.1/ld) supports shared libraries
configure:9532: result: yes
configure:9771: checking dynamic linker characteristics
configure:10454: result: darwin11.4.0 dyld
configure:10556: checking how to hardcode library paths into programs
configure:10581: result: immediate
configure:11414: checking whether stripping libraries is possible
configure:11428: result: yes
configure:11454: checking if libtool supports shared libraries
configure:11456: result: yes
configure:11459: checking whether to build shared libraries
configure:11480: result: yes
configure:11483: checking whether to build static libraries
configure:11487: result: yes
configure:11528: checking for bash
configure:11546: found /bin/bash
configure:11558: result: /bin/bash
configure:11566: checking if dolt supports this host
configure:11581: result: no, falling back to libtool
configure:11684: checking whether make sets $(MAKE)
configure:11706: result: yes
configure:11808: checking for a C compiler for build tools
configure:11856: result: gcc
configure:11860: checking for suffix of executable build tools
configure:11892: result: 
configure:11931: checking for dirent.h that defines DIR
configure:11960: gcc -c -g -O2  conftest.c >&5
configure:11967: $? = 0
configure:11984: result: yes
configure:11999: checking for library containing opendir
configure:12040: gcc -o conftest -g -O2   conftest.c  >&5
configure:12047: $? = 0
configure:12078: result: none required
configure:12176: checking for ANSI C header files
configure:12344: result: yes
configure:12373: checking fcntl.h usability
configure:12390: gcc -c -g -O2  conftest.c >&5
configure:12397: $? = 0
configure:12411: result: yes
configure:12415: checking fcntl.h presence
configure:12430: gcc -E  conftest.c
configure:12437: $? = 0
configure:12451: result: yes
configure:12479: checking for fcntl.h
configure:12488: result: yes
configure:12362: checking for stdlib.h
configure:12369: result: yes
configure:12362: checking for string.h
configure:12369: result: yes
configure:12362: checking for unistd.h
configure:12369: result: yes
configure:12505: checking for an ANSI C-conforming const
configure:12580: gcc -c -g -O2  conftest.c >&5
configure:12587: $? = 0
configure:12602: result: yes
configure:12612: checking for inline
configure:12638: gcc -c -g -O2  conftest.c >&5
configure:12645: $? = 0
configure:12663: result: inline
configure:12682: checking for pid_t
configure:12710: gcc -c -g -O2  conftest.c >&5
configure:12717: $? = 0
configure:12744: gcc -c -g -O2  conftest.c >&5
conftest.c: In function 'main':
conftest.c:65: error: expected expression before ')' token
configure:12751: $? = 1
configure: failed program was:
| /* confdefs.h.  */
| #define PACKAGE_NAME ""
| #define PACKAGE_TARNAME ""
| #define PACKAGE_VERSION ""
| #define PACKAGE_STRING ""
| #define PACKAGE_BUGREPORT ""
| #define PACKAGE "fontconfig"
| #define VERSION "2.8.0"
| #define STDC_HEADERS 1
| #define HAVE_SYS_TYPES_H 1
| #define HAVE_SYS_STAT_H 1
| #define HAVE_STDLIB_H 1
| #define HAVE_STRING_H 1
| #define HAVE_MEMORY_H 1
| #define HAVE_STRINGS_H 1
| #define HAVE_INTTYPES_H 1
| #define HAVE_STDINT_H 1
| #define HAVE_UNISTD_H 1
| #define HAVE_DLFCN_H 1
| #define LT_OBJDIR ".libs/"
| #define HAVE_WARNING_CPP_DIRECTIVE 1
| #define HAVE_DIRENT_H 1
| #define STDC_HEADERS 1
| #define HAVE_FCNTL_H 1
| #define HAVE_STDLIB_H 1
| #define HAVE_STRING_H 1
| #define HAVE_UNISTD_H 1
| /* end confdefs.h.  */
| #include <stdio.h>
| #ifdef HAVE_SYS_TYPES_H
| # include <sys/types.h>
| #endif
| #ifdef HAVE_SYS_STAT_H
| # include <sys/stat.h>
| #endif
| #ifdef STDC_HEADERS
| # include <stdlib.h>
| # include <stddef.h>
| #else
| # ifdef HAVE_STDLIB_H
| #  include <stdlib.h>
| # endif
| #endif
| #ifdef HAVE_STRING_H
| # if !defined STDC_HEADERS && defined HAVE_MEMORY_H
| #  include <memory.h>
| # endif
| # include <string.h>
| #endif
| #ifdef HAVE_STRINGS_H
| # include <strings.h>
| #endif
| #ifdef HAVE_INTTYPES_H
| # include <inttypes.h>
| #endif
| #ifdef HAVE_STDINT_H
| # include <stdint.h>
| #endif
| #ifdef HAVE_UNISTD_H
| # include <unistd.h>
| #endif
| int
| main ()
| {
| if (sizeof ((pid_t)))
| 	  return 0;
|   ;
|   return 0;
| }
configure:12774: result: yes
configure:12792: checking for vprintf
configure:12848: gcc -o conftest -g -O2   conftest.c  >&5
conftest.c:52: warning: conflicting types for built-in function 'vprintf'
configure:12855: $? = 0
configure:12877: result: yes
configure:12886: checking for _doprnt
configure:12942: gcc -o conftest -g -O2   conftest.c  >&5
Undefined symbols for architecture x86_64:
  "__doprnt", referenced from:
      _main in cc0uL8rD.o
ld: symbol(s) not found for architecture x86_64
collect2: ld returned 1 exit status
configure:12949: $? = 1
configure: failed program was:
| /* confdefs.h.  */
| #define PACKAGE_NAME ""
| #define PACKAGE_TARNAME ""
| #define PACKAGE_VERSION ""
| #define PACKAGE_STRING ""
| #define PACKAGE_BUGREPORT ""
| #define PACKAGE "fontconfig"
| #define VERSION "2.8.0"
| #define STDC_HEADERS 1
| #define HAVE_SYS_TYPES_H 1
| #define HAVE_SYS_STAT_H 1
| #define HAVE_STDLIB_H 1
| #define HAVE_STRING_H 1
| #define HAVE_MEMORY_H 1
| #define HAVE_STRINGS_H 1
| #define HAVE_INTTYPES_H 1
| #define HAVE_STDINT_H 1
| #define HAVE_UNISTD_H 1
| #define HAVE_DLFCN_H 1
| #define LT_OBJDIR ".libs/"
| #define HAVE_WARNING_CPP_DIRECTIVE 1
| #define HAVE_DIRENT_H 1
| #define STDC_HEADERS 1
| #define HAVE_FCNTL_H 1
| #define HAVE_STDLIB_H 1
| #define HAVE_STRING_H 1
| #define HAVE_UNISTD_H 1
| #define HAVE_VPRINTF 1
| /* end confdefs.h.  */
| /* Define _doprnt to an innocuous variant, in case <limits.h> declares _doprnt.
|    For example, HP-UX 11i <limits.h> declares gettimeofday.  */
| #define _doprnt innocuous__doprnt
| 
| /* System header to define __stub macros and hopefully few prototypes,
|     which can conflict with char _doprnt (); below.
|     Prefer <limits.h> to <assert.h> if __STDC__ is defined, since
|     <limits.h> exists even on freestanding compilers.  */
| 
| #ifdef __STDC__
| # include <limits.h>
| #else
| # include <assert.h>
| #endif
| 
| #undef _doprnt
| 
| /* Override any GCC internal prototype to avoid an error.
|    Use char because int might match the return type of a GCC
|    builtin and then its argument prototype would still apply.  */
| #ifdef __cplusplus
| extern "C"
| #endif
| char _doprnt ();
| /* The GNU C library defines this for functions which it implements
|     to always fail with ENOSYS.  Some functions are actually named
|     something starting with __ and the normal name is an alias.  */
| #if defined __stub__doprnt || defined __stub____doprnt
| choke me
| #endif
| 
| int
| main ()
| {
| return _doprnt ();
|   ;
|   return 0;
| }
configure:12969: result: no
configure:12989: checking for stdlib.h
configure:12996: result: yes
configure:12989: checking for unistd.h
configure:12996: result: yes
configure:13134: checking for getpagesize
configure:13190: gcc -o conftest -g -O2   conftest.c  >&5
configure:13197: $? = 0
configure:13219: result: yes
configure:13231: checking for working mmap
configure:13378: gcc -o conftest -g -O2   conftest.c  >&5
configure:13382: $? = 0
configure:13388: ./conftest
configure:13392: $? = 0
configure:13409: result: yes
configure:13440: checking for geteuid
configure:13496: gcc -o conftest -g -O2   conftest.c  >&5
configure:13503: $? = 0
configure:13525: result: yes
configure:13440: checking for getuid
configure:13496: gcc -o conftest -g -O2   conftest.c  >&5
configure:13503: $? = 0
configure:13525: result: yes
configure:13440: checking for link
configure:13496: gcc -o conftest -g -O2   conftest.c  >&5
configure:13503: $? = 0
configure:13525: result: yes
configure:13440: checking for memmove
configure:13496: gcc -o conftest -g -O2   conftest.c  >&5
conftest.c:60: warning: conflicting types for built-in function 'memmove'
configure:13503: $? = 0
configure:13525: result: yes
configure:13440: checking for memset
configure:13496: gcc -o conftest -g -O2   conftest.c  >&5
conftest.c:61: warning: conflicting types for built-in function 'memset'
configure:13503: $? = 0
configure:13525: result: yes
configure:13440: checking for mkstemp
configure:13496: gcc -o conftest -g -O2   conftest.c  >&5
configure:13503: $? = 0
configure:13525: result: yes
configure:13440: checking for strchr
configure:13496: gcc -o conftest -g -O2   conftest.c  >&5
conftest.c:63: warning: conflicting types for built-in function 'strchr'
configure:13503: $? = 0
configure:13525: result: yes
configure:13440: checking for strrchr
configure:13496: gcc -o conftest -g -O2   conftest.c  >&5
conftest.c:64: warning: conflicting types for built-in function 'strrchr'
configure:13503: $? = 0
configure:13525: result: yes
configure:13440: checking for strtol
configure:13496: gcc -o conftest -g -O2   conftest.c  >&5
configure:13503: $? = 0
configure:13525: result: yes
configure:13440: checking for getopt
configure:13496: gcc -o conftest -g -O2   conftest.c  >&5
configure:13503: $? = 0
configure:13525: result: yes
configure:13440: checking for getopt_long
configure:13496: gcc -o conftest -g -O2   conftest.c  >&5
configure:13503: $? = 0
configure:13525: result: yes
configure:13440: checking for sysconf
configure:13496: gcc -o conftest -g -O2   conftest.c  >&5
configure:13503: $? = 0
configure:13525: result: yes
configure:13440: checking for ftruncate
configure:13496: gcc -o conftest -g -O2   conftest.c  >&5
configure:13503: $? = 0
configure:13525: result: yes
configure:13440: checking for chsize
configure:13496: gcc -o conftest -g -O2   conftest.c  >&5
Undefined symbols for architecture x86_64:
  "_chsize", referenced from:
      _main in cc7r0Xp8.o
ld: symbol(s) not found for architecture x86_64
collect2: ld returned 1 exit status
configure:13503: $? = 1
configure: failed program was:
| /* confdefs.h.  */
| #define PACKAGE_NAME ""
| #define PACKAGE_TARNAME ""
| #define PACKAGE_VERSION ""
| #define PACKAGE_STRING ""
| #define PACKAGE_BUGREPORT ""
| #define PACKAGE "fontconfig"
| #define VERSION "2.8.0"
| #define STDC_HEADERS 1
| #define HAVE_SYS_TYPES_H 1
| #define HAVE_SYS_STAT_H 1
| #define HAVE_STDLIB_H 1
| #define HAVE_STRING_H 1
| #define HAVE_MEMORY_H 1
| #define HAVE_STRINGS_H 1
| #define HAVE_INTTYPES_H 1
| #define HAVE_STDINT_H 1
| #define HAVE_UNISTD_H 1
| #define HAVE_DLFCN_H 1
| #define LT_OBJDIR ".libs/"
| #define HAVE_WARNING_CPP_DIRECTIVE 1
| #define HAVE_DIRENT_H 1
| #define STDC_HEADERS 1
| #define HAVE_FCNTL_H 1
| #define HAVE_STDLIB_H 1
| #define HAVE_STRING_H 1
| #define HAVE_UNISTD_H 1
| #define HAVE_VPRINTF 1
| #define HAVE_STDLIB_H 1
| #define HAVE_UNISTD_H 1
| #define HAVE_GETPAGESIZE 1
| #define HAVE_MMAP 1
| #define HAVE_GETEUID 1
| #define HAVE_GETUID 1
| #define HAVE_LINK 1
| #define HAVE_MEMMOVE 1
| #define HAVE_MEMSET 1
| #define HAVE_MKSTEMP 1
| #define HAVE_STRCHR 1
| #define HAVE_STRRCHR 1
| #define HAVE_STRTOL 1
| #define HAVE_GETOPT 1
| #define HAVE_GETOPT_LONG 1
| #define HAVE_SYSCONF 1
| #define HAVE_FTRUNCATE 1
| /* end confdefs.h.  */
| /* Define chsize to an innocuous variant, in case <limits.h> declares chsize.
|    For example, HP-UX 11i <limits.h> declares gettimeofday.  */
| #define chsize innocuous_chsize
| 
| /* System header to define __stub macros and hopefully few prototypes,
|     which can conflict with char chsize (); below.
|     Prefer <limits.h> to <assert.h> if __STDC__ is defined, since
|     <limits.h> exists even on freestanding compilers.  */
| 
| #ifdef __STDC__
| # include <limits.h>
| #else
| # include <assert.h>
| #endif
| 
| #undef chsize
| 
| /* Override any GCC internal prototype to avoid an error.
|    Use char because int might match the return type of a GCC
|    builtin and then its argument prototype would still apply.  */
| #ifdef __cplusplus
| extern "C"
| #endif
| char chsize ();
| /* The GNU C library defines this for functions which it implements
|     to always fail with ENOSYS.  Some functions are actually named
|     something starting with __ and the normal name is an alias.  */
| #if defined __stub_chsize || defined __stub___chsize
| choke me
| #endif
| 
| int
| main ()
| {
| return chsize ();
|   ;
|   return 0;
| }
configure:13525: result: no
configure:13440: checking for rand
configure:13496: gcc -o conftest -g -O2   conftest.c  >&5
configure:13503: $? = 0
configure:13525: result: yes
configure:13440: checking for random
configure:13496: gcc -o conftest -g -O2   conftest.c  >&5
configure:13503: $? = 0
configure:13525: result: yes
configure:13440: checking for lrand48
configure:13496: gcc -o conftest -g -O2   conftest.c  >&5
configure:13503: $? = 0
configure:13525: result: yes
configure:13541: checking for a usable iconv
configure:13565: gcc -o conftest -g -O2   conftest.c  >&5
Undefined symbols for architecture x86_64:
  "_iconv_open", referenced from:
      _main in ccozIYyj.o
ld: symbol(s) not found for architecture x86_64
collect2: ld returned 1 exit status
configure:13572: $? = 1
configure: failed program was:
| /* confdefs.h.  */
| #define PACKAGE_NAME ""
| #define PACKAGE_TARNAME ""
| #define PACKAGE_VERSION ""
| #define PACKAGE_STRING ""
| #define PACKAGE_BUGREPORT ""
| #define PACKAGE "fontconfig"
| #define VERSION "2.8.0"
| #define STDC_HEADERS 1
| #define HAVE_SYS_TYPES_H 1
| #define HAVE_SYS_STAT_H 1
| #define HAVE_STDLIB_H 1
| #define HAVE_STRING_H 1
| #define HAVE_MEMORY_H 1
| #define HAVE_STRINGS_H 1
| #define HAVE_INTTYPES_H 1
| #define HAVE_STDINT_H 1
| #define HAVE_UNISTD_H 1
| #define HAVE_DLFCN_H 1
| #define LT_OBJDIR ".libs/"
| #define HAVE_WARNING_CPP_DIRECTIVE 1
| #define HAVE_DIRENT_H 1
| #define STDC_HEADERS 1
| #define HAVE_FCNTL_H 1
| #define HAVE_STDLIB_H 1
| #define HAVE_STRING_H 1
| #define HAVE_UNISTD_H 1
| #define HAVE_VPRINTF 1
| #define HAVE_STDLIB_H 1
| #define HAVE_UNISTD_H 1
| #define HAVE_GETPAGESIZE 1
| #define HAVE_MMAP 1
| #define HAVE_GETEUID 1
| #define HAVE_GETUID 1
| #define HAVE_LINK 1
| #define HAVE_MEMMOVE 1
| #define HAVE_MEMSET 1
| #define HAVE_MKSTEMP 1
| #define HAVE_STRCHR 1
| #define HAVE_STRRCHR 1
| #define HAVE_STRTOL 1
| #define HAVE_GETOPT 1
| #define HAVE_GETOPT_LONG 1
| #define HAVE_SYSCONF 1
| #define HAVE_FTRUNCATE 1
| #define HAVE_RAND 1
| #define HAVE_RANDOM 1
| #define HAVE_LRAND48 1
| /* end confdefs.h.  */
| #include <iconv.h>
| int
| main ()
| {
| iconv_open ("from", "to");
|   ;
|   return 0;
| }
configure:13620: gcc -o conftest -g -O2   conftest.c  -liconv >&5
configure:13627: $? = 0
configure:13649: result: libiconv
configure:13681: checking for freetype-config
configure:13699: found /opt/local/bin/freetype-config
configure:13712: result: /opt/local/bin/freetype-config
configure:13748: checking for FT_Get_Next_Char
configure:13804: gcc -o conftest -g -O2 -I/opt/local/include/freetype2 -I/opt/local/include   conftest.c  -L/opt/local/lib -lfreetype -lz -lbz2 >&5
configure:13811: $? = 0
configure:13833: result: yes
configure:13748: checking for FT_Get_BDF_Property
configure:13804: gcc -o conftest -g -O2 -I/opt/local/include/freetype2 -I/opt/local/include   conftest.c  -L/opt/local/lib -lfreetype -lz -lbz2 >&5
configure:13811: $? = 0
configure:13833: result: yes
configure:13748: checking for FT_Get_PS_Font_Info
configure:13804: gcc -o conftest -g -O2 -I/opt/local/include/freetype2 -I/opt/local/include   conftest.c  -L/opt/local/lib -lfreetype -lz -lbz2 >&5
configure:13811: $? = 0
configure:13833: result: yes
configure:13748: checking for FT_Has_PS_Glyph_Names
configure:13804: gcc -o conftest -g -O2 -I/opt/local/include/freetype2 -I/opt/local/include   conftest.c  -L/opt/local/lib -lfreetype -lz -lbz2 >&5
configure:13811: $? = 0
configure:13833: result: yes
configure:13748: checking for FT_Get_X11_Font_Format
configure:13804: gcc -o conftest -g -O2 -I/opt/local/include/freetype2 -I/opt/local/include   conftest.c  -L/opt/local/lib -lfreetype -lz -lbz2 >&5
configure:13811: $? = 0
configure:13833: result: yes
configure:13748: checking for FT_Select_Size
configure:13804: gcc -o conftest -g -O2 -I/opt/local/include/freetype2 -I/opt/local/include   conftest.c  -L/opt/local/lib -lfreetype -lz -lbz2 >&5
configure:13811: $? = 0
configure:13833: result: yes
configure:13845: checking for FT_Bitmap_Size.y_ppem
configure:13875: gcc -c -g -O2 -I/opt/local/include/freetype2 -I/opt/local/include  conftest.c >&5
configure:13882: $? = 0
configure:13942: result: yes
configure:14042: checking expat.h usability
configure:14059: gcc -c -g -O2   conftest.c >&5
configure:14066: $? = 0
configure:14080: result: yes
configure:14084: checking expat.h presence
configure:14099: gcc -E   conftest.c
configure:14106: $? = 0
configure:14120: result: yes
configure:14148: checking for expat.h
configure:14155: result: yes
configure:14321: checking for XML_SetDoctypeDeclHandler
configure:14377: gcc -o conftest -g -O2    conftest.c  -lexpat >&5
configure:14384: $? = 0
configure:14406: result: yes
configure:14512: checking for pkg-config
configure:14530: found /opt/local/bin/pkg-config
configure:14542: result: /opt/local/bin/pkg-config
configure:14567: checking pkg-config is at least version 0.9.0
configure:14570: result: yes
configure:14877: checking for docbook2html
configure:14905: result: no
configure:15130: creating ./config.status

## ---------------------- ##
## Running config.status. ##
## ---------------------- ##

This file was extended by config.status, which was
generated by GNU Autoconf 2.63.  Invocation command line was

  CONFIG_FILES    = 
  CONFIG_HEADERS  = 
  CONFIG_LINKS    = 
  CONFIG_COMMANDS = 
  $ ./config.status 

on Bryans-Mac-Pro.local

config.status:1110: creating Makefile
config.status:1110: creating fontconfig/Makefile
config.status:1110: creating fc-lang/Makefile
config.status:1110: creating fc-glyphname/Makefile
config.status:1110: creating fc-case/Makefile
config.status:1110: creating fc-arch/Makefile
config.status:1110: creating src/Makefile
config.status:1110: creating conf.d/Makefile
config.status:1110: creating fc-cache/Makefile
config.status:1110: creating fc-cat/Makefile
config.status:1110: creating fc-list/Makefile
config.status:1110: creating fc-match/Makefile
config.status:1110: creating fc-query/Makefile
config.status:1110: creating fc-scan/Makefile
config.status:1110: creating doc/Makefile
config.status:1110: creating doc/version.sgml
config.status:1110: creating test/Makefile
config.status:1110: creating fontconfig.spec
config.status:1110: creating fontconfig.pc
config.status:1110: creating fontconfig-zip
config.status:1110: creating config.h
config.status:1384: executing depfiles commands
config.status:1384: executing libtool commands

## ---------------- ##
## Cache variables. ##
## ---------------- ##

ac_cv_build=x86_64-apple-darwin11.4.0
ac_cv_c_compiler_gnu=yes
ac_cv_c_const=yes
ac_cv_c_inline=inline
ac_cv_env_CC_set=
ac_cv_env_CC_value=
ac_cv_env_CFLAGS_set=
ac_cv_env_CFLAGS_value=
ac_cv_env_CPPFLAGS_set=
ac_cv_env_CPPFLAGS_value=
ac_cv_env_CPP_set=
ac_cv_env_CPP_value=
ac_cv_env_LDFLAGS_set=
ac_cv_env_LDFLAGS_value=
ac_cv_env_LIBS_set=
ac_cv_env_LIBS_value=
ac_cv_env_LIBXML2_CFLAGS_set=
ac_cv_env_LIBXML2_CFLAGS_value=
ac_cv_env_LIBXML2_LIBS_set=
ac_cv_env_LIBXML2_LIBS_value=
ac_cv_env_PKG_CONFIG_set=
ac_cv_env_PKG_CONFIG_value=
ac_cv_env_build_alias_set=
ac_cv_env_build_alias_value=
ac_cv_env_host_alias_set=
ac_cv_env_host_alias_value=
ac_cv_env_target_alias_set=
ac_cv_env_target_alias_value=
ac_cv_func_FT_Get_BDF_Property=yes
ac_cv_func_FT_Get_Next_Char=yes
ac_cv_func_FT_Get_PS_Font_Info=yes
ac_cv_func_FT_Get_X11_Font_Format=yes
ac_cv_func_FT_Has_PS_Glyph_Names=yes
ac_cv_func_FT_Select_Size=yes
ac_cv_func_XML_SetDoctypeDeclHandler=yes
ac_cv_func__doprnt=no
ac_cv_func_chsize=no
ac_cv_func_ftruncate=yes
ac_cv_func_geteuid=yes
ac_cv_func_getopt=yes
ac_cv_func_getopt_long=yes
ac_cv_func_getpagesize=yes
ac_cv_func_getuid=yes
ac_cv_func_link=yes
ac_cv_func_lrand48=yes
ac_cv_func_memmove=yes
ac_cv_func_memset=yes
ac_cv_func_mkstemp=yes
ac_cv_func_mmap_fixed_mapped=yes
ac_cv_func_rand=yes
ac_cv_func_random=yes
ac_cv_func_strchr=yes
ac_cv_func_strrchr=yes
ac_cv_func_strtol=yes
ac_cv_func_sysconf=yes
ac_cv_func_vprintf=yes
ac_cv_header_dirent_dirent_h=yes
ac_cv_header_dlfcn_h=yes
ac_cv_header_expat_h=yes
ac_cv_header_fcntl_h=yes
ac_cv_header_inttypes_h=yes
ac_cv_header_memory_h=yes
ac_cv_header_stdc=yes
ac_cv_header_stdint_h=yes
ac_cv_header_stdlib_h=yes
ac_cv_header_string_h=yes
ac_cv_header_strings_h=yes
ac_cv_header_sys_stat_h=yes
ac_cv_header_sys_types_h=yes
ac_cv_header_unistd_h=yes
ac_cv_host=x86_64-apple-darwin11.4.0
ac_cv_member_FT_Bitmap_Size_y_ppem=yes
ac_cv_objext=o
ac_cv_path_DOLT_BASH=/bin/bash
ac_cv_path_EGREP='/usr/bin/grep -E'
ac_cv_path_FGREP='/usr/bin/grep -F'
ac_cv_path_GREP=/usr/bin/grep
ac_cv_path_SED=/usr/bin/sed
ac_cv_path_ac_pt_PKG_CONFIG=/opt/local/bin/pkg-config
ac_cv_path_ft_config=/opt/local/bin/freetype-config
ac_cv_path_install='/opt/local/bin/ginstall -c'
ac_cv_path_mkdir=/opt/local/bin/gmkdir
ac_cv_prog_AWK=gawk
ac_cv_prog_CPP='gcc -E'
ac_cv_prog_HASDOCBOOK=no
ac_cv_prog_ac_ct_AR=ar
ac_cv_prog_ac_ct_CC=gcc
ac_cv_prog_ac_ct_DSYMUTIL=dsymutil
ac_cv_prog_ac_ct_LIPO=lipo
ac_cv_prog_ac_ct_NMEDIT=nmedit
ac_cv_prog_ac_ct_OBJDUMP=objdump
ac_cv_prog_ac_ct_OTOOL=otool
ac_cv_prog_ac_ct_RANLIB=ranlib
ac_cv_prog_ac_ct_STRIP=strip
ac_cv_prog_cc_c89=
ac_cv_prog_cc_g=yes
ac_cv_prog_make_make_set=yes
ac_cv_search_opendir='none required'
ac_cv_type_pid_t=yes
am_cv_CC_dependencies_compiler_type=gcc3
lt_cv_apple_cc_single_mod=yes
lt_cv_deplibs_check_method=pass_all
lt_cv_file_magic_cmd='$MAGIC_CMD'
lt_cv_file_magic_test_file=
lt_cv_ld_exported_symbols_list=yes
lt_cv_ld_reload_flag=-r
lt_cv_nm_interface='BSD nm'
lt_cv_objdir=.libs
lt_cv_path_LD=/usr/llvm-gcc-4.2/libexec/gcc/i686-apple-darwin11/4.2.1/ld
lt_cv_path_NM=/usr/bin/nm
lt_cv_prog_compiler_c_o=yes
lt_cv_prog_compiler_pic_works=yes
lt_cv_prog_compiler_rtti_exceptions=no
lt_cv_prog_compiler_static_works=no
lt_cv_prog_gnu_ld=no
lt_cv_sys_global_symbol_pipe='sed -n -e '\''s/^.*[	 ]\([BCDEGRST][BCDEGRST]*\)[	 ][	 ]*_\([_A-Za-z][_A-Za-z0-9]*\)$/\1 _\2 \2/p'\'''
lt_cv_sys_global_symbol_to_c_name_address='sed -n -e '\''s/^: \([^ ]*\) $/  {\"\1\", (void *) 0},/p'\'' -e '\''s/^[BCDEGRST]* \([^ ]*\) \([^ ]*\)$/  {"\2", (void *) \&\2},/p'\'''
lt_cv_sys_global_symbol_to_c_name_address_lib_prefix='sed -n -e '\''s/^: \([^ ]*\) $/  {\"\1\", (void *) 0},/p'\'' -e '\''s/^[BCDEGRST]* \([^ ]*\) \(lib[^ ]*\)$/  {"\2", (void *) \&\2},/p'\'' -e '\''s/^[BCDEGRST]* \([^ ]*\) \([^ ]*\)$/  {"lib\2", (void *) \&\2},/p'\'''
lt_cv_sys_global_symbol_to_cdecl='sed -n -e '\''s/^T .* \(.*\)$/extern int \1();/p'\'' -e '\''s/^[BCDEGRST]* .* \(.*\)$/extern char \1;/p'\'''
lt_cv_sys_max_cmd_len=196608

## ----------------- ##
## Output variables. ##
## ----------------- ##

ACLOCAL='${SHELL} /Users/bryansmith/xbmc/tools/darwin/depends/fontconfig/missing --run aclocal-1.10'
AMDEPBACKSLASH='\'
AMDEP_FALSE='#'
AMDEP_TRUE=''
AMTAR='${SHELL} /Users/bryansmith/xbmc/tools/darwin/depends/fontconfig/missing --run tar'
AR='ar'
ARCHITECTURE='auto'
AS='as'
AUTOCONF='${SHELL} /Users/bryansmith/xbmc/tools/darwin/depends/fontconfig/missing --run autoconf'
AUTOHEADER='${SHELL} /Users/bryansmith/xbmc/tools/darwin/depends/fontconfig/missing --run autoheader'
AUTOMAKE='${SHELL} /Users/bryansmith/xbmc/tools/darwin/depends/fontconfig/missing --run automake-1.10'
AWK='gawk'
CC='gcc'
CCDEPMODE='depmode=gcc3'
CC_FOR_BUILD='gcc'
CFLAGS='-g -O2'
CONFDIR='${sysconfdir}/fonts'
CPP='gcc -E'
CPPFLAGS=''
CROSS_COMPILING_FALSE=''
CROSS_COMPILING_TRUE='#'
CYGPATH_W='echo'
DEFS='-DHAVE_CONFIG_H'
DEPDIR='.deps'
DLLTOOL='dlltool'
DOCMAN3='FcAtomicCreate.3 FcAtomicLock.3 FcAtomicNewFile.3 FcAtomicOrigFile.3 FcAtomicReplaceOrig.3 FcAtomicDeleteNew.3 FcAtomicUnlock.3 FcAtomicDestroy.3 FcBlanksCreate.3 FcBlanksDestroy.3 FcBlanksAdd.3 FcBlanksIsMember.3 FcCacheDir.3 FcCacheCopySet.3 FcCacheSubdir.3 FcCacheNumSubdir.3 FcCacheNumFont.3 FcCharSetCreate.3 FcCharSetDestroy.3 FcCharSetAddChar.3 FcCharSetCopy.3 FcCharSetEqual.3 FcCharSetIntersect.3 FcCharSetUnion.3 FcCharSetSubtract.3 FcCharSetMerge.3 FcCharSetHasChar.3 FcCharSetCount.3 FcCharSetIntersectCount.3 FcCharSetSubtractCount.3 FcCharSetIsSubset.3 FcCharSetFirstPage.3 FcCharSetNextPage.3 FcCharSetCoverage.3 FcCharSetNew.3 FcConfigCreate.3 FcConfigReference.3 FcConfigDestroy.3 FcConfigSetCurrent.3 FcConfigGetCurrent.3 FcConfigUptoDate.3 FcConfigHome.3 FcConfigEnableHome.3 FcConfigBuildFonts.3 FcConfigGetConfigDirs.3 FcConfigGetFontDirs.3 FcConfigGetConfigFiles.3 FcConfigGetCache.3 FcConfigGetCacheDirs.3 FcConfigGetFonts.3 FcConfigGetBlanks.3 FcConfigGetRescanInterval.3 FcConfigSetRescanInterval.3 FcConfigAppFontAddFile.3 FcConfigAppFontAddDir.3 FcConfigAppFontClear.3 FcConfigSubstituteWithPat.3 FcConfigSubstitute.3 FcFontMatch.3 FcFontSort.3 FcFontRenderPrepare.3 FcFontList.3 FcConfigFilename.3 FcConfigParseAndLoad.3 FcNameRegisterConstants.3 FcNameUnregisterConstants.3 FcNameGetConstant.3 FcNameConstant.3 FcDirCacheUnlink.3 FcDirCacheValid.3 FcDirCacheLoad.3 FcDirCacheRead.3 FcDirCacheLoadFile.3 FcDirCacheUnload.3 FcFileScan.3 FcFileIsDir.3 FcDirScan.3 FcDirSave.3 FcFontSetCreate.3 FcFontSetDestroy.3 FcFontSetAdd.3 FcFontSetList.3 FcFontSetMatch.3 FcFontSetPrint.3 FcFontSetSort.3 FcFontSetSortDestroy.3 FcPatternFormat.3 FcFreeTypeCharIndex.3 FcFreeTypeCharSet.3 FcFreeTypeCharSetAndSpacing.3 FcFreeTypeQuery.3 FcFreeTypeQueryFace.3 FcInitLoadConfig.3 FcInitLoadConfigAndFonts.3 FcInit.3 FcFini.3 FcGetVersion.3 FcInitReinitialize.3 FcInitBringUptoDate.3 FcLangSetCreate.3 FcLangSetDestroy.3 FcLangSetCopy.3 FcLangSetAdd.3 FcLangSetCompare.3 FcLangSetContains.3 FcLangSetEqual.3 FcLangSetHash.3 FcLangSetHasLang.3 FcLangSetGetLangs.3 FcGetLangs.3 FcLangGetCharSet.3 FcMatrixInit.3 FcMatrixCopy.3 FcMatrixEqual.3 FcMatrixMultiply.3 FcMatrixRotate.3 FcMatrixScale.3 FcMatrixShear.3 FcObjectSetCreate.3 FcObjectSetAdd.3 FcObjectSetDestroy.3 FcObjectSetBuild.3 FcNameRegisterObjectTypes.3 FcNameUnregisterObjectTypes.3 FcNameGetObjectType.3 FcPatternCreate.3 FcPatternDuplicate.3 FcPatternReference.3 FcPatternDestroy.3 FcPatternEqual.3 FcPatternEqualSubset.3 FcPatternFilter.3 FcPatternHash.3 FcPatternAdd.3 FcPatternAddWeak.3 FcPatternAdd-Type.3 FcPatternGet.3 FcPatternGet-Type.3 FcPatternBuild.3 FcPatternDel.3 FcPatternRemove.3 FcPatternPrint.3 FcDefaultSubstitute.3 FcNameParse.3 FcNameUnparse.3 FcUtf8ToUcs4.3 FcUcs4ToUtf8.3 FcUtf8Len.3 FcUtf16ToUcs4.3 FcUtf16Len.3 FcIsLower.3 FcIsUpper.3 FcToLower.3 FcStrCopy.3 FcStrDowncase.3 FcStrCopyFilename.3 FcStrCmp.3 FcStrCmpIgnoreCase.3 FcStrStr.3 FcStrStrIgnoreCase.3 FcStrPlus.3 FcStrFree.3 FcStrDirname.3 FcStrBasename.3 FcStrSetCreate.3 FcStrSetMember.3 FcStrSetEqual.3 FcStrSetAdd.3 FcStrSetAddFilename.3 FcStrSetDel.3 FcStrSetDestroy.3 FcStrListCreate.3 FcStrListNext.3 FcStrListDone.3 FcValueDestroy.3 FcValueSave.3 FcValuePrint.3 FcValueEqual.3 '
DOCSRC='doc'
DOLT_BASH='/bin/bash'
DSYMUTIL='dsymutil'
DUMPBIN=''
ECHO_C='\c'
ECHO_N=''
ECHO_T=''
EGREP='/usr/bin/grep -E'
ENABLE_DOCS_FALSE='#'
ENABLE_DOCS_TRUE=''
EXEEXT=''
EXEEXT_FOR_BUILD=''
EXPAT_CFLAGS=''
EXPAT_LIBS='-lexpat'
FC_ADD_FONTS='/usr/X11R6/lib/X11/fonts'
FC_CACHEDIR='${localstatedir}/cache/${PACKAGE}'
FC_DEFAULT_FONTS='/usr/share/fonts'
FC_FONTDATE='Tue Jul 17 15:33:16 MDT 2012'
FC_FONTPATH='<dir>/usr/X11R6/lib/X11/fonts</dir>'
FGREP='/usr/bin/grep -F'
FREETYPE_CFLAGS='-I/opt/local/include/freetype2 -I/opt/local/include'
FREETYPE_LIBS='-L/opt/local/lib -lfreetype -lz -lbz2'
GREP='/usr/bin/grep'
HASDOCBOOK='no'
HAVE_EXPAT='1'
HAVE_XMLPARSE_H=''
ICONV_LIBS='-liconv'
INSTALL_DATA='${INSTALL} -m 644'
INSTALL_PROGRAM='${INSTALL}'
INSTALL_SCRIPT='${INSTALL}'
INSTALL_STRIP_PROGRAM='$(install_sh) -c -s'
LD='/usr/llvm-gcc-4.2/libexec/gcc/i686-apple-darwin11/4.2.1/ld'
LDFLAGS=''
LIBOBJS=''
LIBS=''
LIBTOOL='$(SHELL) $(top_builddir)/libtool'
LIBT_CURRENT='5'
LIBT_CURRENT_MINUS_AGE='1'
LIBT_REVISION='4'
LIBT_VERSION_INFO='5:4:4'
LIBXML2_CFLAGS=''
LIBXML2_LIBS=''
LIPO='lipo'
LN_S='ln -s'
LTCOMPILE='$(LIBTOOL) --tag=CC $(AM_LIBTOOLFLAGS) $(LIBTOOLFLAGS) --mode=compile $(COMPILE)'
LTCXXCOMPILE='$(LIBTOOL) --tag=CXX $(AM_LIBTOOLFLAGS) $(LIBTOOLFLAGS) --mode=compile $(CXXCOMPILE)'
LTLIBOBJS=''
MAINT='#'
MAINTAINER_MODE_FALSE=''
MAINTAINER_MODE_TRUE='#'
MAKEINFO='${SHELL} /Users/bryansmith/xbmc/tools/darwin/depends/fontconfig/missing --run makeinfo'
MKDIR_P='/opt/local/bin/gmkdir -p'
MS_LIB_AVAILABLE_FALSE=''
MS_LIB_AVAILABLE_TRUE='#'
NM='/usr/bin/nm'
NMEDIT='nmedit'
OBJDUMP='objdump'
OBJEXT='o'
OS_WIN32_FALSE=''
OS_WIN32_TRUE='#'
OTOOL64=':'
OTOOL='otool'
PACKAGE='fontconfig'
PACKAGE_BUGREPORT=''
PACKAGE_NAME=''
PACKAGE_STRING=''
PACKAGE_TARNAME=''
PACKAGE_VERSION=''
PATH_SEPARATOR=':'
PKG_CONFIG='/opt/local/bin/pkg-config'
RANLIB='ranlib'
SED='/usr/bin/sed'
SET_MAKE=''
SHELL='/bin/sh'
STRIP='strip'
USEDOCBOOK_FALSE=''
USEDOCBOOK_TRUE='#'
VERSION='2.8.0'
WARN_CFLAGS='-Wall -Wpointer-arith -Wstrict-prototypes 	-Wmissing-prototypes -Wmissing-declarations 	-Wnested-externs -fno-strict-aliasing'
ac_ct_CC='gcc'
ac_ct_DUMPBIN=''
am__fastdepCC_FALSE='#'
am__fastdepCC_TRUE=''
am__include='include'
am__isrc=''
am__leading_dot='.'
am__quote=''
am__tar='${AMTAR} chof - "$$tardir"'
am__untar='${AMTAR} xf -'
bindir='${exec_prefix}/bin'
build='x86_64-apple-darwin11.4.0'
build_alias=''
build_cpu='x86_64'
build_os='darwin11.4.0'
build_vendor='apple'
confdir='${sysconfdir}/fonts'
datadir='${datarootdir}'
datarootdir='${prefix}/share'
docdir='${datarootdir}/doc/${PACKAGE}'
dvidir='${docdir}'
exec_prefix='${prefix}'
fc_cachedir='${localstatedir}/cache/${PACKAGE}'
ft_config='/opt/local/bin/freetype-config'
host='x86_64-apple-darwin11.4.0'
host_alias=''
host_cpu='x86_64'
host_os='darwin11.4.0'
host_vendor='apple'
htmldir='${docdir}'
includedir='${prefix}/include'
infodir='${datarootdir}/info'
install_sh='$(SHELL) /Users/bryansmith/xbmc/tools/darwin/depends/fontconfig/install-sh'
libdir='${exec_prefix}/lib'
libexecdir='${exec_prefix}/libexec'
localedir='${datarootdir}/locale'
localstatedir='${prefix}/var'
lt_ECHO='/bin/echo'
mandir='${datarootdir}/man'
mkdir_p='/opt/local/bin/gmkdir -p'
ms_librarian=''
oldincludedir='/usr/include'
pdfdir='${docdir}'
prefix='/usr/local'
program_transform_name='s,x,x,'
psdir='${docdir}'
sbindir='${exec_prefix}/sbin'
sharedstatedir='${prefix}/com'
sysconfdir='${prefix}/etc'
target_alias=''

## ----------- ##
## confdefs.h. ##
## ----------- ##

#define PACKAGE_NAME ""
#define PACKAGE_TARNAME ""
#define PACKAGE_VERSION ""
#define PACKAGE_STRING ""
#define PACKAGE_BUGREPORT ""
#define PACKAGE "fontconfig"
#define VERSION "2.8.0"
#define STDC_HEADERS 1
#define HAVE_SYS_TYPES_H 1
#define HAVE_SYS_STAT_H 1
#define HAVE_STDLIB_H 1
#define HAVE_STRING_H 1
#define HAVE_MEMORY_H 1
#define HAVE_STRINGS_H 1
#define HAVE_INTTYPES_H 1
#define HAVE_STDINT_H 1
#define HAVE_UNISTD_H 1
#define HAVE_DLFCN_H 1
#define LT_OBJDIR ".libs/"
#define HAVE_WARNING_CPP_DIRECTIVE 1
#define HAVE_DIRENT_H 1
#define STDC_HEADERS 1
#define HAVE_FCNTL_H 1
#define HAVE_STDLIB_H 1
#define HAVE_STRING_H 1
#define HAVE_UNISTD_H 1
#define HAVE_VPRINTF 1
#define HAVE_STDLIB_H 1
#define HAVE_UNISTD_H 1
#define HAVE_GETPAGESIZE 1
#define HAVE_MMAP 1
#define HAVE_GETEUID 1
#define HAVE_GETUID 1
#define HAVE_LINK 1
#define HAVE_MEMMOVE 1
#define HAVE_MEMSET 1
#define HAVE_MKSTEMP 1
#define HAVE_STRCHR 1
#define HAVE_STRRCHR 1
#define HAVE_STRTOL 1
#define HAVE_GETOPT 1
#define HAVE_GETOPT_LONG 1
#define HAVE_SYSCONF 1
#define HAVE_FTRUNCATE 1
#define HAVE_RAND 1
#define HAVE_RANDOM 1
#define HAVE_LRAND48 1
#define USE_ICONV 1
#define HAVE_FT_GET_NEXT_CHAR 1
#define HAVE_FT_GET_BDF_PROPERTY 1
#define HAVE_FT_GET_PS_FONT_INFO 1
#define HAVE_FT_HAS_PS_GLYPH_NAMES 1
#define HAVE_FT_GET_X11_FONT_FORMAT 1
#define HAVE_FT_SELECT_SIZE 1
#define HAVE_FT_BITMAP_SIZE_Y_PPEM 1
#define HAVE_XML_SETDOCTYPEDECLHANDLER 1
#define HAVE_EXPAT 1
#define FC_DEFAULT_FONTS "/usr/share/fonts"
#define FC_ADD_FONTS "yes"
#define CONFDIR "${sysconfdir}/fonts"

configure: exit 0
